2024-11-10 03:51:15,921 [INFO] WebApp:189 - Connection lost
2024-11-10 03:51:16,552 [INFO] WebApp:186 - Connection restablished
2024-11-10 10:55:54,310 [INFO] MainUpdater:2873 - connection check result : 10
2024-11-10 10:55:54,587 [INFO] McuFinderGlobals:76 - Set McuFinderConnectedMode to true
2024-11-10 10:55:54,598 [INFO] MultiScanPanel:200 - Auto-refresh data requested => check proxy status ongoing
2024-11-10 10:55:54,601 [INFO] FinderPluginLoader:95 - Searching for filters in installed packs
2024-11-10 10:55:56,266 [INFO] LoadUrlFilesThread:185 - End of LoadServerUrlFiles without Thread
2024-11-10 10:55:56,305 [INFO] DetailPanel:341 - Set advertising image to C:/Users/Grzegorz/STM32Cube/Repository/\en.prom-stm32c071-usb-memories-mcu-finder.png
2024-11-10 10:56:03,836 [INFO] MultiScanPanel:200 - Auto-refresh data requested => check proxy status ongoing
2024-11-10 10:56:03,947 [INFO] LoadUrlFilesThread:185 - End of LoadServerUrlFiles without Thread
2024-11-10 10:56:03,947 [INFO] DetailPanel:341 - Set advertising image to C:/Users/Grzegorz/STM32Cube/Repository/\en.prom-stm32c071-usb-memories-mcu-finder.png
2024-11-10 10:56:03,956 [INFO] DbBoards:642 - Loading board mini-images...
2024-11-10 10:56:05,312 [ERROR] DbBoards:659 - Image file not found for board NUCLEO-WB05KZ: C:\Users\Grzegorz\.stmcufinder\plugins\mcufinder//mcu//boards_images/NUCLEO-WB05KZ.jpg
2024-11-10 10:56:07,285 [INFO] DbBoards:665 - Loaded 200 board mini-images
2024-11-10 10:56:26,400 [INFO] BoardResultTable:719 - Mark Board NUCLEO-F746ZG as favorite
2024-11-10 10:56:51,552 [INFO] MainUpdater:2873 - connection check result : 10
2024-11-10 10:56:51,552 [INFO] MainUpdater:2873 - connection check result : 10
2024-11-10 10:56:51,590 [INFO] MicroXplorer:468 - Change Database Path : 
2024-11-10 10:56:51,590 [INFO] MicroXplorer:498 - Change Database Version : DB.6.0.121
2024-11-10 10:56:51,606 [ERROR] ProjectManagerView:394 - 
java.lang.NullPointerException: Cannot invoke "javax.swing.JTextField.getText()" because the return value of "java.util.List.get(int)" is null
	at com.st.microxplorer.plugins.projectmanager.gui.ProjectChoiceTab$10.caretUpdate(ProjectChoiceTab.java:2622) ~[filemanager.jar:?]
	at javax.swing.text.JTextComponent.fireCaretUpdate(JTextComponent.java:412) ~[?:?]
	at javax.swing.text.JTextComponent$MutableCaretEvent.fire(JTextComponent.java:4491) ~[?:?]
	at javax.swing.text.JTextComponent$MutableCaretEvent.stateChanged(JTextComponent.java:4513) ~[?:?]
	at javax.swing.text.DefaultCaret.fireStateChanged(DefaultCaret.java:842) ~[?:?]
	at javax.swing.text.DefaultCaret.changeCaretPosition(DefaultCaret.java:1313) ~[?:?]
	at javax.swing.text.DefaultCaret.handleSetDot(DefaultCaret.java:1212) ~[?:?]
	at javax.swing.text.DefaultCaret.setDot(DefaultCaret.java:1193) ~[?:?]
	at javax.swing.text.DefaultCaret$Handler.insertUpdate(DefaultCaret.java:1789) ~[?:?]
	at javax.swing.text.AbstractDocument.fireInsertUpdate(AbstractDocument.java:226) ~[?:?]
	at javax.swing.text.AbstractDocument.handleInsertString(AbstractDocument.java:780) ~[?:?]
	at javax.swing.text.AbstractDocument.insertString(AbstractDocument.java:739) ~[?:?]
	at javax.swing.text.PlainDocument.insertString(PlainDocument.java:131) ~[?:?]
	at javax.swing.text.AbstractDocument.replace(AbstractDocument.java:698) ~[?:?]
	at javax.swing.text.JTextComponent.setText(JTextComponent.java:1729) ~[?:?]
	at com.st.microxplorer.plugins.projectmanager.gui.ProjectChoiceTab.createHeapStackFields(ProjectChoiceTab.java:972) ~[filemanager.jar:?]
	at com.st.microxplorer.plugins.projectmanager.gui.ProjectChoiceTab.buildLinkSettingsPanel(ProjectChoiceTab.java:3597) ~[filemanager.jar:?]
	at com.st.microxplorer.plugins.projectmanager.gui.ProjectChoiceTab.defineWindowsFields(ProjectChoiceTab.java:1940) ~[filemanager.jar:?]
	at com.st.microxplorer.plugins.projectmanager.gui.ProjectChoiceTab.updateSettings(ProjectChoiceTab.java:550) ~[filemanager.jar:?]
	at com.st.microxplorer.plugins.projectmanager.gui.ProjectSettingsPanel.UpdateDialog(ProjectSettingsPanel.java:245) ~[filemanager.jar:?]
	at com.st.microxplorer.plugins.projectmanager.ProjectManagerView.propertyChange(ProjectManagerView.java:391) ~[filemanager.jar:?]
	at java.beans.PropertyChangeSupport.fire(PropertyChangeSupport.java:343) ~[?:?]
	at java.beans.PropertyChangeSupport.firePropertyChange(PropertyChangeSupport.java:335) ~[?:?]
	at java.beans.PropertyChangeSupport.firePropertyChange(PropertyChangeSupport.java:268) ~[?:?]
	at com.st.microxplorer.util.MXPropertyChangeSupport.firePropertyChange(MXPropertyChangeSupport.java:54) ~[STM32CubeMX.jar:?]
	at com.st.microxplorer.mxsystem.MxSystem.closeConfig(MxSystem.java:900) ~[STM32CubeMX.jar:?]
	at com.st.microxplorer.maingui.MainPanel.closeConfig(MainPanel.java:781) ~[STM32CubeMX.jar:?]
	at com.st.microxplorer.plugins.filemanager.engine.OpenFileManager.loadConfigurationFile(OpenFileManager.java:265) ~[filemanager.jar:?]
	at com.st.microxplorer.plugins.filemanager.engine.MainFileManager.userLoadConfig(MainFileManager.java:352) ~[filemanager.jar:?]
	at com.st.microxplorer.plugins.filemanager.FileManagerView.getSpecificTask(FileManagerView.java:250) ~[filemanager.jar:?]
	at com.st.stm32cube.common.mx.editor.CubeMxEditor.getMxTabbedPaneInstance(CubeMxEditor.java:1191) ~[com.st.stm32cube.common.mx_6.12.1.202409122256/:?]
	at com.st.stm32cube.common.mx.editor.CubeMxEditor$12$1.createSwingComponent(CubeMxEditor.java:1068) ~[com.st.stm32cube.common.mx_6.12.1.202409122256/:?]
	at com.st.stm32cube.common.mx.oss.core.awtswtbridge.EmbeddedSwingComposite.doComponentCreation(EmbeddedSwingComposite.java:492) ~[com.st.stm32cube.common.mx.oss_6.12.1.202409122256/:?]
	at com.st.stm32cube.common.mx.oss.core.awtswtbridge.EmbeddedSwingComposite$4.run(EmbeddedSwingComposite.java:291) ~[com.st.stm32cube.common.mx.oss_6.12.1.202409122256/:?]
	at com.st.stm32cube.common.mx.oss.core.awtswtbridge.AwtEnvironment$2.run(AwtEnvironment.java:166) ~[com.st.stm32cube.common.mx.oss_6.12.1.202409122256/:?]
	at java.awt.event.InvocationEvent.dispatch(InvocationEvent.java:318) ~[?:?]
	at java.awt.EventQueue.dispatchEventImpl(EventQueue.java:773) ~[?:?]
	at java.awt.EventQueue$4.run(EventQueue.java:720) ~[?:?]
	at java.awt.EventQueue$4.run(EventQueue.java:714) ~[?:?]
	at java.security.AccessController.doPrivileged(AccessController.java:399) ~[?:?]
	at java.security.ProtectionDomain$JavaSecurityAccessImpl.doIntersectionPrivilege(ProtectionDomain.java:86) ~[?:?]
	at java.awt.EventQueue.dispatchEvent(EventQueue.java:742) ~[?:?]
	at java.awt.EventDispatchThread.pumpOneEventForFilters(EventDispatchThread.java:203) ~[?:?]
	at java.awt.EventDispatchThread.pumpEventsForFilter(EventDispatchThread.java:124) ~[?:?]
	at java.awt.EventDispatchThread.pumpEventsForHierarchy(EventDispatchThread.java:113) ~[?:?]
	at java.awt.EventDispatchThread.pumpEvents(EventDispatchThread.java:109) ~[?:?]
	at java.awt.EventDispatchThread.pumpEvents(EventDispatchThread.java:101) ~[?:?]
	at java.awt.EventDispatchThread.run(EventDispatchThread.java:90) ~[?:?]
2024-11-10 10:56:51,607 [WARN] ThirdParty:871 - waiting for thirdparty lock release [close project]
2024-11-10 10:56:51,607 [INFO] ThirdParty:873 - entering critical section [close project]
2024-11-10 10:56:51,607 [INFO] ThirdParty:883 - exiting critical section [close project]
2024-11-10 10:56:51,608 [INFO] PinOutPanel:1561 - setPackage(No Configuration,No Configuration)
2024-11-10 10:56:51,613 [WARN] IpParametersView:151 - Warning: This peripheral hasn't parameters
2024-11-10 10:56:51,616 [WARN] MainPanel:284 - <html><b><center>Warning: This peripheral has no parameters to be configured<br></b></html>
2024-11-10 10:56:51,620 [INFO] UtilMem:75 - Begin LoadConfig() Used Memory: 754764936 Bytes (1073741824)
2024-11-10 10:56:51,630 [INFO] MicroXplorer:468 - Change Database Path : 
2024-11-10 10:56:51,630 [INFO] MicroXplorer:498 - Change Database Version : DB.6.0.121
2024-11-10 10:56:51,630 [INFO] OpenFileManager:332 - Change cursor
2024-11-10 10:56:51,651 [INFO] Mcu:2032 - Initializing MCU STM32F746ZGTx STM32F746ZGTx STM32F746ZGT6
2024-11-10 10:56:53,555 [INFO] Context:742 - Trying to add GPIOservice into a context  which must be forbidden
2024-11-10 10:56:53,854 [INFO] Rule:228 - rule WakeUp0 Mode is applicable
2024-11-10 10:56:53,854 [INFO] Rule:228 - rule WakeUp0 SIGNAL is applicable
2024-11-10 10:56:53,854 [INFO] Rule:228 - rule WakeUp1 Mode is applicable
2024-11-10 10:56:53,854 [INFO] Rule:228 - rule WakeUp1 SIGNAL is applicable
2024-11-10 10:56:53,854 [INFO] Rule:228 - rule WakeUp2 Mode is applicable
2024-11-10 10:56:53,854 [INFO] Rule:228 - rule WakeUp2 SIGNAL is applicable
2024-11-10 10:56:53,854 [INFO] Rule:228 - rule WakeUp4 Mode is applicable
2024-11-10 10:56:53,854 [INFO] Rule:228 - rule WakeUp4 SIGNAL is applicable
2024-11-10 10:56:53,854 [INFO] Rule:228 - rule WakeUp5 Mode is applicable
2024-11-10 10:56:53,854 [INFO] Rule:228 - rule WakeUp5 SIGNAL is applicable
2024-11-10 10:56:53,855 [INFO] DbConfProperties:307 - Apply Compatibility (0/10 Rules)
2024-11-10 10:56:53,920 [INFO] RtosManager:555 - Registered RTOS mode: class=CMSIS, group=RTOS, mode=CMSIS_V1, owner=FREERTOS
2024-11-10 10:56:53,921 [INFO] RtosManager:555 - Registered RTOS mode: class=CMSIS, group=RTOS2, mode=CMSIS_V2, owner=FREERTOS
2024-11-10 10:56:53,921 [INFO] RtosManager:555 - Registered RTOS mode: class=RTOS, group=Core, mode=CMSIS_V1, owner=FREERTOS
2024-11-10 10:56:53,921 [INFO] RtosManager:555 - Registered RTOS mode: class=RTOS, group=Core, mode=CMSIS_V2, owner=FREERTOS
2024-11-10 10:56:53,921 [WARN] ModelIntegratedComponent:184 - Missing modes for component STMicroelectronics:FreeRTOS:0.0.1:STMicroelectronics:RTOS:FreeRTOS:Core:::10.2.0:
2024-11-10 10:56:53,925 [WARN] ModelIntegratedComponent:63 - No mode defined for component null
2024-11-10 10:56:53,925 [WARN] ModelIntegratedComponent:63 - No mode defined for component null
2024-11-10 10:56:53,925 [WARN] ModelIntegratedComponent:63 - No mode defined for component null
2024-11-10 10:56:53,925 [WARN] ModelIntegratedComponent:63 - No mode defined for component null
2024-11-10 10:56:53,925 [WARN] ModelIntegratedComponent:63 - No mode defined for component null
2024-11-10 10:56:53,925 [WARN] ModelIntegratedComponent:63 - No mode defined for component null
2024-11-10 10:56:53,925 [WARN] ModelIntegratedComponent:63 - No mode defined for component null
2024-11-10 10:56:53,925 [WARN] ModelIntegratedComponent:63 - No mode defined for component null
2024-11-10 10:56:53,925 [WARN] ModelIntegratedComponent:63 - No mode defined for component null
2024-11-10 10:56:53,925 [WARN] ModelIntegratedComponent:63 - No mode defined for component null
2024-11-10 10:56:53,925 [WARN] ModelIntegratedComponent:63 - No mode defined for component null
2024-11-10 10:56:53,925 [WARN] ModelIntegratedComponent:63 - No mode defined for component null
2024-11-10 10:56:53,925 [WARN] ModelIntegratedComponent:63 - No mode defined for component null
2024-11-10 10:56:53,925 [WARN] ModelIntegratedComponent:63 - No mode defined for component null
2024-11-10 10:56:53,925 [WARN] ModelIntegratedComponent:63 - No mode defined for component null
2024-11-10 10:56:53,925 [WARN] ModelIntegratedComponent:63 - No mode defined for component null
2024-11-10 10:56:53,925 [WARN] ModelIntegratedComponent:63 - No mode defined for component null
2024-11-10 10:56:53,926 [WARN] ModelIntegratedComponent:63 - No mode defined for component null
2024-11-10 10:56:53,926 [WARN] ModelIntegratedComponent:63 - No mode defined for component null
2024-11-10 10:56:53,926 [WARN] ModelIntegratedComponent:63 - No mode defined for component null
2024-11-10 10:56:53,926 [WARN] ModelIntegratedComponent:63 - No mode defined for component null
2024-11-10 10:56:53,926 [WARN] ModelIntegratedComponent:63 - No mode defined for component null
2024-11-10 10:56:53,926 [WARN] ModelIntegratedComponent:63 - No mode defined for component null
2024-11-10 10:56:53,926 [WARN] ModelIntegratedComponent:63 - No mode defined for component null
2024-11-10 10:56:53,926 [WARN] ModelIntegratedComponent:63 - No mode defined for component null
2024-11-10 10:56:53,926 [WARN] ModelIntegratedComponent:63 - No mode defined for component null
2024-11-10 10:56:53,926 [WARN] ModelIntegratedComponent:63 - No mode defined for component null
2024-11-10 10:56:53,926 [WARN] ModelIntegratedComponent:63 - No mode defined for component null
2024-11-10 10:56:53,926 [WARN] ModelIntegratedComponent:63 - No mode defined for component null
2024-11-10 10:56:53,926 [WARN] ModelIntegratedComponent:63 - No mode defined for component null
2024-11-10 10:56:53,926 [WARN] ModelIntegratedComponent:63 - No mode defined for component null
2024-11-10 10:56:53,926 [WARN] ModelIntegratedComponent:63 - No mode defined for component null
2024-11-10 10:56:53,926 [WARN] ModelIntegratedComponent:63 - No mode defined for component null
2024-11-10 10:56:53,926 [WARN] ModelIntegratedComponent:63 - No mode defined for component null
2024-11-10 10:56:53,926 [WARN] ModelIntegratedComponent:63 - No mode defined for component null
2024-11-10 10:56:53,926 [WARN] ModelPack:524 - Component already loaded: STMicroelectronics:HAL Drivers:0.0.0:STMicroelectronics:Device:STMicro_Driver:XSPI:HAL::0.0.1:HAL_XSPI
2024-11-10 10:56:54,019 [INFO] ThirdPartyModel:298 - Start build external matchings
2024-11-10 10:56:54,354 [INFO] ThirdPartyModel:316 - End build external matchings
2024-11-10 10:56:54,362 [WARN] IP:2191 - RxBufferAddress not found: check if there is a RefParameter without a condition.
2024-11-10 10:56:54,363 [INFO] ImportTextPane:205 - (OptionalMessage_ERROR) IP (ETH) : Invalid parameter (PHY_Name)
2024-11-10 10:56:54,363 [INFO] ImportTextPane:205 - (OptionalMessage_ERROR) IP (ETH) : Invalid parameter (PHY_Value)
2024-11-10 10:56:54,363 [INFO] ImportTextPane:205 - (OptionalMessage_ERROR) IP (ETH) : Invalid parameter (PhyAddress)
2024-11-10 10:56:54,363 [INFO] ImportTextPane:205 - (OptionalMessage_ERROR) IP (RCC) : Invalid parameter (48MHZClocksFreq_Value)
2024-11-10 10:56:54,363 [INFO] ImportTextPane:205 - (OptionalMessage_ERROR) IP (RCC) : Invalid parameter (ADC12outputFreq_Value)
2024-11-10 10:56:54,363 [INFO] ImportTextPane:205 - (OptionalMessage_ERROR) IP (RCC) : Invalid parameter (ADC34outputFreq_Value)
2024-11-10 10:56:54,363 [INFO] ImportTextPane:205 - (OptionalMessage_ERROR) IP (RCC) : Invalid parameter (FamilyName)
2024-11-10 10:56:54,363 [INFO] ImportTextPane:205 - (OptionalMessage_ERROR) IP (RCC) : Invalid parameter (I2SClocksFreq_Value)
2024-11-10 10:56:54,363 [INFO] ImportTextPane:205 - (OptionalMessage_ERROR) IP (RCC) : Parameter (LCDTFToutputFreq_Value) has invalid value (96000000)
2024-11-10 10:56:54,363 [INFO] ImportTextPane:205 - (OptionalMessage_ERROR) IP (RCC) : Invalid parameter (MCOFreq_Value)
2024-11-10 10:56:54,364 [INFO] ImportTextPane:205 - (OptionalMessage_ERROR) IP (RCC) : Invalid parameter (PLLMCOFreq_Value)
2024-11-10 10:56:54,364 [INFO] ImportTextPane:205 - (OptionalMessage_ERROR) IP (RCC) : Invalid parameter (PLLMUL)
2024-11-10 10:56:54,364 [INFO] ImportTextPane:205 - (OptionalMessage_ERROR) IP (RCC) : Invalid parameter (PRESCALERUSB)
2024-11-10 10:56:54,364 [INFO] ImportTextPane:205 - (OptionalMessage_ERROR) IP (RCC) : Invalid parameter (RTCHSEDivFreq_Value)
2024-11-10 10:56:54,364 [INFO] ImportTextPane:205 - (OptionalMessage_ERROR) IP (RCC) : Parameter (SDMMCFreq_Value) has invalid value (72000000)
2024-11-10 10:56:54,364 [INFO] ImportTextPane:205 - (OptionalMessage_ERROR) IP (RCC) : Invalid parameter (SYSCLKSourceVirtual)
2024-11-10 10:56:54,364 [INFO] ImportTextPane:205 - (OptionalMessage_ERROR) IP (RCC) : Invalid parameter (TIM15Freq_Value)
2024-11-10 10:56:54,364 [INFO] ImportTextPane:205 - (OptionalMessage_ERROR) IP (RCC) : Invalid parameter (TIM16Freq_Value)
2024-11-10 10:56:54,364 [INFO] ImportTextPane:205 - (OptionalMessage_ERROR) IP (RCC) : Invalid parameter (TIM17Freq_Value)
2024-11-10 10:56:54,364 [INFO] ImportTextPane:205 - (OptionalMessage_ERROR) IP (RCC) : Invalid parameter (TIM1Freq_Value)
2024-11-10 10:56:54,364 [INFO] ImportTextPane:205 - (OptionalMessage_ERROR) IP (RCC) : Invalid parameter (TIM20Freq_Value)
2024-11-10 10:56:54,364 [INFO] ImportTextPane:205 - (OptionalMessage_ERROR) IP (RCC) : Invalid parameter (TIM2Freq_Value)
2024-11-10 10:56:54,364 [INFO] ImportTextPane:205 - (OptionalMessage_ERROR) IP (RCC) : Invalid parameter (TIM3Freq_Value)
2024-11-10 10:56:54,364 [INFO] ImportTextPane:205 - (OptionalMessage_ERROR) IP (RCC) : Invalid parameter (TIM8Freq_Value)
2024-11-10 10:56:54,365 [INFO] ImportTextPane:205 - (OptionalMessage_ERROR) IP (RCC) : Invalid parameter (VCOOutput2Freq_Value)
2024-11-10 10:56:54,365 [INFO] ImportTextPane:205 - (OptionalMessage_ERROR) IP (RCC) : Invalid parameter (VcooutputI2S)
2024-11-10 10:56:54,688 [INFO] UtilMem:75 - End LoadConfig() Used Memory: 865073208 Bytes (1073741824)
2024-11-10 10:56:54,726 [WARN] ThirdParty:833 - waiting for thirdparty lock release [change project]
2024-11-10 10:56:54,726 [INFO] ThirdParty:835 - entering critical section [change project]
2024-11-10 10:56:54,727 [INFO] ThirdParty:1030 - CMSIS Pack Vendor :STMicroelectronics USBPD 4.1
2024-11-10 10:56:54,727 [INFO] ThirdParty:1030 - CMSIS Pack Vendor :STMicroelectronics X-CUBE-GNSS1 6.0.0
2024-11-10 10:56:54,727 [INFO] ThirdParty:1030 - CMSIS Pack Vendor :STMicroelectronics USB_HOST 2.0.0
2024-11-10 10:56:54,727 [INFO] ThirdParty:1030 - CMSIS Pack Vendor :STMicroelectronics FP-SNS-MOTENVWB1 1.4.0
2024-11-10 10:56:54,727 [INFO] ThirdParty:1030 - CMSIS Pack Vendor :STMicroelectronics X-CUBE-AZRTOS-F4 1.1.0
2024-11-10 10:56:54,727 [INFO] ThirdParty:1030 - CMSIS Pack Vendor :STMicroelectronics LIBJPEG 8.0.0
2024-11-10 10:56:54,727 [INFO] ThirdParty:1030 - CMSIS Pack Vendor :STMicroelectronics X-CUBE-SMBUS 2.1.0
2024-11-10 10:56:54,727 [INFO] ThirdParty:1030 - CMSIS Pack Vendor :STMicroelectronics USB_DEVICE 3.0.0
2024-11-10 10:56:54,727 [INFO] ThirdParty:1030 - CMSIS Pack Vendor :STMicroelectronics X-CUBE-TCPP 4.1.0
2024-11-10 10:56:54,727 [INFO] ThirdParty:1030 - CMSIS Pack Vendor :STMicroelectronics X-CUBE-FREERTOS 1.2.0
2024-11-10 10:56:54,727 [INFO] ThirdParty:1030 - CMSIS Pack Vendor :STMicroelectronics X-CUBE-AZRTOS-WB 2.0.0
2024-11-10 10:56:54,727 [INFO] ThirdParty:1030 - CMSIS Pack Vendor :STMicroelectronics X-CUBE-TOUCHGFX 4.23.2
2024-11-10 10:56:54,727 [INFO] ThirdParty:1030 - CMSIS Pack Vendor :STMicroelectronics X-CUBE-AZRTOS-F7 1.1.0
2024-11-10 10:56:54,727 [INFO] ThirdParty:1030 - CMSIS Pack Vendor :STMicroelectronics X-CUBE-AZRTOS-L5 2.0.0
2024-11-10 10:56:54,727 [INFO] ThirdParty:1030 - CMSIS Pack Vendor :STMicroelectronics USB_DEVICE 2.0.0
2024-11-10 10:56:54,727 [INFO] ThirdParty:1030 - CMSIS Pack Vendor :STMicroelectronics X-CUBE-NFC6 3.1.0
2024-11-10 10:56:54,727 [INFO] ThirdParty:1030 - CMSIS Pack Vendor :STMicroelectronics X-CUBE-ALGOBUILD 1.3.0
2024-11-10 10:56:54,727 [INFO] ThirdParty:1030 - CMSIS Pack Vendor :STMicroelectronics FreeRTOS 0.0.1
2024-11-10 10:56:54,727 [INFO] ThirdParty:1030 - CMSIS Pack Vendor :STMicroelectronics X-CUBE-AZRTOS-G0 1.1.0
2024-11-10 10:56:54,727 [INFO] ThirdParty:1030 - CMSIS Pack Vendor :STMicroelectronics X-CUBE-SAFEA1 1.2.2
2024-11-10 10:56:54,727 [INFO] ThirdParty:1030 - CMSIS Pack Vendor :STMicroelectronics X-CUBE-NFC4 3.0.0
2024-11-10 10:56:54,727 [INFO] ThirdParty:1030 - CMSIS Pack Vendor :STMicroelectronics X-CUBE-SUBG2 5.0.0
2024-11-10 10:56:54,727 [INFO] ThirdParty:1030 - CMSIS Pack Vendor :STMicroelectronics STM32_WPAN 1.0.0
2024-11-10 10:56:54,727 [INFO] ThirdParty:1030 - CMSIS Pack Vendor :STMicroelectronics lwIP 2.0.3
2024-11-10 10:56:54,727 [INFO] ThirdParty:1030 - CMSIS Pack Vendor :STMicroelectronics FP-SNS-FLIGHT1 5.0.2
2024-11-10 10:56:54,727 [INFO] ThirdParty:1030 - CMSIS Pack Vendor :STMicroelectronics USB_HOST 1.0.0
2024-11-10 10:56:54,727 [INFO] ThirdParty:1030 - CMSIS Pack Vendor :STMicroelectronics X-CUBE-AI 9.0.0
2024-11-10 10:56:54,727 [INFO] ThirdParty:1030 - CMSIS Pack Vendor :STMicroelectronics X-CUBE-AZRTOS-G4 2.0.0
2024-11-10 10:56:54,727 [INFO] ThirdParty:1030 - CMSIS Pack Vendor :STMicroelectronics PDM2PCM 3.1.0
2024-11-10 10:56:54,727 [INFO] ThirdParty:1030 - CMSIS Pack Vendor :STMicroelectronics PDM2PCM 3.3.0
2024-11-10 10:56:54,727 [INFO] ThirdParty:1030 - CMSIS Pack Vendor :STMicroelectronics X-CUBE-DISPLAY 3.0.0
2024-11-10 10:56:54,727 [INFO] ThirdParty:1030 - CMSIS Pack Vendor :wolfSSL I-CUBE-wolfSSL 5.7.0
2024-11-10 10:56:54,727 [INFO] ThirdParty:1030 - CMSIS Pack Vendor :STMicroelectronics X-CUBE-BLE1 7.0.0
2024-11-10 10:56:54,727 [INFO] ThirdParty:1030 - CMSIS Pack Vendor :STMicroelectronics FP-ATR-SIGFOX1 3.2.0
2024-11-10 10:56:54,727 [INFO] ThirdParty:1030 - CMSIS Pack Vendor :STMicroelectronics X-CUBE-ISPU 2.0.0
2024-11-10 10:56:54,727 [INFO] ThirdParty:1030 - CMSIS Pack Vendor :STMicroelectronics X-CUBE-EEPRMA1 5.1.0
2024-11-10 10:56:54,727 [INFO] ThirdParty:1030 - CMSIS Pack Vendor :STMicroelectronics HAL Drivers 0.0.0
2024-11-10 10:56:54,727 [INFO] ThirdParty:1030 - CMSIS Pack Vendor :STMicroelectronics MBEDTLS 2.16.2
2024-11-10 10:56:54,727 [INFO] ThirdParty:1030 - CMSIS Pack Vendor :STMicroelectronics X-CUBE-ALS 1.0.2
2024-11-10 10:56:54,727 [INFO] ThirdParty:1030 - CMSIS Pack Vendor :emotas I-CUBE-CANOPEN 1.3.0
2024-11-10 10:56:54,727 [INFO] ThirdParty:1030 - CMSIS Pack Vendor :STMicroelectronics X-CUBE-MEMS1 10.0.0
2024-11-10 10:56:54,727 [INFO] ThirdParty:1030 - CMSIS Pack Vendor :STMicroelectronics X-CUBE-NFC7 1.0.1
2024-11-10 10:56:54,727 [INFO] ThirdParty:1030 - CMSIS Pack Vendor :STMicroelectronics MBEDTLS 2.14.1
2024-11-10 10:56:54,727 [INFO] ThirdParty:1030 - CMSIS Pack Vendor :ITTIA_DB I-CUBE-ITTIADB 8.9.0
2024-11-10 10:56:54,727 [INFO] ThirdParty:1030 - CMSIS Pack Vendor :portGmbH I-Cube-SoM-uGOAL 1.1.0
2024-11-10 10:56:54,727 [INFO] ThirdParty:1030 - CMSIS Pack Vendor :STMicroelectronics X-CUBE-ALS 1.0.1
2024-11-10 10:56:54,727 [INFO] ThirdParty:1030 - CMSIS Pack Vendor :STMicroelectronics X-CUBE-BLEMGR 3.1.0
2024-11-10 10:56:54,727 [INFO] ThirdParty:1030 - CMSIS Pack Vendor :STMicroelectronics ThreadX 1.0.0
2024-11-10 10:56:54,727 [INFO] ThirdParty:1030 - CMSIS Pack Vendor :STMicroelectronics FP-SNS-SMARTAG2 1.2.0
2024-11-10 10:56:54,727 [INFO] ThirdParty:1030 - CMSIS Pack Vendor :STMicroelectronics X-CUBE-AZRTOS-WL 2.0.0
2024-11-10 10:56:54,727 [INFO] ThirdParty:1030 - CMSIS Pack Vendor :SEGGER I-CUBE-embOS 1.3.1
2024-11-10 10:56:54,727 [INFO] ThirdParty:1030 - CMSIS Pack Vendor :STMicroelectronics X-CUBE-ALGOBUILD 1.4.0
2024-11-10 10:56:54,727 [INFO] ThirdParty:1030 - CMSIS Pack Vendor :STMicroelectronics FP-SNS-MOTENV1 5.0.0
2024-11-10 10:56:54,727 [INFO] ThirdParty:1030 - CMSIS Pack Vendor :STMicroelectronics USB_DEVICE 1.0.0
2024-11-10 10:56:54,727 [INFO] ThirdParty:1030 - CMSIS Pack Vendor :STMicroelectronics X-CUBE-AZRTOS-H7RS 1.0.0
2024-11-10 10:56:54,727 [INFO] ThirdParty:1030 - CMSIS Pack Vendor :wolfSSL I-CUBE-wolfMQTT 1.19.0
2024-11-10 10:56:54,727 [INFO] ThirdParty:1030 - CMSIS Pack Vendor :STMicroelectronics X-CUBE-AZRTOS-L4 2.0.0
2024-11-10 10:56:54,727 [INFO] ThirdParty:1030 - CMSIS Pack Vendor :STMicroelectronics ThreadX 0.0.2
2024-11-10 10:56:54,727 [INFO] ThirdParty:1030 - CMSIS Pack Vendor :WES I-CUBE-Cesium 1.3.0
2024-11-10 10:56:54,727 [INFO] ThirdParty:1030 - CMSIS Pack Vendor :STMicroelectronics FP-ATR-ASTRA1 2.0.0
2024-11-10 10:56:54,727 [INFO] ThirdParty:1030 - CMSIS Pack Vendor :STMicroelectronics lwIP 2.1.2
2024-11-10 10:56:54,727 [INFO] ThirdParty:1030 - CMSIS Pack Vendor :STMicroelectronics X-CUBE-SFXS2LP1 4.0.0
2024-11-10 10:56:54,727 [INFO] ThirdParty:1030 - CMSIS Pack Vendor :STMicroelectronics X-CUBE-BLE2 3.3.0
2024-11-10 10:56:54,727 [INFO] ThirdParty:1030 - CMSIS Pack Vendor :STMicroelectronics X-CUBE-TOF1 3.4.1
2024-11-10 10:56:54,727 [INFO] ThirdParty:1030 - CMSIS Pack Vendor :STMicroelectronics X-CUBE-AZRTOS-H7 3.2.0
2024-11-10 10:56:54,727 [INFO] ThirdParty:1030 - CMSIS Pack Vendor :Infineon AIROC-Wi-Fi-Bluetooth-STM32 1.6.0
2024-11-10 10:56:54,727 [INFO] ThirdParty:1030 - CMSIS Pack Vendor :STMicroelectronics PDM2PCM 3.2.0
2024-11-10 10:56:54,728 [INFO] ThirdParty:841 - exiting critical section [change project]
2024-11-10 10:56:54,902 [INFO] PinOutPanel:1561 - setPackage(No Configuration,No Configuration)
2024-11-10 10:56:54,904 [INFO] PinOutPanel:1561 - setPackage(STM32F746ZGTx,LQFP144)
2024-11-10 10:56:55,467 [INFO] UtilMem:75 - Before build in PCC Used Memory: 777380232 Bytes (1073741824)
2024-11-10 10:56:55,749 [INFO] UtilMem:75 - After build in PCC Used Memory: 825092488 Bytes (1073741824)
2024-11-10 10:56:55,775 [INFO] IPUIPlugin:80 - create IPUIPlugin
2024-11-10 10:56:55,775 [INFO] IPUIPlugin:80 - create IPUIPlugin
2024-11-10 10:56:55,775 [INFO] IPUIPlugin:80 - create IPUIPlugin
2024-11-10 10:56:55,776 [INFO] IPUIPlugin:80 - create IPUIPlugin
2024-11-10 10:56:55,776 [INFO] IPUIPlugin:80 - create IPUIPlugin
2024-11-10 10:56:55,776 [INFO] IPUIPlugin:80 - create IPUIPlugin
2024-11-10 10:56:55,776 [INFO] IPUIPlugin:80 - create IPUIPlugin
2024-11-10 10:56:55,776 [INFO] IPUIPlugin:80 - create IPUIPlugin
2024-11-10 10:56:55,776 [INFO] IPUIPlugin:80 - create IPUIPlugin
2024-11-10 10:56:55,776 [INFO] IPUIPlugin:80 - create IPUIPlugin
2024-11-10 10:56:55,776 [INFO] IPUIPlugin:80 - create IPUIPlugin
2024-11-10 10:56:55,777 [INFO] IPUIPlugin:80 - create IPUIPlugin
2024-11-10 10:56:55,777 [INFO] IPUIPlugin:80 - create IPUIPlugin
2024-11-10 10:56:55,777 [INFO] IPUIPlugin:80 - create IPUIPlugin
2024-11-10 10:56:55,777 [INFO] IPUIPlugin:80 - create IPUIPlugin
2024-11-10 10:56:55,777 [INFO] IPUIPlugin:80 - create IPUIPlugin
2024-11-10 10:56:55,777 [INFO] IPUIPlugin:80 - create IPUIPlugin
2024-11-10 10:56:55,777 [INFO] IPUIPlugin:80 - create IPUIPlugin
2024-11-10 10:56:55,777 [INFO] IPUIPlugin:80 - create IPUIPlugin
2024-11-10 10:56:55,778 [INFO] IPUIPlugin:80 - create IPUIPlugin
2024-11-10 10:56:55,778 [INFO] IPUIPlugin:80 - create IPUIPlugin
2024-11-10 10:56:55,778 [INFO] IPUIPlugin:80 - create IPUIPlugin
2024-11-10 10:56:55,778 [INFO] IPUIPlugin:80 - create IPUIPlugin
2024-11-10 10:56:55,778 [INFO] IPUIPlugin:80 - create IPUIPlugin
2024-11-10 10:56:55,778 [INFO] IPUIPlugin:80 - create IPUIPlugin
2024-11-10 10:56:55,779 [INFO] IPUIPlugin:80 - create IPUIPlugin
2024-11-10 10:56:55,779 [INFO] IPUIPlugin:80 - create IPUIPlugin
2024-11-10 10:56:55,779 [INFO] IPUIPlugin:80 - create IPUIPlugin
2024-11-10 10:56:55,779 [INFO] IPUIPlugin:80 - create IPUIPlugin
2024-11-10 10:56:55,780 [INFO] IPUIPlugin:80 - create IPUIPlugin
2024-11-10 10:56:55,780 [INFO] IPUIPlugin:80 - create IPUIPlugin
2024-11-10 10:56:55,780 [INFO] IPUIPlugin:80 - create IPUIPlugin
2024-11-10 10:56:55,780 [INFO] IPUIPlugin:80 - create IPUIPlugin
2024-11-10 10:56:55,781 [INFO] IPUIPlugin:80 - create IPUIPlugin
2024-11-10 10:56:55,781 [INFO] IPUIPlugin:80 - create IPUIPlugin
2024-11-10 10:56:55,781 [INFO] IPUIPlugin:80 - create IPUIPlugin
2024-11-10 10:56:55,782 [INFO] IPUIPlugin:80 - create IPUIPlugin
2024-11-10 10:56:55,782 [INFO] IPUIPlugin:80 - create IPUIPlugin
2024-11-10 10:56:55,783 [INFO] IPUIPlugin:80 - create IPUIPlugin
2024-11-10 10:56:55,783 [INFO] IPUIPlugin:80 - create IPUIPlugin
2024-11-10 10:56:55,784 [INFO] IPUIPlugin:80 - create IPUIPlugin
2024-11-10 10:56:55,784 [INFO] IPUIPlugin:80 - create IPUIPlugin
2024-11-10 10:56:55,784 [INFO] IPUIPlugin:80 - create IPUIPlugin
2024-11-10 10:56:55,785 [INFO] IPUIPlugin:80 - create IPUIPlugin
2024-11-10 10:56:55,785 [INFO] IPUIPlugin:80 - create IPUIPlugin
2024-11-10 10:56:55,785 [INFO] IPUIPlugin:80 - create IPUIPlugin
2024-11-10 10:56:55,786 [INFO] IPUIPlugin:80 - create IPUIPlugin
2024-11-10 10:56:55,786 [INFO] IPUIPlugin:80 - create IPUIPlugin
2024-11-10 10:56:55,786 [INFO] IPUIPlugin:80 - create IPUIPlugin
2024-11-10 10:56:55,787 [INFO] IPUIPlugin:80 - create IPUIPlugin
2024-11-10 10:56:55,787 [INFO] IPUIPlugin:80 - create IPUIPlugin
2024-11-10 10:56:55,787 [INFO] IPUIPlugin:80 - create IPUIPlugin
2024-11-10 10:56:55,788 [INFO] IPUIPlugin:80 - create IPUIPlugin
2024-11-10 10:56:55,788 [INFO] IPUIPlugin:80 - create IPUIPlugin
2024-11-10 10:56:55,788 [INFO] IPUIPlugin:80 - create IPUIPlugin
2024-11-10 10:56:55,789 [INFO] IPUIPlugin:80 - create IPUIPlugin
2024-11-10 10:56:55,789 [INFO] IPUIPlugin:80 - create IPUIPlugin
2024-11-10 10:56:55,790 [INFO] IPUIPlugin:80 - create IPUIPlugin
2024-11-10 10:56:55,790 [INFO] IPUIPlugin:80 - create IPUIPlugin
2024-11-10 10:56:55,791 [INFO] IPUIPlugin:80 - create IPUIPlugin
2024-11-10 10:56:55,792 [INFO] IPUIPlugin:80 - create IPUIPlugin
2024-11-10 10:56:55,792 [INFO] IPUIPlugin:80 - create IPUIPlugin
2024-11-10 10:56:55,793 [INFO] IPUIPlugin:80 - create IPUIPlugin
2024-11-10 10:56:55,793 [INFO] IPUIPlugin:80 - create IPUIPlugin
2024-11-10 10:56:55,793 [INFO] IPUIPlugin:80 - create IPUIPlugin
2024-11-10 10:56:55,793 [INFO] IPUIPlugin:80 - create IPUIPlugin
2024-11-10 10:56:55,794 [INFO] IPUIPlugin:80 - create IPUIPlugin
2024-11-10 10:56:55,794 [INFO] IPUIPlugin:80 - create IPUIPlugin
2024-11-10 10:56:55,794 [INFO] IPUIPlugin:80 - create IPUIPlugin
2024-11-10 10:56:55,795 [INFO] IPUIPlugin:80 - create IPUIPlugin
2024-11-10 10:56:55,795 [INFO] IPUIPlugin:80 - create IPUIPlugin
2024-11-10 10:56:55,796 [INFO] IPUIPlugin:80 - create IPUIPlugin
2024-11-10 10:56:55,796 [INFO] IPUIPlugin:80 - create IPUIPlugin
2024-11-10 10:56:55,796 [INFO] IPUIPlugin:80 - create IPUIPlugin
2024-11-10 10:56:55,820 [INFO] ApiDbMcu:508 - Load IP Config File for PDM2PCM
2024-11-10 10:56:55,911 [INFO] CADModel:165 - CPN selected for project levelSTM32F746ZGT6
2024-11-10 10:56:55,911 [INFO] CADModel:114 - Register for checkConnection events
2024-11-10 10:56:55,964 [INFO] OpenFileManager:363 - Restore cursor
2024-11-10 10:56:56,217 [WARN] IP:2191 - RxBufferAddress not found: check if there is a RefParameter without a condition.
2024-11-10 10:56:56,217 [WARN] IP:2191 - RxBufferAddress not found: check if there is a RefParameter without a condition.
2024-11-10 10:56:56,514 [INFO] UtilMem:75 - End SaveConfig() Used Memory: 792416768 Bytes (1073741824)
2024-11-10 10:56:56,621 [INFO] UtilMem:75 - End SaveConfig() Used Memory: 820730368 Bytes (1073741824)
2024-11-10 10:56:56,804 [INFO] BlockDiagram:2766 - set Specific Code input for plugin: SYS
2024-11-10 10:56:56,804 [INFO] BlockDiagram:2766 - set Specific Code input for plugin: RCC
2024-11-10 10:56:56,804 [INFO] BlockDiagram:2766 - set Specific Code input for plugin: USB_OTG_FS
2024-11-10 10:56:56,804 [INFO] BlockDiagram:2766 - set Specific Code input for plugin: NVIC
2024-11-10 10:56:56,804 [INFO] BlockDiagram:2766 - set Specific Code input for plugin: USART
2024-11-10 10:56:56,804 [INFO] BlockDiagram:2766 - set Specific Code input for plugin: GPIO
2024-11-10 10:56:56,805 [INFO] BlockDiagram:2766 - set Specific Code input for plugin: ETH
2024-11-10 10:56:56,806 [INFO] CodeGenerator:807 - code generatio: config db path: C:\ST\STM32CubeIDE_1.15.1\STM32CubeIDE\plugins\com.st.stm32cube.common.mx_6.12.1.202409122256\\db\
2024-11-10 10:56:56,810 [WARN] IP:2191 - RxBufferAddress not found: check if there is a RefParameter without a condition.
2024-11-10 10:56:57,065 [INFO] CodeEngine:255 - oldGeneratedFile, C:\Users\Grzegorz\STM32CubeIDE\workspace_1.15.1\lab2\MXTmpFiles\license.tmp_save
2024-11-10 10:56:57,187 [INFO] CodeEngine:279 - Generated code: C:\Users\Grzegorz\STM32CubeIDE\workspace_1.15.1\lab2\MXTmpFiles\license.tmp
2024-11-10 10:56:57,305 [INFO] CodeEngine:255 - oldGeneratedFile, C:\Users\Grzegorz\STM32CubeIDE\workspace_1.15.1\lab2\MXTmpFiles\gpio.tmp_save
2024-11-10 10:56:57,448 [INFO] CodeEngine:279 - Generated code: C:\Users\Grzegorz\STM32CubeIDE\workspace_1.15.1\lab2\MXTmpFiles\gpio.tmp
2024-11-10 10:56:57,803 [WARN] IPConfigManager:3005 - Warning: the RefConfig PWREx_EnableUSBVoltageDetector is not available in your config.xml file
2024-11-10 10:56:57,830 [INFO] CodeEngine:255 - oldGeneratedFile, C:\Users\Grzegorz\STM32CubeIDE\workspace_1.15.1\lab2\MXTmpFiles\cortex.tmp_save
2024-11-10 10:56:57,943 [INFO] CodeEngine:279 - Generated code: C:\Users\Grzegorz\STM32CubeIDE\workspace_1.15.1\lab2\MXTmpFiles\cortex.tmp
2024-11-10 10:56:57,971 [INFO] CodeEngine:255 - oldGeneratedFile, C:\Users\Grzegorz\STM32CubeIDE\workspace_1.15.1\lab2\Core\Src\stm32f7xx_it.c_save
2024-11-10 10:56:58,165 [INFO] CodeEngine:279 - Generated code: C:\Users\Grzegorz\STM32CubeIDE\workspace_1.15.1\lab2\Core\Src\stm32f7xx_it.c
2024-11-10 10:56:58,180 [INFO] CodeEngine:255 - oldGeneratedFile, C:\Users\Grzegorz\STM32CubeIDE\workspace_1.15.1\lab2\Core\Inc\stm32f7xx_it.h_save
2024-11-10 10:56:58,279 [INFO] CodeEngine:279 - Generated code: C:\Users\Grzegorz\STM32CubeIDE\workspace_1.15.1\lab2\Core\Inc\stm32f7xx_it.h
2024-11-10 10:56:58,308 [INFO] CodeEngine:255 - oldGeneratedFile, C:\Users\Grzegorz\STM32CubeIDE\workspace_1.15.1\lab2\Core\Src\stm32f7xx_hal_msp.c_save
2024-11-10 10:56:58,447 [INFO] CodeEngine:279 - Generated code: C:\Users\Grzegorz\STM32CubeIDE\workspace_1.15.1\lab2\Core\Src\stm32f7xx_hal_msp.c
2024-11-10 10:56:58,469 [INFO] CodeEngine:255 - oldGeneratedFile, C:\Users\Grzegorz\STM32CubeIDE\workspace_1.15.1\lab2\MXTmpFiles\system.tmp_save
2024-11-10 10:56:58,539 [INFO] CodeEngine:279 - Generated code: C:\Users\Grzegorz\STM32CubeIDE\workspace_1.15.1\lab2\MXTmpFiles\system.tmp
2024-11-10 10:56:58,563 [INFO] CodeEngine:311 - oldGeneratedFile, C:\Users\Grzegorz\STM32CubeIDE\workspace_1.15.1\lab2\Core\Inc\stm32f7xx_hal_conf.h_save
2024-11-10 10:56:58,692 [INFO] CodeEngine:335 - Generated code: C:\Users\Grzegorz\STM32CubeIDE\workspace_1.15.1\lab2\Core\Inc\stm32f7xx_hal_conf.h
2024-11-10 10:56:58,732 [WARN] IPConfigManager:3554 - IP not found : USB_OTG
2024-11-10 10:56:58,733 [WARN] CodeGenerator:4002 - IP not found : null
2024-11-10 10:56:58,759 [INFO] CodeEngine:255 - oldGeneratedFile, C:\Users\Grzegorz\STM32CubeIDE\workspace_1.15.1\lab2\Core\Inc\main.h_save
2024-11-10 10:56:58,907 [INFO] CodeEngine:279 - Generated code: C:\Users\Grzegorz\STM32CubeIDE\workspace_1.15.1\lab2\Core\Inc\main.h
2024-11-10 10:56:58,928 [INFO] CodeEngine:255 - oldGeneratedFile, C:\Users\Grzegorz\STM32CubeIDE\workspace_1.15.1\lab2\Core\Src\main.c_save
2024-11-10 10:56:59,129 [INFO] CodeEngine:279 - Generated code: C:\Users\Grzegorz\STM32CubeIDE\workspace_1.15.1\lab2\Core\Src\main.c
2024-11-10 10:56:59,650 [INFO] ProjectBuilder:3249 - Time for Copy HAL[1] : 228mS.
2024-11-10 10:56:59,656 [INFO] ProjectBuilder:4828 - Project Generator version: 4.5.0-B34
2024-11-10 10:56:59,770 [INFO] ConfigFileManager:1531 - The Die is : DIE449
2024-11-10 10:56:59,783 [INFO] ApiDbMcu:508 - Load IP Config File for FATFS
2024-11-10 10:56:59,800 [INFO] ApiDbMcu:508 - Load IP Config File for FREERTOS
2024-11-10 10:56:59,813 [INFO] ApiDbMcu:508 - Load IP Config File for LIBJPEG
2024-11-10 10:56:59,829 [INFO] ApiDbMcu:508 - Load IP Config File for LWIP
2024-11-10 10:56:59,842 [INFO] ApiDbMcu:508 - Load IP Config File for MBEDTLS
2024-11-10 10:56:59,863 [INFO] ApiDbMcu:508 - Load IP Config File for USB_DEVICE
2024-11-10 10:56:59,877 [INFO] ApiDbMcu:508 - Load IP Config File for USB_HOST
2024-11-10 10:57:03,939 [INFO] ProjectBuilder:5097 - Time for Generating toolchain IDE Files: 4283mS.
2024-11-10 10:57:03,940 [INFO] ProjectBuilder:3107 - Time for Copy CMSIS : 1mS.
2024-11-10 10:57:03,944 [INFO] ProjectBuilder:3107 - Time for Copy CMSIS : 0mS.
2024-11-10 10:57:04,813 [INFO] McuFinderGlobals:76 - Set McuFinderConnectedMode to true
2024-11-10 10:57:04,821 [INFO] ApiDb:448 - Save user favorites file C:\Users\Grzegorz/.stm32cubeide/favorites.mcus.txt: 0 item(s)
2024-11-10 10:57:04,822 [INFO] ApiDb:452 - User favorites MCUs=[]
2024-11-10 10:57:04,825 [INFO] ApiDb:448 - Save user favorites file C:\Users\Grzegorz/.stm32cubeide/favorites.boards.txt: 1 item(s)
2024-11-10 10:57:04,825 [INFO] ApiDb:452 - User favorites Boards=[NUCLEO-F746ZG]
2024-11-10 10:57:19,881 [WARN] IP:2191 - RxBufferAddress not found: check if there is a RefParameter without a condition.
2024-11-10 10:57:19,882 [WARN] IP:2191 - RxBufferAddress not found: check if there is a RefParameter without a condition.
2024-11-10 13:19:48,519 [INFO] UtilMem:75 - End SaveConfig() Used Memory: 558898368 Bytes (1073741824)
