2024-10-09 11:12:34,316 [INFO] WebApp:189 - Connection lost
2024-10-09 11:12:35,402 [INFO] WebApp:186 - Connection restablished
2024-10-09 11:12:37,124 [INFO] WebApp:189 - Connection lost
2024-10-09 11:12:37,264 [INFO] WebApp:186 - Connection restablished
2024-10-09 11:12:41,477 [INFO] WebApp:189 - Connection lost
2024-10-09 11:12:41,691 [INFO] WebApp:186 - Connection restablished
2024-10-09 11:14:27,469 [INFO] WebApp:189 - Connection lost
2024-10-09 11:14:27,651 [INFO] WebApp:186 - Connection restablished
2024-10-09 14:39:44,978 [INFO] WebApp:189 - Connection lost
2024-10-09 14:39:45,257 [INFO] WebApp:186 - Connection restablished
2024-10-09 14:39:48,088 [INFO] WebApp:189 - Connection lost
2024-10-09 14:39:48,254 [INFO] WebApp:186 - Connection restablished
2024-10-09 14:46:38,216 [INFO] MainUpdater:2873 - connection check result : 10
2024-10-09 14:46:38,217 [INFO] MainUpdater:2873 - connection check result : 10
2024-10-09 14:46:38,507 [INFO] MicroXplorer:468 - Change Database Path : 
2024-10-09 14:46:38,508 [INFO] MicroXplorer:498 - Change Database Version : DB.6.0.121
2024-10-09 14:46:38,532 [ERROR] ProjectManagerView:394 - 
java.lang.NullPointerException: Cannot invoke "javax.swing.JTextField.getText()" because the return value of "java.util.List.get(int)" is null
	at com.st.microxplorer.plugins.projectmanager.gui.ProjectChoiceTab$10.caretUpdate(ProjectChoiceTab.java:2622) ~[filemanager.jar:?]
	at javax.swing.text.JTextComponent.fireCaretUpdate(JTextComponent.java:412) ~[?:?]
	at javax.swing.text.JTextComponent$MutableCaretEvent.fire(JTextComponent.java:4491) ~[?:?]
	at javax.swing.text.JTextComponent$MutableCaretEvent.stateChanged(JTextComponent.java:4513) ~[?:?]
	at javax.swing.text.DefaultCaret.fireStateChanged(DefaultCaret.java:842) ~[?:?]
	at javax.swing.text.DefaultCaret.changeCaretPosition(DefaultCaret.java:1313) ~[?:?]
	at javax.swing.text.DefaultCaret.handleSetDot(DefaultCaret.java:1212) ~[?:?]
	at javax.swing.text.DefaultCaret.setDot(DefaultCaret.java:1193) ~[?:?]
	at javax.swing.text.DefaultCaret$Handler.insertUpdate(DefaultCaret.java:1789) ~[?:?]
	at javax.swing.text.AbstractDocument.fireInsertUpdate(AbstractDocument.java:226) ~[?:?]
	at javax.swing.text.AbstractDocument.handleInsertString(AbstractDocument.java:780) ~[?:?]
	at javax.swing.text.AbstractDocument.insertString(AbstractDocument.java:739) ~[?:?]
	at javax.swing.text.PlainDocument.insertString(PlainDocument.java:131) ~[?:?]
	at javax.swing.text.AbstractDocument.replace(AbstractDocument.java:698) ~[?:?]
	at javax.swing.text.JTextComponent.setText(JTextComponent.java:1729) ~[?:?]
	at com.st.microxplorer.plugins.projectmanager.gui.ProjectChoiceTab.createHeapStackFields(ProjectChoiceTab.java:972) ~[filemanager.jar:?]
	at com.st.microxplorer.plugins.projectmanager.gui.ProjectChoiceTab.buildLinkSettingsPanel(ProjectChoiceTab.java:3597) ~[filemanager.jar:?]
	at com.st.microxplorer.plugins.projectmanager.gui.ProjectChoiceTab.defineWindowsFields(ProjectChoiceTab.java:1940) ~[filemanager.jar:?]
	at com.st.microxplorer.plugins.projectmanager.gui.ProjectChoiceTab.updateSettings(ProjectChoiceTab.java:550) ~[filemanager.jar:?]
	at com.st.microxplorer.plugins.projectmanager.gui.ProjectSettingsPanel.UpdateDialog(ProjectSettingsPanel.java:245) ~[filemanager.jar:?]
	at com.st.microxplorer.plugins.projectmanager.ProjectManagerView.propertyChange(ProjectManagerView.java:391) ~[filemanager.jar:?]
	at java.beans.PropertyChangeSupport.fire(PropertyChangeSupport.java:343) ~[?:?]
	at java.beans.PropertyChangeSupport.firePropertyChange(PropertyChangeSupport.java:335) ~[?:?]
	at java.beans.PropertyChangeSupport.firePropertyChange(PropertyChangeSupport.java:268) ~[?:?]
	at com.st.microxplorer.util.MXPropertyChangeSupport.firePropertyChange(MXPropertyChangeSupport.java:54) ~[STM32CubeMX.jar:?]
	at com.st.microxplorer.mxsystem.MxSystem.closeConfig(MxSystem.java:900) ~[STM32CubeMX.jar:?]
	at com.st.microxplorer.maingui.MainPanel.closeConfig(MainPanel.java:781) ~[STM32CubeMX.jar:?]
	at com.st.microxplorer.plugins.filemanager.engine.OpenFileManager.loadConfigurationFile(OpenFileManager.java:265) ~[filemanager.jar:?]
	at com.st.microxplorer.plugins.filemanager.engine.MainFileManager.userLoadConfig(MainFileManager.java:352) ~[filemanager.jar:?]
	at com.st.microxplorer.plugins.filemanager.engine.MainFileManager.userLoadConfig(MainFileManager.java:330) ~[filemanager.jar:?]
	at com.st.microxplorer.plugins.filemanager.FileManagerView.getSpecificTask(FileManagerView.java:246) ~[filemanager.jar:?]
	at com.st.stm32cube.common.mx.editor.CubeMxEditor.getMxTabbedPaneInstance(CubeMxEditor.java:1198) ~[com.st.stm32cube.common.mx_6.12.1.202409122256/:?]
	at com.st.stm32cube.common.mx.editor.CubeMxEditor$12$1.createSwingComponent(CubeMxEditor.java:1068) ~[com.st.stm32cube.common.mx_6.12.1.202409122256/:?]
	at com.st.stm32cube.common.mx.oss.core.awtswtbridge.EmbeddedSwingComposite.doComponentCreation(EmbeddedSwingComposite.java:492) ~[com.st.stm32cube.common.mx.oss_6.12.1.202409122256/:?]
	at com.st.stm32cube.common.mx.oss.core.awtswtbridge.EmbeddedSwingComposite$4.run(EmbeddedSwingComposite.java:291) ~[com.st.stm32cube.common.mx.oss_6.12.1.202409122256/:?]
	at com.st.stm32cube.common.mx.oss.core.awtswtbridge.AwtEnvironment$2.run(AwtEnvironment.java:166) ~[com.st.stm32cube.common.mx.oss_6.12.1.202409122256/:?]
	at java.awt.event.InvocationEvent.dispatch(InvocationEvent.java:318) ~[?:?]
	at java.awt.EventQueue.dispatchEventImpl(EventQueue.java:773) ~[?:?]
	at java.awt.EventQueue$4.run(EventQueue.java:720) ~[?:?]
	at java.awt.EventQueue$4.run(EventQueue.java:714) ~[?:?]
	at java.security.AccessController.doPrivileged(AccessController.java:399) ~[?:?]
	at java.security.ProtectionDomain$JavaSecurityAccessImpl.doIntersectionPrivilege(ProtectionDomain.java:86) ~[?:?]
	at java.awt.EventQueue.dispatchEvent(EventQueue.java:742) ~[?:?]
	at java.awt.EventDispatchThread.pumpOneEventForFilters(EventDispatchThread.java:203) ~[?:?]
	at java.awt.EventDispatchThread.pumpEventsForFilter(EventDispatchThread.java:124) ~[?:?]
	at java.awt.EventDispatchThread.pumpEventsForHierarchy(EventDispatchThread.java:113) ~[?:?]
	at java.awt.EventDispatchThread.pumpEvents(EventDispatchThread.java:109) ~[?:?]
	at java.awt.EventDispatchThread.pumpEvents(EventDispatchThread.java:101) ~[?:?]
	at java.awt.EventDispatchThread.run(EventDispatchThread.java:90) ~[?:?]
2024-10-09 14:46:38,545 [WARN] ThirdParty:871 - waiting for thirdparty lock release [close project]
2024-10-09 14:46:38,545 [INFO] ThirdParty:873 - entering critical section [close project]
2024-10-09 14:46:38,546 [INFO] ThirdParty:883 - exiting critical section [close project]
2024-10-09 14:46:38,550 [INFO] PinOutPanel:1561 - setPackage(No Configuration,No Configuration)
2024-10-09 14:46:38,574 [WARN] IpParametersView:151 - Warning: This peripheral hasn't parameters
2024-10-09 14:46:38,601 [WARN] MainPanel:284 - <html><b><center>Warning: This peripheral has no parameters to be configured<br></b></html>
2024-10-09 14:46:38,628 [INFO] UtilMem:75 - Begin LoadConfig() Used Memory: 364850776 Bytes (895483904)
2024-10-09 14:46:38,630 [INFO] MicroXplorer:468 - Change Database Path : 
2024-10-09 14:46:38,631 [INFO] MicroXplorer:498 - Change Database Version : DB.6.0.121
2024-10-09 14:46:38,631 [INFO] OpenFileManager:332 - Change cursor
2024-10-09 14:46:38,665 [INFO] RulesReader:64 - Compatibility file has been processed (297 Rules)
2024-10-09 14:46:38,685 [INFO] Mcu:2032 - Initializing MCU STM32F746ZGTx STM32F746ZGTx STM32F746ZGT6
2024-10-09 14:46:41,088 [INFO] Context:742 - Trying to add GPIOservice into a context  which must be forbidden
2024-10-09 14:46:41,876 [INFO] RtosManager:555 - Registered RTOS mode: class=CMSIS, group=RTOS, mode=CMSIS_V1, owner=FREERTOS
2024-10-09 14:46:41,877 [INFO] RtosManager:555 - Registered RTOS mode: class=CMSIS, group=RTOS2, mode=CMSIS_V2, owner=FREERTOS
2024-10-09 14:46:41,877 [INFO] RtosManager:555 - Registered RTOS mode: class=RTOS, group=Core, mode=CMSIS_V1, owner=FREERTOS
2024-10-09 14:46:41,877 [INFO] RtosManager:555 - Registered RTOS mode: class=RTOS, group=Core, mode=CMSIS_V2, owner=FREERTOS
2024-10-09 14:46:41,877 [WARN] ModelIntegratedComponent:184 - Missing modes for component STMicroelectronics:FreeRTOS:0.0.1:STMicroelectronics:RTOS:FreeRTOS:Core:::10.2.0:
2024-10-09 14:46:41,882 [WARN] ModelIntegratedComponent:63 - No mode defined for component null
2024-10-09 14:46:41,882 [WARN] ModelIntegratedComponent:63 - No mode defined for component null
2024-10-09 14:46:41,883 [WARN] ModelIntegratedComponent:63 - No mode defined for component null
2024-10-09 14:46:41,883 [WARN] ModelIntegratedComponent:63 - No mode defined for component null
2024-10-09 14:46:41,883 [WARN] ModelIntegratedComponent:63 - No mode defined for component null
2024-10-09 14:46:41,883 [WARN] ModelIntegratedComponent:63 - No mode defined for component null
2024-10-09 14:46:41,883 [WARN] ModelIntegratedComponent:63 - No mode defined for component null
2024-10-09 14:46:41,883 [WARN] ModelIntegratedComponent:63 - No mode defined for component null
2024-10-09 14:46:41,883 [WARN] ModelIntegratedComponent:63 - No mode defined for component null
2024-10-09 14:46:41,883 [WARN] ModelIntegratedComponent:63 - No mode defined for component null
2024-10-09 14:46:41,883 [WARN] ModelIntegratedComponent:63 - No mode defined for component null
2024-10-09 14:46:41,883 [WARN] ModelIntegratedComponent:63 - No mode defined for component null
2024-10-09 14:46:41,883 [WARN] ModelIntegratedComponent:63 - No mode defined for component null
2024-10-09 14:46:41,883 [WARN] ModelIntegratedComponent:63 - No mode defined for component null
2024-10-09 14:46:41,883 [WARN] ModelIntegratedComponent:63 - No mode defined for component null
2024-10-09 14:46:41,883 [WARN] ModelIntegratedComponent:63 - No mode defined for component null
2024-10-09 14:46:41,883 [WARN] ModelIntegratedComponent:63 - No mode defined for component null
2024-10-09 14:46:41,883 [WARN] ModelIntegratedComponent:63 - No mode defined for component null
2024-10-09 14:46:41,883 [WARN] ModelIntegratedComponent:63 - No mode defined for component null
2024-10-09 14:46:41,883 [WARN] ModelIntegratedComponent:63 - No mode defined for component null
2024-10-09 14:46:41,883 [WARN] ModelIntegratedComponent:63 - No mode defined for component null
2024-10-09 14:46:41,883 [WARN] ModelIntegratedComponent:63 - No mode defined for component null
2024-10-09 14:46:41,883 [WARN] ModelIntegratedComponent:63 - No mode defined for component null
2024-10-09 14:46:41,883 [WARN] ModelIntegratedComponent:63 - No mode defined for component null
2024-10-09 14:46:41,883 [WARN] ModelIntegratedComponent:63 - No mode defined for component null
2024-10-09 14:46:41,883 [WARN] ModelIntegratedComponent:63 - No mode defined for component null
2024-10-09 14:46:41,883 [WARN] ModelIntegratedComponent:63 - No mode defined for component null
2024-10-09 14:46:41,883 [WARN] ModelIntegratedComponent:63 - No mode defined for component null
2024-10-09 14:46:41,883 [WARN] ModelIntegratedComponent:63 - No mode defined for component null
2024-10-09 14:46:41,884 [WARN] ModelIntegratedComponent:63 - No mode defined for component null
2024-10-09 14:46:41,884 [WARN] ModelIntegratedComponent:63 - No mode defined for component null
2024-10-09 14:46:41,884 [WARN] ModelIntegratedComponent:63 - No mode defined for component null
2024-10-09 14:46:41,884 [WARN] ModelIntegratedComponent:63 - No mode defined for component null
2024-10-09 14:46:41,884 [WARN] ModelIntegratedComponent:63 - No mode defined for component null
2024-10-09 14:46:41,884 [WARN] ModelIntegratedComponent:63 - No mode defined for component null
2024-10-09 14:46:41,884 [WARN] ModelPack:524 - Component already loaded: STMicroelectronics:HAL Drivers:0.0.0:STMicroelectronics:Device:STMicro_Driver:XSPI:HAL::0.0.1:HAL_XSPI
2024-10-09 14:46:41,994 [INFO] ThirdPartyModel:298 - Start build external matchings
2024-10-09 14:46:42,326 [INFO] ThirdPartyModel:316 - End build external matchings
2024-10-09 14:46:42,333 [WARN] IP:2191 - RxBufferAddress not found: check if there is a RefParameter without a condition.
2024-10-09 14:46:42,333 [INFO] ImportTextPane:205 - (OptionalMessage_ERROR) IP (ETH) : Invalid parameter (PHY_Name)
2024-10-09 14:46:42,334 [INFO] ImportTextPane:205 - (OptionalMessage_ERROR) IP (ETH) : Invalid parameter (PHY_Value)
2024-10-09 14:46:42,334 [INFO] ImportTextPane:205 - (OptionalMessage_ERROR) IP (ETH) : Invalid parameter (PhyAddress)
2024-10-09 14:46:42,334 [INFO] ImportTextPane:205 - (OptionalMessage_ERROR) IP (RCC) : Invalid parameter (48MHZClocksFreq_Value)
2024-10-09 14:46:42,334 [INFO] ImportTextPane:205 - (OptionalMessage_ERROR) IP (RCC) : Invalid parameter (ADC12outputFreq_Value)
2024-10-09 14:46:42,334 [INFO] ImportTextPane:205 - (OptionalMessage_ERROR) IP (RCC) : Invalid parameter (ADC34outputFreq_Value)
2024-10-09 14:46:42,334 [INFO] ImportTextPane:205 - (OptionalMessage_ERROR) IP (RCC) : Invalid parameter (FamilyName)
2024-10-09 14:46:42,334 [INFO] ImportTextPane:205 - (OptionalMessage_ERROR) IP (RCC) : Invalid parameter (I2SClocksFreq_Value)
2024-10-09 14:46:42,334 [INFO] ImportTextPane:205 - (OptionalMessage_ERROR) IP (RCC) : Parameter (LCDTFToutputFreq_Value) has invalid value (96000000)
2024-10-09 14:46:42,334 [INFO] ImportTextPane:205 - (OptionalMessage_ERROR) IP (RCC) : Invalid parameter (MCOFreq_Value)
2024-10-09 14:46:42,335 [INFO] ImportTextPane:205 - (OptionalMessage_ERROR) IP (RCC) : Invalid parameter (PLLMCOFreq_Value)
2024-10-09 14:46:42,335 [INFO] ImportTextPane:205 - (OptionalMessage_ERROR) IP (RCC) : Invalid parameter (PLLMUL)
2024-10-09 14:46:42,335 [INFO] ImportTextPane:205 - (OptionalMessage_ERROR) IP (RCC) : Invalid parameter (PRESCALERUSB)
2024-10-09 14:46:42,335 [INFO] ImportTextPane:205 - (OptionalMessage_ERROR) IP (RCC) : Invalid parameter (RTCHSEDivFreq_Value)
2024-10-09 14:46:42,335 [INFO] ImportTextPane:205 - (OptionalMessage_ERROR) IP (RCC) : Parameter (SDMMCFreq_Value) has invalid value (72000000)
2024-10-09 14:46:42,335 [INFO] ImportTextPane:205 - (OptionalMessage_ERROR) IP (RCC) : Invalid parameter (SYSCLKSourceVirtual)
2024-10-09 14:46:42,335 [INFO] ImportTextPane:205 - (OptionalMessage_ERROR) IP (RCC) : Invalid parameter (TIM15Freq_Value)
2024-10-09 14:46:42,335 [INFO] ImportTextPane:205 - (OptionalMessage_ERROR) IP (RCC) : Invalid parameter (TIM16Freq_Value)
2024-10-09 14:46:42,335 [INFO] ImportTextPane:205 - (OptionalMessage_ERROR) IP (RCC) : Invalid parameter (TIM17Freq_Value)
2024-10-09 14:46:42,335 [INFO] ImportTextPane:205 - (OptionalMessage_ERROR) IP (RCC) : Invalid parameter (TIM1Freq_Value)
2024-10-09 14:46:42,335 [INFO] ImportTextPane:205 - (OptionalMessage_ERROR) IP (RCC) : Invalid parameter (TIM20Freq_Value)
2024-10-09 14:46:42,335 [INFO] ImportTextPane:205 - (OptionalMessage_ERROR) IP (RCC) : Invalid parameter (TIM2Freq_Value)
2024-10-09 14:46:42,335 [INFO] ImportTextPane:205 - (OptionalMessage_ERROR) IP (RCC) : Invalid parameter (TIM3Freq_Value)
2024-10-09 14:46:42,335 [INFO] ImportTextPane:205 - (OptionalMessage_ERROR) IP (RCC) : Invalid parameter (TIM8Freq_Value)
2024-10-09 14:46:42,335 [INFO] ImportTextPane:205 - (OptionalMessage_ERROR) IP (RCC) : Invalid parameter (VCOOutput2Freq_Value)
2024-10-09 14:46:42,336 [INFO] ImportTextPane:205 - (OptionalMessage_ERROR) IP (RCC) : Invalid parameter (VcooutputI2S)
2024-10-09 14:46:42,631 [INFO] UtilMem:75 - End LoadConfig() Used Memory: 378814528 Bytes (895483904)
2024-10-09 14:46:42,681 [WARN] ThirdParty:833 - waiting for thirdparty lock release [change project]
2024-10-09 14:46:42,682 [INFO] ThirdParty:835 - entering critical section [change project]
2024-10-09 14:46:42,682 [INFO] ThirdParty:1030 - CMSIS Pack Vendor :STMicroelectronics USBPD 4.1
2024-10-09 14:46:42,682 [INFO] ThirdParty:1030 - CMSIS Pack Vendor :STMicroelectronics X-CUBE-GNSS1 6.0.0
2024-10-09 14:46:42,682 [INFO] ThirdParty:1030 - CMSIS Pack Vendor :STMicroelectronics USB_HOST 2.0.0
2024-10-09 14:46:42,682 [INFO] ThirdParty:1030 - CMSIS Pack Vendor :STMicroelectronics FP-SNS-MOTENVWB1 1.4.0
2024-10-09 14:46:42,682 [INFO] ThirdParty:1030 - CMSIS Pack Vendor :STMicroelectronics X-CUBE-AZRTOS-F4 1.1.0
2024-10-09 14:46:42,682 [INFO] ThirdParty:1030 - CMSIS Pack Vendor :STMicroelectronics LIBJPEG 8.0.0
2024-10-09 14:46:42,682 [INFO] ThirdParty:1030 - CMSIS Pack Vendor :STMicroelectronics X-CUBE-SMBUS 2.1.0
2024-10-09 14:46:42,682 [INFO] ThirdParty:1030 - CMSIS Pack Vendor :STMicroelectronics USB_DEVICE 3.0.0
2024-10-09 14:46:42,682 [INFO] ThirdParty:1030 - CMSIS Pack Vendor :STMicroelectronics X-CUBE-TCPP 4.1.0
2024-10-09 14:46:42,682 [INFO] ThirdParty:1030 - CMSIS Pack Vendor :STMicroelectronics X-CUBE-FREERTOS 1.2.0
2024-10-09 14:46:42,682 [INFO] ThirdParty:1030 - CMSIS Pack Vendor :STMicroelectronics X-CUBE-AZRTOS-WB 2.0.0
2024-10-09 14:46:42,682 [INFO] ThirdParty:1030 - CMSIS Pack Vendor :STMicroelectronics X-CUBE-TOUCHGFX 4.23.2
2024-10-09 14:46:42,682 [INFO] ThirdParty:1030 - CMSIS Pack Vendor :STMicroelectronics X-CUBE-AZRTOS-F7 1.1.0
2024-10-09 14:46:42,682 [INFO] ThirdParty:1030 - CMSIS Pack Vendor :STMicroelectronics X-CUBE-AZRTOS-L5 2.0.0
2024-10-09 14:46:42,682 [INFO] ThirdParty:1030 - CMSIS Pack Vendor :STMicroelectronics USB_DEVICE 2.0.0
2024-10-09 14:46:42,682 [INFO] ThirdParty:1030 - CMSIS Pack Vendor :STMicroelectronics X-CUBE-NFC6 3.1.0
2024-10-09 14:46:42,682 [INFO] ThirdParty:1030 - CMSIS Pack Vendor :STMicroelectronics X-CUBE-ALGOBUILD 1.3.0
2024-10-09 14:46:42,682 [INFO] ThirdParty:1030 - CMSIS Pack Vendor :STMicroelectronics FreeRTOS 0.0.1
2024-10-09 14:46:42,682 [INFO] ThirdParty:1030 - CMSIS Pack Vendor :STMicroelectronics X-CUBE-AZRTOS-G0 1.1.0
2024-10-09 14:46:42,683 [INFO] ThirdParty:1030 - CMSIS Pack Vendor :STMicroelectronics X-CUBE-SAFEA1 1.2.2
2024-10-09 14:46:42,683 [INFO] ThirdParty:1030 - CMSIS Pack Vendor :STMicroelectronics X-CUBE-NFC4 3.0.0
2024-10-09 14:46:42,683 [INFO] ThirdParty:1030 - CMSIS Pack Vendor :STMicroelectronics X-CUBE-SUBG2 5.0.0
2024-10-09 14:46:42,683 [INFO] ThirdParty:1030 - CMSIS Pack Vendor :STMicroelectronics STM32_WPAN 1.0.0
2024-10-09 14:46:42,683 [INFO] ThirdParty:1030 - CMSIS Pack Vendor :STMicroelectronics lwIP 2.0.3
2024-10-09 14:46:42,683 [INFO] ThirdParty:1030 - CMSIS Pack Vendor :STMicroelectronics FP-SNS-FLIGHT1 5.0.2
2024-10-09 14:46:42,683 [INFO] ThirdParty:1030 - CMSIS Pack Vendor :STMicroelectronics USB_HOST 1.0.0
2024-10-09 14:46:42,683 [INFO] ThirdParty:1030 - CMSIS Pack Vendor :STMicroelectronics X-CUBE-AI 9.0.0
2024-10-09 14:46:42,683 [INFO] ThirdParty:1030 - CMSIS Pack Vendor :STMicroelectronics X-CUBE-AZRTOS-G4 2.0.0
2024-10-09 14:46:42,683 [INFO] ThirdParty:1030 - CMSIS Pack Vendor :STMicroelectronics PDM2PCM 3.1.0
2024-10-09 14:46:42,683 [INFO] ThirdParty:1030 - CMSIS Pack Vendor :STMicroelectronics PDM2PCM 3.3.0
2024-10-09 14:46:42,683 [INFO] ThirdParty:1030 - CMSIS Pack Vendor :STMicroelectronics X-CUBE-DISPLAY 3.0.0
2024-10-09 14:46:42,683 [INFO] ThirdParty:1030 - CMSIS Pack Vendor :wolfSSL I-CUBE-wolfSSL 5.7.0
2024-10-09 14:46:42,683 [INFO] ThirdParty:1030 - CMSIS Pack Vendor :STMicroelectronics X-CUBE-BLE1 7.0.0
2024-10-09 14:46:42,683 [INFO] ThirdParty:1030 - CMSIS Pack Vendor :STMicroelectronics FP-ATR-SIGFOX1 3.2.0
2024-10-09 14:46:42,683 [INFO] ThirdParty:1030 - CMSIS Pack Vendor :STMicroelectronics X-CUBE-ISPU 2.0.0
2024-10-09 14:46:42,683 [INFO] ThirdParty:1030 - CMSIS Pack Vendor :STMicroelectronics X-CUBE-EEPRMA1 5.1.0
2024-10-09 14:46:42,683 [INFO] ThirdParty:1030 - CMSIS Pack Vendor :STMicroelectronics HAL Drivers 0.0.0
2024-10-09 14:46:42,683 [INFO] ThirdParty:1030 - CMSIS Pack Vendor :STMicroelectronics MBEDTLS 2.16.2
2024-10-09 14:46:42,683 [INFO] ThirdParty:1030 - CMSIS Pack Vendor :STMicroelectronics X-CUBE-ALS 1.0.2
2024-10-09 14:46:42,683 [INFO] ThirdParty:1030 - CMSIS Pack Vendor :emotas I-CUBE-CANOPEN 1.3.0
2024-10-09 14:46:42,683 [INFO] ThirdParty:1030 - CMSIS Pack Vendor :STMicroelectronics X-CUBE-MEMS1 10.0.0
2024-10-09 14:46:42,683 [INFO] ThirdParty:1030 - CMSIS Pack Vendor :STMicroelectronics X-CUBE-NFC7 1.0.1
2024-10-09 14:46:42,683 [INFO] ThirdParty:1030 - CMSIS Pack Vendor :STMicroelectronics MBEDTLS 2.14.1
2024-10-09 14:46:42,683 [INFO] ThirdParty:1030 - CMSIS Pack Vendor :ITTIA_DB I-CUBE-ITTIADB 8.9.0
2024-10-09 14:46:42,683 [INFO] ThirdParty:1030 - CMSIS Pack Vendor :portGmbH I-Cube-SoM-uGOAL 1.1.0
2024-10-09 14:46:42,683 [INFO] ThirdParty:1030 - CMSIS Pack Vendor :STMicroelectronics X-CUBE-ALS 1.0.1
2024-10-09 14:46:42,683 [INFO] ThirdParty:1030 - CMSIS Pack Vendor :STMicroelectronics X-CUBE-BLEMGR 3.1.0
2024-10-09 14:46:42,683 [INFO] ThirdParty:1030 - CMSIS Pack Vendor :STMicroelectronics ThreadX 1.0.0
2024-10-09 14:46:42,683 [INFO] ThirdParty:1030 - CMSIS Pack Vendor :STMicroelectronics FP-SNS-SMARTAG2 1.2.0
2024-10-09 14:46:42,683 [INFO] ThirdParty:1030 - CMSIS Pack Vendor :STMicroelectronics X-CUBE-AZRTOS-WL 2.0.0
2024-10-09 14:46:42,683 [INFO] ThirdParty:1030 - CMSIS Pack Vendor :SEGGER I-CUBE-embOS 1.3.1
2024-10-09 14:46:42,683 [INFO] ThirdParty:1030 - CMSIS Pack Vendor :STMicroelectronics X-CUBE-ALGOBUILD 1.4.0
2024-10-09 14:46:42,683 [INFO] ThirdParty:1030 - CMSIS Pack Vendor :STMicroelectronics FP-SNS-MOTENV1 5.0.0
2024-10-09 14:46:42,684 [INFO] ThirdParty:1030 - CMSIS Pack Vendor :STMicroelectronics USB_DEVICE 1.0.0
2024-10-09 14:46:42,684 [INFO] ThirdParty:1030 - CMSIS Pack Vendor :STMicroelectronics X-CUBE-AZRTOS-H7RS 1.0.0
2024-10-09 14:46:42,684 [INFO] ThirdParty:1030 - CMSIS Pack Vendor :wolfSSL I-CUBE-wolfMQTT 1.19.0
2024-10-09 14:46:42,684 [INFO] ThirdParty:1030 - CMSIS Pack Vendor :STMicroelectronics X-CUBE-AZRTOS-L4 2.0.0
2024-10-09 14:46:42,684 [INFO] ThirdParty:1030 - CMSIS Pack Vendor :STMicroelectronics ThreadX 0.0.2
2024-10-09 14:46:42,684 [INFO] ThirdParty:1030 - CMSIS Pack Vendor :WES I-CUBE-Cesium 1.3.0
2024-10-09 14:46:42,684 [INFO] ThirdParty:1030 - CMSIS Pack Vendor :STMicroelectronics FP-ATR-ASTRA1 2.0.0
2024-10-09 14:46:42,684 [INFO] ThirdParty:1030 - CMSIS Pack Vendor :STMicroelectronics lwIP 2.1.2
2024-10-09 14:46:42,684 [INFO] ThirdParty:1030 - CMSIS Pack Vendor :STMicroelectronics X-CUBE-SFXS2LP1 4.0.0
2024-10-09 14:46:42,684 [INFO] ThirdParty:1030 - CMSIS Pack Vendor :STMicroelectronics X-CUBE-BLE2 3.3.0
2024-10-09 14:46:42,684 [INFO] ThirdParty:1030 - CMSIS Pack Vendor :STMicroelectronics X-CUBE-TOF1 3.4.1
2024-10-09 14:46:42,684 [INFO] ThirdParty:1030 - CMSIS Pack Vendor :STMicroelectronics X-CUBE-AZRTOS-H7 3.2.0
2024-10-09 14:46:42,684 [INFO] ThirdParty:1030 - CMSIS Pack Vendor :Infineon AIROC-Wi-Fi-Bluetooth-STM32 1.6.0
2024-10-09 14:46:42,684 [INFO] ThirdParty:1030 - CMSIS Pack Vendor :STMicroelectronics PDM2PCM 3.2.0
2024-10-09 14:46:42,684 [INFO] ThirdParty:841 - exiting critical section [change project]
2024-10-09 14:46:42,941 [INFO] PinOutPanel:1561 - setPackage(No Configuration,No Configuration)
2024-10-09 14:46:42,943 [INFO] PinOutPanel:1561 - setPackage(STM32F746ZGTx,LQFP144)
2024-10-09 14:46:43,398 [INFO] UtilMem:75 - Before build in PCC Used Memory: 707179984 Bytes (895483904)
2024-10-09 14:46:43,720 [INFO] UtilMem:75 - After build in PCC Used Memory: 757511632 Bytes (895483904)
2024-10-09 14:46:43,746 [INFO] IPUIPlugin:80 - create IPUIPlugin
2024-10-09 14:46:43,746 [INFO] IPUIPlugin:80 - create IPUIPlugin
2024-10-09 14:46:43,746 [INFO] IPUIPlugin:80 - create IPUIPlugin
2024-10-09 14:46:43,746 [INFO] IPUIPlugin:80 - create IPUIPlugin
2024-10-09 14:46:43,746 [INFO] IPUIPlugin:80 - create IPUIPlugin
2024-10-09 14:46:43,746 [INFO] IPUIPlugin:80 - create IPUIPlugin
2024-10-09 14:46:43,747 [INFO] IPUIPlugin:80 - create IPUIPlugin
2024-10-09 14:46:43,747 [INFO] IPUIPlugin:80 - create IPUIPlugin
2024-10-09 14:46:43,747 [INFO] IPUIPlugin:80 - create IPUIPlugin
2024-10-09 14:46:43,747 [INFO] IPUIPlugin:80 - create IPUIPlugin
2024-10-09 14:46:43,747 [INFO] IPUIPlugin:80 - create IPUIPlugin
2024-10-09 14:46:43,747 [INFO] IPUIPlugin:80 - create IPUIPlugin
2024-10-09 14:46:43,747 [INFO] IPUIPlugin:80 - create IPUIPlugin
2024-10-09 14:46:43,748 [INFO] IPUIPlugin:80 - create IPUIPlugin
2024-10-09 14:46:43,748 [INFO] IPUIPlugin:80 - create IPUIPlugin
2024-10-09 14:46:43,748 [INFO] IPUIPlugin:80 - create IPUIPlugin
2024-10-09 14:46:43,748 [INFO] IPUIPlugin:80 - create IPUIPlugin
2024-10-09 14:46:43,748 [INFO] IPUIPlugin:80 - create IPUIPlugin
2024-10-09 14:46:43,748 [INFO] IPUIPlugin:80 - create IPUIPlugin
2024-10-09 14:46:43,749 [INFO] IPUIPlugin:80 - create IPUIPlugin
2024-10-09 14:46:43,749 [INFO] IPUIPlugin:80 - create IPUIPlugin
2024-10-09 14:46:43,749 [INFO] IPUIPlugin:80 - create IPUIPlugin
2024-10-09 14:46:43,749 [INFO] IPUIPlugin:80 - create IPUIPlugin
2024-10-09 14:46:43,749 [INFO] IPUIPlugin:80 - create IPUIPlugin
2024-10-09 14:46:43,750 [INFO] IPUIPlugin:80 - create IPUIPlugin
2024-10-09 14:46:43,750 [INFO] IPUIPlugin:80 - create IPUIPlugin
2024-10-09 14:46:43,750 [INFO] IPUIPlugin:80 - create IPUIPlugin
2024-10-09 14:46:43,751 [INFO] IPUIPlugin:80 - create IPUIPlugin
2024-10-09 14:46:43,751 [INFO] IPUIPlugin:80 - create IPUIPlugin
2024-10-09 14:46:43,751 [INFO] IPUIPlugin:80 - create IPUIPlugin
2024-10-09 14:46:43,751 [INFO] IPUIPlugin:80 - create IPUIPlugin
2024-10-09 14:46:43,752 [INFO] IPUIPlugin:80 - create IPUIPlugin
2024-10-09 14:46:43,752 [INFO] IPUIPlugin:80 - create IPUIPlugin
2024-10-09 14:46:43,752 [INFO] IPUIPlugin:80 - create IPUIPlugin
2024-10-09 14:46:43,752 [INFO] IPUIPlugin:80 - create IPUIPlugin
2024-10-09 14:46:43,753 [INFO] IPUIPlugin:80 - create IPUIPlugin
2024-10-09 14:46:43,753 [INFO] IPUIPlugin:80 - create IPUIPlugin
2024-10-09 14:46:43,753 [INFO] IPUIPlugin:80 - create IPUIPlugin
2024-10-09 14:46:43,754 [INFO] IPUIPlugin:80 - create IPUIPlugin
2024-10-09 14:46:43,754 [INFO] IPUIPlugin:80 - create IPUIPlugin
2024-10-09 14:46:43,755 [INFO] IPUIPlugin:80 - create IPUIPlugin
2024-10-09 14:46:43,755 [INFO] IPUIPlugin:80 - create IPUIPlugin
2024-10-09 14:46:43,755 [INFO] IPUIPlugin:80 - create IPUIPlugin
2024-10-09 14:46:43,755 [INFO] IPUIPlugin:80 - create IPUIPlugin
2024-10-09 14:46:43,756 [INFO] IPUIPlugin:80 - create IPUIPlugin
2024-10-09 14:46:43,756 [INFO] IPUIPlugin:80 - create IPUIPlugin
2024-10-09 14:46:43,756 [INFO] IPUIPlugin:80 - create IPUIPlugin
2024-10-09 14:46:43,757 [INFO] IPUIPlugin:80 - create IPUIPlugin
2024-10-09 14:46:43,757 [INFO] IPUIPlugin:80 - create IPUIPlugin
2024-10-09 14:46:43,757 [INFO] IPUIPlugin:80 - create IPUIPlugin
2024-10-09 14:46:43,758 [INFO] IPUIPlugin:80 - create IPUIPlugin
2024-10-09 14:46:43,782 [INFO] IPUIPlugin:80 - create IPUIPlugin
2024-10-09 14:46:43,782 [INFO] IPUIPlugin:80 - create IPUIPlugin
2024-10-09 14:46:43,783 [INFO] IPUIPlugin:80 - create IPUIPlugin
2024-10-09 14:46:43,783 [INFO] IPUIPlugin:80 - create IPUIPlugin
2024-10-09 14:46:43,783 [INFO] IPUIPlugin:80 - create IPUIPlugin
2024-10-09 14:46:43,784 [INFO] IPUIPlugin:80 - create IPUIPlugin
2024-10-09 14:46:43,784 [INFO] IPUIPlugin:80 - create IPUIPlugin
2024-10-09 14:46:43,784 [INFO] IPUIPlugin:80 - create IPUIPlugin
2024-10-09 14:46:43,785 [INFO] IPUIPlugin:80 - create IPUIPlugin
2024-10-09 14:46:43,786 [INFO] IPUIPlugin:80 - create IPUIPlugin
2024-10-09 14:46:43,786 [INFO] IPUIPlugin:80 - create IPUIPlugin
2024-10-09 14:46:43,787 [INFO] IPUIPlugin:80 - create IPUIPlugin
2024-10-09 14:46:43,787 [INFO] IPUIPlugin:80 - create IPUIPlugin
2024-10-09 14:46:43,788 [INFO] IPUIPlugin:80 - create IPUIPlugin
2024-10-09 14:46:43,788 [INFO] IPUIPlugin:80 - create IPUIPlugin
2024-10-09 14:46:43,788 [INFO] IPUIPlugin:80 - create IPUIPlugin
2024-10-09 14:46:43,788 [INFO] IPUIPlugin:80 - create IPUIPlugin
2024-10-09 14:46:43,789 [INFO] IPUIPlugin:80 - create IPUIPlugin
2024-10-09 14:46:43,789 [INFO] IPUIPlugin:80 - create IPUIPlugin
2024-10-09 14:46:43,789 [INFO] IPUIPlugin:80 - create IPUIPlugin
2024-10-09 14:46:43,790 [INFO] IPUIPlugin:80 - create IPUIPlugin
2024-10-09 14:46:43,790 [INFO] IPUIPlugin:80 - create IPUIPlugin
2024-10-09 14:46:43,790 [INFO] IPUIPlugin:80 - create IPUIPlugin
2024-10-09 14:46:43,813 [INFO] ApiDbMcu:508 - Load IP Config File for PDM2PCM
2024-10-09 14:46:43,899 [INFO] CADModel:165 - CPN selected for project levelSTM32F746ZGT6
2024-10-09 14:46:43,899 [INFO] CADModel:114 - Register for checkConnection events
2024-10-09 14:46:43,954 [INFO] OpenFileManager:363 - Restore cursor
2024-10-09 14:46:44,199 [WARN] IP:2191 - RxBufferAddress not found: check if there is a RefParameter without a condition.
2024-10-09 14:46:44,200 [WARN] IP:2191 - RxBufferAddress not found: check if there is a RefParameter without a condition.
2024-10-09 14:47:46,297 [INFO] UtilMem:75 - End SaveConfig() Used Memory: 539942224 Bytes (895483904)
2024-10-09 14:47:46,477 [INFO] UtilMem:75 - End SaveConfig() Used Memory: 572709200 Bytes (895483904)
2024-10-09 14:47:46,651 [INFO] BlockDiagram:2766 - set Specific Code input for plugin: SYS
2024-10-09 14:47:46,651 [INFO] BlockDiagram:2766 - set Specific Code input for plugin: RCC
2024-10-09 14:47:46,651 [INFO] BlockDiagram:2766 - set Specific Code input for plugin: USB_OTG_FS
2024-10-09 14:47:46,651 [INFO] BlockDiagram:2766 - set Specific Code input for plugin: NVIC
2024-10-09 14:47:46,651 [INFO] BlockDiagram:2766 - set Specific Code input for plugin: USART
2024-10-09 14:47:46,652 [INFO] BlockDiagram:2766 - set Specific Code input for plugin: GPIO
2024-10-09 14:47:46,652 [INFO] BlockDiagram:2766 - set Specific Code input for plugin: ETH
2024-10-09 14:47:46,653 [INFO] CodeGenerator:807 - code generatio: config db path: C:\ST\STM32CubeIDE_1.15.1\STM32CubeIDE\plugins\com.st.stm32cube.common.mx_6.12.1.202409122256\\db\
2024-10-09 14:47:46,655 [WARN] IP:2191 - RxBufferAddress not found: check if there is a RefParameter without a condition.
2024-10-09 14:47:46,841 [INFO] CodeEngine:255 - oldGeneratedFile, C:\Users\Grzegorz\STM32CubeIDE\workspace_1.15.1\MyFirstProject\MXTmpFiles\license.tmp_save
2024-10-09 14:47:46,967 [INFO] CodeEngine:279 - Generated code: C:\Users\Grzegorz\STM32CubeIDE\workspace_1.15.1\MyFirstProject\MXTmpFiles\license.tmp
2024-10-09 14:47:47,062 [INFO] CodeEngine:255 - oldGeneratedFile, C:\Users\Grzegorz\STM32CubeIDE\workspace_1.15.1\MyFirstProject\Core\Src\gpio.c_save
2024-10-09 14:47:47,196 [INFO] CodeEngine:279 - Generated code: C:\Users\Grzegorz\STM32CubeIDE\workspace_1.15.1\MyFirstProject\Core\Src\gpio.c
2024-10-09 14:47:47,212 [INFO] CodeEngine:255 - oldGeneratedFile, C:\Users\Grzegorz\STM32CubeIDE\workspace_1.15.1\MyFirstProject\Core\Inc\gpio.h_save
2024-10-09 14:47:47,305 [INFO] CodeEngine:279 - Generated code: C:\Users\Grzegorz\STM32CubeIDE\workspace_1.15.1\MyFirstProject\Core\Inc\gpio.h
2024-10-09 14:47:47,649 [WARN] IPConfigManager:3005 - Warning: the RefConfig PWREx_EnableUSBVoltageDetector is not available in your config.xml file
2024-10-09 14:47:47,681 [INFO] CodeEngine:255 - oldGeneratedFile, C:\Users\Grzegorz\STM32CubeIDE\workspace_1.15.1\MyFirstProject\MXTmpFiles\cortex.tmp_save
2024-10-09 14:47:47,791 [INFO] CodeEngine:279 - Generated code: C:\Users\Grzegorz\STM32CubeIDE\workspace_1.15.1\MyFirstProject\MXTmpFiles\cortex.tmp
2024-10-09 14:47:47,823 [INFO] CodeEngine:255 - oldGeneratedFile, C:\Users\Grzegorz\STM32CubeIDE\workspace_1.15.1\MyFirstProject\Core\Src\eth.c_save
2024-10-09 14:47:47,980 [INFO] CodeEngine:279 - Generated code: C:\Users\Grzegorz\STM32CubeIDE\workspace_1.15.1\MyFirstProject\Core\Src\eth.c
2024-10-09 14:47:47,997 [INFO] CodeEngine:255 - oldGeneratedFile, C:\Users\Grzegorz\STM32CubeIDE\workspace_1.15.1\MyFirstProject\Core\Inc\eth.h_save
2024-10-09 14:47:48,089 [INFO] CodeEngine:279 - Generated code: C:\Users\Grzegorz\STM32CubeIDE\workspace_1.15.1\MyFirstProject\Core\Inc\eth.h
2024-10-09 14:47:48,100 [INFO] CodeEngine:255 - oldGeneratedFile, C:\Users\Grzegorz\STM32CubeIDE\workspace_1.15.1\MyFirstProject\Core\Src\usart.c_save
2024-10-09 14:47:48,214 [INFO] CodeEngine:279 - Generated code: C:\Users\Grzegorz\STM32CubeIDE\workspace_1.15.1\MyFirstProject\Core\Src\usart.c
2024-10-09 14:47:48,222 [INFO] CodeEngine:255 - oldGeneratedFile, C:\Users\Grzegorz\STM32CubeIDE\workspace_1.15.1\MyFirstProject\Core\Inc\usart.h_save
2024-10-09 14:47:48,301 [INFO] CodeEngine:279 - Generated code: C:\Users\Grzegorz\STM32CubeIDE\workspace_1.15.1\MyFirstProject\Core\Inc\usart.h
2024-10-09 14:47:48,311 [INFO] CodeEngine:255 - oldGeneratedFile, C:\Users\Grzegorz\STM32CubeIDE\workspace_1.15.1\MyFirstProject\Core\Src\usb_otg.c_save
2024-10-09 14:47:48,413 [INFO] CodeEngine:279 - Generated code: C:\Users\Grzegorz\STM32CubeIDE\workspace_1.15.1\MyFirstProject\Core\Src\usb_otg.c
2024-10-09 14:47:48,417 [INFO] CodeEngine:255 - oldGeneratedFile, C:\Users\Grzegorz\STM32CubeIDE\workspace_1.15.1\MyFirstProject\Core\Inc\usb_otg.h_save
2024-10-09 14:47:48,484 [INFO] CodeEngine:279 - Generated code: C:\Users\Grzegorz\STM32CubeIDE\workspace_1.15.1\MyFirstProject\Core\Inc\usb_otg.h
2024-10-09 14:47:48,512 [INFO] CodeEngine:255 - oldGeneratedFile, C:\Users\Grzegorz\STM32CubeIDE\workspace_1.15.1\MyFirstProject\Core\Src\stm32f7xx_it.c_save
2024-10-09 14:47:48,674 [INFO] CodeEngine:279 - Generated code: C:\Users\Grzegorz\STM32CubeIDE\workspace_1.15.1\MyFirstProject\Core\Src\stm32f7xx_it.c
2024-10-09 14:47:48,699 [INFO] CodeEngine:255 - oldGeneratedFile, C:\Users\Grzegorz\STM32CubeIDE\workspace_1.15.1\MyFirstProject\Core\Inc\stm32f7xx_it.h_save
2024-10-09 14:47:48,783 [INFO] CodeEngine:279 - Generated code: C:\Users\Grzegorz\STM32CubeIDE\workspace_1.15.1\MyFirstProject\Core\Inc\stm32f7xx_it.h
2024-10-09 14:47:48,816 [INFO] CodeEngine:255 - oldGeneratedFile, C:\Users\Grzegorz\STM32CubeIDE\workspace_1.15.1\MyFirstProject\Core\Src\stm32f7xx_hal_msp.c_save
2024-10-09 14:47:48,928 [INFO] CodeEngine:279 - Generated code: C:\Users\Grzegorz\STM32CubeIDE\workspace_1.15.1\MyFirstProject\Core\Src\stm32f7xx_hal_msp.c
2024-10-09 14:47:48,940 [INFO] CodeEngine:255 - oldGeneratedFile, C:\Users\Grzegorz\STM32CubeIDE\workspace_1.15.1\MyFirstProject\MXTmpFiles\system.tmp_save
2024-10-09 14:47:49,004 [INFO] CodeEngine:279 - Generated code: C:\Users\Grzegorz\STM32CubeIDE\workspace_1.15.1\MyFirstProject\MXTmpFiles\system.tmp
2024-10-09 14:47:49,030 [INFO] CodeEngine:311 - oldGeneratedFile, C:\Users\Grzegorz\STM32CubeIDE\workspace_1.15.1\MyFirstProject\Core\Inc\stm32f7xx_hal_conf.h_save
2024-10-09 14:47:49,113 [INFO] CodeEngine:335 - Generated code: C:\Users\Grzegorz\STM32CubeIDE\workspace_1.15.1\MyFirstProject\Core\Inc\stm32f7xx_hal_conf.h
2024-10-09 14:47:49,175 [INFO] CodeEngine:255 - oldGeneratedFile, C:\Users\Grzegorz\STM32CubeIDE\workspace_1.15.1\MyFirstProject\Core\Inc\main.h_save
2024-10-09 14:47:49,283 [INFO] CodeEngine:279 - Generated code: C:\Users\Grzegorz\STM32CubeIDE\workspace_1.15.1\MyFirstProject\Core\Inc\main.h
2024-10-09 14:47:49,309 [INFO] CodeEngine:255 - oldGeneratedFile, C:\Users\Grzegorz\STM32CubeIDE\workspace_1.15.1\MyFirstProject\Core\Src\main.c_save
2024-10-09 14:47:49,424 [INFO] CodeEngine:279 - Generated code: C:\Users\Grzegorz\STM32CubeIDE\workspace_1.15.1\MyFirstProject\Core\Src\main.c
2024-10-09 14:47:49,746 [INFO] ProjectBuilder:3249 - Time for Copy HAL[1] : 182mS.
2024-10-09 14:47:49,750 [INFO] ProjectBuilder:4828 - Project Generator version: 4.5.0-B34
2024-10-09 14:47:49,827 [INFO] ConfigFileManager:1531 - The Die is : DIE449
2024-10-09 14:47:49,838 [INFO] ApiDbMcu:508 - Load IP Config File for FATFS
2024-10-09 14:47:49,851 [INFO] ApiDbMcu:508 - Load IP Config File for FREERTOS
2024-10-09 14:47:49,862 [INFO] ApiDbMcu:508 - Load IP Config File for LIBJPEG
2024-10-09 14:47:49,877 [INFO] ApiDbMcu:508 - Load IP Config File for LWIP
2024-10-09 14:47:49,892 [INFO] ApiDbMcu:508 - Load IP Config File for MBEDTLS
2024-10-09 14:47:49,908 [INFO] ApiDbMcu:508 - Load IP Config File for USB_DEVICE
2024-10-09 14:47:49,920 [INFO] ApiDbMcu:508 - Load IP Config File for USB_HOST
2024-10-09 14:47:51,424 [INFO] ProjectBuilder:5097 - Time for Generating toolchain IDE Files: 1674mS.
2024-10-09 14:47:51,425 [INFO] ProjectBuilder:3107 - Time for Copy CMSIS : 1mS.
2024-10-09 14:47:51,429 [INFO] ProjectBuilder:3107 - Time for Copy CMSIS : 0mS.
2024-10-09 18:03:03,471 [INFO] WebApp:189 - Connection lost
2024-10-09 18:03:14,518 [INFO] WebApp:186 - Connection restablished
