2024-11-16 01:19:50,620 [INFO] MainUpdater:2873 - connection check result : 10
2024-11-16 01:19:50,632 [INFO] MainUpdater:2873 - connection check result : 10
2024-11-16 01:19:50,683 [INFO] MicroXplorer:468 - Change Database Path : 
2024-11-16 01:19:50,683 [INFO] MicroXplorer:498 - Change Database Version : DB.6.0.121
2024-11-16 01:19:50,719 [ERROR] ProjectManagerView:394 - 
java.lang.NullPointerException: Cannot invoke "javax.swing.JTextField.getText()" because the return value of "java.util.List.get(int)" is null
	at com.st.microxplorer.plugins.projectmanager.gui.ProjectChoiceTab$10.caretUpdate(ProjectChoiceTab.java:2622) ~[filemanager.jar:?]
	at javax.swing.text.JTextComponent.fireCaretUpdate(JTextComponent.java:412) ~[?:?]
	at javax.swing.text.JTextComponent$MutableCaretEvent.fire(JTextComponent.java:4491) ~[?:?]
	at javax.swing.text.JTextComponent$MutableCaretEvent.stateChanged(JTextComponent.java:4513) ~[?:?]
	at javax.swing.text.DefaultCaret.fireStateChanged(DefaultCaret.java:842) ~[?:?]
	at javax.swing.text.DefaultCaret.changeCaretPosition(DefaultCaret.java:1313) ~[?:?]
	at javax.swing.text.DefaultCaret.handleSetDot(DefaultCaret.java:1212) ~[?:?]
	at javax.swing.text.DefaultCaret.setDot(DefaultCaret.java:1193) ~[?:?]
	at javax.swing.text.DefaultCaret$Handler.insertUpdate(DefaultCaret.java:1789) ~[?:?]
	at javax.swing.text.AbstractDocument.fireInsertUpdate(AbstractDocument.java:226) ~[?:?]
	at javax.swing.text.AbstractDocument.handleInsertString(AbstractDocument.java:780) ~[?:?]
	at javax.swing.text.AbstractDocument.insertString(AbstractDocument.java:739) ~[?:?]
	at javax.swing.text.PlainDocument.insertString(PlainDocument.java:131) ~[?:?]
	at javax.swing.text.AbstractDocument.replace(AbstractDocument.java:698) ~[?:?]
	at javax.swing.text.JTextComponent.setText(JTextComponent.java:1729) ~[?:?]
	at com.st.microxplorer.plugins.projectmanager.gui.ProjectChoiceTab.createHeapStackFields(ProjectChoiceTab.java:972) ~[filemanager.jar:?]
	at com.st.microxplorer.plugins.projectmanager.gui.ProjectChoiceTab.buildLinkSettingsPanel(ProjectChoiceTab.java:3597) ~[filemanager.jar:?]
	at com.st.microxplorer.plugins.projectmanager.gui.ProjectChoiceTab.defineWindowsFields(ProjectChoiceTab.java:1940) ~[filemanager.jar:?]
	at com.st.microxplorer.plugins.projectmanager.gui.ProjectChoiceTab.updateSettings(ProjectChoiceTab.java:550) ~[filemanager.jar:?]
	at com.st.microxplorer.plugins.projectmanager.gui.ProjectSettingsPanel.UpdateDialog(ProjectSettingsPanel.java:245) ~[filemanager.jar:?]
	at com.st.microxplorer.plugins.projectmanager.ProjectManagerView.propertyChange(ProjectManagerView.java:391) ~[filemanager.jar:?]
	at java.beans.PropertyChangeSupport.fire(PropertyChangeSupport.java:343) ~[?:?]
	at java.beans.PropertyChangeSupport.firePropertyChange(PropertyChangeSupport.java:335) ~[?:?]
	at java.beans.PropertyChangeSupport.firePropertyChange(PropertyChangeSupport.java:268) ~[?:?]
	at com.st.microxplorer.util.MXPropertyChangeSupport.firePropertyChange(MXPropertyChangeSupport.java:54) ~[STM32CubeMX.jar:?]
	at com.st.microxplorer.mxsystem.MxSystem.closeConfig(MxSystem.java:900) ~[STM32CubeMX.jar:?]
	at com.st.microxplorer.maingui.MainPanel.closeConfig(MainPanel.java:781) ~[STM32CubeMX.jar:?]
	at com.st.microxplorer.plugins.filemanager.engine.OpenFileManager.loadConfigurationFile(OpenFileManager.java:265) ~[filemanager.jar:?]
	at com.st.microxplorer.plugins.filemanager.engine.MainFileManager.userLoadConfig(MainFileManager.java:352) ~[filemanager.jar:?]
	at com.st.microxplorer.plugins.filemanager.engine.MainFileManager.userLoadConfig(MainFileManager.java:330) ~[filemanager.jar:?]
	at com.st.microxplorer.plugins.filemanager.FileManagerView.getSpecificTask(FileManagerView.java:246) ~[filemanager.jar:?]
	at com.st.stm32cube.common.mx.editor.CubeMxEditor.getMxTabbedPaneInstance(CubeMxEditor.java:1198) ~[com.st.stm32cube.common.mx_6.12.1.202409122256/:?]
	at com.st.stm32cube.common.mx.editor.CubeMxEditor$12$1.createSwingComponent(CubeMxEditor.java:1068) ~[com.st.stm32cube.common.mx_6.12.1.202409122256/:?]
	at com.st.stm32cube.common.mx.oss.core.awtswtbridge.EmbeddedSwingComposite.doComponentCreation(EmbeddedSwingComposite.java:492) ~[com.st.stm32cube.common.mx.oss_6.12.1.202409122256/:?]
	at com.st.stm32cube.common.mx.oss.core.awtswtbridge.EmbeddedSwingComposite$4.run(EmbeddedSwingComposite.java:291) ~[com.st.stm32cube.common.mx.oss_6.12.1.202409122256/:?]
	at com.st.stm32cube.common.mx.oss.core.awtswtbridge.AwtEnvironment$2.run(AwtEnvironment.java:166) ~[com.st.stm32cube.common.mx.oss_6.12.1.202409122256/:?]
	at java.awt.event.InvocationEvent.dispatch(InvocationEvent.java:318) ~[?:?]
	at java.awt.EventQueue.dispatchEventImpl(EventQueue.java:773) ~[?:?]
	at java.awt.EventQueue$4.run(EventQueue.java:720) ~[?:?]
	at java.awt.EventQueue$4.run(EventQueue.java:714) ~[?:?]
	at java.security.AccessController.doPrivileged(AccessController.java:399) ~[?:?]
	at java.security.ProtectionDomain$JavaSecurityAccessImpl.doIntersectionPrivilege(ProtectionDomain.java:86) ~[?:?]
	at java.awt.EventQueue.dispatchEvent(EventQueue.java:742) ~[?:?]
	at java.awt.EventDispatchThread.pumpOneEventForFilters(EventDispatchThread.java:203) ~[?:?]
	at java.awt.EventDispatchThread.pumpEventsForFilter(EventDispatchThread.java:124) ~[?:?]
	at java.awt.EventDispatchThread.pumpEventsForHierarchy(EventDispatchThread.java:113) ~[?:?]
	at java.awt.EventDispatchThread.pumpEvents(EventDispatchThread.java:109) ~[?:?]
	at java.awt.EventDispatchThread.pumpEvents(EventDispatchThread.java:101) ~[?:?]
	at java.awt.EventDispatchThread.run(EventDispatchThread.java:90) ~[?:?]
2024-11-16 01:19:50,726 [WARN] ThirdParty:871 - waiting for thirdparty lock release [close project]
2024-11-16 01:19:50,726 [INFO] ThirdParty:873 - entering critical section [close project]
2024-11-16 01:19:50,726 [INFO] ThirdParty:883 - exiting critical section [close project]
2024-11-16 01:19:50,731 [INFO] PinOutPanel:1561 - setPackage(No Configuration,No Configuration)
2024-11-16 01:19:50,743 [WARN] IpParametersView:151 - Warning: This peripheral hasn't parameters
2024-11-16 01:19:50,751 [WARN] MainPanel:284 - <html><b><center>Warning: This peripheral has no parameters to be configured<br></b></html>
2024-11-16 01:19:50,762 [INFO] UtilMem:75 - Begin LoadConfig() Used Memory: 297862744 Bytes (678428672)
2024-11-16 01:19:50,764 [INFO] MicroXplorer:468 - Change Database Path : 
2024-11-16 01:19:50,764 [INFO] MicroXplorer:498 - Change Database Version : DB.6.0.121
2024-11-16 01:19:50,764 [INFO] OpenFileManager:332 - Change cursor
2024-11-16 01:19:50,797 [INFO] Mcu:2032 - Initializing MCU STM32F746ZGTx STM32F746ZGTx STM32F746ZGT6
2024-11-16 01:19:53,338 [INFO] Context:742 - Trying to add GPIOservice into a context  which must be forbidden
2024-11-16 01:19:53,871 [INFO] RtosManager:555 - Registered RTOS mode: class=CMSIS, group=RTOS, mode=CMSIS_V1, owner=FREERTOS
2024-11-16 01:19:53,871 [INFO] RtosManager:555 - Registered RTOS mode: class=CMSIS, group=RTOS2, mode=CMSIS_V2, owner=FREERTOS
2024-11-16 01:19:53,871 [INFO] RtosManager:555 - Registered RTOS mode: class=RTOS, group=Core, mode=CMSIS_V1, owner=FREERTOS
2024-11-16 01:19:53,871 [INFO] RtosManager:555 - Registered RTOS mode: class=RTOS, group=Core, mode=CMSIS_V2, owner=FREERTOS
2024-11-16 01:19:53,871 [WARN] ModelIntegratedComponent:184 - Missing modes for component STMicroelectronics:FreeRTOS:0.0.1:STMicroelectronics:RTOS:FreeRTOS:Core:::10.2.0:
2024-11-16 01:19:53,876 [WARN] ModelIntegratedComponent:63 - No mode defined for component null
2024-11-16 01:19:53,876 [WARN] ModelIntegratedComponent:63 - No mode defined for component null
2024-11-16 01:19:53,876 [WARN] ModelIntegratedComponent:63 - No mode defined for component null
2024-11-16 01:19:53,876 [WARN] ModelIntegratedComponent:63 - No mode defined for component null
2024-11-16 01:19:53,876 [WARN] ModelIntegratedComponent:63 - No mode defined for component null
2024-11-16 01:19:53,876 [WARN] ModelIntegratedComponent:63 - No mode defined for component null
2024-11-16 01:19:53,876 [WARN] ModelIntegratedComponent:63 - No mode defined for component null
2024-11-16 01:19:53,877 [WARN] ModelIntegratedComponent:63 - No mode defined for component null
2024-11-16 01:19:53,877 [WARN] ModelIntegratedComponent:63 - No mode defined for component null
2024-11-16 01:19:53,877 [WARN] ModelIntegratedComponent:63 - No mode defined for component null
2024-11-16 01:19:53,877 [WARN] ModelIntegratedComponent:63 - No mode defined for component null
2024-11-16 01:19:53,877 [WARN] ModelIntegratedComponent:63 - No mode defined for component null
2024-11-16 01:19:53,877 [WARN] ModelIntegratedComponent:63 - No mode defined for component null
2024-11-16 01:19:53,877 [WARN] ModelIntegratedComponent:63 - No mode defined for component null
2024-11-16 01:19:53,877 [WARN] ModelIntegratedComponent:63 - No mode defined for component null
2024-11-16 01:19:53,877 [WARN] ModelIntegratedComponent:63 - No mode defined for component null
2024-11-16 01:19:53,877 [WARN] ModelIntegratedComponent:63 - No mode defined for component null
2024-11-16 01:19:53,877 [WARN] ModelIntegratedComponent:63 - No mode defined for component null
2024-11-16 01:19:53,877 [WARN] ModelIntegratedComponent:63 - No mode defined for component null
2024-11-16 01:19:53,877 [WARN] ModelIntegratedComponent:63 - No mode defined for component null
2024-11-16 01:19:53,877 [WARN] ModelIntegratedComponent:63 - No mode defined for component null
2024-11-16 01:19:53,877 [WARN] ModelIntegratedComponent:63 - No mode defined for component null
2024-11-16 01:19:53,877 [WARN] ModelIntegratedComponent:63 - No mode defined for component null
2024-11-16 01:19:53,877 [WARN] ModelIntegratedComponent:63 - No mode defined for component null
2024-11-16 01:19:53,877 [WARN] ModelIntegratedComponent:63 - No mode defined for component null
2024-11-16 01:19:53,877 [WARN] ModelIntegratedComponent:63 - No mode defined for component null
2024-11-16 01:19:53,877 [WARN] ModelIntegratedComponent:63 - No mode defined for component null
2024-11-16 01:19:53,877 [WARN] ModelIntegratedComponent:63 - No mode defined for component null
2024-11-16 01:19:53,877 [WARN] ModelIntegratedComponent:63 - No mode defined for component null
2024-11-16 01:19:53,877 [WARN] ModelIntegratedComponent:63 - No mode defined for component null
2024-11-16 01:19:53,877 [WARN] ModelIntegratedComponent:63 - No mode defined for component null
2024-11-16 01:19:53,877 [WARN] ModelIntegratedComponent:63 - No mode defined for component null
2024-11-16 01:19:53,877 [WARN] ModelIntegratedComponent:63 - No mode defined for component null
2024-11-16 01:19:53,877 [WARN] ModelIntegratedComponent:63 - No mode defined for component null
2024-11-16 01:19:53,877 [WARN] ModelIntegratedComponent:63 - No mode defined for component null
2024-11-16 01:19:53,877 [WARN] ModelPack:524 - Component already loaded: STMicroelectronics:HAL Drivers:0.0.0:STMicroelectronics:Device:STMicro_Driver:XSPI:HAL::0.0.1:HAL_XSPI
2024-11-16 01:19:53,925 [INFO] ThirdPartyModel:298 - Start build external matchings
2024-11-16 01:19:54,101 [INFO] ThirdPartyModel:316 - End build external matchings
2024-11-16 01:19:54,108 [INFO] ImportTextPane:205 - (OptionalMessage_ERROR) IP (RCC) : Invalid parameter (48MHZClocksFreq_Value)
2024-11-16 01:19:54,108 [INFO] ImportTextPane:205 - (OptionalMessage_ERROR) IP (RCC) : Invalid parameter (ADC12outputFreq_Value)
2024-11-16 01:19:54,108 [INFO] ImportTextPane:205 - (OptionalMessage_ERROR) IP (RCC) : Invalid parameter (ADC34outputFreq_Value)
2024-11-16 01:19:54,108 [INFO] ImportTextPane:205 - (OptionalMessage_ERROR) IP (RCC) : Invalid parameter (FamilyName)
2024-11-16 01:19:54,108 [INFO] ImportTextPane:205 - (OptionalMessage_ERROR) IP (RCC) : Invalid parameter (I2SClocksFreq_Value)
2024-11-16 01:19:54,108 [INFO] ImportTextPane:205 - (OptionalMessage_ERROR) IP (RCC) : Parameter (LCDTFToutputFreq_Value) has invalid value (96000000)
2024-11-16 01:19:54,108 [INFO] ImportTextPane:205 - (OptionalMessage_ERROR) IP (RCC) : Invalid parameter (MCOFreq_Value)
2024-11-16 01:19:54,109 [INFO] ImportTextPane:205 - (OptionalMessage_ERROR) IP (RCC) : Invalid parameter (PLLMCOFreq_Value)
2024-11-16 01:19:54,109 [INFO] ImportTextPane:205 - (OptionalMessage_ERROR) IP (RCC) : Invalid parameter (PLLMUL)
2024-11-16 01:19:54,109 [INFO] ImportTextPane:205 - (OptionalMessage_ERROR) IP (RCC) : Invalid parameter (PRESCALERUSB)
2024-11-16 01:19:54,109 [INFO] ImportTextPane:205 - (OptionalMessage_ERROR) IP (RCC) : Parameter (RNGFreq_Value) has invalid value (144000000)
2024-11-16 01:19:54,109 [INFO] ImportTextPane:205 - (OptionalMessage_ERROR) IP (RCC) : Invalid parameter (RTCHSEDivFreq_Value)
2024-11-16 01:19:54,109 [INFO] ImportTextPane:205 - (OptionalMessage_ERROR) IP (RCC) : Parameter (SDMMCFreq_Value) has invalid value (216000000)
2024-11-16 01:19:54,109 [INFO] ImportTextPane:205 - (OptionalMessage_ERROR) IP (RCC) : Invalid parameter (SYSCLKSourceVirtual)
2024-11-16 01:19:54,109 [INFO] ImportTextPane:205 - (OptionalMessage_ERROR) IP (RCC) : Invalid parameter (TIM15Freq_Value)
2024-11-16 01:19:54,109 [INFO] ImportTextPane:205 - (OptionalMessage_ERROR) IP (RCC) : Invalid parameter (TIM16Freq_Value)
2024-11-16 01:19:54,109 [INFO] ImportTextPane:205 - (OptionalMessage_ERROR) IP (RCC) : Invalid parameter (TIM17Freq_Value)
2024-11-16 01:19:54,109 [INFO] ImportTextPane:205 - (OptionalMessage_ERROR) IP (RCC) : Invalid parameter (TIM1Freq_Value)
2024-11-16 01:19:54,109 [INFO] ImportTextPane:205 - (OptionalMessage_ERROR) IP (RCC) : Invalid parameter (TIM20Freq_Value)
2024-11-16 01:19:54,109 [INFO] ImportTextPane:205 - (OptionalMessage_ERROR) IP (RCC) : Invalid parameter (TIM2Freq_Value)
2024-11-16 01:19:54,109 [INFO] ImportTextPane:205 - (OptionalMessage_ERROR) IP (RCC) : Invalid parameter (TIM3Freq_Value)
2024-11-16 01:19:54,109 [INFO] ImportTextPane:205 - (OptionalMessage_ERROR) IP (RCC) : Invalid parameter (TIM8Freq_Value)
2024-11-16 01:19:54,109 [INFO] ImportTextPane:205 - (OptionalMessage_ERROR) IP (RCC) : Parameter (USBFreq_Value) has invalid value (144000000)
2024-11-16 01:19:54,109 [INFO] ImportTextPane:205 - (OptionalMessage_ERROR) IP (RCC) : Invalid parameter (VCOOutput2Freq_Value)
2024-11-16 01:19:54,109 [INFO] ImportTextPane:205 - (OptionalMessage_ERROR) IP (RCC) : Invalid parameter (VcooutputI2S)
2024-11-16 01:19:54,455 [INFO] UtilMem:75 - End LoadConfig() Used Memory: 409182560 Bytes (818937856)
2024-11-16 01:19:54,511 [WARN] ThirdParty:833 - waiting for thirdparty lock release [change project]
2024-11-16 01:19:54,511 [INFO] ThirdParty:835 - entering critical section [change project]
2024-11-16 01:19:54,511 [INFO] ThirdParty:1030 - CMSIS Pack Vendor :STMicroelectronics USBPD 4.1
2024-11-16 01:19:54,511 [INFO] ThirdParty:1030 - CMSIS Pack Vendor :STMicroelectronics X-CUBE-AZRTOS-H7 3.3.0
2024-11-16 01:19:54,511 [INFO] ThirdParty:1030 - CMSIS Pack Vendor :STMicroelectronics X-CUBE-GNSS1 6.0.0
2024-11-16 01:19:54,511 [INFO] ThirdParty:1030 - CMSIS Pack Vendor :STMicroelectronics USB_HOST 2.0.0
2024-11-16 01:19:54,511 [INFO] ThirdParty:1030 - CMSIS Pack Vendor :STMicroelectronics FP-SNS-MOTENVWB1 1.4.0
2024-11-16 01:19:54,511 [INFO] ThirdParty:1030 - CMSIS Pack Vendor :STMicroelectronics X-CUBE-AZRTOS-F4 1.1.0
2024-11-16 01:19:54,511 [INFO] ThirdParty:1030 - CMSIS Pack Vendor :STMicroelectronics LIBJPEG 8.0.0
2024-11-16 01:19:54,512 [INFO] ThirdParty:1030 - CMSIS Pack Vendor :STMicroelectronics FP-ATR-ASTRA1 2.0.1
2024-11-16 01:19:54,512 [INFO] ThirdParty:1030 - CMSIS Pack Vendor :STMicroelectronics X-CUBE-SMBUS 2.1.0
2024-11-16 01:19:54,512 [INFO] ThirdParty:1030 - CMSIS Pack Vendor :STMicroelectronics X-CUBE-WB05N 1.1.0
2024-11-16 01:19:54,512 [INFO] ThirdParty:1030 - CMSIS Pack Vendor :STMicroelectronics USB_DEVICE 3.0.0
2024-11-16 01:19:54,512 [INFO] ThirdParty:1030 - CMSIS Pack Vendor :STMicroelectronics X-CUBE-TCPP 4.1.0
2024-11-16 01:19:54,512 [INFO] ThirdParty:1030 - CMSIS Pack Vendor :STMicroelectronics X-CUBE-FREERTOS 1.2.0
2024-11-16 01:19:54,512 [INFO] ThirdParty:1030 - CMSIS Pack Vendor :STMicroelectronics X-CUBE-AZRTOS-WB 2.0.0
2024-11-16 01:19:54,512 [INFO] ThirdParty:1030 - CMSIS Pack Vendor :STMicroelectronics X-CUBE-TOUCHGFX 4.23.2
2024-11-16 01:19:54,512 [INFO] ThirdParty:1030 - CMSIS Pack Vendor :STMicroelectronics X-CUBE-AZRTOS-F7 1.1.0
2024-11-16 01:19:54,512 [INFO] ThirdParty:1030 - CMSIS Pack Vendor :STMicroelectronics X-CUBE-AZRTOS-L5 2.0.0
2024-11-16 01:19:54,512 [INFO] ThirdParty:1030 - CMSIS Pack Vendor :STMicroelectronics USB_DEVICE 2.0.0
2024-11-16 01:19:54,512 [INFO] ThirdParty:1030 - CMSIS Pack Vendor :STMicroelectronics X-CUBE-NFC6 3.1.0
2024-11-16 01:19:54,512 [INFO] ThirdParty:1030 - CMSIS Pack Vendor :STMicroelectronics X-CUBE-ALGOBUILD 1.3.0
2024-11-16 01:19:54,512 [INFO] ThirdParty:1030 - CMSIS Pack Vendor :STMicroelectronics FreeRTOS 0.0.1
2024-11-16 01:19:54,512 [INFO] ThirdParty:1030 - CMSIS Pack Vendor :STMicroelectronics X-CUBE-AZRTOS-G0 1.1.0
2024-11-16 01:19:54,512 [INFO] ThirdParty:1030 - CMSIS Pack Vendor :STMicroelectronics X-CUBE-SAFEA1 1.2.2
2024-11-16 01:19:54,512 [INFO] ThirdParty:1030 - CMSIS Pack Vendor :STMicroelectronics X-CUBE-NFC4 3.0.0
2024-11-16 01:19:54,512 [INFO] ThirdParty:1030 - CMSIS Pack Vendor :STMicroelectronics X-CUBE-SUBG2 5.0.0
2024-11-16 01:19:54,512 [INFO] ThirdParty:1030 - CMSIS Pack Vendor :STMicroelectronics STM32_WPAN 1.0.0
2024-11-16 01:19:54,512 [INFO] ThirdParty:1030 - CMSIS Pack Vendor :EmbeddedOffice I-CUBE-FS-RTOS 1.0.1
2024-11-16 01:19:54,512 [INFO] ThirdParty:1030 - CMSIS Pack Vendor :STMicroelectronics lwIP 2.0.3
2024-11-16 01:19:54,512 [INFO] ThirdParty:1030 - CMSIS Pack Vendor :STMicroelectronics FP-SNS-FLIGHT1 5.0.2
2024-11-16 01:19:54,512 [INFO] ThirdParty:1030 - CMSIS Pack Vendor :STMicroelectronics USB_HOST 1.0.0
2024-11-16 01:19:54,512 [INFO] ThirdParty:1030 - CMSIS Pack Vendor :STMicroelectronics X-CUBE-AI 9.0.0
2024-11-16 01:19:54,512 [INFO] ThirdParty:1030 - CMSIS Pack Vendor :STMicroelectronics X-CUBE-AZRTOS-G4 2.0.0
2024-11-16 01:19:54,512 [INFO] ThirdParty:1030 - CMSIS Pack Vendor :STMicroelectronics PDM2PCM 3.1.0
2024-11-16 01:19:54,512 [INFO] ThirdParty:1030 - CMSIS Pack Vendor :STMicroelectronics PDM2PCM 3.3.0
2024-11-16 01:19:54,512 [INFO] ThirdParty:1030 - CMSIS Pack Vendor :STMicroelectronics X-CUBE-DISPLAY 3.0.0
2024-11-16 01:19:54,512 [INFO] ThirdParty:1030 - CMSIS Pack Vendor :RealThread X-CUBE-RT-Thread_Nano 4.1.1
2024-11-16 01:19:54,512 [INFO] ThirdParty:1030 - CMSIS Pack Vendor :wolfSSL I-CUBE-wolfSSL 5.7.0
2024-11-16 01:19:54,512 [INFO] ThirdParty:1030 - CMSIS Pack Vendor :STMicroelectronics X-CUBE-BLE1 7.0.0
2024-11-16 01:19:54,513 [INFO] ThirdParty:1030 - CMSIS Pack Vendor :STMicroelectronics FP-ATR-SIGFOX1 3.2.0
2024-11-16 01:19:54,513 [INFO] ThirdParty:1030 - CMSIS Pack Vendor :quantropi X-CUBE-qispace-sdk-base 1.9.3
2024-11-16 01:19:54,513 [INFO] ThirdParty:1030 - CMSIS Pack Vendor :STMicroelectronics X-CUBE-ISPU 2.0.0
2024-11-16 01:19:54,513 [INFO] ThirdParty:1030 - CMSIS Pack Vendor :STMicroelectronics X-CUBE-EEPRMA1 5.1.0
2024-11-16 01:19:54,513 [INFO] ThirdParty:1030 - CMSIS Pack Vendor :STMicroelectronics HAL Drivers 0.0.0
2024-11-16 01:19:54,513 [INFO] ThirdParty:1030 - CMSIS Pack Vendor :STMicroelectronics MBEDTLS 2.16.2
2024-11-16 01:19:54,513 [INFO] ThirdParty:1030 - CMSIS Pack Vendor :STMicroelectronics X-CUBE-ALS 1.0.2
2024-11-16 01:19:54,513 [INFO] ThirdParty:1030 - CMSIS Pack Vendor :emotas I-CUBE-CANOPEN 1.3.0
2024-11-16 01:19:54,513 [INFO] ThirdParty:1030 - CMSIS Pack Vendor :STMicroelectronics X-CUBE-MEMS1 10.0.0
2024-11-16 01:19:54,513 [INFO] ThirdParty:1030 - CMSIS Pack Vendor :STMicroelectronics X-CUBE-NFC7 1.0.1
2024-11-16 01:19:54,513 [INFO] ThirdParty:1030 - CMSIS Pack Vendor :STMicroelectronics MBEDTLS 2.14.1
2024-11-16 01:19:54,513 [INFO] ThirdParty:1030 - CMSIS Pack Vendor :ITTIA_DB I-CUBE-ITTIADB 8.9.0
2024-11-16 01:19:54,513 [INFO] ThirdParty:1030 - CMSIS Pack Vendor :STMicroelectronics X-CUBE-TOUCHGFX 4.24.1
2024-11-16 01:19:54,513 [INFO] ThirdParty:1030 - CMSIS Pack Vendor :wolfSSL I-CUBE-wolfTPM 3.4.0
2024-11-16 01:19:54,513 [INFO] ThirdParty:1030 - CMSIS Pack Vendor :portGmbH I-Cube-SoM-uGOAL 1.1.0
2024-11-16 01:19:54,513 [INFO] ThirdParty:1030 - CMSIS Pack Vendor :STMicroelectronics X-CUBE-ALS 1.0.1
2024-11-16 01:19:54,513 [INFO] ThirdParty:1030 - CMSIS Pack Vendor :STMicroelectronics X-CUBE-BLEMGR 3.1.0
2024-11-16 01:19:54,513 [INFO] ThirdParty:1030 - CMSIS Pack Vendor :STMicroelectronics ThreadX 1.0.0
2024-11-16 01:19:54,513 [INFO] ThirdParty:1030 - CMSIS Pack Vendor :STMicroelectronics FP-SNS-SMARTAG2 1.2.0
2024-11-16 01:19:54,513 [INFO] ThirdParty:1030 - CMSIS Pack Vendor :STMicroelectronics X-CUBE-AZRTOS-WL 2.0.0
2024-11-16 01:19:54,513 [INFO] ThirdParty:1030 - CMSIS Pack Vendor :SEGGER I-CUBE-embOS 1.3.1
2024-11-16 01:19:54,514 [INFO] ThirdParty:1030 - CMSIS Pack Vendor :STMicroelectronics X-CUBE-ALGOBUILD 1.4.0
2024-11-16 01:19:54,514 [INFO] ThirdParty:1030 - CMSIS Pack Vendor :STMicroelectronics FP-SNS-MOTENV1 5.0.0
2024-11-16 01:19:54,514 [INFO] ThirdParty:1030 - CMSIS Pack Vendor :STMicroelectronics USB_DEVICE 1.0.0
2024-11-16 01:19:54,514 [INFO] ThirdParty:1030 - CMSIS Pack Vendor :STMicroelectronics X-CUBE-AZRTOS-H7RS 1.0.0
2024-11-16 01:19:54,514 [INFO] ThirdParty:1030 - CMSIS Pack Vendor :wolfSSL I-CUBE-wolfMQTT 1.19.0
2024-11-16 01:19:54,514 [INFO] ThirdParty:1030 - CMSIS Pack Vendor :STMicroelectronics X-CUBE-AZRTOS-L4 2.0.0
2024-11-16 01:19:54,514 [INFO] ThirdParty:1030 - CMSIS Pack Vendor :STMicroelectronics ThreadX 0.0.2
2024-11-16 01:19:54,514 [INFO] ThirdParty:1030 - CMSIS Pack Vendor :WES I-CUBE-Cesium 1.3.0
2024-11-16 01:19:54,514 [INFO] ThirdParty:1030 - CMSIS Pack Vendor :STMicroelectronics FP-ATR-ASTRA1 2.0.0
2024-11-16 01:19:54,514 [INFO] ThirdParty:1030 - CMSIS Pack Vendor :STMicroelectronics lwIP 2.1.2
2024-11-16 01:19:54,514 [INFO] ThirdParty:1030 - CMSIS Pack Vendor :STMicroelectronics X-CUBE-SFXS2LP1 4.0.0
2024-11-16 01:19:54,514 [INFO] ThirdParty:1030 - CMSIS Pack Vendor :STMicroelectronics X-CUBE-BLE2 3.3.0
2024-11-16 01:19:54,514 [INFO] ThirdParty:1030 - CMSIS Pack Vendor :STMicroelectronics X-CUBE-TOF1 3.4.1
2024-11-16 01:19:54,514 [INFO] ThirdParty:1030 - CMSIS Pack Vendor :STMicroelectronics X-CUBE-AZRTOS-H7 3.2.0
2024-11-16 01:19:54,514 [INFO] ThirdParty:1030 - CMSIS Pack Vendor :Infineon AIROC-Wi-Fi-Bluetooth-STM32 1.6.0
2024-11-16 01:19:54,514 [INFO] ThirdParty:1030 - CMSIS Pack Vendor :STMicroelectronics PDM2PCM 3.2.0
2024-11-16 01:19:54,514 [INFO] ThirdParty:1030 - CMSIS Pack Vendor :wolfSSL I-CUBE-wolfSSH 1.4.17
2024-11-16 01:19:54,514 [INFO] ThirdParty:841 - exiting critical section [change project]
2024-11-16 01:19:54,743 [INFO] PinOutPanel:1561 - setPackage(No Configuration,No Configuration)
2024-11-16 01:19:54,745 [INFO] PinOutPanel:1561 - setPackage(STM32F746ZGTx,LQFP144)
2024-11-16 01:19:55,344 [INFO] UtilMem:75 - Before build in PCC Used Memory: 375790432 Bytes (818937856)
2024-11-16 01:19:55,632 [INFO] UtilMem:75 - After build in PCC Used Memory: 424557424 Bytes (818937856)
2024-11-16 01:19:55,652 [INFO] IPUIPlugin:80 - create IPUIPlugin
2024-11-16 01:19:55,652 [INFO] IPUIPlugin:80 - create IPUIPlugin
2024-11-16 01:19:55,652 [INFO] IPUIPlugin:80 - create IPUIPlugin
2024-11-16 01:19:55,653 [INFO] IPUIPlugin:80 - create IPUIPlugin
2024-11-16 01:19:55,653 [INFO] IPUIPlugin:80 - create IPUIPlugin
2024-11-16 01:19:55,653 [INFO] IPUIPlugin:80 - create IPUIPlugin
2024-11-16 01:19:55,653 [INFO] IPUIPlugin:80 - create IPUIPlugin
2024-11-16 01:19:55,653 [INFO] IPUIPlugin:80 - create IPUIPlugin
2024-11-16 01:19:55,653 [INFO] IPUIPlugin:80 - create IPUIPlugin
2024-11-16 01:19:55,653 [INFO] IPUIPlugin:80 - create IPUIPlugin
2024-11-16 01:19:55,653 [INFO] IPUIPlugin:80 - create IPUIPlugin
2024-11-16 01:19:55,654 [INFO] IPUIPlugin:80 - create IPUIPlugin
2024-11-16 01:19:55,654 [INFO] IPUIPlugin:80 - create IPUIPlugin
2024-11-16 01:19:55,654 [INFO] IPUIPlugin:80 - create IPUIPlugin
2024-11-16 01:19:55,654 [INFO] IPUIPlugin:80 - create IPUIPlugin
2024-11-16 01:19:55,654 [INFO] IPUIPlugin:80 - create IPUIPlugin
2024-11-16 01:19:55,654 [INFO] IPUIPlugin:80 - create IPUIPlugin
2024-11-16 01:19:55,654 [INFO] IPUIPlugin:80 - create IPUIPlugin
2024-11-16 01:19:55,654 [INFO] IPUIPlugin:80 - create IPUIPlugin
2024-11-16 01:19:55,654 [INFO] IPUIPlugin:80 - create IPUIPlugin
2024-11-16 01:19:55,654 [INFO] IPUIPlugin:80 - create IPUIPlugin
2024-11-16 01:19:55,655 [INFO] IPUIPlugin:80 - create IPUIPlugin
2024-11-16 01:19:55,655 [INFO] IPUIPlugin:80 - create IPUIPlugin
2024-11-16 01:19:55,655 [INFO] IPUIPlugin:80 - create IPUIPlugin
2024-11-16 01:19:55,655 [INFO] IPUIPlugin:80 - create IPUIPlugin
2024-11-16 01:19:55,655 [INFO] IPUIPlugin:80 - create IPUIPlugin
2024-11-16 01:19:55,655 [INFO] IPUIPlugin:80 - create IPUIPlugin
2024-11-16 01:19:55,655 [INFO] IPUIPlugin:80 - create IPUIPlugin
2024-11-16 01:19:55,655 [INFO] IPUIPlugin:80 - create IPUIPlugin
2024-11-16 01:19:55,655 [INFO] IPUIPlugin:80 - create IPUIPlugin
2024-11-16 01:19:55,655 [INFO] IPUIPlugin:80 - create IPUIPlugin
2024-11-16 01:19:55,655 [INFO] IPUIPlugin:80 - create IPUIPlugin
2024-11-16 01:19:55,656 [INFO] IPUIPlugin:80 - create IPUIPlugin
2024-11-16 01:19:55,656 [INFO] IPUIPlugin:80 - create IPUIPlugin
2024-11-16 01:19:55,656 [INFO] IPUIPlugin:80 - create IPUIPlugin
2024-11-16 01:19:55,656 [INFO] IPUIPlugin:80 - create IPUIPlugin
2024-11-16 01:19:55,656 [INFO] IPUIPlugin:80 - create IPUIPlugin
2024-11-16 01:19:55,656 [INFO] IPUIPlugin:80 - create IPUIPlugin
2024-11-16 01:19:55,657 [INFO] IPUIPlugin:80 - create IPUIPlugin
2024-11-16 01:19:55,657 [INFO] IPUIPlugin:80 - create IPUIPlugin
2024-11-16 01:19:55,657 [INFO] IPUIPlugin:80 - create IPUIPlugin
2024-11-16 01:19:55,657 [INFO] IPUIPlugin:80 - create IPUIPlugin
2024-11-16 01:19:55,657 [INFO] IPUIPlugin:80 - create IPUIPlugin
2024-11-16 01:19:55,658 [INFO] IPUIPlugin:80 - create IPUIPlugin
2024-11-16 01:19:55,658 [INFO] IPUIPlugin:80 - create IPUIPlugin
2024-11-16 01:19:55,658 [INFO] IPUIPlugin:80 - create IPUIPlugin
2024-11-16 01:19:55,658 [INFO] IPUIPlugin:80 - create IPUIPlugin
2024-11-16 01:19:55,658 [INFO] IPUIPlugin:80 - create IPUIPlugin
2024-11-16 01:19:55,658 [INFO] IPUIPlugin:80 - create IPUIPlugin
2024-11-16 01:19:55,658 [INFO] IPUIPlugin:80 - create IPUIPlugin
2024-11-16 01:19:55,659 [INFO] IPUIPlugin:80 - create IPUIPlugin
2024-11-16 01:19:55,659 [INFO] IPUIPlugin:80 - create IPUIPlugin
2024-11-16 01:19:55,659 [INFO] IPUIPlugin:80 - create IPUIPlugin
2024-11-16 01:19:55,659 [INFO] IPUIPlugin:80 - create IPUIPlugin
2024-11-16 01:19:55,659 [INFO] IPUIPlugin:80 - create IPUIPlugin
2024-11-16 01:19:55,659 [INFO] IPUIPlugin:80 - create IPUIPlugin
2024-11-16 01:19:55,659 [INFO] IPUIPlugin:80 - create IPUIPlugin
2024-11-16 01:19:55,660 [INFO] IPUIPlugin:80 - create IPUIPlugin
2024-11-16 01:19:55,660 [INFO] IPUIPlugin:80 - create IPUIPlugin
2024-11-16 01:19:55,660 [INFO] IPUIPlugin:80 - create IPUIPlugin
2024-11-16 01:19:55,660 [INFO] IPUIPlugin:80 - create IPUIPlugin
2024-11-16 01:19:55,660 [INFO] IPUIPlugin:80 - create IPUIPlugin
2024-11-16 01:19:55,661 [INFO] IPUIPlugin:80 - create IPUIPlugin
2024-11-16 01:19:55,661 [INFO] IPUIPlugin:80 - create IPUIPlugin
2024-11-16 01:19:55,661 [INFO] IPUIPlugin:80 - create IPUIPlugin
2024-11-16 01:19:55,661 [INFO] IPUIPlugin:80 - create IPUIPlugin
2024-11-16 01:19:55,662 [INFO] IPUIPlugin:80 - create IPUIPlugin
2024-11-16 01:19:55,662 [INFO] IPUIPlugin:80 - create IPUIPlugin
2024-11-16 01:19:55,662 [INFO] IPUIPlugin:80 - create IPUIPlugin
2024-11-16 01:19:55,662 [INFO] IPUIPlugin:80 - create IPUIPlugin
2024-11-16 01:19:55,663 [INFO] IPUIPlugin:80 - create IPUIPlugin
2024-11-16 01:19:55,663 [INFO] IPUIPlugin:80 - create IPUIPlugin
2024-11-16 01:19:55,664 [INFO] IPUIPlugin:80 - create IPUIPlugin
2024-11-16 01:19:55,664 [INFO] IPUIPlugin:80 - create IPUIPlugin
2024-11-16 01:19:55,679 [INFO] ApiDbMcu:508 - Load IP Config File for PDM2PCM
2024-11-16 01:19:55,751 [INFO] CADModel:165 - CPN selected for project levelSTM32F746ZGT6
2024-11-16 01:19:55,751 [INFO] CADModel:114 - Register for checkConnection events
2024-11-16 01:19:55,804 [INFO] OpenFileManager:363 - Restore cursor
2024-11-16 01:21:27,576 [INFO] NvicIntPanel:101 - NVIC parent = com.st.microxplorer.plugins.ip.nvic.MultiNvicIntPanel[,0,0,667x369,layout=javax.swing.BoxLayout,alignmentX=0.0,alignmentY=0.0,border=,flags=9,maximumSize=,minimumSize=,preferredSize=]
2024-11-16 01:26:03,931 [INFO] MainUpdater:2873 - connection check result : 10
2024-11-16 01:26:03,931 [INFO] MainUpdater:2873 - connection check result : 10
2024-11-16 01:26:03,945 [INFO] MicroXplorer:468 - Change Database Path : 
2024-11-16 01:26:03,945 [INFO] MicroXplorer:498 - Change Database Version : DB.6.0.121
2024-11-16 01:26:03,952 [ERROR] ProjectManagerView:394 - 
java.lang.NullPointerException: Cannot invoke "javax.swing.JTextField.getText()" because the return value of "java.util.List.get(int)" is null
	at com.st.microxplorer.plugins.projectmanager.gui.ProjectChoiceTab$10.caretUpdate(ProjectChoiceTab.java:2622) ~[filemanager.jar:?]
	at javax.swing.text.JTextComponent.fireCaretUpdate(JTextComponent.java:412) ~[?:?]
	at javax.swing.text.JTextComponent$MutableCaretEvent.fire(JTextComponent.java:4491) ~[?:?]
	at javax.swing.text.JTextComponent$MutableCaretEvent.stateChanged(JTextComponent.java:4513) ~[?:?]
	at javax.swing.text.DefaultCaret.fireStateChanged(DefaultCaret.java:842) ~[?:?]
	at javax.swing.text.DefaultCaret.changeCaretPosition(DefaultCaret.java:1313) ~[?:?]
	at javax.swing.text.DefaultCaret.handleSetDot(DefaultCaret.java:1212) ~[?:?]
	at javax.swing.text.DefaultCaret.setDot(DefaultCaret.java:1193) ~[?:?]
	at javax.swing.text.DefaultCaret$Handler.insertUpdate(DefaultCaret.java:1789) ~[?:?]
	at javax.swing.text.AbstractDocument.fireInsertUpdate(AbstractDocument.java:226) ~[?:?]
	at javax.swing.text.AbstractDocument.handleInsertString(AbstractDocument.java:780) ~[?:?]
	at javax.swing.text.AbstractDocument.insertString(AbstractDocument.java:739) ~[?:?]
	at javax.swing.text.PlainDocument.insertString(PlainDocument.java:131) ~[?:?]
	at javax.swing.text.AbstractDocument.replace(AbstractDocument.java:698) ~[?:?]
	at javax.swing.text.JTextComponent.setText(JTextComponent.java:1729) ~[?:?]
	at com.st.microxplorer.plugins.projectmanager.gui.ProjectChoiceTab.createHeapStackFields(ProjectChoiceTab.java:972) ~[filemanager.jar:?]
	at com.st.microxplorer.plugins.projectmanager.gui.ProjectChoiceTab.buildLinkSettingsPanel(ProjectChoiceTab.java:3597) ~[filemanager.jar:?]
	at com.st.microxplorer.plugins.projectmanager.gui.ProjectChoiceTab.defineWindowsFields(ProjectChoiceTab.java:1940) ~[filemanager.jar:?]
	at com.st.microxplorer.plugins.projectmanager.gui.ProjectChoiceTab.updateSettings(ProjectChoiceTab.java:550) ~[filemanager.jar:?]
	at com.st.microxplorer.plugins.projectmanager.gui.ProjectSettingsPanel.UpdateDialog(ProjectSettingsPanel.java:245) ~[filemanager.jar:?]
	at com.st.microxplorer.plugins.projectmanager.ProjectManagerView.propertyChange(ProjectManagerView.java:391) ~[filemanager.jar:?]
	at java.beans.PropertyChangeSupport.fire(PropertyChangeSupport.java:343) ~[?:?]
	at java.beans.PropertyChangeSupport.firePropertyChange(PropertyChangeSupport.java:335) ~[?:?]
	at java.beans.PropertyChangeSupport.firePropertyChange(PropertyChangeSupport.java:268) ~[?:?]
	at com.st.microxplorer.util.MXPropertyChangeSupport.firePropertyChange(MXPropertyChangeSupport.java:54) ~[STM32CubeMX.jar:?]
	at com.st.microxplorer.mxsystem.MxSystem.closeConfig(MxSystem.java:900) ~[STM32CubeMX.jar:?]
	at com.st.microxplorer.maingui.MainPanel.closeConfig(MainPanel.java:781) ~[STM32CubeMX.jar:?]
	at com.st.microxplorer.plugins.filemanager.engine.OpenFileManager.loadConfigurationFile(OpenFileManager.java:265) ~[filemanager.jar:?]
	at com.st.microxplorer.plugins.filemanager.engine.MainFileManager.userLoadConfig(MainFileManager.java:352) ~[filemanager.jar:?]
	at com.st.microxplorer.plugins.filemanager.engine.MainFileManager.userLoadConfig(MainFileManager.java:330) ~[filemanager.jar:?]
	at com.st.microxplorer.plugins.filemanager.FileManagerView.getSpecificTask(FileManagerView.java:246) ~[filemanager.jar:?]
	at com.st.stm32cube.common.mx.editor.CubeMxEditor.getMxTabbedPaneInstance(CubeMxEditor.java:1198) ~[com.st.stm32cube.common.mx_6.12.1.202409122256/:?]
	at com.st.stm32cube.common.mx.editor.CubeMxEditor$12$1.createSwingComponent(CubeMxEditor.java:1068) ~[com.st.stm32cube.common.mx_6.12.1.202409122256/:?]
	at com.st.stm32cube.common.mx.oss.core.awtswtbridge.EmbeddedSwingComposite.doComponentCreation(EmbeddedSwingComposite.java:492) ~[com.st.stm32cube.common.mx.oss_6.12.1.202409122256/:?]
	at com.st.stm32cube.common.mx.oss.core.awtswtbridge.EmbeddedSwingComposite$4.run(EmbeddedSwingComposite.java:291) ~[com.st.stm32cube.common.mx.oss_6.12.1.202409122256/:?]
	at com.st.stm32cube.common.mx.oss.core.awtswtbridge.AwtEnvironment$2.run(AwtEnvironment.java:166) ~[com.st.stm32cube.common.mx.oss_6.12.1.202409122256/:?]
	at java.awt.event.InvocationEvent.dispatch(InvocationEvent.java:318) ~[?:?]
	at java.awt.EventQueue.dispatchEventImpl(EventQueue.java:773) ~[?:?]
	at java.awt.EventQueue$4.run(EventQueue.java:720) ~[?:?]
	at java.awt.EventQueue$4.run(EventQueue.java:714) ~[?:?]
	at java.security.AccessController.doPrivileged(AccessController.java:399) ~[?:?]
	at java.security.ProtectionDomain$JavaSecurityAccessImpl.doIntersectionPrivilege(ProtectionDomain.java:86) ~[?:?]
	at java.awt.EventQueue.dispatchEvent(EventQueue.java:742) ~[?:?]
	at java.awt.EventDispatchThread.pumpOneEventForFilters(EventDispatchThread.java:203) ~[?:?]
	at java.awt.EventDispatchThread.pumpEventsForFilter(EventDispatchThread.java:124) ~[?:?]
	at java.awt.EventDispatchThread.pumpEventsForHierarchy(EventDispatchThread.java:113) ~[?:?]
	at java.awt.EventDispatchThread.pumpEvents(EventDispatchThread.java:109) ~[?:?]
	at java.awt.EventDispatchThread.pumpEvents(EventDispatchThread.java:101) ~[?:?]
	at java.awt.EventDispatchThread.run(EventDispatchThread.java:90) ~[?:?]
2024-11-16 01:26:03,953 [WARN] ThirdParty:871 - waiting for thirdparty lock release [close project]
2024-11-16 01:26:03,953 [INFO] ThirdParty:873 - entering critical section [close project]
2024-11-16 01:26:03,953 [INFO] ThirdParty:883 - exiting critical section [close project]
2024-11-16 01:26:03,955 [INFO] PinOutPanel:1561 - setPackage(No Configuration,No Configuration)
2024-11-16 01:26:03,959 [WARN] IpParametersView:151 - Warning: This peripheral hasn't parameters
2024-11-16 01:26:03,964 [WARN] MainPanel:284 - <html><b><center>Warning: This peripheral has no parameters to be configured<br></b></html>
2024-11-16 01:26:03,967 [INFO] UtilMem:75 - Begin LoadConfig() Used Memory: 564685264 Bytes (844103680)
2024-11-16 01:26:03,969 [INFO] MicroXplorer:468 - Change Database Path : 
2024-11-16 01:26:03,969 [INFO] MicroXplorer:498 - Change Database Version : DB.6.0.121
2024-11-16 01:26:03,969 [INFO] OpenFileManager:332 - Change cursor
2024-11-16 01:26:03,983 [INFO] Mcu:2032 - Initializing MCU STM32F746ZGTx STM32F746ZGTx STM32F746ZGT6
2024-11-16 01:26:05,320 [INFO] Context:742 - Trying to add GPIOservice into a context  which must be forbidden
2024-11-16 01:26:05,632 [INFO] RtosManager:555 - Registered RTOS mode: class=CMSIS, group=RTOS, mode=CMSIS_V1, owner=FREERTOS
2024-11-16 01:26:05,632 [INFO] RtosManager:555 - Registered RTOS mode: class=CMSIS, group=RTOS2, mode=CMSIS_V2, owner=FREERTOS
2024-11-16 01:26:05,632 [INFO] RtosManager:555 - Registered RTOS mode: class=RTOS, group=Core, mode=CMSIS_V1, owner=FREERTOS
2024-11-16 01:26:05,632 [INFO] RtosManager:555 - Registered RTOS mode: class=RTOS, group=Core, mode=CMSIS_V2, owner=FREERTOS
2024-11-16 01:26:05,632 [WARN] ModelIntegratedComponent:184 - Missing modes for component STMicroelectronics:FreeRTOS:0.0.1:STMicroelectronics:RTOS:FreeRTOS:Core:::10.2.0:
2024-11-16 01:26:05,636 [WARN] ModelIntegratedComponent:63 - No mode defined for component null
2024-11-16 01:26:05,636 [WARN] ModelIntegratedComponent:63 - No mode defined for component null
2024-11-16 01:26:05,636 [WARN] ModelIntegratedComponent:63 - No mode defined for component null
2024-11-16 01:26:05,636 [WARN] ModelIntegratedComponent:63 - No mode defined for component null
2024-11-16 01:26:05,636 [WARN] ModelIntegratedComponent:63 - No mode defined for component null
2024-11-16 01:26:05,636 [WARN] ModelIntegratedComponent:63 - No mode defined for component null
2024-11-16 01:26:05,636 [WARN] ModelIntegratedComponent:63 - No mode defined for component null
2024-11-16 01:26:05,636 [WARN] ModelIntegratedComponent:63 - No mode defined for component null
2024-11-16 01:26:05,636 [WARN] ModelIntegratedComponent:63 - No mode defined for component null
2024-11-16 01:26:05,636 [WARN] ModelIntegratedComponent:63 - No mode defined for component null
2024-11-16 01:26:05,636 [WARN] ModelIntegratedComponent:63 - No mode defined for component null
2024-11-16 01:26:05,636 [WARN] ModelIntegratedComponent:63 - No mode defined for component null
2024-11-16 01:26:05,636 [WARN] ModelIntegratedComponent:63 - No mode defined for component null
2024-11-16 01:26:05,636 [WARN] ModelIntegratedComponent:63 - No mode defined for component null
2024-11-16 01:26:05,636 [WARN] ModelIntegratedComponent:63 - No mode defined for component null
2024-11-16 01:26:05,636 [WARN] ModelIntegratedComponent:63 - No mode defined for component null
2024-11-16 01:26:05,636 [WARN] ModelIntegratedComponent:63 - No mode defined for component null
2024-11-16 01:26:05,636 [WARN] ModelIntegratedComponent:63 - No mode defined for component null
2024-11-16 01:26:05,636 [WARN] ModelIntegratedComponent:63 - No mode defined for component null
2024-11-16 01:26:05,636 [WARN] ModelIntegratedComponent:63 - No mode defined for component null
2024-11-16 01:26:05,636 [WARN] ModelIntegratedComponent:63 - No mode defined for component null
2024-11-16 01:26:05,636 [WARN] ModelIntegratedComponent:63 - No mode defined for component null
2024-11-16 01:26:05,636 [WARN] ModelIntegratedComponent:63 - No mode defined for component null
2024-11-16 01:26:05,636 [WARN] ModelIntegratedComponent:63 - No mode defined for component null
2024-11-16 01:26:05,636 [WARN] ModelIntegratedComponent:63 - No mode defined for component null
2024-11-16 01:26:05,636 [WARN] ModelIntegratedComponent:63 - No mode defined for component null
2024-11-16 01:26:05,636 [WARN] ModelIntegratedComponent:63 - No mode defined for component null
2024-11-16 01:26:05,636 [WARN] ModelIntegratedComponent:63 - No mode defined for component null
2024-11-16 01:26:05,636 [WARN] ModelIntegratedComponent:63 - No mode defined for component null
2024-11-16 01:26:05,636 [WARN] ModelIntegratedComponent:63 - No mode defined for component null
2024-11-16 01:26:05,636 [WARN] ModelIntegratedComponent:63 - No mode defined for component null
2024-11-16 01:26:05,636 [WARN] ModelIntegratedComponent:63 - No mode defined for component null
2024-11-16 01:26:05,636 [WARN] ModelIntegratedComponent:63 - No mode defined for component null
2024-11-16 01:26:05,636 [WARN] ModelIntegratedComponent:63 - No mode defined for component null
2024-11-16 01:26:05,636 [WARN] ModelIntegratedComponent:63 - No mode defined for component null
2024-11-16 01:26:05,636 [WARN] ModelPack:524 - Component already loaded: STMicroelectronics:HAL Drivers:0.0.0:STMicroelectronics:Device:STMicro_Driver:XSPI:HAL::0.0.1:HAL_XSPI
2024-11-16 01:26:05,686 [INFO] ThirdPartyModel:298 - Start build external matchings
2024-11-16 01:26:05,855 [INFO] ThirdPartyModel:316 - End build external matchings
2024-11-16 01:26:05,861 [WARN] IP:2191 - RxBufferAddress not found: check if there is a RefParameter without a condition.
2024-11-16 01:26:05,861 [INFO] ImportTextPane:205 - (OptionalMessage_ERROR) IP (ETH) : Invalid parameter (PHY_Name)
2024-11-16 01:26:05,861 [INFO] ImportTextPane:205 - (OptionalMessage_ERROR) IP (ETH) : Invalid parameter (PHY_Value)
2024-11-16 01:26:05,861 [INFO] ImportTextPane:205 - (OptionalMessage_ERROR) IP (ETH) : Invalid parameter (PhyAddress)
2024-11-16 01:26:05,862 [INFO] ImportTextPane:205 - (OptionalMessage_ERROR) IP (RCC) : Invalid parameter (48MHZClocksFreq_Value)
2024-11-16 01:26:05,862 [INFO] ImportTextPane:205 - (OptionalMessage_ERROR) IP (RCC) : Invalid parameter (ADC12outputFreq_Value)
2024-11-16 01:26:05,862 [INFO] ImportTextPane:205 - (OptionalMessage_ERROR) IP (RCC) : Invalid parameter (ADC34outputFreq_Value)
2024-11-16 01:26:05,862 [INFO] ImportTextPane:205 - (OptionalMessage_ERROR) IP (RCC) : Invalid parameter (FamilyName)
2024-11-16 01:26:05,862 [INFO] ImportTextPane:205 - (OptionalMessage_ERROR) IP (RCC) : Invalid parameter (I2SClocksFreq_Value)
2024-11-16 01:26:05,862 [INFO] ImportTextPane:205 - (OptionalMessage_ERROR) IP (RCC) : Parameter (LCDTFToutputFreq_Value) has invalid value (96000000)
2024-11-16 01:26:05,862 [INFO] ImportTextPane:205 - (OptionalMessage_ERROR) IP (RCC) : Invalid parameter (MCOFreq_Value)
2024-11-16 01:26:05,862 [INFO] ImportTextPane:205 - (OptionalMessage_ERROR) IP (RCC) : Invalid parameter (PLLMCOFreq_Value)
2024-11-16 01:26:05,862 [INFO] ImportTextPane:205 - (OptionalMessage_ERROR) IP (RCC) : Invalid parameter (PLLMUL)
2024-11-16 01:26:05,864 [INFO] ImportTextPane:205 - (OptionalMessage_ERROR) IP (RCC) : Invalid parameter (PRESCALERUSB)
2024-11-16 01:26:05,864 [INFO] ImportTextPane:205 - (OptionalMessage_ERROR) IP (RCC) : Invalid parameter (RTCHSEDivFreq_Value)
2024-11-16 01:26:05,864 [INFO] ImportTextPane:205 - (OptionalMessage_ERROR) IP (RCC) : Parameter (SDMMCFreq_Value) has invalid value (72000000)
2024-11-16 01:26:05,864 [INFO] ImportTextPane:205 - (OptionalMessage_ERROR) IP (RCC) : Invalid parameter (SYSCLKSourceVirtual)
2024-11-16 01:26:05,864 [INFO] ImportTextPane:205 - (OptionalMessage_ERROR) IP (RCC) : Invalid parameter (TIM15Freq_Value)
2024-11-16 01:26:05,864 [INFO] ImportTextPane:205 - (OptionalMessage_ERROR) IP (RCC) : Invalid parameter (TIM16Freq_Value)
2024-11-16 01:26:05,864 [INFO] ImportTextPane:205 - (OptionalMessage_ERROR) IP (RCC) : Invalid parameter (TIM17Freq_Value)
2024-11-16 01:26:05,864 [INFO] ImportTextPane:205 - (OptionalMessage_ERROR) IP (RCC) : Invalid parameter (TIM1Freq_Value)
2024-11-16 01:26:05,864 [INFO] ImportTextPane:205 - (OptionalMessage_ERROR) IP (RCC) : Invalid parameter (TIM20Freq_Value)
2024-11-16 01:26:05,864 [INFO] ImportTextPane:205 - (OptionalMessage_ERROR) IP (RCC) : Invalid parameter (TIM2Freq_Value)
2024-11-16 01:26:05,864 [INFO] ImportTextPane:205 - (OptionalMessage_ERROR) IP (RCC) : Invalid parameter (TIM3Freq_Value)
2024-11-16 01:26:05,864 [INFO] ImportTextPane:205 - (OptionalMessage_ERROR) IP (RCC) : Invalid parameter (TIM8Freq_Value)
2024-11-16 01:26:05,864 [INFO] ImportTextPane:205 - (OptionalMessage_ERROR) IP (RCC) : Invalid parameter (VCOOutput2Freq_Value)
2024-11-16 01:26:05,864 [INFO] ImportTextPane:205 - (OptionalMessage_ERROR) IP (RCC) : Invalid parameter (VcooutputI2S)
2024-11-16 01:26:06,148 [INFO] UtilMem:75 - End LoadConfig() Used Memory: 471347520 Bytes (844103680)
2024-11-16 01:26:06,204 [WARN] ThirdParty:833 - waiting for thirdparty lock release [change project]
2024-11-16 01:26:06,204 [INFO] ThirdParty:835 - entering critical section [change project]
2024-11-16 01:26:06,204 [INFO] ThirdParty:1030 - CMSIS Pack Vendor :STMicroelectronics USBPD 4.1
2024-11-16 01:26:06,204 [INFO] ThirdParty:1030 - CMSIS Pack Vendor :STMicroelectronics X-CUBE-AZRTOS-H7 3.3.0
2024-11-16 01:26:06,204 [INFO] ThirdParty:1030 - CMSIS Pack Vendor :STMicroelectronics X-CUBE-GNSS1 6.0.0
2024-11-16 01:26:06,204 [INFO] ThirdParty:1030 - CMSIS Pack Vendor :STMicroelectronics USB_HOST 2.0.0
2024-11-16 01:26:06,204 [INFO] ThirdParty:1030 - CMSIS Pack Vendor :STMicroelectronics FP-SNS-MOTENVWB1 1.4.0
2024-11-16 01:26:06,204 [INFO] ThirdParty:1030 - CMSIS Pack Vendor :STMicroelectronics X-CUBE-AZRTOS-F4 1.1.0
2024-11-16 01:26:06,204 [INFO] ThirdParty:1030 - CMSIS Pack Vendor :STMicroelectronics LIBJPEG 8.0.0
2024-11-16 01:26:06,204 [INFO] ThirdParty:1030 - CMSIS Pack Vendor :STMicroelectronics FP-ATR-ASTRA1 2.0.1
2024-11-16 01:26:06,204 [INFO] ThirdParty:1030 - CMSIS Pack Vendor :STMicroelectronics X-CUBE-SMBUS 2.1.0
2024-11-16 01:26:06,204 [INFO] ThirdParty:1030 - CMSIS Pack Vendor :STMicroelectronics X-CUBE-WB05N 1.1.0
2024-11-16 01:26:06,204 [INFO] ThirdParty:1030 - CMSIS Pack Vendor :STMicroelectronics USB_DEVICE 3.0.0
2024-11-16 01:26:06,204 [INFO] ThirdParty:1030 - CMSIS Pack Vendor :STMicroelectronics X-CUBE-TCPP 4.1.0
2024-11-16 01:26:06,204 [INFO] ThirdParty:1030 - CMSIS Pack Vendor :STMicroelectronics X-CUBE-FREERTOS 1.2.0
2024-11-16 01:26:06,204 [INFO] ThirdParty:1030 - CMSIS Pack Vendor :STMicroelectronics X-CUBE-AZRTOS-WB 2.0.0
2024-11-16 01:26:06,204 [INFO] ThirdParty:1030 - CMSIS Pack Vendor :STMicroelectronics X-CUBE-TOUCHGFX 4.23.2
2024-11-16 01:26:06,204 [INFO] ThirdParty:1030 - CMSIS Pack Vendor :STMicroelectronics X-CUBE-AZRTOS-F7 1.1.0
2024-11-16 01:26:06,205 [INFO] ThirdParty:1030 - CMSIS Pack Vendor :STMicroelectronics X-CUBE-AZRTOS-L5 2.0.0
2024-11-16 01:26:06,205 [INFO] ThirdParty:1030 - CMSIS Pack Vendor :STMicroelectronics USB_DEVICE 2.0.0
2024-11-16 01:26:06,205 [INFO] ThirdParty:1030 - CMSIS Pack Vendor :STMicroelectronics X-CUBE-NFC6 3.1.0
2024-11-16 01:26:06,205 [INFO] ThirdParty:1030 - CMSIS Pack Vendor :STMicroelectronics X-CUBE-ALGOBUILD 1.3.0
2024-11-16 01:26:06,205 [INFO] ThirdParty:1030 - CMSIS Pack Vendor :STMicroelectronics FreeRTOS 0.0.1
2024-11-16 01:26:06,205 [INFO] ThirdParty:1030 - CMSIS Pack Vendor :STMicroelectronics X-CUBE-AZRTOS-G0 1.1.0
2024-11-16 01:26:06,205 [INFO] ThirdParty:1030 - CMSIS Pack Vendor :STMicroelectronics X-CUBE-SAFEA1 1.2.2
2024-11-16 01:26:06,205 [INFO] ThirdParty:1030 - CMSIS Pack Vendor :STMicroelectronics X-CUBE-NFC4 3.0.0
2024-11-16 01:26:06,205 [INFO] ThirdParty:1030 - CMSIS Pack Vendor :STMicroelectronics X-CUBE-SUBG2 5.0.0
2024-11-16 01:26:06,205 [INFO] ThirdParty:1030 - CMSIS Pack Vendor :STMicroelectronics STM32_WPAN 1.0.0
2024-11-16 01:26:06,205 [INFO] ThirdParty:1030 - CMSIS Pack Vendor :EmbeddedOffice I-CUBE-FS-RTOS 1.0.1
2024-11-16 01:26:06,205 [INFO] ThirdParty:1030 - CMSIS Pack Vendor :STMicroelectronics lwIP 2.0.3
2024-11-16 01:26:06,205 [INFO] ThirdParty:1030 - CMSIS Pack Vendor :STMicroelectronics FP-SNS-FLIGHT1 5.0.2
2024-11-16 01:26:06,205 [INFO] ThirdParty:1030 - CMSIS Pack Vendor :STMicroelectronics USB_HOST 1.0.0
2024-11-16 01:26:06,205 [INFO] ThirdParty:1030 - CMSIS Pack Vendor :STMicroelectronics X-CUBE-AI 9.0.0
2024-11-16 01:26:06,205 [INFO] ThirdParty:1030 - CMSIS Pack Vendor :STMicroelectronics X-CUBE-AZRTOS-G4 2.0.0
2024-11-16 01:26:06,205 [INFO] ThirdParty:1030 - CMSIS Pack Vendor :STMicroelectronics PDM2PCM 3.1.0
2024-11-16 01:26:06,205 [INFO] ThirdParty:1030 - CMSIS Pack Vendor :STMicroelectronics PDM2PCM 3.3.0
2024-11-16 01:26:06,205 [INFO] ThirdParty:1030 - CMSIS Pack Vendor :STMicroelectronics X-CUBE-DISPLAY 3.0.0
2024-11-16 01:26:06,205 [INFO] ThirdParty:1030 - CMSIS Pack Vendor :RealThread X-CUBE-RT-Thread_Nano 4.1.1
2024-11-16 01:26:06,205 [INFO] ThirdParty:1030 - CMSIS Pack Vendor :wolfSSL I-CUBE-wolfSSL 5.7.0
2024-11-16 01:26:06,205 [INFO] ThirdParty:1030 - CMSIS Pack Vendor :STMicroelectronics X-CUBE-BLE1 7.0.0
2024-11-16 01:26:06,205 [INFO] ThirdParty:1030 - CMSIS Pack Vendor :STMicroelectronics FP-ATR-SIGFOX1 3.2.0
2024-11-16 01:26:06,205 [INFO] ThirdParty:1030 - CMSIS Pack Vendor :quantropi X-CUBE-qispace-sdk-base 1.9.3
2024-11-16 01:26:06,205 [INFO] ThirdParty:1030 - CMSIS Pack Vendor :STMicroelectronics X-CUBE-ISPU 2.0.0
2024-11-16 01:26:06,205 [INFO] ThirdParty:1030 - CMSIS Pack Vendor :STMicroelectronics X-CUBE-EEPRMA1 5.1.0
2024-11-16 01:26:06,205 [INFO] ThirdParty:1030 - CMSIS Pack Vendor :STMicroelectronics HAL Drivers 0.0.0
2024-11-16 01:26:06,205 [INFO] ThirdParty:1030 - CMSIS Pack Vendor :STMicroelectronics MBEDTLS 2.16.2
2024-11-16 01:26:06,205 [INFO] ThirdParty:1030 - CMSIS Pack Vendor :STMicroelectronics X-CUBE-ALS 1.0.2
2024-11-16 01:26:06,205 [INFO] ThirdParty:1030 - CMSIS Pack Vendor :emotas I-CUBE-CANOPEN 1.3.0
2024-11-16 01:26:06,205 [INFO] ThirdParty:1030 - CMSIS Pack Vendor :STMicroelectronics X-CUBE-MEMS1 10.0.0
2024-11-16 01:26:06,205 [INFO] ThirdParty:1030 - CMSIS Pack Vendor :STMicroelectronics X-CUBE-NFC7 1.0.1
2024-11-16 01:26:06,205 [INFO] ThirdParty:1030 - CMSIS Pack Vendor :STMicroelectronics MBEDTLS 2.14.1
2024-11-16 01:26:06,205 [INFO] ThirdParty:1030 - CMSIS Pack Vendor :ITTIA_DB I-CUBE-ITTIADB 8.9.0
2024-11-16 01:26:06,205 [INFO] ThirdParty:1030 - CMSIS Pack Vendor :STMicroelectronics X-CUBE-TOUCHGFX 4.24.1
2024-11-16 01:26:06,205 [INFO] ThirdParty:1030 - CMSIS Pack Vendor :wolfSSL I-CUBE-wolfTPM 3.4.0
2024-11-16 01:26:06,205 [INFO] ThirdParty:1030 - CMSIS Pack Vendor :portGmbH I-Cube-SoM-uGOAL 1.1.0
2024-11-16 01:26:06,205 [INFO] ThirdParty:1030 - CMSIS Pack Vendor :STMicroelectronics X-CUBE-ALS 1.0.1
2024-11-16 01:26:06,205 [INFO] ThirdParty:1030 - CMSIS Pack Vendor :STMicroelectronics X-CUBE-BLEMGR 3.1.0
2024-11-16 01:26:06,205 [INFO] ThirdParty:1030 - CMSIS Pack Vendor :STMicroelectronics ThreadX 1.0.0
2024-11-16 01:26:06,205 [INFO] ThirdParty:1030 - CMSIS Pack Vendor :STMicroelectronics FP-SNS-SMARTAG2 1.2.0
2024-11-16 01:26:06,206 [INFO] ThirdParty:1030 - CMSIS Pack Vendor :STMicroelectronics X-CUBE-AZRTOS-WL 2.0.0
2024-11-16 01:26:06,206 [INFO] ThirdParty:1030 - CMSIS Pack Vendor :SEGGER I-CUBE-embOS 1.3.1
2024-11-16 01:26:06,206 [INFO] ThirdParty:1030 - CMSIS Pack Vendor :STMicroelectronics X-CUBE-ALGOBUILD 1.4.0
2024-11-16 01:26:06,206 [INFO] ThirdParty:1030 - CMSIS Pack Vendor :STMicroelectronics FP-SNS-MOTENV1 5.0.0
2024-11-16 01:26:06,206 [INFO] ThirdParty:1030 - CMSIS Pack Vendor :STMicroelectronics USB_DEVICE 1.0.0
2024-11-16 01:26:06,206 [INFO] ThirdParty:1030 - CMSIS Pack Vendor :STMicroelectronics X-CUBE-AZRTOS-H7RS 1.0.0
2024-11-16 01:26:06,206 [INFO] ThirdParty:1030 - CMSIS Pack Vendor :wolfSSL I-CUBE-wolfMQTT 1.19.0
2024-11-16 01:26:06,206 [INFO] ThirdParty:1030 - CMSIS Pack Vendor :STMicroelectronics X-CUBE-AZRTOS-L4 2.0.0
2024-11-16 01:26:06,206 [INFO] ThirdParty:1030 - CMSIS Pack Vendor :STMicroelectronics ThreadX 0.0.2
2024-11-16 01:26:06,206 [INFO] ThirdParty:1030 - CMSIS Pack Vendor :WES I-CUBE-Cesium 1.3.0
2024-11-16 01:26:06,206 [INFO] ThirdParty:1030 - CMSIS Pack Vendor :STMicroelectronics FP-ATR-ASTRA1 2.0.0
2024-11-16 01:26:06,206 [INFO] ThirdParty:1030 - CMSIS Pack Vendor :STMicroelectronics lwIP 2.1.2
2024-11-16 01:26:06,206 [INFO] ThirdParty:1030 - CMSIS Pack Vendor :STMicroelectronics X-CUBE-SFXS2LP1 4.0.0
2024-11-16 01:26:06,206 [INFO] ThirdParty:1030 - CMSIS Pack Vendor :STMicroelectronics X-CUBE-BLE2 3.3.0
2024-11-16 01:26:06,206 [INFO] ThirdParty:1030 - CMSIS Pack Vendor :STMicroelectronics X-CUBE-TOF1 3.4.1
2024-11-16 01:26:06,206 [INFO] ThirdParty:1030 - CMSIS Pack Vendor :STMicroelectronics X-CUBE-AZRTOS-H7 3.2.0
2024-11-16 01:26:06,206 [INFO] ThirdParty:1030 - CMSIS Pack Vendor :Infineon AIROC-Wi-Fi-Bluetooth-STM32 1.6.0
2024-11-16 01:26:06,206 [INFO] ThirdParty:1030 - CMSIS Pack Vendor :STMicroelectronics PDM2PCM 3.2.0
2024-11-16 01:26:06,206 [INFO] ThirdParty:1030 - CMSIS Pack Vendor :wolfSSL I-CUBE-wolfSSH 1.4.17
2024-11-16 01:26:06,206 [INFO] ThirdParty:841 - exiting critical section [change project]
2024-11-16 01:26:06,357 [INFO] PinOutPanel:1561 - setPackage(No Configuration,No Configuration)
2024-11-16 01:26:06,358 [INFO] PinOutPanel:1561 - setPackage(STM32F746ZGTx,LQFP144)
2024-11-16 01:26:06,697 [INFO] UtilMem:75 - Before build in PCC Used Memory: 311757120 Bytes (844103680)
2024-11-16 01:26:06,866 [INFO] UtilMem:75 - After build in PCC Used Memory: 359991632 Bytes (844103680)
2024-11-16 01:26:06,891 [INFO] IPUIPlugin:80 - create IPUIPlugin
2024-11-16 01:26:06,892 [INFO] IPUIPlugin:80 - create IPUIPlugin
2024-11-16 01:26:06,892 [INFO] IPUIPlugin:80 - create IPUIPlugin
2024-11-16 01:26:06,892 [INFO] IPUIPlugin:80 - create IPUIPlugin
2024-11-16 01:26:06,892 [INFO] IPUIPlugin:80 - create IPUIPlugin
2024-11-16 01:26:06,892 [INFO] IPUIPlugin:80 - create IPUIPlugin
2024-11-16 01:26:06,892 [INFO] IPUIPlugin:80 - create IPUIPlugin
2024-11-16 01:26:06,892 [INFO] IPUIPlugin:80 - create IPUIPlugin
2024-11-16 01:26:06,892 [INFO] IPUIPlugin:80 - create IPUIPlugin
2024-11-16 01:26:06,892 [INFO] IPUIPlugin:80 - create IPUIPlugin
2024-11-16 01:26:06,892 [INFO] IPUIPlugin:80 - create IPUIPlugin
2024-11-16 01:26:06,892 [INFO] IPUIPlugin:80 - create IPUIPlugin
2024-11-16 01:26:06,892 [INFO] IPUIPlugin:80 - create IPUIPlugin
2024-11-16 01:26:06,892 [INFO] IPUIPlugin:80 - create IPUIPlugin
2024-11-16 01:26:06,892 [INFO] IPUIPlugin:80 - create IPUIPlugin
2024-11-16 01:26:06,892 [INFO] IPUIPlugin:80 - create IPUIPlugin
2024-11-16 01:26:06,892 [INFO] IPUIPlugin:80 - create IPUIPlugin
2024-11-16 01:26:06,893 [INFO] IPUIPlugin:80 - create IPUIPlugin
2024-11-16 01:26:06,893 [INFO] IPUIPlugin:80 - create IPUIPlugin
2024-11-16 01:26:06,893 [INFO] IPUIPlugin:80 - create IPUIPlugin
2024-11-16 01:26:06,893 [INFO] IPUIPlugin:80 - create IPUIPlugin
2024-11-16 01:26:06,893 [INFO] IPUIPlugin:80 - create IPUIPlugin
2024-11-16 01:26:06,893 [INFO] IPUIPlugin:80 - create IPUIPlugin
2024-11-16 01:26:06,893 [INFO] IPUIPlugin:80 - create IPUIPlugin
2024-11-16 01:26:06,893 [INFO] IPUIPlugin:80 - create IPUIPlugin
2024-11-16 01:26:06,893 [INFO] IPUIPlugin:80 - create IPUIPlugin
2024-11-16 01:26:06,893 [INFO] IPUIPlugin:80 - create IPUIPlugin
2024-11-16 01:26:06,893 [INFO] IPUIPlugin:80 - create IPUIPlugin
2024-11-16 01:26:06,893 [INFO] IPUIPlugin:80 - create IPUIPlugin
2024-11-16 01:26:06,894 [INFO] IPUIPlugin:80 - create IPUIPlugin
2024-11-16 01:26:06,894 [INFO] IPUIPlugin:80 - create IPUIPlugin
2024-11-16 01:26:06,894 [INFO] IPUIPlugin:80 - create IPUIPlugin
2024-11-16 01:26:06,894 [INFO] IPUIPlugin:80 - create IPUIPlugin
2024-11-16 01:26:06,894 [INFO] IPUIPlugin:80 - create IPUIPlugin
2024-11-16 01:26:06,894 [INFO] IPUIPlugin:80 - create IPUIPlugin
2024-11-16 01:26:06,894 [INFO] IPUIPlugin:80 - create IPUIPlugin
2024-11-16 01:26:06,895 [INFO] IPUIPlugin:80 - create IPUIPlugin
2024-11-16 01:26:06,895 [INFO] IPUIPlugin:80 - create IPUIPlugin
2024-11-16 01:26:06,895 [INFO] IPUIPlugin:80 - create IPUIPlugin
2024-11-16 01:26:06,896 [INFO] IPUIPlugin:80 - create IPUIPlugin
2024-11-16 01:26:06,896 [INFO] IPUIPlugin:80 - create IPUIPlugin
2024-11-16 01:26:06,896 [INFO] IPUIPlugin:80 - create IPUIPlugin
2024-11-16 01:26:06,896 [INFO] IPUIPlugin:80 - create IPUIPlugin
2024-11-16 01:26:06,897 [INFO] IPUIPlugin:80 - create IPUIPlugin
2024-11-16 01:26:06,897 [INFO] IPUIPlugin:80 - create IPUIPlugin
2024-11-16 01:26:06,897 [INFO] IPUIPlugin:80 - create IPUIPlugin
2024-11-16 01:26:06,897 [INFO] IPUIPlugin:80 - create IPUIPlugin
2024-11-16 01:26:06,897 [INFO] IPUIPlugin:80 - create IPUIPlugin
2024-11-16 01:26:06,898 [INFO] IPUIPlugin:80 - create IPUIPlugin
2024-11-16 01:26:06,898 [INFO] IPUIPlugin:80 - create IPUIPlugin
2024-11-16 01:26:06,898 [INFO] IPUIPlugin:80 - create IPUIPlugin
2024-11-16 01:26:06,898 [INFO] IPUIPlugin:80 - create IPUIPlugin
2024-11-16 01:26:06,898 [INFO] IPUIPlugin:80 - create IPUIPlugin
2024-11-16 01:26:06,899 [INFO] IPUIPlugin:80 - create IPUIPlugin
2024-11-16 01:26:06,899 [INFO] IPUIPlugin:80 - create IPUIPlugin
2024-11-16 01:26:06,899 [INFO] IPUIPlugin:80 - create IPUIPlugin
2024-11-16 01:26:06,899 [INFO] IPUIPlugin:80 - create IPUIPlugin
2024-11-16 01:26:06,899 [INFO] IPUIPlugin:80 - create IPUIPlugin
2024-11-16 01:26:06,900 [INFO] IPUIPlugin:80 - create IPUIPlugin
2024-11-16 01:26:06,900 [INFO] IPUIPlugin:80 - create IPUIPlugin
2024-11-16 01:26:06,900 [INFO] IPUIPlugin:80 - create IPUIPlugin
2024-11-16 01:26:06,900 [INFO] IPUIPlugin:80 - create IPUIPlugin
2024-11-16 01:26:06,901 [INFO] IPUIPlugin:80 - create IPUIPlugin
2024-11-16 01:26:06,902 [INFO] IPUIPlugin:80 - create IPUIPlugin
2024-11-16 01:26:06,902 [INFO] IPUIPlugin:80 - create IPUIPlugin
2024-11-16 01:26:06,902 [INFO] IPUIPlugin:80 - create IPUIPlugin
2024-11-16 01:26:06,903 [INFO] IPUIPlugin:80 - create IPUIPlugin
2024-11-16 01:26:06,903 [INFO] IPUIPlugin:80 - create IPUIPlugin
2024-11-16 01:26:06,903 [INFO] IPUIPlugin:80 - create IPUIPlugin
2024-11-16 01:26:06,904 [INFO] IPUIPlugin:80 - create IPUIPlugin
2024-11-16 01:26:06,904 [INFO] IPUIPlugin:80 - create IPUIPlugin
2024-11-16 01:26:06,904 [INFO] IPUIPlugin:80 - create IPUIPlugin
2024-11-16 01:26:06,905 [INFO] IPUIPlugin:80 - create IPUIPlugin
2024-11-16 01:26:06,905 [INFO] IPUIPlugin:80 - create IPUIPlugin
2024-11-16 01:26:06,907 [INFO] ApiDbMcu:508 - Load IP Config File for PDM2PCM
2024-11-16 01:26:06,961 [INFO] CADModel:165 - CPN selected for project levelSTM32F746ZGT6
2024-11-16 01:26:06,961 [INFO] CADModel:114 - Register for checkConnection events
2024-11-16 01:26:07,012 [INFO] OpenFileManager:363 - Restore cursor
2024-11-16 01:26:07,100 [WARN] IP:2191 - RxBufferAddress not found: check if there is a RefParameter without a condition.
2024-11-16 01:26:07,101 [WARN] IP:2191 - RxBufferAddress not found: check if there is a RefParameter without a condition.
2024-11-16 01:27:17,267 [INFO] NvicIntPanel:101 - NVIC parent = com.st.microxplorer.plugins.ip.nvic.MultiNvicIntPanel[,0,0,0x0,invalid,layout=javax.swing.BoxLayout,alignmentX=0.0,alignmentY=0.0,border=,flags=9,maximumSize=,minimumSize=,preferredSize=]
2024-11-16 01:27:22,253 [INFO] NvicIntPanel:101 - NVIC parent = com.st.microxplorer.plugins.ip.nvic.MultiNvicIntPanel[,0,0,0x0,invalid,layout=javax.swing.BoxLayout,alignmentX=0.0,alignmentY=0.0,border=,flags=9,maximumSize=,minimumSize=,preferredSize=]
2024-11-16 01:27:45,657 [INFO] NvicIntPanel:101 - NVIC parent = com.st.microxplorer.plugins.ip.nvic.MultiNvicIntPanel[,0,0,0x0,invalid,layout=javax.swing.BoxLayout,alignmentX=0.0,alignmentY=0.0,border=,flags=9,maximumSize=,minimumSize=,preferredSize=]
2024-11-16 01:27:45,782 [WARN] IP:2191 - RxBufferAddress not found: check if there is a RefParameter without a condition.
2024-11-16 01:27:45,783 [WARN] IP:2191 - RxBufferAddress not found: check if there is a RefParameter without a condition.
2024-11-16 01:29:30,136 [WARN] IP:2191 - RxBufferAddress not found: check if there is a RefParameter without a condition.
2024-11-16 01:30:41,029 [INFO] UtilMem:75 - End SaveConfig() Used Memory: 480681240 Bytes (879755264)
2024-11-16 01:30:50,371 [INFO] MainUpdater:2873 - connection check result : 10
2024-11-16 01:30:50,371 [INFO] MainUpdater:2873 - connection check result : 10
2024-11-16 01:30:50,384 [INFO] MicroXplorer:468 - Change Database Path : 
2024-11-16 01:30:50,384 [INFO] MicroXplorer:498 - Change Database Version : DB.6.0.121
2024-11-16 01:30:50,390 [ERROR] ProjectManagerView:394 - 
java.lang.NullPointerException: Cannot invoke "javax.swing.JTextField.getText()" because the return value of "java.util.List.get(int)" is null
	at com.st.microxplorer.plugins.projectmanager.gui.ProjectChoiceTab$10.caretUpdate(ProjectChoiceTab.java:2622) ~[filemanager.jar:?]
	at javax.swing.text.JTextComponent.fireCaretUpdate(JTextComponent.java:412) ~[?:?]
	at javax.swing.text.JTextComponent$MutableCaretEvent.fire(JTextComponent.java:4491) ~[?:?]
	at javax.swing.text.JTextComponent$MutableCaretEvent.stateChanged(JTextComponent.java:4513) ~[?:?]
	at javax.swing.text.DefaultCaret.fireStateChanged(DefaultCaret.java:842) ~[?:?]
	at javax.swing.text.DefaultCaret.changeCaretPosition(DefaultCaret.java:1313) ~[?:?]
	at javax.swing.text.DefaultCaret.handleSetDot(DefaultCaret.java:1212) ~[?:?]
	at javax.swing.text.DefaultCaret.setDot(DefaultCaret.java:1193) ~[?:?]
	at javax.swing.text.DefaultCaret$Handler.insertUpdate(DefaultCaret.java:1789) ~[?:?]
	at javax.swing.text.AbstractDocument.fireInsertUpdate(AbstractDocument.java:226) ~[?:?]
	at javax.swing.text.AbstractDocument.handleInsertString(AbstractDocument.java:780) ~[?:?]
	at javax.swing.text.AbstractDocument.insertString(AbstractDocument.java:739) ~[?:?]
	at javax.swing.text.PlainDocument.insertString(PlainDocument.java:131) ~[?:?]
	at javax.swing.text.AbstractDocument.replace(AbstractDocument.java:698) ~[?:?]
	at javax.swing.text.JTextComponent.setText(JTextComponent.java:1729) ~[?:?]
	at com.st.microxplorer.plugins.projectmanager.gui.ProjectChoiceTab.createHeapStackFields(ProjectChoiceTab.java:972) ~[filemanager.jar:?]
	at com.st.microxplorer.plugins.projectmanager.gui.ProjectChoiceTab.buildLinkSettingsPanel(ProjectChoiceTab.java:3597) ~[filemanager.jar:?]
	at com.st.microxplorer.plugins.projectmanager.gui.ProjectChoiceTab.defineWindowsFields(ProjectChoiceTab.java:1940) ~[filemanager.jar:?]
	at com.st.microxplorer.plugins.projectmanager.gui.ProjectChoiceTab.updateSettings(ProjectChoiceTab.java:550) ~[filemanager.jar:?]
	at com.st.microxplorer.plugins.projectmanager.gui.ProjectSettingsPanel.UpdateDialog(ProjectSettingsPanel.java:245) ~[filemanager.jar:?]
	at com.st.microxplorer.plugins.projectmanager.ProjectManagerView.propertyChange(ProjectManagerView.java:391) ~[filemanager.jar:?]
	at java.beans.PropertyChangeSupport.fire(PropertyChangeSupport.java:343) ~[?:?]
	at java.beans.PropertyChangeSupport.firePropertyChange(PropertyChangeSupport.java:335) ~[?:?]
	at java.beans.PropertyChangeSupport.firePropertyChange(PropertyChangeSupport.java:268) ~[?:?]
	at com.st.microxplorer.util.MXPropertyChangeSupport.firePropertyChange(MXPropertyChangeSupport.java:54) ~[STM32CubeMX.jar:?]
	at com.st.microxplorer.mxsystem.MxSystem.closeConfig(MxSystem.java:900) ~[STM32CubeMX.jar:?]
	at com.st.microxplorer.maingui.MainPanel.closeConfig(MainPanel.java:781) ~[STM32CubeMX.jar:?]
	at com.st.microxplorer.plugins.filemanager.engine.OpenFileManager.loadConfigurationFile(OpenFileManager.java:265) ~[filemanager.jar:?]
	at com.st.microxplorer.plugins.filemanager.engine.MainFileManager.userLoadConfig(MainFileManager.java:352) ~[filemanager.jar:?]
	at com.st.microxplorer.plugins.filemanager.engine.MainFileManager.userLoadConfig(MainFileManager.java:330) ~[filemanager.jar:?]
	at com.st.microxplorer.plugins.filemanager.FileManagerView.getSpecificTask(FileManagerView.java:246) ~[filemanager.jar:?]
	at com.st.stm32cube.common.mx.editor.CubeMxEditor.getMxTabbedPaneInstance(CubeMxEditor.java:1198) ~[com.st.stm32cube.common.mx_6.12.1.202409122256/:?]
	at com.st.stm32cube.common.mx.editor.CubeMxEditor$12$1.createSwingComponent(CubeMxEditor.java:1068) ~[com.st.stm32cube.common.mx_6.12.1.202409122256/:?]
	at com.st.stm32cube.common.mx.oss.core.awtswtbridge.EmbeddedSwingComposite.doComponentCreation(EmbeddedSwingComposite.java:492) ~[com.st.stm32cube.common.mx.oss_6.12.1.202409122256/:?]
	at com.st.stm32cube.common.mx.oss.core.awtswtbridge.EmbeddedSwingComposite$4.run(EmbeddedSwingComposite.java:291) ~[com.st.stm32cube.common.mx.oss_6.12.1.202409122256/:?]
	at com.st.stm32cube.common.mx.oss.core.awtswtbridge.AwtEnvironment$2.run(AwtEnvironment.java:166) ~[com.st.stm32cube.common.mx.oss_6.12.1.202409122256/:?]
	at java.awt.event.InvocationEvent.dispatch(InvocationEvent.java:318) ~[?:?]
	at java.awt.EventQueue.dispatchEventImpl(EventQueue.java:773) ~[?:?]
	at java.awt.EventQueue$4.run(EventQueue.java:720) ~[?:?]
	at java.awt.EventQueue$4.run(EventQueue.java:714) ~[?:?]
	at java.security.AccessController.doPrivileged(AccessController.java:399) ~[?:?]
	at java.security.ProtectionDomain$JavaSecurityAccessImpl.doIntersectionPrivilege(ProtectionDomain.java:86) ~[?:?]
	at java.awt.EventQueue.dispatchEvent(EventQueue.java:742) ~[?:?]
	at java.awt.EventDispatchThread.pumpOneEventForFilters(EventDispatchThread.java:203) ~[?:?]
	at java.awt.EventDispatchThread.pumpEventsForFilter(EventDispatchThread.java:124) ~[?:?]
	at java.awt.EventDispatchThread.pumpEventsForHierarchy(EventDispatchThread.java:113) ~[?:?]
	at java.awt.EventDispatchThread.pumpEvents(EventDispatchThread.java:109) ~[?:?]
	at java.awt.EventDispatchThread.pumpEvents(EventDispatchThread.java:101) ~[?:?]
	at java.awt.EventDispatchThread.run(EventDispatchThread.java:90) ~[?:?]
2024-11-16 01:30:50,390 [WARN] ThirdParty:871 - waiting for thirdparty lock release [close project]
2024-11-16 01:30:50,390 [INFO] ThirdParty:873 - entering critical section [close project]
2024-11-16 01:30:50,391 [INFO] ThirdParty:883 - exiting critical section [close project]
2024-11-16 01:30:50,392 [INFO] PinOutPanel:1561 - setPackage(No Configuration,No Configuration)
2024-11-16 01:30:50,398 [WARN] IpParametersView:151 - Warning: This peripheral hasn't parameters
2024-11-16 01:30:50,403 [WARN] MainPanel:284 - <html><b><center>Warning: This peripheral has no parameters to be configured<br></b></html>
2024-11-16 01:30:50,406 [INFO] UtilMem:75 - Begin LoadConfig() Used Memory: 749113320 Bytes (879755264)
2024-11-16 01:30:50,406 [INFO] MicroXplorer:468 - Change Database Path : 
2024-11-16 01:30:50,406 [INFO] MicroXplorer:498 - Change Database Version : DB.6.0.121
2024-11-16 01:30:50,406 [INFO] OpenFileManager:332 - Change cursor
2024-11-16 01:30:50,433 [INFO] RulesReader:64 - Compatibility file has been processed (297 Rules)
2024-11-16 01:30:50,437 [INFO] Mcu:2032 - Initializing MCU STM32F746ZGTx STM32F746ZGTx STM32F746ZGT6
2024-11-16 01:30:51,652 [INFO] Context:742 - Trying to add GPIOservice into a context  which must be forbidden
2024-11-16 01:30:51,891 [INFO] RtosManager:555 - Registered RTOS mode: class=CMSIS, group=RTOS, mode=CMSIS_V1, owner=FREERTOS
2024-11-16 01:30:51,891 [INFO] RtosManager:555 - Registered RTOS mode: class=CMSIS, group=RTOS2, mode=CMSIS_V2, owner=FREERTOS
2024-11-16 01:30:51,891 [INFO] RtosManager:555 - Registered RTOS mode: class=RTOS, group=Core, mode=CMSIS_V1, owner=FREERTOS
2024-11-16 01:30:51,891 [INFO] RtosManager:555 - Registered RTOS mode: class=RTOS, group=Core, mode=CMSIS_V2, owner=FREERTOS
2024-11-16 01:30:51,891 [WARN] ModelIntegratedComponent:184 - Missing modes for component STMicroelectronics:FreeRTOS:0.0.1:STMicroelectronics:RTOS:FreeRTOS:Core:::10.2.0:
2024-11-16 01:30:51,895 [WARN] ModelIntegratedComponent:63 - No mode defined for component null
2024-11-16 01:30:51,896 [WARN] ModelIntegratedComponent:63 - No mode defined for component null
2024-11-16 01:30:51,896 [WARN] ModelIntegratedComponent:63 - No mode defined for component null
2024-11-16 01:30:51,896 [WARN] ModelIntegratedComponent:63 - No mode defined for component null
2024-11-16 01:30:51,896 [WARN] ModelIntegratedComponent:63 - No mode defined for component null
2024-11-16 01:30:51,896 [WARN] ModelIntegratedComponent:63 - No mode defined for component null
2024-11-16 01:30:51,896 [WARN] ModelIntegratedComponent:63 - No mode defined for component null
2024-11-16 01:30:51,896 [WARN] ModelIntegratedComponent:63 - No mode defined for component null
2024-11-16 01:30:51,896 [WARN] ModelIntegratedComponent:63 - No mode defined for component null
2024-11-16 01:30:51,896 [WARN] ModelIntegratedComponent:63 - No mode defined for component null
2024-11-16 01:30:51,896 [WARN] ModelIntegratedComponent:63 - No mode defined for component null
2024-11-16 01:30:51,896 [WARN] ModelIntegratedComponent:63 - No mode defined for component null
2024-11-16 01:30:51,896 [WARN] ModelIntegratedComponent:63 - No mode defined for component null
2024-11-16 01:30:51,896 [WARN] ModelIntegratedComponent:63 - No mode defined for component null
2024-11-16 01:30:51,896 [WARN] ModelIntegratedComponent:63 - No mode defined for component null
2024-11-16 01:30:51,896 [WARN] ModelIntegratedComponent:63 - No mode defined for component null
2024-11-16 01:30:51,896 [WARN] ModelIntegratedComponent:63 - No mode defined for component null
2024-11-16 01:30:51,896 [WARN] ModelIntegratedComponent:63 - No mode defined for component null
2024-11-16 01:30:51,896 [WARN] ModelIntegratedComponent:63 - No mode defined for component null
2024-11-16 01:30:51,896 [WARN] ModelIntegratedComponent:63 - No mode defined for component null
2024-11-16 01:30:51,896 [WARN] ModelIntegratedComponent:63 - No mode defined for component null
2024-11-16 01:30:51,896 [WARN] ModelIntegratedComponent:63 - No mode defined for component null
2024-11-16 01:30:51,896 [WARN] ModelIntegratedComponent:63 - No mode defined for component null
2024-11-16 01:30:51,896 [WARN] ModelIntegratedComponent:63 - No mode defined for component null
2024-11-16 01:30:51,896 [WARN] ModelIntegratedComponent:63 - No mode defined for component null
2024-11-16 01:30:51,896 [WARN] ModelIntegratedComponent:63 - No mode defined for component null
2024-11-16 01:30:51,896 [WARN] ModelIntegratedComponent:63 - No mode defined for component null
2024-11-16 01:30:51,896 [WARN] ModelIntegratedComponent:63 - No mode defined for component null
2024-11-16 01:30:51,896 [WARN] ModelIntegratedComponent:63 - No mode defined for component null
2024-11-16 01:30:51,896 [WARN] ModelIntegratedComponent:63 - No mode defined for component null
2024-11-16 01:30:51,896 [WARN] ModelIntegratedComponent:63 - No mode defined for component null
2024-11-16 01:30:51,896 [WARN] ModelIntegratedComponent:63 - No mode defined for component null
2024-11-16 01:30:51,896 [WARN] ModelIntegratedComponent:63 - No mode defined for component null
2024-11-16 01:30:51,896 [WARN] ModelIntegratedComponent:63 - No mode defined for component null
2024-11-16 01:30:51,896 [WARN] ModelIntegratedComponent:63 - No mode defined for component null
2024-11-16 01:30:51,896 [WARN] ModelPack:524 - Component already loaded: STMicroelectronics:HAL Drivers:0.0.0:STMicroelectronics:Device:STMicro_Driver:XSPI:HAL::0.0.1:HAL_XSPI
2024-11-16 01:30:51,941 [INFO] ThirdPartyModel:298 - Start build external matchings
2024-11-16 01:30:52,124 [INFO] ThirdPartyModel:316 - End build external matchings
2024-11-16 01:30:52,131 [INFO] ImportTextPane:205 - (OptionalMessage_ERROR) IP (RCC) : Invalid parameter (48MHZClocksFreq_Value)
2024-11-16 01:30:52,131 [INFO] ImportTextPane:205 - (OptionalMessage_ERROR) IP (RCC) : Invalid parameter (ADC12outputFreq_Value)
2024-11-16 01:30:52,131 [INFO] ImportTextPane:205 - (OptionalMessage_ERROR) IP (RCC) : Invalid parameter (ADC34outputFreq_Value)
2024-11-16 01:30:52,131 [INFO] ImportTextPane:205 - (OptionalMessage_ERROR) IP (RCC) : Invalid parameter (FamilyName)
2024-11-16 01:30:52,131 [INFO] ImportTextPane:205 - (OptionalMessage_ERROR) IP (RCC) : Invalid parameter (I2SClocksFreq_Value)
2024-11-16 01:30:52,131 [INFO] ImportTextPane:205 - (OptionalMessage_ERROR) IP (RCC) : Parameter (LCDTFToutputFreq_Value) has invalid value (96000000)
2024-11-16 01:30:52,131 [INFO] ImportTextPane:205 - (OptionalMessage_ERROR) IP (RCC) : Invalid parameter (MCOFreq_Value)
2024-11-16 01:30:52,131 [INFO] ImportTextPane:205 - (OptionalMessage_ERROR) IP (RCC) : Invalid parameter (PLLMCOFreq_Value)
2024-11-16 01:30:52,131 [INFO] ImportTextPane:205 - (OptionalMessage_ERROR) IP (RCC) : Invalid parameter (PLLMUL)
2024-11-16 01:30:52,131 [INFO] ImportTextPane:205 - (OptionalMessage_ERROR) IP (RCC) : Invalid parameter (PRESCALERUSB)
2024-11-16 01:30:52,131 [INFO] ImportTextPane:205 - (OptionalMessage_ERROR) IP (RCC) : Parameter (RNGFreq_Value) has invalid value (144000000)
2024-11-16 01:30:52,131 [INFO] ImportTextPane:205 - (OptionalMessage_ERROR) IP (RCC) : Invalid parameter (RTCHSEDivFreq_Value)
2024-11-16 01:30:52,132 [INFO] ImportTextPane:205 - (OptionalMessage_ERROR) IP (RCC) : Parameter (SDMMCFreq_Value) has invalid value (216000000)
2024-11-16 01:30:52,132 [INFO] ImportTextPane:205 - (OptionalMessage_ERROR) IP (RCC) : Invalid parameter (SYSCLKSourceVirtual)
2024-11-16 01:30:52,132 [INFO] ImportTextPane:205 - (OptionalMessage_ERROR) IP (RCC) : Invalid parameter (TIM15Freq_Value)
2024-11-16 01:30:52,132 [INFO] ImportTextPane:205 - (OptionalMessage_ERROR) IP (RCC) : Invalid parameter (TIM16Freq_Value)
2024-11-16 01:30:52,132 [INFO] ImportTextPane:205 - (OptionalMessage_ERROR) IP (RCC) : Invalid parameter (TIM17Freq_Value)
2024-11-16 01:30:52,132 [INFO] ImportTextPane:205 - (OptionalMessage_ERROR) IP (RCC) : Invalid parameter (TIM1Freq_Value)
2024-11-16 01:30:52,132 [INFO] ImportTextPane:205 - (OptionalMessage_ERROR) IP (RCC) : Invalid parameter (TIM20Freq_Value)
2024-11-16 01:30:52,132 [INFO] ImportTextPane:205 - (OptionalMessage_ERROR) IP (RCC) : Invalid parameter (TIM2Freq_Value)
2024-11-16 01:30:52,132 [INFO] ImportTextPane:205 - (OptionalMessage_ERROR) IP (RCC) : Invalid parameter (TIM3Freq_Value)
2024-11-16 01:30:52,132 [INFO] ImportTextPane:205 - (OptionalMessage_ERROR) IP (RCC) : Invalid parameter (TIM8Freq_Value)
2024-11-16 01:30:52,132 [INFO] ImportTextPane:205 - (OptionalMessage_ERROR) IP (RCC) : Parameter (USBFreq_Value) has invalid value (144000000)
2024-11-16 01:30:52,132 [INFO] ImportTextPane:205 - (OptionalMessage_ERROR) IP (RCC) : Invalid parameter (VCOOutput2Freq_Value)
2024-11-16 01:30:52,132 [INFO] ImportTextPane:205 - (OptionalMessage_ERROR) IP (RCC) : Invalid parameter (VcooutputI2S)
2024-11-16 01:30:52,363 [INFO] UtilMem:75 - End LoadConfig() Used Memory: 683660272 Bytes (879755264)
2024-11-16 01:30:52,407 [WARN] ThirdParty:833 - waiting for thirdparty lock release [change project]
2024-11-16 01:30:52,407 [INFO] ThirdParty:835 - entering critical section [change project]
2024-11-16 01:30:52,407 [INFO] ThirdParty:1030 - CMSIS Pack Vendor :STMicroelectronics USBPD 4.1
2024-11-16 01:30:52,407 [INFO] ThirdParty:1030 - CMSIS Pack Vendor :STMicroelectronics X-CUBE-AZRTOS-H7 3.3.0
2024-11-16 01:30:52,407 [INFO] ThirdParty:1030 - CMSIS Pack Vendor :STMicroelectronics X-CUBE-GNSS1 6.0.0
2024-11-16 01:30:52,407 [INFO] ThirdParty:1030 - CMSIS Pack Vendor :STMicroelectronics USB_HOST 2.0.0
2024-11-16 01:30:52,407 [INFO] ThirdParty:1030 - CMSIS Pack Vendor :STMicroelectronics FP-SNS-MOTENVWB1 1.4.0
2024-11-16 01:30:52,407 [INFO] ThirdParty:1030 - CMSIS Pack Vendor :STMicroelectronics X-CUBE-AZRTOS-F4 1.1.0
2024-11-16 01:30:52,407 [INFO] ThirdParty:1030 - CMSIS Pack Vendor :STMicroelectronics LIBJPEG 8.0.0
2024-11-16 01:30:52,407 [INFO] ThirdParty:1030 - CMSIS Pack Vendor :STMicroelectronics FP-ATR-ASTRA1 2.0.1
2024-11-16 01:30:52,407 [INFO] ThirdParty:1030 - CMSIS Pack Vendor :STMicroelectronics X-CUBE-SMBUS 2.1.0
2024-11-16 01:30:52,407 [INFO] ThirdParty:1030 - CMSIS Pack Vendor :STMicroelectronics X-CUBE-WB05N 1.1.0
2024-11-16 01:30:52,407 [INFO] ThirdParty:1030 - CMSIS Pack Vendor :STMicroelectronics USB_DEVICE 3.0.0
2024-11-16 01:30:52,407 [INFO] ThirdParty:1030 - CMSIS Pack Vendor :STMicroelectronics X-CUBE-TCPP 4.1.0
2024-11-16 01:30:52,407 [INFO] ThirdParty:1030 - CMSIS Pack Vendor :STMicroelectronics X-CUBE-FREERTOS 1.2.0
2024-11-16 01:30:52,407 [INFO] ThirdParty:1030 - CMSIS Pack Vendor :STMicroelectronics X-CUBE-AZRTOS-WB 2.0.0
2024-11-16 01:30:52,407 [INFO] ThirdParty:1030 - CMSIS Pack Vendor :STMicroelectronics X-CUBE-TOUCHGFX 4.23.2
2024-11-16 01:30:52,407 [INFO] ThirdParty:1030 - CMSIS Pack Vendor :STMicroelectronics X-CUBE-AZRTOS-F7 1.1.0
2024-11-16 01:30:52,407 [INFO] ThirdParty:1030 - CMSIS Pack Vendor :STMicroelectronics X-CUBE-AZRTOS-L5 2.0.0
2024-11-16 01:30:52,407 [INFO] ThirdParty:1030 - CMSIS Pack Vendor :STMicroelectronics USB_DEVICE 2.0.0
2024-11-16 01:30:52,407 [INFO] ThirdParty:1030 - CMSIS Pack Vendor :STMicroelectronics X-CUBE-NFC6 3.1.0
2024-11-16 01:30:52,407 [INFO] ThirdParty:1030 - CMSIS Pack Vendor :STMicroelectronics X-CUBE-ALGOBUILD 1.3.0
2024-11-16 01:30:52,407 [INFO] ThirdParty:1030 - CMSIS Pack Vendor :STMicroelectronics FreeRTOS 0.0.1
2024-11-16 01:30:52,407 [INFO] ThirdParty:1030 - CMSIS Pack Vendor :STMicroelectronics X-CUBE-AZRTOS-G0 1.1.0
2024-11-16 01:30:52,407 [INFO] ThirdParty:1030 - CMSIS Pack Vendor :STMicroelectronics X-CUBE-SAFEA1 1.2.2
2024-11-16 01:30:52,407 [INFO] ThirdParty:1030 - CMSIS Pack Vendor :STMicroelectronics X-CUBE-NFC4 3.0.0
2024-11-16 01:30:52,407 [INFO] ThirdParty:1030 - CMSIS Pack Vendor :STMicroelectronics X-CUBE-SUBG2 5.0.0
2024-11-16 01:30:52,407 [INFO] ThirdParty:1030 - CMSIS Pack Vendor :STMicroelectronics STM32_WPAN 1.0.0
2024-11-16 01:30:52,407 [INFO] ThirdParty:1030 - CMSIS Pack Vendor :EmbeddedOffice I-CUBE-FS-RTOS 1.0.1
2024-11-16 01:30:52,407 [INFO] ThirdParty:1030 - CMSIS Pack Vendor :STMicroelectronics lwIP 2.0.3
2024-11-16 01:30:52,408 [INFO] ThirdParty:1030 - CMSIS Pack Vendor :STMicroelectronics FP-SNS-FLIGHT1 5.0.2
2024-11-16 01:30:52,408 [INFO] ThirdParty:1030 - CMSIS Pack Vendor :STMicroelectronics USB_HOST 1.0.0
2024-11-16 01:30:52,408 [INFO] ThirdParty:1030 - CMSIS Pack Vendor :STMicroelectronics X-CUBE-AI 9.0.0
2024-11-16 01:30:52,408 [INFO] ThirdParty:1030 - CMSIS Pack Vendor :STMicroelectronics X-CUBE-AZRTOS-G4 2.0.0
2024-11-16 01:30:52,408 [INFO] ThirdParty:1030 - CMSIS Pack Vendor :STMicroelectronics PDM2PCM 3.1.0
2024-11-16 01:30:52,408 [INFO] ThirdParty:1030 - CMSIS Pack Vendor :STMicroelectronics PDM2PCM 3.3.0
2024-11-16 01:30:52,408 [INFO] ThirdParty:1030 - CMSIS Pack Vendor :STMicroelectronics X-CUBE-DISPLAY 3.0.0
2024-11-16 01:30:52,408 [INFO] ThirdParty:1030 - CMSIS Pack Vendor :RealThread X-CUBE-RT-Thread_Nano 4.1.1
2024-11-16 01:30:52,408 [INFO] ThirdParty:1030 - CMSIS Pack Vendor :wolfSSL I-CUBE-wolfSSL 5.7.0
2024-11-16 01:30:52,408 [INFO] ThirdParty:1030 - CMSIS Pack Vendor :STMicroelectronics X-CUBE-BLE1 7.0.0
2024-11-16 01:30:52,408 [INFO] ThirdParty:1030 - CMSIS Pack Vendor :STMicroelectronics FP-ATR-SIGFOX1 3.2.0
2024-11-16 01:30:52,408 [INFO] ThirdParty:1030 - CMSIS Pack Vendor :quantropi X-CUBE-qispace-sdk-base 1.9.3
2024-11-16 01:30:52,408 [INFO] ThirdParty:1030 - CMSIS Pack Vendor :STMicroelectronics X-CUBE-ISPU 2.0.0
2024-11-16 01:30:52,408 [INFO] ThirdParty:1030 - CMSIS Pack Vendor :STMicroelectronics X-CUBE-EEPRMA1 5.1.0
2024-11-16 01:30:52,408 [INFO] ThirdParty:1030 - CMSIS Pack Vendor :STMicroelectronics HAL Drivers 0.0.0
2024-11-16 01:30:52,408 [INFO] ThirdParty:1030 - CMSIS Pack Vendor :STMicroelectronics MBEDTLS 2.16.2
2024-11-16 01:30:52,408 [INFO] ThirdParty:1030 - CMSIS Pack Vendor :STMicroelectronics X-CUBE-ALS 1.0.2
2024-11-16 01:30:52,408 [INFO] ThirdParty:1030 - CMSIS Pack Vendor :emotas I-CUBE-CANOPEN 1.3.0
2024-11-16 01:30:52,408 [INFO] ThirdParty:1030 - CMSIS Pack Vendor :STMicroelectronics X-CUBE-MEMS1 10.0.0
2024-11-16 01:30:52,408 [INFO] ThirdParty:1030 - CMSIS Pack Vendor :STMicroelectronics X-CUBE-NFC7 1.0.1
2024-11-16 01:30:52,408 [INFO] ThirdParty:1030 - CMSIS Pack Vendor :STMicroelectronics MBEDTLS 2.14.1
2024-11-16 01:30:52,408 [INFO] ThirdParty:1030 - CMSIS Pack Vendor :ITTIA_DB I-CUBE-ITTIADB 8.9.0
2024-11-16 01:30:52,408 [INFO] ThirdParty:1030 - CMSIS Pack Vendor :STMicroelectronics X-CUBE-TOUCHGFX 4.24.1
2024-11-16 01:30:52,408 [INFO] ThirdParty:1030 - CMSIS Pack Vendor :wolfSSL I-CUBE-wolfTPM 3.4.0
2024-11-16 01:30:52,408 [INFO] ThirdParty:1030 - CMSIS Pack Vendor :portGmbH I-Cube-SoM-uGOAL 1.1.0
2024-11-16 01:30:52,408 [INFO] ThirdParty:1030 - CMSIS Pack Vendor :STMicroelectronics X-CUBE-ALS 1.0.1
2024-11-16 01:30:52,408 [INFO] ThirdParty:1030 - CMSIS Pack Vendor :STMicroelectronics X-CUBE-BLEMGR 3.1.0
2024-11-16 01:30:52,408 [INFO] ThirdParty:1030 - CMSIS Pack Vendor :STMicroelectronics ThreadX 1.0.0
2024-11-16 01:30:52,408 [INFO] ThirdParty:1030 - CMSIS Pack Vendor :STMicroelectronics FP-SNS-SMARTAG2 1.2.0
2024-11-16 01:30:52,408 [INFO] ThirdParty:1030 - CMSIS Pack Vendor :STMicroelectronics X-CUBE-AZRTOS-WL 2.0.0
2024-11-16 01:30:52,408 [INFO] ThirdParty:1030 - CMSIS Pack Vendor :SEGGER I-CUBE-embOS 1.3.1
2024-11-16 01:30:52,408 [INFO] ThirdParty:1030 - CMSIS Pack Vendor :STMicroelectronics X-CUBE-ALGOBUILD 1.4.0
2024-11-16 01:30:52,408 [INFO] ThirdParty:1030 - CMSIS Pack Vendor :STMicroelectronics FP-SNS-MOTENV1 5.0.0
2024-11-16 01:30:52,408 [INFO] ThirdParty:1030 - CMSIS Pack Vendor :STMicroelectronics USB_DEVICE 1.0.0
2024-11-16 01:30:52,408 [INFO] ThirdParty:1030 - CMSIS Pack Vendor :STMicroelectronics X-CUBE-AZRTOS-H7RS 1.0.0
2024-11-16 01:30:52,408 [INFO] ThirdParty:1030 - CMSIS Pack Vendor :wolfSSL I-CUBE-wolfMQTT 1.19.0
2024-11-16 01:30:52,408 [INFO] ThirdParty:1030 - CMSIS Pack Vendor :STMicroelectronics X-CUBE-AZRTOS-L4 2.0.0
2024-11-16 01:30:52,408 [INFO] ThirdParty:1030 - CMSIS Pack Vendor :STMicroelectronics ThreadX 0.0.2
2024-11-16 01:30:52,408 [INFO] ThirdParty:1030 - CMSIS Pack Vendor :WES I-CUBE-Cesium 1.3.0
2024-11-16 01:30:52,408 [INFO] ThirdParty:1030 - CMSIS Pack Vendor :STMicroelectronics FP-ATR-ASTRA1 2.0.0
2024-11-16 01:30:52,408 [INFO] ThirdParty:1030 - CMSIS Pack Vendor :STMicroelectronics lwIP 2.1.2
2024-11-16 01:30:52,408 [INFO] ThirdParty:1030 - CMSIS Pack Vendor :STMicroelectronics X-CUBE-SFXS2LP1 4.0.0
2024-11-16 01:30:52,408 [INFO] ThirdParty:1030 - CMSIS Pack Vendor :STMicroelectronics X-CUBE-BLE2 3.3.0
2024-11-16 01:30:52,408 [INFO] ThirdParty:1030 - CMSIS Pack Vendor :STMicroelectronics X-CUBE-TOF1 3.4.1
2024-11-16 01:30:52,408 [INFO] ThirdParty:1030 - CMSIS Pack Vendor :STMicroelectronics X-CUBE-AZRTOS-H7 3.2.0
2024-11-16 01:30:52,408 [INFO] ThirdParty:1030 - CMSIS Pack Vendor :Infineon AIROC-Wi-Fi-Bluetooth-STM32 1.6.0
2024-11-16 01:30:52,408 [INFO] ThirdParty:1030 - CMSIS Pack Vendor :STMicroelectronics PDM2PCM 3.2.0
2024-11-16 01:30:52,408 [INFO] ThirdParty:1030 - CMSIS Pack Vendor :wolfSSL I-CUBE-wolfSSH 1.4.17
2024-11-16 01:30:52,408 [INFO] ThirdParty:841 - exiting critical section [change project]
2024-11-16 01:30:52,565 [INFO] PinOutPanel:1561 - setPackage(No Configuration,No Configuration)
2024-11-16 01:30:52,567 [INFO] PinOutPanel:1561 - setPackage(STM32F746ZGTx,LQFP144)
2024-11-16 01:30:52,927 [INFO] UtilMem:75 - Before build in PCC Used Memory: 631798048 Bytes (879755264)
2024-11-16 01:30:53,049 [INFO] UtilMem:75 - After build in PCC Used Memory: 680032544 Bytes (879755264)
2024-11-16 01:30:53,067 [INFO] IPUIPlugin:80 - create IPUIPlugin
2024-11-16 01:30:53,067 [INFO] IPUIPlugin:80 - create IPUIPlugin
2024-11-16 01:30:53,067 [INFO] IPUIPlugin:80 - create IPUIPlugin
2024-11-16 01:30:53,067 [INFO] IPUIPlugin:80 - create IPUIPlugin
2024-11-16 01:30:53,067 [INFO] IPUIPlugin:80 - create IPUIPlugin
2024-11-16 01:30:53,068 [INFO] IPUIPlugin:80 - create IPUIPlugin
2024-11-16 01:30:53,068 [INFO] IPUIPlugin:80 - create IPUIPlugin
2024-11-16 01:30:53,068 [INFO] IPUIPlugin:80 - create IPUIPlugin
2024-11-16 01:30:53,068 [INFO] IPUIPlugin:80 - create IPUIPlugin
2024-11-16 01:30:53,068 [INFO] IPUIPlugin:80 - create IPUIPlugin
2024-11-16 01:30:53,068 [INFO] IPUIPlugin:80 - create IPUIPlugin
2024-11-16 01:30:53,068 [INFO] IPUIPlugin:80 - create IPUIPlugin
2024-11-16 01:30:53,068 [INFO] IPUIPlugin:80 - create IPUIPlugin
2024-11-16 01:30:53,068 [INFO] IPUIPlugin:80 - create IPUIPlugin
2024-11-16 01:30:53,068 [INFO] IPUIPlugin:80 - create IPUIPlugin
2024-11-16 01:30:53,068 [INFO] IPUIPlugin:80 - create IPUIPlugin
2024-11-16 01:30:53,068 [INFO] IPUIPlugin:80 - create IPUIPlugin
2024-11-16 01:30:53,068 [INFO] IPUIPlugin:80 - create IPUIPlugin
2024-11-16 01:30:53,068 [INFO] IPUIPlugin:80 - create IPUIPlugin
2024-11-16 01:30:53,068 [INFO] IPUIPlugin:80 - create IPUIPlugin
2024-11-16 01:30:53,068 [INFO] IPUIPlugin:80 - create IPUIPlugin
2024-11-16 01:30:53,068 [INFO] IPUIPlugin:80 - create IPUIPlugin
2024-11-16 01:30:53,068 [INFO] IPUIPlugin:80 - create IPUIPlugin
2024-11-16 01:30:53,068 [INFO] IPUIPlugin:80 - create IPUIPlugin
2024-11-16 01:30:53,069 [INFO] IPUIPlugin:80 - create IPUIPlugin
2024-11-16 01:30:53,069 [INFO] IPUIPlugin:80 - create IPUIPlugin
2024-11-16 01:30:53,069 [INFO] IPUIPlugin:80 - create IPUIPlugin
2024-11-16 01:30:53,069 [INFO] IPUIPlugin:80 - create IPUIPlugin
2024-11-16 01:30:53,069 [INFO] IPUIPlugin:80 - create IPUIPlugin
2024-11-16 01:30:53,069 [INFO] IPUIPlugin:80 - create IPUIPlugin
2024-11-16 01:30:53,069 [INFO] IPUIPlugin:80 - create IPUIPlugin
2024-11-16 01:30:53,070 [INFO] IPUIPlugin:80 - create IPUIPlugin
2024-11-16 01:30:53,070 [INFO] IPUIPlugin:80 - create IPUIPlugin
2024-11-16 01:30:53,070 [INFO] IPUIPlugin:80 - create IPUIPlugin
2024-11-16 01:30:53,070 [INFO] IPUIPlugin:80 - create IPUIPlugin
2024-11-16 01:30:53,070 [INFO] IPUIPlugin:80 - create IPUIPlugin
2024-11-16 01:30:53,070 [INFO] IPUIPlugin:80 - create IPUIPlugin
2024-11-16 01:30:53,070 [INFO] IPUIPlugin:80 - create IPUIPlugin
2024-11-16 01:30:53,070 [INFO] IPUIPlugin:80 - create IPUIPlugin
2024-11-16 01:30:53,071 [INFO] IPUIPlugin:80 - create IPUIPlugin
2024-11-16 01:30:53,071 [INFO] IPUIPlugin:80 - create IPUIPlugin
2024-11-16 01:30:53,071 [INFO] IPUIPlugin:80 - create IPUIPlugin
2024-11-16 01:30:53,071 [INFO] IPUIPlugin:80 - create IPUIPlugin
2024-11-16 01:30:53,072 [INFO] IPUIPlugin:80 - create IPUIPlugin
2024-11-16 01:30:53,072 [INFO] IPUIPlugin:80 - create IPUIPlugin
2024-11-16 01:30:53,072 [INFO] IPUIPlugin:80 - create IPUIPlugin
2024-11-16 01:30:53,072 [INFO] IPUIPlugin:80 - create IPUIPlugin
2024-11-16 01:30:53,072 [INFO] IPUIPlugin:80 - create IPUIPlugin
2024-11-16 01:30:53,072 [INFO] IPUIPlugin:80 - create IPUIPlugin
2024-11-16 01:30:53,073 [INFO] IPUIPlugin:80 - create IPUIPlugin
2024-11-16 01:30:53,073 [INFO] IPUIPlugin:80 - create IPUIPlugin
2024-11-16 01:30:53,073 [INFO] IPUIPlugin:80 - create IPUIPlugin
2024-11-16 01:30:53,073 [INFO] IPUIPlugin:80 - create IPUIPlugin
2024-11-16 01:30:53,073 [INFO] IPUIPlugin:80 - create IPUIPlugin
2024-11-16 01:30:53,074 [INFO] IPUIPlugin:80 - create IPUIPlugin
2024-11-16 01:30:53,074 [INFO] IPUIPlugin:80 - create IPUIPlugin
2024-11-16 01:30:53,074 [INFO] IPUIPlugin:80 - create IPUIPlugin
2024-11-16 01:30:53,074 [INFO] IPUIPlugin:80 - create IPUIPlugin
2024-11-16 01:30:53,074 [INFO] IPUIPlugin:80 - create IPUIPlugin
2024-11-16 01:30:53,075 [INFO] IPUIPlugin:80 - create IPUIPlugin
2024-11-16 01:30:53,075 [INFO] IPUIPlugin:80 - create IPUIPlugin
2024-11-16 01:30:53,075 [INFO] IPUIPlugin:80 - create IPUIPlugin
2024-11-16 01:30:53,075 [INFO] IPUIPlugin:80 - create IPUIPlugin
2024-11-16 01:30:53,076 [INFO] IPUIPlugin:80 - create IPUIPlugin
2024-11-16 01:30:53,076 [INFO] IPUIPlugin:80 - create IPUIPlugin
2024-11-16 01:30:53,077 [INFO] IPUIPlugin:80 - create IPUIPlugin
2024-11-16 01:30:53,077 [INFO] IPUIPlugin:80 - create IPUIPlugin
2024-11-16 01:30:53,077 [INFO] IPUIPlugin:80 - create IPUIPlugin
2024-11-16 01:30:53,078 [INFO] IPUIPlugin:80 - create IPUIPlugin
2024-11-16 01:30:53,078 [INFO] IPUIPlugin:80 - create IPUIPlugin
2024-11-16 01:30:53,079 [INFO] IPUIPlugin:80 - create IPUIPlugin
2024-11-16 01:30:53,079 [INFO] IPUIPlugin:80 - create IPUIPlugin
2024-11-16 01:30:53,080 [INFO] IPUIPlugin:80 - create IPUIPlugin
2024-11-16 01:30:53,080 [INFO] IPUIPlugin:80 - create IPUIPlugin
2024-11-16 01:30:53,084 [INFO] ApiDbMcu:508 - Load IP Config File for PDM2PCM
2024-11-16 01:30:53,124 [INFO] CADModel:165 - CPN selected for project levelSTM32F746ZGT6
2024-11-16 01:30:53,124 [INFO] CADModel:114 - Register for checkConnection events
2024-11-16 01:30:53,176 [INFO] OpenFileManager:363 - Restore cursor
2024-11-16 01:31:14,604 [INFO] Gpio:277 - dependency for GPIO [RCC, SYS, USART3]
2024-11-16 01:31:28,969 [INFO] Gpio:277 - dependency for GPIO [RCC, SYS, USART3]
2024-11-16 01:31:31,624 [INFO] Gpio:277 - dependency for GPIO [RCC, SYS, USART3]
2024-11-16 01:31:56,669 [INFO] UtilMem:75 - End SaveConfig() Used Memory: 648855512 Bytes (1005584384)
2024-11-16 01:37:55,002 [INFO] UtilMem:75 - End SaveConfig() Used Memory: 362955808 Bytes (954204160)
2024-11-16 01:37:55,470 [INFO] BlockDiagram:2766 - set Specific Code input for plugin: SYS
2024-11-16 01:37:55,470 [INFO] BlockDiagram:2766 - set Specific Code input for plugin: RCC
2024-11-16 01:37:55,470 [INFO] BlockDiagram:2766 - set Specific Code input for plugin: NVIC
2024-11-16 01:37:55,470 [INFO] BlockDiagram:2766 - set Specific Code input for plugin: USART
2024-11-16 01:37:55,471 [INFO] BlockDiagram:2766 - set Specific Code input for plugin: GPIO
2024-11-16 01:37:55,472 [INFO] CodeGenerator:807 - code generatio: config db path: C:\ST\STM32CubeIDE_1.15.1\STM32CubeIDE\plugins\com.st.stm32cube.common.mx_6.12.1.202409122256\\db\
2024-11-16 01:37:55,723 [INFO] CodeEngine:255 - oldGeneratedFile, C:\Users\Grzegorz\OneDrive\Pulpit\NUCLEO-F746ZG-Examples-ver-2024-25-main\L02_Example\MXTmpFiles\license.tmp_save
2024-11-16 01:37:56,285 [INFO] CodeEngine:279 - Generated code: C:\Users\Grzegorz\OneDrive\Pulpit\NUCLEO-F746ZG-Examples-ver-2024-25-main\L02_Example\MXTmpFiles\license.tmp
2024-11-16 01:37:56,436 [INFO] CodeEngine:255 - oldGeneratedFile, C:\Users\Grzegorz\OneDrive\Pulpit\NUCLEO-F746ZG-Examples-ver-2024-25-main\L02_Example\Core\Src\gpio.c_save
2024-11-16 01:37:56,658 [INFO] CodeEngine:279 - Generated code: C:\Users\Grzegorz\OneDrive\Pulpit\NUCLEO-F746ZG-Examples-ver-2024-25-main\L02_Example\Core\Src\gpio.c
2024-11-16 01:37:56,698 [INFO] CodeEngine:255 - oldGeneratedFile, C:\Users\Grzegorz\OneDrive\Pulpit\NUCLEO-F746ZG-Examples-ver-2024-25-main\L02_Example\Core\Inc\gpio.h_save
2024-11-16 01:37:56,857 [INFO] CodeEngine:279 - Generated code: C:\Users\Grzegorz\OneDrive\Pulpit\NUCLEO-F746ZG-Examples-ver-2024-25-main\L02_Example\Core\Inc\gpio.h
2024-11-16 01:37:57,141 [INFO] CodeEngine:255 - oldGeneratedFile, C:\Users\Grzegorz\OneDrive\Pulpit\NUCLEO-F746ZG-Examples-ver-2024-25-main\L02_Example\MXTmpFiles\cortex.tmp_save
2024-11-16 01:37:57,244 [INFO] CodeEngine:279 - Generated code: C:\Users\Grzegorz\OneDrive\Pulpit\NUCLEO-F746ZG-Examples-ver-2024-25-main\L02_Example\MXTmpFiles\cortex.tmp
2024-11-16 01:37:57,297 [INFO] CodeEngine:255 - oldGeneratedFile, C:\Users\Grzegorz\OneDrive\Pulpit\NUCLEO-F746ZG-Examples-ver-2024-25-main\L02_Example\Core\Src\usart.c_save
2024-11-16 01:37:57,514 [INFO] CodeEngine:279 - Generated code: C:\Users\Grzegorz\OneDrive\Pulpit\NUCLEO-F746ZG-Examples-ver-2024-25-main\L02_Example\Core\Src\usart.c
2024-11-16 01:37:57,552 [INFO] CodeEngine:255 - oldGeneratedFile, C:\Users\Grzegorz\OneDrive\Pulpit\NUCLEO-F746ZG-Examples-ver-2024-25-main\L02_Example\Core\Inc\usart.h_save
2024-11-16 01:37:57,727 [INFO] CodeEngine:279 - Generated code: C:\Users\Grzegorz\OneDrive\Pulpit\NUCLEO-F746ZG-Examples-ver-2024-25-main\L02_Example\Core\Inc\usart.h
2024-11-16 01:37:57,783 [INFO] CodeEngine:255 - oldGeneratedFile, C:\Users\Grzegorz\OneDrive\Pulpit\NUCLEO-F746ZG-Examples-ver-2024-25-main\L02_Example\Core\Src\stm32f7xx_it.c_save
2024-11-16 01:37:57,964 [INFO] CodeEngine:279 - Generated code: C:\Users\Grzegorz\OneDrive\Pulpit\NUCLEO-F746ZG-Examples-ver-2024-25-main\L02_Example\Core\Src\stm32f7xx_it.c
2024-11-16 01:37:57,990 [INFO] CodeEngine:255 - oldGeneratedFile, C:\Users\Grzegorz\OneDrive\Pulpit\NUCLEO-F746ZG-Examples-ver-2024-25-main\L02_Example\Core\Inc\stm32f7xx_it.h_save
2024-11-16 01:37:58,081 [INFO] CodeEngine:279 - Generated code: C:\Users\Grzegorz\OneDrive\Pulpit\NUCLEO-F746ZG-Examples-ver-2024-25-main\L02_Example\Core\Inc\stm32f7xx_it.h
2024-11-16 01:37:58,130 [INFO] CodeEngine:255 - oldGeneratedFile, C:\Users\Grzegorz\OneDrive\Pulpit\NUCLEO-F746ZG-Examples-ver-2024-25-main\L02_Example\Core\Src\stm32f7xx_hal_msp.c_save
2024-11-16 01:37:58,241 [INFO] CodeEngine:279 - Generated code: C:\Users\Grzegorz\OneDrive\Pulpit\NUCLEO-F746ZG-Examples-ver-2024-25-main\L02_Example\Core\Src\stm32f7xx_hal_msp.c
2024-11-16 01:37:58,258 [INFO] CodeEngine:255 - oldGeneratedFile, C:\Users\Grzegorz\OneDrive\Pulpit\NUCLEO-F746ZG-Examples-ver-2024-25-main\L02_Example\MXTmpFiles\system.tmp_save
2024-11-16 01:37:58,358 [INFO] CodeEngine:279 - Generated code: C:\Users\Grzegorz\OneDrive\Pulpit\NUCLEO-F746ZG-Examples-ver-2024-25-main\L02_Example\MXTmpFiles\system.tmp
2024-11-16 01:37:58,406 [INFO] CodeEngine:311 - oldGeneratedFile, C:\Users\Grzegorz\OneDrive\Pulpit\NUCLEO-F746ZG-Examples-ver-2024-25-main\L02_Example\Core\Inc\stm32f7xx_hal_conf.h_save
2024-11-16 01:37:58,529 [INFO] CodeEngine:335 - Generated code: C:\Users\Grzegorz\OneDrive\Pulpit\NUCLEO-F746ZG-Examples-ver-2024-25-main\L02_Example\Core\Inc\stm32f7xx_hal_conf.h
2024-11-16 01:37:58,645 [INFO] CodeEngine:255 - oldGeneratedFile, C:\Users\Grzegorz\OneDrive\Pulpit\NUCLEO-F746ZG-Examples-ver-2024-25-main\L02_Example\Core\Inc\main.h_save
2024-11-16 01:37:58,818 [INFO] CodeEngine:279 - Generated code: C:\Users\Grzegorz\OneDrive\Pulpit\NUCLEO-F746ZG-Examples-ver-2024-25-main\L02_Example\Core\Inc\main.h
2024-11-16 01:37:58,847 [INFO] CodeEngine:255 - oldGeneratedFile, C:\Users\Grzegorz\OneDrive\Pulpit\NUCLEO-F746ZG-Examples-ver-2024-25-main\L02_Example\Core\Src\main.c_save
2024-11-16 01:37:59,026 [INFO] CodeEngine:279 - Generated code: C:\Users\Grzegorz\OneDrive\Pulpit\NUCLEO-F746ZG-Examples-ver-2024-25-main\L02_Example\Core\Src\main.c
2024-11-16 01:37:59,514 [INFO] ProjectBuilder:3249 - Time for Copy HAL[1] : 242mS.
2024-11-16 01:37:59,520 [INFO] ProjectBuilder:4828 - Project Generator version: 4.5.0-B34
2024-11-16 01:37:59,756 [INFO] ConfigFileManager:1531 - The Die is : DIE449
2024-11-16 01:37:59,777 [INFO] ApiDbMcu:508 - Load IP Config File for FATFS
2024-11-16 01:37:59,794 [INFO] ApiDbMcu:508 - Load IP Config File for FREERTOS
2024-11-16 01:37:59,808 [INFO] ApiDbMcu:508 - Load IP Config File for LIBJPEG
2024-11-16 01:37:59,826 [INFO] ApiDbMcu:508 - Load IP Config File for LWIP
2024-11-16 01:37:59,843 [INFO] ApiDbMcu:508 - Load IP Config File for MBEDTLS
2024-11-16 01:37:59,862 [INFO] ApiDbMcu:508 - Load IP Config File for USB_DEVICE
2024-11-16 01:37:59,879 [INFO] ApiDbMcu:508 - Load IP Config File for USB_HOST
