2024-05-13 13:37:21,073 [INFO] Activator:176 - 


2024-05-13 13:37:21,074 [INFO] Activator:177 - !SESSION log4j initialized
2024-05-13 13:37:23,831 [INFO] LogOutputStream:77 - [STDOUT_REDIRECT] 
2024-05-13 13:37:26,592 [INFO] ApplicationProperties:184 - Using Application install path: C:\ST\STM32CubeIDE_1.15.1\STM32CubeIDE\plugins\com.st.stm32cube.common.mx_6.11.1.202404110753
2024-05-13 13:37:26,611 [INFO] DbMcusXml:78 - Set database path to: C:\ST\STM32CubeIDE_1.15.1\STM32CubeIDE\plugins\com.st.stm32cube.common.mx_6.11.1.202404110753\\db\/mcu/
2024-05-13 13:37:26,611 [INFO] ApiDb:274 - Set plugin database path to: C:\ST\STM32CubeIDE_1.15.1\STM32CubeIDE\plugins\com.st.stm32cube.common.mx_6.11.1.202404110753\\db\/plugins/boardmanager/
2024-05-13 13:37:26,612 [WARN] ApiDb:259 - Overriding images path with different value:  => C:\ST\STM32CubeIDE_1.15.1\STM32CubeIDE\plugins\com.st.stm32cube.common.mx_6.11.1.202404110753\\db\/plugins/mcufinder/images/
2024-05-13 13:37:26,625 [INFO] ApiDb:250 - Set database path to: C:\Users\Grzegorz\.stmcufinder\plugins\mcufinder//mcu/
2024-05-13 13:37:26,626 [INFO] DbMcusAds:125 - Set database path to: C:\Users\Grzegorz\.stmcufinder\plugins\mcufinder//mcu/
2024-05-13 13:37:26,628 [INFO] CrossReferenceDbSqlite:203 - Set database path to: C:\Users\Grzegorz\.stmcufinder\plugins\mcufinder//mcu/cs/
2024-05-13 13:37:26,721 [INFO] RulesReader:64 - Compatibility file has been processed (297 Rules)
2024-05-13 13:37:26,783 [INFO] DbMcusXml:78 - Set database path to: C:\ST\STM32CubeIDE_1.15.1\STM32CubeIDE\plugins\com.st.stm32cube.common.mx_6.11.1.202404110753\\db\/mcu/
2024-05-13 13:37:26,784 [INFO] ApiDb:274 - Set plugin database path to: C:\ST\STM32CubeIDE_1.15.1\STM32CubeIDE\plugins\com.st.stm32cube.common.mx_6.11.1.202404110753\\db\/plugins/boardmanager/
2024-05-13 13:37:26,784 [INFO] ApiDb:261 - Set plugin images path to: C:\ST\STM32CubeIDE_1.15.1\STM32CubeIDE\plugins\com.st.stm32cube.common.mx_6.11.1.202404110753\\db\/plugins/mcufinder/images/
2024-05-13 13:37:26,784 [WARN] DbFile:41 - Overriding database path with different value: C:\Users\Grzegorz\.stmcufinder\plugins\mcufinder/ => C:\Users\Grzegorz\.stmcufinder\plugins\mcufinder
2024-05-13 13:37:26,784 [INFO] ApiDb:250 - Set database path to: C:\Users\Grzegorz\.stmcufinder\plugins\mcufinder//mcu/
2024-05-13 13:37:26,784 [WARN] DbFile:41 - Overriding database path with different value: C:\Users\Grzegorz\.stmcufinder\plugins\mcufinder/ => C:\Users\Grzegorz\.stmcufinder\plugins\mcufinder
2024-05-13 13:37:26,784 [INFO] DbMcusAds:125 - Set database path to: C:\Users\Grzegorz\.stmcufinder\plugins\mcufinder//mcu/
2024-05-13 13:37:26,784 [WARN] DbFile:41 - Overriding database path with different value: C:\Users\Grzegorz\.stmcufinder\plugins\mcufinder/ => C:\Users\Grzegorz\.stmcufinder\plugins\mcufinder
2024-05-13 13:37:26,784 [WARN] DbFile:41 - Overriding database path with different value: C:\Users\Grzegorz\.stmcufinder\plugins\mcufinder/ => C:\Users\Grzegorz\.stmcufinder\plugins\mcufinder
2024-05-13 13:37:26,784 [INFO] CrossReferenceDbSqlite:203 - Set database path to: C:\Users\Grzegorz\.stmcufinder\plugins\mcufinder//mcu/cs/
2024-05-13 13:37:26,843 [INFO] MainPanel:264 - HeapMemory: 268435456
2024-05-13 13:37:26,897 [INFO] DbMcusXml:78 - Set database path to: C:\ST\STM32CubeIDE_1.15.1\STM32CubeIDE\plugins\com.st.stm32cube.common.mx_6.11.1.202404110753\\db\/mcu/
2024-05-13 13:37:26,897 [INFO] ApiDb:274 - Set plugin database path to: C:\ST\STM32CubeIDE_1.15.1\STM32CubeIDE\plugins\com.st.stm32cube.common.mx_6.11.1.202404110753\\db\/plugins/boardmanager/
2024-05-13 13:37:26,897 [INFO] ApiDb:261 - Set plugin images path to: C:\ST\STM32CubeIDE_1.15.1\STM32CubeIDE\plugins\com.st.stm32cube.common.mx_6.11.1.202404110753\\db\/plugins/mcufinder/images/
2024-05-13 13:37:26,898 [WARN] DbFile:41 - Overriding database path with different value: C:\Users\Grzegorz\.stmcufinder\plugins\mcufinder/ => C:\Users\Grzegorz\.stmcufinder\plugins\mcufinder
2024-05-13 13:37:26,898 [INFO] ApiDb:250 - Set database path to: C:\Users\Grzegorz\.stmcufinder\plugins\mcufinder//mcu/
2024-05-13 13:37:26,898 [WARN] DbFile:41 - Overriding database path with different value: C:\Users\Grzegorz\.stmcufinder\plugins\mcufinder/ => C:\Users\Grzegorz\.stmcufinder\plugins\mcufinder
2024-05-13 13:37:26,898 [INFO] DbMcusAds:125 - Set database path to: C:\Users\Grzegorz\.stmcufinder\plugins\mcufinder//mcu/
2024-05-13 13:37:26,898 [WARN] DbFile:41 - Overriding database path with different value: C:\Users\Grzegorz\.stmcufinder\plugins\mcufinder/ => C:\Users\Grzegorz\.stmcufinder\plugins\mcufinder
2024-05-13 13:37:26,898 [WARN] DbFile:41 - Overriding database path with different value: C:\Users\Grzegorz\.stmcufinder\plugins\mcufinder/ => C:\Users\Grzegorz\.stmcufinder\plugins\mcufinder
2024-05-13 13:37:26,898 [INFO] CrossReferenceDbSqlite:203 - Set database path to: C:\Users\Grzegorz\.stmcufinder\plugins\mcufinder//mcu/cs/
2024-05-13 13:37:26,911 [INFO] ApplicationProperties:184 - Using Application install path: C:\ST\STM32CubeIDE_1.15.1\STM32CubeIDE\plugins\com.st.stm32cube.common.mx_6.11.1.202404110753
2024-05-13 13:37:26,912 [INFO] PluginManage:196 - Search for loadable plugins [exclusion list=, ]
2024-05-13 13:37:26,913 [INFO] PluginManage:310 - Check plugin analytics
2024-05-13 13:37:27,080 [INFO] AnalyticsPlugin:253 - Accepted Software Licenses: STM32CubeMX.6.11.1
2024-05-13 13:37:27,080 [INFO] AnalyticsPlugin:255 - Accepted CMSIS Pack Licenses: 
2024-05-13 13:37:27,081 [INFO] AnalyticsPlugin:257 - Accepted Firmware Licenses: 
2024-05-13 13:37:27,083 [INFO] PluginManage:359 - Loaded plugin analytics (category:tool,tabindex:-1)
2024-05-13 13:37:27,083 [INFO] PluginManage:310 - Check plugin cadmodel
2024-05-13 13:37:27,088 [INFO] CADModel:105 - Init CAD model plugin
2024-05-13 13:37:27,088 [INFO] PluginManage:359 - Loaded plugin cadmodel (category:power,tabindex:5)
2024-05-13 13:37:27,089 [INFO] PluginManage:310 - Check plugin clock
2024-05-13 13:37:27,100 [INFO] PluginManage:359 - Loaded plugin clock (category:base,tabindex:2)
2024-05-13 13:37:27,100 [INFO] PluginManage:310 - Check plugin ddr
2024-05-13 13:37:27,103 [INFO] PluginManage:359 - Loaded plugin ddr (category:tool,tabindex:6)
2024-05-13 13:37:27,104 [INFO] PluginManage:310 - Check plugin filemanager
2024-05-13 13:37:27,269 [INFO] PluginManage:359 - Loaded plugin filemanager (category:base,tabindex:10)
2024-05-13 13:37:27,270 [INFO] PluginManage:310 - Check plugin ipmanager
2024-05-13 13:37:27,277 [INFO] PluginManage:359 - Loaded plugin ipmanager (category:base,tabindex:5)
2024-05-13 13:37:27,278 [INFO] PluginManage:310 - Check plugin lpbam
2024-05-13 13:37:27,304 [INFO] PluginManage:359 - Loaded plugin lpbam (category:base,tabindex:0)
2024-05-13 13:37:27,304 [INFO] PluginManage:310 - Check plugin memorymap
2024-05-13 13:37:27,322 [INFO] PluginManage:359 - Loaded plugin memorymap (category:base,tabindex:4)
2024-05-13 13:37:27,322 [INFO] PluginManage:310 - Check plugin pinoutandconfiguration
2024-05-13 13:37:27,330 [INFO] PluginManage:359 - Loaded plugin pinoutandconfiguration (category:base,tabindex:1)
2024-05-13 13:37:27,330 [INFO] PluginManage:310 - Check plugin pinoutconfig
2024-05-13 13:37:27,432 [WARN] SupportedApi:132 - Cannot load RTOS API schema: s4s-elt-must-match.1: The content of 'definitions' must match (annotation?, (simpleType | complexType)?, (unique | key | keyref)*)). A problem was found starting at: attribute.
2024-05-13 13:37:27,555 [INFO] PluginManage:359 - Loaded plugin pinoutconfig (category:base,tabindex:0)
2024-05-13 13:37:27,555 [INFO] PluginManage:310 - Check plugin power
2024-05-13 13:37:27,563 [INFO] PluginManage:359 - Loaded plugin power (category:power,tabindex:4)
2024-05-13 13:37:27,563 [INFO] PluginManage:310 - Check plugin projectmanager
2024-05-13 13:37:27,579 [INFO] PluginManage:359 - Loaded plugin projectmanager (category:projectmanager,tabindex:3)
2024-05-13 13:37:27,579 [INFO] PluginManage:310 - Check plugin thirdparty
2024-05-13 13:37:27,717 [INFO] PluginManage:359 - Loaded plugin thirdparty (category:base,tabindex:-1)
2024-05-13 13:37:27,717 [INFO] PluginManage:310 - Check plugin tools
2024-05-13 13:37:27,717 [WARN] IntegrityCheckThread:84 - waiting for thirdparty lock release [integrity check]
2024-05-13 13:37:27,717 [INFO] IntegrityCheckThread:86 - entering critical section [integrity check]
2024-05-13 13:37:27,718 [INFO] ThirdPartyUpdaterWithRetryManager:70 - Updater plugin not ready yet. [1/15]
2024-05-13 13:37:27,721 [INFO] PluginManage:359 - Loaded plugin tools (category:base,tabindex:7)
2024-05-13 13:37:27,721 [INFO] PluginManage:310 - Check plugin tutovideos
2024-05-13 13:37:27,924 [INFO] PluginManage:359 - Loaded plugin tutovideos (category:base,tabindex:-1)
2024-05-13 13:37:27,924 [INFO] PluginManage:310 - Check plugin updater
2024-05-13 13:37:27,943 [INFO] PluginManage:359 - Loaded plugin updater (category:base,tabindex:12)
2024-05-13 13:37:27,944 [INFO] PluginManage:310 - Check plugin userauth
2024-05-13 13:37:27,951 [INFO] UserAuth:114 - Init User Auth plugin
2024-05-13 13:37:27,952 [INFO] PluginManage:359 - Loaded plugin userauth (category:base,tabindex:14)
2024-05-13 13:37:27,952 [INFO] PluginManage:283 - PluginManage : Loaded plugins [17]
2024-05-13 13:37:28,244 [INFO] PinOutPanel:1561 - setPackage(No Configuration,No Configuration)
2024-05-13 13:37:28,414 [INFO] CADModel:165 - CPN selected for project level
2024-05-13 13:37:28,414 [INFO] CADModel:114 - Register for checkConnection events
2024-05-13 13:37:28,449 [INFO] IPUIPlugin:80 - create IPUIPlugin
2024-05-13 13:37:28,449 [INFO] PluginManager:220 - loadIPPluginJar : add adc
2024-05-13 13:37:28,456 [INFO] IPUIPlugin:80 - create IPUIPlugin
2024-05-13 13:37:28,457 [INFO] PluginManager:220 - loadIPPluginJar : add aes
2024-05-13 13:37:28,460 [INFO] IPUIPlugin:80 - create IPUIPlugin
2024-05-13 13:37:28,460 [INFO] PluginManager:220 - loadIPPluginJar : add can
2024-05-13 13:37:28,463 [INFO] IPUIPlugin:80 - create IPUIPlugin
2024-05-13 13:37:28,463 [INFO] PluginManager:220 - loadIPPluginJar : add comp
2024-05-13 13:37:28,472 [INFO] IPUIPlugin:80 - create IPUIPlugin
2024-05-13 13:37:28,473 [INFO] PluginManager:220 - loadIPPluginJar : add cryp
2024-05-13 13:37:28,477 [INFO] IPUIPlugin:80 - create IPUIPlugin
2024-05-13 13:37:28,477 [INFO] PluginManager:220 - loadIPPluginJar : add dfsdm
2024-05-13 13:37:28,489 [INFO] IPUIPlugin:80 - create IPUIPlugin
2024-05-13 13:37:28,489 [INFO] PluginManager:220 - loadIPPluginJar : add dma
2024-05-13 13:37:28,492 [INFO] IPUIPlugin:80 - create IPUIPlugin
2024-05-13 13:37:28,493 [INFO] PluginManager:220 - loadIPPluginJar : add dma3
2024-05-13 13:37:28,496 [INFO] IPUIPlugin:80 - create IPUIPlugin
2024-05-13 13:37:28,496 [INFO] PluginManager:220 - loadIPPluginJar : add extmemmanager
2024-05-13 13:37:28,499 [INFO] IPUIPlugin:80 - create IPUIPlugin
2024-05-13 13:37:28,499 [INFO] PluginManager:220 - loadIPPluginJar : add fatfs
2024-05-13 13:37:28,509 [INFO] IPUIPlugin:80 - create IPUIPlugin
2024-05-13 13:37:28,509 [INFO] PluginManager:220 - loadIPPluginJar : add fmc
2024-05-13 13:37:28,516 [INFO] IPUIPlugin:80 - create IPUIPlugin
2024-05-13 13:37:28,517 [INFO] PluginManager:220 - loadIPPluginJar : add freertos
2024-05-13 13:37:28,521 [INFO] IPUIPlugin:80 - create IPUIPlugin
2024-05-13 13:37:28,521 [INFO] PluginManager:220 - loadIPPluginJar : add genericplugin
2024-05-13 13:37:28,524 [INFO] IPUIPlugin:80 - create IPUIPlugin
2024-05-13 13:37:28,524 [INFO] PluginManager:220 - loadIPPluginJar : add gfxmmu
2024-05-13 13:37:28,530 [INFO] IPUIPlugin:80 - create IPUIPlugin
2024-05-13 13:37:28,530 [INFO] PluginManager:220 - loadIPPluginJar : add gic
2024-05-13 13:37:28,537 [INFO] IPUIPlugin:80 - create IPUIPlugin
2024-05-13 13:37:28,538 [INFO] PluginManager:220 - loadIPPluginJar : add gpio
2024-05-13 13:37:28,540 [INFO] IPUIPlugin:80 - create IPUIPlugin
2024-05-13 13:37:28,540 [INFO] PluginManager:220 - loadIPPluginJar : add gtzc
2024-05-13 13:37:28,543 [INFO] IPUIPlugin:80 - create IPUIPlugin
2024-05-13 13:37:28,543 [INFO] PluginManager:220 - loadIPPluginJar : add hash
2024-05-13 13:37:28,545 [INFO] IPUIPlugin:80 - create IPUIPlugin
2024-05-13 13:37:28,545 [INFO] PluginManager:220 - loadIPPluginJar : add i2c
2024-05-13 13:37:28,548 [INFO] IPUIPlugin:80 - create IPUIPlugin
2024-05-13 13:37:28,548 [INFO] PluginManager:220 - loadIPPluginJar : add i2s
2024-05-13 13:37:28,551 [INFO] IPUIPlugin:80 - create IPUIPlugin
2024-05-13 13:37:28,551 [INFO] PluginManager:220 - loadIPPluginJar : add i3c
2024-05-13 13:37:28,555 [INFO] IPUIPlugin:80 - create IPUIPlugin
2024-05-13 13:37:28,555 [INFO] PluginManager:220 - loadIPPluginJar : add ipddr
2024-05-13 13:37:28,564 [INFO] IPUIPlugin:80 - create IPUIPlugin
2024-05-13 13:37:28,564 [INFO] PluginManager:220 - loadIPPluginJar : add linkedlist
2024-05-13 13:37:28,570 [INFO] IPUIPlugin:80 - create IPUIPlugin
2024-05-13 13:37:28,571 [INFO] PluginManager:220 - loadIPPluginJar : add lorawan
2024-05-13 13:37:28,573 [INFO] IPUIPlugin:80 - create IPUIPlugin
2024-05-13 13:37:28,574 [INFO] PluginManager:220 - loadIPPluginJar : add ltdc
2024-05-13 13:37:28,582 [INFO] IPUIPlugin:80 - create IPUIPlugin
2024-05-13 13:37:28,582 [INFO] PluginManager:220 - loadIPPluginJar : add mdma
2024-05-13 13:37:28,588 [INFO] IPUIPlugin:80 - create IPUIPlugin
2024-05-13 13:37:28,588 [INFO] PluginManager:220 - loadIPPluginJar : add nvic
2024-05-13 13:37:28,591 [INFO] IPUIPlugin:80 - create IPUIPlugin
2024-05-13 13:37:28,592 [INFO] PluginManager:220 - loadIPPluginJar : add opamp
2024-05-13 13:37:28,596 [INFO] IPUIPlugin:80 - create IPUIPlugin
2024-05-13 13:37:28,596 [INFO] PluginManager:220 - loadIPPluginJar : add openamp
2024-05-13 13:37:28,607 [INFO] IPUIPlugin:80 - create IPUIPlugin
2024-05-13 13:37:28,607 [INFO] PluginManager:220 - loadIPPluginJar : add pdm2pcm
2024-05-13 13:37:28,619 [INFO] IPUIPlugin:80 - create IPUIPlugin
2024-05-13 13:37:28,622 [INFO] PluginManager:220 - loadIPPluginJar : add plateformsettings
2024-05-13 13:37:28,624 [INFO] IPUIPlugin:80 - create IPUIPlugin
2024-05-13 13:37:28,624 [INFO] PluginManager:220 - loadIPPluginJar : add quadspi
2024-05-13 13:37:28,628 [INFO] IPUIPlugin:80 - create IPUIPlugin
2024-05-13 13:37:28,628 [INFO] PluginManager:220 - loadIPPluginJar : add resmgrutility
2024-05-13 13:37:28,631 [INFO] IPUIPlugin:80 - create IPUIPlugin
2024-05-13 13:37:28,632 [INFO] PluginManager:220 - loadIPPluginJar : add sai
2024-05-13 13:37:28,636 [INFO] IPUIPlugin:80 - create IPUIPlugin
2024-05-13 13:37:28,636 [INFO] PluginManager:220 - loadIPPluginJar : add spi
2024-05-13 13:37:28,643 [INFO] IPUIPlugin:80 - create IPUIPlugin
2024-05-13 13:37:28,643 [INFO] PluginManager:220 - loadIPPluginJar : add stm32_wpan
2024-05-13 13:37:28,646 [INFO] IPUIPlugin:80 - create IPUIPlugin
2024-05-13 13:37:28,646 [INFO] PluginManager:220 - loadIPPluginJar : add tim
2024-05-13 13:37:28,655 [INFO] IPUIPlugin:80 - create IPUIPlugin
2024-05-13 13:37:28,655 [INFO] PluginManager:220 - loadIPPluginJar : add touchsensing
2024-05-13 13:37:28,658 [INFO] IPUIPlugin:80 - create IPUIPlugin
2024-05-13 13:37:28,658 [INFO] PluginManager:220 - loadIPPluginJar : add tracer_emb
2024-05-13 13:37:28,661 [INFO] IPUIPlugin:80 - create IPUIPlugin
2024-05-13 13:37:28,661 [INFO] PluginManager:220 - loadIPPluginJar : add ts
2024-05-13 13:37:28,663 [INFO] IPUIPlugin:80 - create IPUIPlugin
2024-05-13 13:37:28,664 [INFO] PluginManager:220 - loadIPPluginJar : add tsc
2024-05-13 13:37:28,668 [INFO] IPUIPlugin:80 - create IPUIPlugin
2024-05-13 13:37:28,669 [INFO] PluginManager:220 - loadIPPluginJar : add ucpd
2024-05-13 13:37:28,673 [INFO] IPUIPlugin:80 - create IPUIPlugin
2024-05-13 13:37:28,673 [INFO] PluginManager:220 - loadIPPluginJar : add usart
2024-05-13 13:37:28,677 [INFO] IPUIPlugin:80 - create IPUIPlugin
2024-05-13 13:37:28,677 [INFO] PluginManager:220 - loadIPPluginJar : add usbx
2024-05-13 13:37:28,829 [INFO] CADModel:165 - CPN selected for project level
2024-05-13 13:37:28,829 [INFO] CADModel:114 - Register for checkConnection events
2024-05-13 13:37:28,829 [FATAL] Updater:308 - Updater called before beeing initialized
2024-05-13 13:37:28,829 [ERROR] CADModel:125 - Updater not yet initialized, retry later 
2024-05-13 13:37:28,994 [INFO] CADModel:165 - CPN selected for project level
2024-05-13 13:37:28,994 [INFO] CADModel:114 - Register for checkConnection events
2024-05-13 13:37:28,994 [FATAL] Updater:308 - Updater called before beeing initialized
2024-05-13 13:37:28,994 [ERROR] CADModel:125 - Updater not yet initialized, retry later 
2024-05-13 13:37:28,998 [FATAL] Updater:308 - Updater called before beeing initialized
2024-05-13 13:37:29,132 [FATAL] Updater:308 - Updater called before beeing initialized
2024-05-13 13:37:29,138 [INFO] DbMcusAds:53 - JSON generation date=Thu May 02 10:37:29 CEST 2024 (1714639049318)
2024-05-13 13:37:29,138 [FATAL] Updater:308 - Updater called before beeing initialized
2024-05-13 13:37:29,187 [WARN] DetailPanel:346 - Failed to get advertising image, set to default
2024-05-13 13:37:29,281 [FATAL] Updater:308 - Updater called before beeing initialized
2024-05-13 13:37:29,283 [FATAL] Updater:308 - Updater called before beeing initialized
2024-05-13 13:37:29,283 [FATAL] Updater:308 - Updater called before beeing initialized
2024-05-13 13:37:29,283 [WARN] DetailPanel:346 - Failed to get advertising image, set to default
2024-05-13 13:37:29,284 [FATAL] Updater:308 - Updater called before beeing initialized
2024-05-13 13:37:29,333 [ERROR] Updater:1120 - MainUpdater not yet initialized. External WinMGr cannot be set.
2024-05-13 13:37:29,335 [INFO] Updater:1056 - Updater Version found : 6.11.1
2024-05-13 13:37:29,358 [INFO] ApplicationProperties:184 - Using Application install path: C:\ST\STM32CubeIDE_1.15.1\STM32CubeIDE\plugins\com.st.stm32cube.common.mx_6.11.1.202404110753
2024-05-13 13:37:30,721 [INFO] ThirdPartyUpdaterWithRetryManager:70 - Updater plugin not ready yet. [2/15]
2024-05-13 13:37:30,933 [ERROR] LogOutputStream:75 - [STDERR_REDIRECT] May 13, 2024 1:37:30 PM java.util.prefs.WindowsPreferences <init>
2024-05-13 13:37:30,935 [ERROR] LogOutputStream:75 - [STDERR_REDIRECT] WARNING: Could not open/create prefs root node Software\JavaSoft\Prefs at root 0xffffffff80000002. Windows RegCreateKeyEx(...) returned error code 5.
2024-05-13 13:37:30,935 [ERROR] LogOutputStream:75 - [STDERR_REDIRECT] 
2024-05-13 13:37:31,246 [INFO] MainUpdater:2873 - connection check result : 10
2024-05-13 13:37:31,247 [INFO] MainUpdater:290 - Updater Check For Update Now.
2024-05-13 13:37:31,247 [INFO] MicroXplorer:498 - Change Database Version : DB.6.0.111
2024-05-13 13:37:31,252 [INFO] McuFinderGlobals:63 - Set McuFinder mode to 2 (CubeIDE integrated)
2024-05-13 13:37:31,265 [INFO] UserAuth:415 - Internet connection configuration mode: 1
2024-05-13 13:37:31,292 [INFO] JxBrowserEngine:152 - Initiate JxBrowser Engine with user profile folder
2024-05-13 13:37:31,452 [INFO] CheckServerUpdateThread:120 - End of CheckServer Thread
2024-05-13 13:37:33,964 [WARN] PackLoader:240 - Cannot read IP mode file for STMicroelectronics.FP-SNS-MOTENVWB1.1.4.0
2024-05-13 13:37:33,988 [WARN] PackLoader:240 - Cannot read IP mode file for STMicroelectronics.X-CUBE-SMBUS.2.1.0
2024-05-13 13:37:34,006 [WARN] PackLoader:240 - Cannot read IP mode file for STMicroelectronics.X-CUBE-TOUCHGFX.4.23.2
2024-05-13 13:37:34,061 [WARN] PackLoader:240 - Cannot read IP mode file for STMicroelectronics.X-CUBE-AZRTOS-F7.1.1.0
2024-05-13 13:37:34,085 [WARN] PackLoader:240 - Cannot read IP mode file for STMicroelectronics.FP-SNS-FLIGHT1.5.0.2
2024-05-13 13:37:34,149 [WARN] PackLoader:240 - Cannot read IP mode file for STMicroelectronics.X-CUBE-DISPLAY.3.0.0
2024-05-13 13:37:34,202 [WARN] PackLoader:240 - Cannot read IP mode file for STMicroelectronics.X-CUBE-BLE1.7.0.0
2024-05-13 13:37:34,221 [WARN] PackLoader:240 - Cannot read IP mode file for emotas.I-CUBE-CANOPEN.1.3.0
2024-05-13 13:37:34,304 [WARN] PackLoader:240 - Cannot read IP mode file for STMicroelectronics.X-CUBE-BLEMGR.3.1.0
2024-05-13 13:37:34,338 [WARN] PackLoader:240 - Cannot read IP mode file for STMicroelectronics.FP-SNS-SMARTAG2.1.2.0
2024-05-13 13:37:34,362 [INFO] LogOutputStream:77 - [STDOUT_REDIRECT] 1 : Invalid condition id : UX_CORESTACK_Condition cause : null
2024-05-13 13:37:34,363 [INFO] LogOutputStream:77 - [STDOUT_REDIRECT] 1 : Invalid condition id : UX_CORESTACK_Condition cause : null
2024-05-13 13:37:34,364 [INFO] LogOutputStream:77 - [STDOUT_REDIRECT] 1 : Invalid condition id : UX_CORESTACK_Condition cause : null
2024-05-13 13:37:34,366 [INFO] LogOutputStream:77 - [STDOUT_REDIRECT] 1 : Invalid condition id : UX_CORESTACK_Condition cause : null
2024-05-13 13:37:34,367 [INFO] LogOutputStream:77 - [STDOUT_REDIRECT] 1 : Invalid condition id : UX_CORESTACK_Condition cause : null
2024-05-13 13:37:34,371 [WARN] PackLoader:240 - Cannot read IP mode file for STMicroelectronics.X-CUBE-AZRTOS-WL.2.0.0
2024-05-13 13:37:34,387 [WARN] PackLoader:240 - Cannot read IP mode file for STMicroelectronics.FP-SNS-MOTENV1.5.0.0
2024-05-13 13:37:34,407 [WARN] PackLoader:240 - Cannot read IP mode file for WES.I-CUBE-Cesium.1.3.0
2024-05-13 13:37:34,422 [WARN] PackLoader:240 - Cannot read IP mode file for STMicroelectronics.X-CUBE-BLE2.3.3.0
2024-05-13 13:37:34,439 [WARN] PackLoader:240 - Cannot read IP mode file for STMicroelectronics.X-CUBE-TCPP.4.1.0
2024-05-13 13:37:34,456 [WARN] PackLoader:240 - Cannot read IP mode file for STMicroelectronics.X-CUBE-ALGOBUILD.1.3.0
2024-05-13 13:37:34,490 [WARN] PackLoader:240 - Cannot read IP mode file for STMicroelectronics.X-CUBE-AZRTOS-G0.1.1.0
2024-05-13 13:37:34,511 [WARN] PackLoader:240 - Cannot read IP mode file for STMicroelectronics.X-CUBE-SAFEA1.1.2.2
2024-05-13 13:37:34,528 [WARN] PackLoader:240 - Cannot read IP mode file for STMicroelectronics.X-CUBE-NFC4.3.0.0
2024-05-13 13:37:34,543 [WARN] PackLoader:240 - Cannot read IP mode file for wolfSSL.I-CUBE-wolfSSL.5.7.0
2024-05-13 13:37:34,557 [WARN] PackLoader:240 - Cannot read IP mode file for STMicroelectronics.FP-ATR-SIGFOX1.3.2.0
2024-05-13 13:37:34,576 [WARN] PackLoader:240 - Cannot read IP mode file for STMicroelectronics.X-CUBE-EEPRMA1.5.1.0
2024-05-13 13:37:34,594 [WARN] PackLoader:240 - Cannot read IP mode file for ITTIA_DB.I-CUBE-ITTIADB.8.9.0
2024-05-13 13:37:34,641 [WARN] PackLoader:240 - Cannot read IP mode file for SEGGER.I-CUBE-embOS.1.3.1
2024-05-13 13:37:34,701 [WARN] PackLoader:240 - Cannot read IP mode file for STMicroelectronics.X-CUBE-ALGOBUILD.1.4.0
2024-05-13 13:37:34,718 [WARN] PackLoader:240 - Cannot read IP mode file for STMicroelectronics.X-CUBE-GNSS1.6.0.0
2024-05-13 13:37:34,756 [WARN] PackLoader:240 - Cannot read IP mode file for STMicroelectronics.X-CUBE-AZRTOS-F4.1.1.0
2024-05-13 13:37:34,792 [WARN] PackLoader:240 - Cannot read IP mode file for STMicroelectronics.X-CUBE-FREERTOS.1.2.0
2024-05-13 13:37:34,842 [WARN] PackLoader:240 - Cannot read IP mode file for STMicroelectronics.X-CUBE-AZRTOS-L5.2.0.0
2024-05-13 13:37:34,865 [WARN] PackLoader:240 - Cannot read IP mode file for STMicroelectronics.X-CUBE-NFC6.3.1.0
2024-05-13 13:37:34,897 [WARN] PackLoader:240 - Cannot read IP mode file for STMicroelectronics.X-CUBE-AI.9.0.0
2024-05-13 13:37:34,913 [WARN] PackLoader:240 - Cannot read IP mode file for STMicroelectronics.X-CUBE-NFC7.1.0.1
2024-05-13 13:37:34,971 [WARN] ConditionMgr:438 - getConditionDescription Invalid condition id : LAN8742 Phy interface Condition cause : null
2024-05-13 13:37:34,972 [WARN] PackLoader:240 - Cannot read IP mode file for STMicroelectronics.X-CUBE-AZRTOS-L4.2.0.0
2024-05-13 13:37:34,974 [WARN] ConditionMgr:1039 - genDependencies : Invalid condition id : LAN8742 Phy interface Condition cause : null
2024-05-13 13:37:34,974 [WARN] ConditionMgr:1039 - genDependencies : Invalid condition id : LAN8742 Phy interface Condition cause : null
2024-05-13 13:37:34,975 [WARN] ConditionMgr:1039 - genDependencies : Invalid condition id : LAN8742 Phy interface Condition cause : null
2024-05-13 13:37:35,004 [WARN] PackLoader:240 - Cannot read IP mode file for STMicroelectronics.X-CUBE-SFXS2LP1.4.0.0
2024-05-13 13:37:35,045 [WARN] ConditionMgr:438 - getConditionDescription Invalid condition id : UX DEVICE CLASS RTOS Condition cause : null
2024-05-13 13:37:35,045 [WARN] ConditionMgr:438 - getConditionDescription Invalid condition id : UX DEVICE CLASS RTOS Condition cause : null
2024-05-13 13:37:35,053 [WARN] PackLoader:240 - Cannot read IP mode file for STMicroelectronics.X-CUBE-AZRTOS-WB.2.0.0
2024-05-13 13:37:35,053 [WARN] ConditionMgr:1039 - genDependencies : Invalid condition id : UX DEVICE CLASS RTOS Condition cause : null
2024-05-13 13:37:35,054 [WARN] ConditionMgr:1039 - genDependencies : Invalid condition id : UX DEVICE CLASS RTOS Condition cause : null
2024-05-13 13:37:35,054 [WARN] ConditionMgr:1039 - genDependencies : Invalid condition id : UX DEVICE CLASS RTOS Condition cause : null
2024-05-13 13:37:35,054 [WARN] ConditionMgr:1039 - genDependencies : Invalid condition id : UX DEVICE CLASS RTOS Condition cause : null
2024-05-13 13:37:35,054 [WARN] ConditionMgr:1039 - genDependencies : Invalid condition id : UX DEVICE CLASS RTOS Condition cause : null
2024-05-13 13:37:35,092 [WARN] PackLoader:240 - Cannot read IP mode file for STMicroelectronics.X-CUBE-SUBG2.5.0.0
2024-05-13 13:37:35,134 [WARN] PackLoader:240 - Cannot read IP mode file for STMicroelectronics.X-CUBE-AZRTOS-G4.2.0.0
2024-05-13 13:37:35,152 [WARN] PackLoader:240 - Cannot read IP mode file for STMicroelectronics.X-CUBE-ISPU.2.0.0
2024-05-13 13:37:35,210 [WARN] PackLoader:240 - Cannot read IP mode file for STMicroelectronics.X-CUBE-MEMS1.10.0.0
2024-05-13 13:37:35,334 [WARN] PackLoader:240 - Cannot read IP mode file for portGmbH.I-Cube-SoM-uGOAL.1.1.0
2024-05-13 13:37:35,358 [WARN] PackLoader:240 - Cannot read IP mode file for STMicroelectronics.X-CUBE-ALS.1.0.1
2024-05-13 13:37:35,403 [WARN] PackLoader:240 - Cannot read IP mode file for STMicroelectronics.X-CUBE-AZRTOS-H7RS.1.0.0
2024-05-13 13:37:35,422 [WARN] PackLoader:240 - Cannot read IP mode file for STMicroelectronics.FP-ATR-ASTRA1.2.0.0
2024-05-13 13:37:35,447 [WARN] PackLoader:240 - Cannot read IP mode file for STMicroelectronics.X-CUBE-TOF1.3.4.1
2024-05-13 13:37:35,495 [WARN] PackLoader:240 - Cannot read IP mode file for STMicroelectronics.X-CUBE-AZRTOS-H7.3.2.0
2024-05-13 13:37:35,524 [WARN] PackLoader:240 - Cannot read IP mode file for Infineon.AIROC-Wi-Fi-Bluetooth-STM32.1.6.0
2024-05-13 13:37:35,529 [INFO] ThirdParty:978 - Integrity check success = true
2024-05-13 13:37:35,529 [INFO] IntegrityCheckThread:100 - exiting critical section [integrity check]
2024-05-13 13:37:35,529 [INFO] IntegrityCheckThread:103 - End integrity checks thread
2024-05-13 13:37:37,544 [INFO] WebApp:161 - Instantiating new browser for Auth
2024-05-13 13:37:38,224 [INFO] WebApp:779 - Register for checkConnection events
2024-05-13 13:37:38,224 [INFO] WebApp:414 - Apply proxy settings
2024-05-13 13:37:38,225 [INFO] WebApp:499 - Chromium requires no authentication
2024-05-13 13:37:38,235 [INFO] WebApp:442 - Direct internet connection detected
2024-05-13 13:37:38,392 [INFO] WebApp:192 - Starting web application
2024-05-13 13:37:38,392 [INFO] WebApp:544 - Web application path used C:\ST\STM32CubeIDE_1.15.1\STM32CubeIDE\plugins\com.st.stm32cube.common.mx_6.11.1.202404110753\db\plugins\mcufinder\reactClient1\index.html
2024-05-13 13:40:08,609 [ERROR] LogOutputStream:75 - [STDERR_REDIRECT] 
