2024-11-08 00:30:08,668 [INFO] MainUpdater:2873 - connection check result : 10
2024-11-08 00:30:08,693 [INFO] MainUpdater:2873 - connection check result : 10
2024-11-08 00:30:08,724 [INFO] MicroXplorer:468 - Change Database Path : 
2024-11-08 00:30:08,724 [INFO] MicroXplorer:498 - Change Database Version : DB.6.0.121
2024-11-08 00:30:08,741 [ERROR] ProjectManagerView:394 - 
java.lang.NullPointerException: Cannot invoke "javax.swing.JTextField.getText()" because the return value of "java.util.List.get(int)" is null
	at com.st.microxplorer.plugins.projectmanager.gui.ProjectChoiceTab$10.caretUpdate(ProjectChoiceTab.java:2622) ~[filemanager.jar:?]
	at javax.swing.text.JTextComponent.fireCaretUpdate(JTextComponent.java:412) ~[?:?]
	at javax.swing.text.JTextComponent$MutableCaretEvent.fire(JTextComponent.java:4491) ~[?:?]
	at javax.swing.text.JTextComponent$MutableCaretEvent.stateChanged(JTextComponent.java:4513) ~[?:?]
	at javax.swing.text.DefaultCaret.fireStateChanged(DefaultCaret.java:842) ~[?:?]
	at javax.swing.text.DefaultCaret.changeCaretPosition(DefaultCaret.java:1313) ~[?:?]
	at javax.swing.text.DefaultCaret.handleSetDot(DefaultCaret.java:1212) ~[?:?]
	at javax.swing.text.DefaultCaret.setDot(DefaultCaret.java:1193) ~[?:?]
	at javax.swing.text.DefaultCaret$Handler.insertUpdate(DefaultCaret.java:1789) ~[?:?]
	at javax.swing.text.AbstractDocument.fireInsertUpdate(AbstractDocument.java:226) ~[?:?]
	at javax.swing.text.AbstractDocument.handleInsertString(AbstractDocument.java:780) ~[?:?]
	at javax.swing.text.AbstractDocument.insertString(AbstractDocument.java:739) ~[?:?]
	at javax.swing.text.PlainDocument.insertString(PlainDocument.java:131) ~[?:?]
	at javax.swing.text.AbstractDocument.replace(AbstractDocument.java:698) ~[?:?]
	at javax.swing.text.JTextComponent.setText(JTextComponent.java:1729) ~[?:?]
	at com.st.microxplorer.plugins.projectmanager.gui.ProjectChoiceTab.createHeapStackFields(ProjectChoiceTab.java:972) ~[filemanager.jar:?]
	at com.st.microxplorer.plugins.projectmanager.gui.ProjectChoiceTab.buildLinkSettingsPanel(ProjectChoiceTab.java:3597) ~[filemanager.jar:?]
	at com.st.microxplorer.plugins.projectmanager.gui.ProjectChoiceTab.defineWindowsFields(ProjectChoiceTab.java:1940) ~[filemanager.jar:?]
	at com.st.microxplorer.plugins.projectmanager.gui.ProjectChoiceTab.updateSettings(ProjectChoiceTab.java:550) ~[filemanager.jar:?]
	at com.st.microxplorer.plugins.projectmanager.gui.ProjectSettingsPanel.UpdateDialog(ProjectSettingsPanel.java:245) ~[filemanager.jar:?]
	at com.st.microxplorer.plugins.projectmanager.ProjectManagerView.propertyChange(ProjectManagerView.java:391) ~[filemanager.jar:?]
	at java.beans.PropertyChangeSupport.fire(PropertyChangeSupport.java:343) ~[?:?]
	at java.beans.PropertyChangeSupport.firePropertyChange(PropertyChangeSupport.java:335) ~[?:?]
	at java.beans.PropertyChangeSupport.firePropertyChange(PropertyChangeSupport.java:268) ~[?:?]
	at com.st.microxplorer.util.MXPropertyChangeSupport.firePropertyChange(MXPropertyChangeSupport.java:54) ~[STM32CubeMX.jar:?]
	at com.st.microxplorer.mxsystem.MxSystem.closeConfig(MxSystem.java:900) ~[STM32CubeMX.jar:?]
	at com.st.microxplorer.maingui.MainPanel.closeConfig(MainPanel.java:781) ~[STM32CubeMX.jar:?]
	at com.st.microxplorer.plugins.filemanager.engine.OpenFileManager.loadConfigurationFile(OpenFileManager.java:265) ~[filemanager.jar:?]
	at com.st.microxplorer.plugins.filemanager.engine.MainFileManager.userLoadConfig(MainFileManager.java:352) ~[filemanager.jar:?]
	at com.st.microxplorer.plugins.filemanager.engine.MainFileManager.userLoadConfig(MainFileManager.java:330) ~[filemanager.jar:?]
	at com.st.microxplorer.plugins.filemanager.FileManagerView.getSpecificTask(FileManagerView.java:246) ~[filemanager.jar:?]
	at com.st.stm32cube.common.mx.editor.CubeMxEditor.getMxTabbedPaneInstance(CubeMxEditor.java:1198) ~[com.st.stm32cube.common.mx_6.12.1.202409122256/:?]
	at com.st.stm32cube.common.mx.editor.CubeMxEditor$12$1.createSwingComponent(CubeMxEditor.java:1068) ~[com.st.stm32cube.common.mx_6.12.1.202409122256/:?]
	at com.st.stm32cube.common.mx.oss.core.awtswtbridge.EmbeddedSwingComposite.doComponentCreation(EmbeddedSwingComposite.java:492) ~[com.st.stm32cube.common.mx.oss_6.12.1.202409122256/:?]
	at com.st.stm32cube.common.mx.oss.core.awtswtbridge.EmbeddedSwingComposite$4.run(EmbeddedSwingComposite.java:291) ~[com.st.stm32cube.common.mx.oss_6.12.1.202409122256/:?]
	at com.st.stm32cube.common.mx.oss.core.awtswtbridge.AwtEnvironment$2.run(AwtEnvironment.java:166) ~[com.st.stm32cube.common.mx.oss_6.12.1.202409122256/:?]
	at java.awt.event.InvocationEvent.dispatch(InvocationEvent.java:318) ~[?:?]
	at java.awt.EventQueue.dispatchEventImpl(EventQueue.java:773) ~[?:?]
	at java.awt.EventQueue$4.run(EventQueue.java:720) ~[?:?]
	at java.awt.EventQueue$4.run(EventQueue.java:714) ~[?:?]
	at java.security.AccessController.doPrivileged(AccessController.java:399) ~[?:?]
	at java.security.ProtectionDomain$JavaSecurityAccessImpl.doIntersectionPrivilege(ProtectionDomain.java:86) ~[?:?]
	at java.awt.EventQueue.dispatchEvent(EventQueue.java:742) ~[?:?]
	at java.awt.EventDispatchThread.pumpOneEventForFilters(EventDispatchThread.java:203) ~[?:?]
	at java.awt.EventDispatchThread.pumpEventsForFilter(EventDispatchThread.java:124) ~[?:?]
	at java.awt.EventDispatchThread.pumpEventsForHierarchy(EventDispatchThread.java:113) ~[?:?]
	at java.awt.EventDispatchThread.pumpEvents(EventDispatchThread.java:109) ~[?:?]
	at java.awt.EventDispatchThread.pumpEvents(EventDispatchThread.java:101) ~[?:?]
	at java.awt.EventDispatchThread.run(EventDispatchThread.java:90) ~[?:?]
2024-11-08 00:30:08,754 [WARN] ThirdParty:871 - waiting for thirdparty lock release [close project]
2024-11-08 00:30:08,754 [INFO] ThirdParty:873 - entering critical section [close project]
2024-11-08 00:30:08,755 [INFO] ThirdParty:883 - exiting critical section [close project]
2024-11-08 00:30:08,757 [INFO] PinOutPanel:1561 - setPackage(No Configuration,No Configuration)
2024-11-08 00:30:08,768 [WARN] IpParametersView:151 - Warning: This peripheral hasn't parameters
2024-11-08 00:30:08,774 [WARN] MainPanel:284 - <html><b><center>Warning: This peripheral has no parameters to be configured<br></b></html>
2024-11-08 00:30:08,788 [INFO] UtilMem:75 - Begin LoadConfig() Used Memory: 751226648 Bytes (1073741824)
2024-11-08 00:30:08,789 [INFO] MicroXplorer:468 - Change Database Path : 
2024-11-08 00:30:08,789 [INFO] MicroXplorer:498 - Change Database Version : DB.6.0.121
2024-11-08 00:30:08,789 [INFO] OpenFileManager:332 - Change cursor
2024-11-08 00:30:08,808 [INFO] RulesReader:64 - Compatibility file has been processed (297 Rules)
2024-11-08 00:30:08,815 [INFO] Mcu:2032 - Initializing MCU STM32F746ZGTx STM32F746ZGTx STM32F746ZGT6
2024-11-08 00:30:10,195 [INFO] Context:742 - Trying to add GPIOservice into a context  which must be forbidden
2024-11-08 00:30:10,703 [INFO] RtosManager:555 - Registered RTOS mode: class=CMSIS, group=RTOS, mode=CMSIS_V1, owner=FREERTOS
2024-11-08 00:30:10,704 [INFO] RtosManager:555 - Registered RTOS mode: class=CMSIS, group=RTOS2, mode=CMSIS_V2, owner=FREERTOS
2024-11-08 00:30:10,704 [INFO] RtosManager:555 - Registered RTOS mode: class=RTOS, group=Core, mode=CMSIS_V1, owner=FREERTOS
2024-11-08 00:30:10,704 [INFO] RtosManager:555 - Registered RTOS mode: class=RTOS, group=Core, mode=CMSIS_V2, owner=FREERTOS
2024-11-08 00:30:10,704 [WARN] ModelIntegratedComponent:184 - Missing modes for component STMicroelectronics:FreeRTOS:0.0.1:STMicroelectronics:RTOS:FreeRTOS:Core:::10.2.0:
2024-11-08 00:30:10,712 [WARN] ModelIntegratedComponent:63 - No mode defined for component null
2024-11-08 00:30:10,712 [WARN] ModelIntegratedComponent:63 - No mode defined for component null
2024-11-08 00:30:10,712 [WARN] ModelIntegratedComponent:63 - No mode defined for component null
2024-11-08 00:30:10,712 [WARN] ModelIntegratedComponent:63 - No mode defined for component null
2024-11-08 00:30:10,712 [WARN] ModelIntegratedComponent:63 - No mode defined for component null
2024-11-08 00:30:10,712 [WARN] ModelIntegratedComponent:63 - No mode defined for component null
2024-11-08 00:30:10,712 [WARN] ModelIntegratedComponent:63 - No mode defined for component null
2024-11-08 00:30:10,712 [WARN] ModelIntegratedComponent:63 - No mode defined for component null
2024-11-08 00:30:10,712 [WARN] ModelIntegratedComponent:63 - No mode defined for component null
2024-11-08 00:30:10,712 [WARN] ModelIntegratedComponent:63 - No mode defined for component null
2024-11-08 00:30:10,712 [WARN] ModelIntegratedComponent:63 - No mode defined for component null
2024-11-08 00:30:10,712 [WARN] ModelIntegratedComponent:63 - No mode defined for component null
2024-11-08 00:30:10,712 [WARN] ModelIntegratedComponent:63 - No mode defined for component null
2024-11-08 00:30:10,712 [WARN] ModelIntegratedComponent:63 - No mode defined for component null
2024-11-08 00:30:10,712 [WARN] ModelIntegratedComponent:63 - No mode defined for component null
2024-11-08 00:30:10,712 [WARN] ModelIntegratedComponent:63 - No mode defined for component null
2024-11-08 00:30:10,712 [WARN] ModelIntegratedComponent:63 - No mode defined for component null
2024-11-08 00:30:10,712 [WARN] ModelIntegratedComponent:63 - No mode defined for component null
2024-11-08 00:30:10,712 [WARN] ModelIntegratedComponent:63 - No mode defined for component null
2024-11-08 00:30:10,712 [WARN] ModelIntegratedComponent:63 - No mode defined for component null
2024-11-08 00:30:10,712 [WARN] ModelIntegratedComponent:63 - No mode defined for component null
2024-11-08 00:30:10,712 [WARN] ModelIntegratedComponent:63 - No mode defined for component null
2024-11-08 00:30:10,713 [WARN] ModelIntegratedComponent:63 - No mode defined for component null
2024-11-08 00:30:10,713 [WARN] ModelIntegratedComponent:63 - No mode defined for component null
2024-11-08 00:30:10,713 [WARN] ModelIntegratedComponent:63 - No mode defined for component null
2024-11-08 00:30:10,713 [WARN] ModelIntegratedComponent:63 - No mode defined for component null
2024-11-08 00:30:10,713 [WARN] ModelIntegratedComponent:63 - No mode defined for component null
2024-11-08 00:30:10,713 [WARN] ModelIntegratedComponent:63 - No mode defined for component null
2024-11-08 00:30:10,713 [WARN] ModelIntegratedComponent:63 - No mode defined for component null
2024-11-08 00:30:10,713 [WARN] ModelIntegratedComponent:63 - No mode defined for component null
2024-11-08 00:30:10,713 [WARN] ModelIntegratedComponent:63 - No mode defined for component null
2024-11-08 00:30:10,713 [WARN] ModelIntegratedComponent:63 - No mode defined for component null
2024-11-08 00:30:10,713 [WARN] ModelIntegratedComponent:63 - No mode defined for component null
2024-11-08 00:30:10,713 [WARN] ModelIntegratedComponent:63 - No mode defined for component null
2024-11-08 00:30:10,713 [WARN] ModelIntegratedComponent:63 - No mode defined for component null
2024-11-08 00:30:10,713 [WARN] ModelPack:524 - Component already loaded: STMicroelectronics:HAL Drivers:0.0.0:STMicroelectronics:Device:STMicro_Driver:XSPI:HAL::0.0.1:HAL_XSPI
2024-11-08 00:30:10,799 [INFO] ThirdPartyModel:298 - Start build external matchings
2024-11-08 00:30:11,064 [INFO] ThirdPartyModel:316 - End build external matchings
2024-11-08 00:30:11,073 [WARN] IP:2191 - RxBufferAddress not found: check if there is a RefParameter without a condition.
2024-11-08 00:30:11,073 [INFO] ImportTextPane:205 - (OptionalMessage_ERROR) IP (ETH) : Invalid parameter (PHY_Name)
2024-11-08 00:30:11,073 [INFO] ImportTextPane:205 - (OptionalMessage_ERROR) IP (ETH) : Invalid parameter (PHY_Value)
2024-11-08 00:30:11,073 [INFO] ImportTextPane:205 - (OptionalMessage_ERROR) IP (ETH) : Invalid parameter (PhyAddress)
2024-11-08 00:30:11,073 [INFO] ImportTextPane:205 - (OptionalMessage_ERROR) IP (RCC) : Invalid parameter (48MHZClocksFreq_Value)
2024-11-08 00:30:11,073 [INFO] ImportTextPane:205 - (OptionalMessage_ERROR) IP (RCC) : Invalid parameter (ADC12outputFreq_Value)
2024-11-08 00:30:11,073 [INFO] ImportTextPane:205 - (OptionalMessage_ERROR) IP (RCC) : Invalid parameter (ADC34outputFreq_Value)
2024-11-08 00:30:11,074 [INFO] ImportTextPane:205 - (OptionalMessage_ERROR) IP (RCC) : Invalid parameter (FamilyName)
2024-11-08 00:30:11,074 [INFO] ImportTextPane:205 - (OptionalMessage_ERROR) IP (RCC) : Invalid parameter (I2SClocksFreq_Value)
2024-11-08 00:30:11,074 [INFO] ImportTextPane:205 - (OptionalMessage_ERROR) IP (RCC) : Parameter (LCDTFToutputFreq_Value) has invalid value (96000000)
2024-11-08 00:30:11,074 [INFO] ImportTextPane:205 - (OptionalMessage_ERROR) IP (RCC) : Invalid parameter (MCOFreq_Value)
2024-11-08 00:30:11,074 [INFO] ImportTextPane:205 - (OptionalMessage_ERROR) IP (RCC) : Invalid parameter (PLLMCOFreq_Value)
2024-11-08 00:30:11,074 [INFO] ImportTextPane:205 - (OptionalMessage_ERROR) IP (RCC) : Invalid parameter (PLLMUL)
2024-11-08 00:30:11,074 [INFO] ImportTextPane:205 - (OptionalMessage_ERROR) IP (RCC) : Invalid parameter (PRESCALERUSB)
2024-11-08 00:30:11,074 [INFO] ImportTextPane:205 - (OptionalMessage_ERROR) IP (RCC) : Invalid parameter (RTCHSEDivFreq_Value)
2024-11-08 00:30:11,075 [INFO] ImportTextPane:205 - (OptionalMessage_ERROR) IP (RCC) : Parameter (SDMMCFreq_Value) has invalid value (72000000)
2024-11-08 00:30:11,075 [INFO] ImportTextPane:205 - (OptionalMessage_ERROR) IP (RCC) : Invalid parameter (SYSCLKSourceVirtual)
2024-11-08 00:30:11,075 [INFO] ImportTextPane:205 - (OptionalMessage_ERROR) IP (RCC) : Invalid parameter (TIM15Freq_Value)
2024-11-08 00:30:11,075 [INFO] ImportTextPane:205 - (OptionalMessage_ERROR) IP (RCC) : Invalid parameter (TIM16Freq_Value)
2024-11-08 00:30:11,075 [INFO] ImportTextPane:205 - (OptionalMessage_ERROR) IP (RCC) : Invalid parameter (TIM17Freq_Value)
2024-11-08 00:30:11,075 [INFO] ImportTextPane:205 - (OptionalMessage_ERROR) IP (RCC) : Invalid parameter (TIM1Freq_Value)
2024-11-08 00:30:11,075 [INFO] ImportTextPane:205 - (OptionalMessage_ERROR) IP (RCC) : Invalid parameter (TIM20Freq_Value)
2024-11-08 00:30:11,075 [INFO] ImportTextPane:205 - (OptionalMessage_ERROR) IP (RCC) : Invalid parameter (TIM2Freq_Value)
2024-11-08 00:30:11,075 [INFO] ImportTextPane:205 - (OptionalMessage_ERROR) IP (RCC) : Invalid parameter (TIM3Freq_Value)
2024-11-08 00:30:11,075 [INFO] ImportTextPane:205 - (OptionalMessage_ERROR) IP (RCC) : Invalid parameter (TIM8Freq_Value)
2024-11-08 00:30:11,075 [INFO] ImportTextPane:205 - (OptionalMessage_ERROR) IP (RCC) : Invalid parameter (VCOOutput2Freq_Value)
2024-11-08 00:30:11,075 [INFO] ImportTextPane:205 - (OptionalMessage_ERROR) IP (RCC) : Invalid parameter (VcooutputI2S)
2024-11-08 00:30:11,366 [INFO] UtilMem:75 - End LoadConfig() Used Memory: 724219680 Bytes (1073741824)
2024-11-08 00:30:11,413 [WARN] ThirdParty:833 - waiting for thirdparty lock release [change project]
2024-11-08 00:30:11,413 [INFO] ThirdParty:835 - entering critical section [change project]
2024-11-08 00:30:11,413 [INFO] ThirdParty:1030 - CMSIS Pack Vendor :STMicroelectronics USBPD 4.1
2024-11-08 00:30:11,413 [INFO] ThirdParty:1030 - CMSIS Pack Vendor :STMicroelectronics X-CUBE-GNSS1 6.0.0
2024-11-08 00:30:11,413 [INFO] ThirdParty:1030 - CMSIS Pack Vendor :STMicroelectronics USB_HOST 2.0.0
2024-11-08 00:30:11,413 [INFO] ThirdParty:1030 - CMSIS Pack Vendor :STMicroelectronics FP-SNS-MOTENVWB1 1.4.0
2024-11-08 00:30:11,413 [INFO] ThirdParty:1030 - CMSIS Pack Vendor :STMicroelectronics X-CUBE-AZRTOS-F4 1.1.0
2024-11-08 00:30:11,413 [INFO] ThirdParty:1030 - CMSIS Pack Vendor :STMicroelectronics LIBJPEG 8.0.0
2024-11-08 00:30:11,413 [INFO] ThirdParty:1030 - CMSIS Pack Vendor :STMicroelectronics X-CUBE-SMBUS 2.1.0
2024-11-08 00:30:11,413 [INFO] ThirdParty:1030 - CMSIS Pack Vendor :STMicroelectronics USB_DEVICE 3.0.0
2024-11-08 00:30:11,413 [INFO] ThirdParty:1030 - CMSIS Pack Vendor :STMicroelectronics X-CUBE-TCPP 4.1.0
2024-11-08 00:30:11,413 [INFO] ThirdParty:1030 - CMSIS Pack Vendor :STMicroelectronics X-CUBE-FREERTOS 1.2.0
2024-11-08 00:30:11,413 [INFO] ThirdParty:1030 - CMSIS Pack Vendor :STMicroelectronics X-CUBE-AZRTOS-WB 2.0.0
2024-11-08 00:30:11,413 [INFO] ThirdParty:1030 - CMSIS Pack Vendor :STMicroelectronics X-CUBE-TOUCHGFX 4.23.2
2024-11-08 00:30:11,413 [INFO] ThirdParty:1030 - CMSIS Pack Vendor :STMicroelectronics X-CUBE-AZRTOS-F7 1.1.0
2024-11-08 00:30:11,413 [INFO] ThirdParty:1030 - CMSIS Pack Vendor :STMicroelectronics X-CUBE-AZRTOS-L5 2.0.0
2024-11-08 00:30:11,413 [INFO] ThirdParty:1030 - CMSIS Pack Vendor :STMicroelectronics USB_DEVICE 2.0.0
2024-11-08 00:30:11,413 [INFO] ThirdParty:1030 - CMSIS Pack Vendor :STMicroelectronics X-CUBE-NFC6 3.1.0
2024-11-08 00:30:11,413 [INFO] ThirdParty:1030 - CMSIS Pack Vendor :STMicroelectronics X-CUBE-ALGOBUILD 1.3.0
2024-11-08 00:30:11,413 [INFO] ThirdParty:1030 - CMSIS Pack Vendor :STMicroelectronics FreeRTOS 0.0.1
2024-11-08 00:30:11,413 [INFO] ThirdParty:1030 - CMSIS Pack Vendor :STMicroelectronics X-CUBE-AZRTOS-G0 1.1.0
2024-11-08 00:30:11,413 [INFO] ThirdParty:1030 - CMSIS Pack Vendor :STMicroelectronics X-CUBE-SAFEA1 1.2.2
2024-11-08 00:30:11,413 [INFO] ThirdParty:1030 - CMSIS Pack Vendor :STMicroelectronics X-CUBE-NFC4 3.0.0
2024-11-08 00:30:11,413 [INFO] ThirdParty:1030 - CMSIS Pack Vendor :STMicroelectronics X-CUBE-SUBG2 5.0.0
2024-11-08 00:30:11,413 [INFO] ThirdParty:1030 - CMSIS Pack Vendor :STMicroelectronics STM32_WPAN 1.0.0
2024-11-08 00:30:11,413 [INFO] ThirdParty:1030 - CMSIS Pack Vendor :STMicroelectronics lwIP 2.0.3
2024-11-08 00:30:11,413 [INFO] ThirdParty:1030 - CMSIS Pack Vendor :STMicroelectronics FP-SNS-FLIGHT1 5.0.2
2024-11-08 00:30:11,413 [INFO] ThirdParty:1030 - CMSIS Pack Vendor :STMicroelectronics USB_HOST 1.0.0
2024-11-08 00:30:11,413 [INFO] ThirdParty:1030 - CMSIS Pack Vendor :STMicroelectronics X-CUBE-AI 9.0.0
2024-11-08 00:30:11,414 [INFO] ThirdParty:1030 - CMSIS Pack Vendor :STMicroelectronics X-CUBE-AZRTOS-G4 2.0.0
2024-11-08 00:30:11,414 [INFO] ThirdParty:1030 - CMSIS Pack Vendor :STMicroelectronics PDM2PCM 3.1.0
2024-11-08 00:30:11,414 [INFO] ThirdParty:1030 - CMSIS Pack Vendor :STMicroelectronics PDM2PCM 3.3.0
2024-11-08 00:30:11,414 [INFO] ThirdParty:1030 - CMSIS Pack Vendor :STMicroelectronics X-CUBE-DISPLAY 3.0.0
2024-11-08 00:30:11,414 [INFO] ThirdParty:1030 - CMSIS Pack Vendor :wolfSSL I-CUBE-wolfSSL 5.7.0
2024-11-08 00:30:11,414 [INFO] ThirdParty:1030 - CMSIS Pack Vendor :STMicroelectronics X-CUBE-BLE1 7.0.0
2024-11-08 00:30:11,414 [INFO] ThirdParty:1030 - CMSIS Pack Vendor :STMicroelectronics FP-ATR-SIGFOX1 3.2.0
2024-11-08 00:30:11,414 [INFO] ThirdParty:1030 - CMSIS Pack Vendor :STMicroelectronics X-CUBE-ISPU 2.0.0
2024-11-08 00:30:11,414 [INFO] ThirdParty:1030 - CMSIS Pack Vendor :STMicroelectronics X-CUBE-EEPRMA1 5.1.0
2024-11-08 00:30:11,414 [INFO] ThirdParty:1030 - CMSIS Pack Vendor :STMicroelectronics HAL Drivers 0.0.0
2024-11-08 00:30:11,414 [INFO] ThirdParty:1030 - CMSIS Pack Vendor :STMicroelectronics MBEDTLS 2.16.2
2024-11-08 00:30:11,414 [INFO] ThirdParty:1030 - CMSIS Pack Vendor :STMicroelectronics X-CUBE-ALS 1.0.2
2024-11-08 00:30:11,414 [INFO] ThirdParty:1030 - CMSIS Pack Vendor :emotas I-CUBE-CANOPEN 1.3.0
2024-11-08 00:30:11,414 [INFO] ThirdParty:1030 - CMSIS Pack Vendor :STMicroelectronics X-CUBE-MEMS1 10.0.0
2024-11-08 00:30:11,414 [INFO] ThirdParty:1030 - CMSIS Pack Vendor :STMicroelectronics X-CUBE-NFC7 1.0.1
2024-11-08 00:30:11,414 [INFO] ThirdParty:1030 - CMSIS Pack Vendor :STMicroelectronics MBEDTLS 2.14.1
2024-11-08 00:30:11,414 [INFO] ThirdParty:1030 - CMSIS Pack Vendor :ITTIA_DB I-CUBE-ITTIADB 8.9.0
2024-11-08 00:30:11,414 [INFO] ThirdParty:1030 - CMSIS Pack Vendor :portGmbH I-Cube-SoM-uGOAL 1.1.0
2024-11-08 00:30:11,414 [INFO] ThirdParty:1030 - CMSIS Pack Vendor :STMicroelectronics X-CUBE-ALS 1.0.1
2024-11-08 00:30:11,414 [INFO] ThirdParty:1030 - CMSIS Pack Vendor :STMicroelectronics X-CUBE-BLEMGR 3.1.0
2024-11-08 00:30:11,414 [INFO] ThirdParty:1030 - CMSIS Pack Vendor :STMicroelectronics ThreadX 1.0.0
2024-11-08 00:30:11,414 [INFO] ThirdParty:1030 - CMSIS Pack Vendor :STMicroelectronics FP-SNS-SMARTAG2 1.2.0
2024-11-08 00:30:11,414 [INFO] ThirdParty:1030 - CMSIS Pack Vendor :STMicroelectronics X-CUBE-AZRTOS-WL 2.0.0
2024-11-08 00:30:11,414 [INFO] ThirdParty:1030 - CMSIS Pack Vendor :SEGGER I-CUBE-embOS 1.3.1
2024-11-08 00:30:11,414 [INFO] ThirdParty:1030 - CMSIS Pack Vendor :STMicroelectronics X-CUBE-ALGOBUILD 1.4.0
2024-11-08 00:30:11,414 [INFO] ThirdParty:1030 - CMSIS Pack Vendor :STMicroelectronics FP-SNS-MOTENV1 5.0.0
2024-11-08 00:30:11,414 [INFO] ThirdParty:1030 - CMSIS Pack Vendor :STMicroelectronics USB_DEVICE 1.0.0
2024-11-08 00:30:11,414 [INFO] ThirdParty:1030 - CMSIS Pack Vendor :STMicroelectronics X-CUBE-AZRTOS-H7RS 1.0.0
2024-11-08 00:30:11,414 [INFO] ThirdParty:1030 - CMSIS Pack Vendor :wolfSSL I-CUBE-wolfMQTT 1.19.0
2024-11-08 00:30:11,414 [INFO] ThirdParty:1030 - CMSIS Pack Vendor :STMicroelectronics X-CUBE-AZRTOS-L4 2.0.0
2024-11-08 00:30:11,414 [INFO] ThirdParty:1030 - CMSIS Pack Vendor :STMicroelectronics ThreadX 0.0.2
2024-11-08 00:30:11,414 [INFO] ThirdParty:1030 - CMSIS Pack Vendor :WES I-CUBE-Cesium 1.3.0
2024-11-08 00:30:11,414 [INFO] ThirdParty:1030 - CMSIS Pack Vendor :STMicroelectronics FP-ATR-ASTRA1 2.0.0
2024-11-08 00:30:11,414 [INFO] ThirdParty:1030 - CMSIS Pack Vendor :STMicroelectronics lwIP 2.1.2
2024-11-08 00:30:11,414 [INFO] ThirdParty:1030 - CMSIS Pack Vendor :STMicroelectronics X-CUBE-SFXS2LP1 4.0.0
2024-11-08 00:30:11,414 [INFO] ThirdParty:1030 - CMSIS Pack Vendor :STMicroelectronics X-CUBE-BLE2 3.3.0
2024-11-08 00:30:11,414 [INFO] ThirdParty:1030 - CMSIS Pack Vendor :STMicroelectronics X-CUBE-TOF1 3.4.1
2024-11-08 00:30:11,414 [INFO] ThirdParty:1030 - CMSIS Pack Vendor :STMicroelectronics X-CUBE-AZRTOS-H7 3.2.0
2024-11-08 00:30:11,414 [INFO] ThirdParty:1030 - CMSIS Pack Vendor :Infineon AIROC-Wi-Fi-Bluetooth-STM32 1.6.0
2024-11-08 00:30:11,415 [INFO] ThirdParty:1030 - CMSIS Pack Vendor :STMicroelectronics PDM2PCM 3.2.0
2024-11-08 00:30:11,415 [INFO] ThirdParty:841 - exiting critical section [change project]
2024-11-08 00:30:11,601 [INFO] PinOutPanel:1561 - setPackage(No Configuration,No Configuration)
2024-11-08 00:30:11,603 [INFO] PinOutPanel:1561 - setPackage(STM32F746ZGTx,LQFP144)
2024-11-08 00:30:12,098 [INFO] UtilMem:75 - Before build in PCC Used Memory: 487274416 Bytes (1073741824)
2024-11-08 00:30:12,363 [INFO] UtilMem:75 - After build in PCC Used Memory: 535515072 Bytes (1073741824)
2024-11-08 00:30:12,392 [INFO] IPUIPlugin:80 - create IPUIPlugin
2024-11-08 00:30:12,393 [INFO] IPUIPlugin:80 - create IPUIPlugin
2024-11-08 00:30:12,393 [INFO] IPUIPlugin:80 - create IPUIPlugin
2024-11-08 00:30:12,393 [INFO] IPUIPlugin:80 - create IPUIPlugin
2024-11-08 00:30:12,393 [INFO] IPUIPlugin:80 - create IPUIPlugin
2024-11-08 00:30:12,393 [INFO] IPUIPlugin:80 - create IPUIPlugin
2024-11-08 00:30:12,393 [INFO] IPUIPlugin:80 - create IPUIPlugin
2024-11-08 00:30:12,393 [INFO] IPUIPlugin:80 - create IPUIPlugin
2024-11-08 00:30:12,394 [INFO] IPUIPlugin:80 - create IPUIPlugin
2024-11-08 00:30:12,394 [INFO] IPUIPlugin:80 - create IPUIPlugin
2024-11-08 00:30:12,394 [INFO] IPUIPlugin:80 - create IPUIPlugin
2024-11-08 00:30:12,395 [INFO] IPUIPlugin:80 - create IPUIPlugin
2024-11-08 00:30:12,395 [INFO] IPUIPlugin:80 - create IPUIPlugin
2024-11-08 00:30:12,395 [INFO] IPUIPlugin:80 - create IPUIPlugin
2024-11-08 00:30:12,395 [INFO] IPUIPlugin:80 - create IPUIPlugin
2024-11-08 00:30:12,395 [INFO] IPUIPlugin:80 - create IPUIPlugin
2024-11-08 00:30:12,395 [INFO] IPUIPlugin:80 - create IPUIPlugin
2024-11-08 00:30:12,395 [INFO] IPUIPlugin:80 - create IPUIPlugin
2024-11-08 00:30:12,396 [INFO] IPUIPlugin:80 - create IPUIPlugin
2024-11-08 00:30:12,396 [INFO] IPUIPlugin:80 - create IPUIPlugin
2024-11-08 00:30:12,396 [INFO] IPUIPlugin:80 - create IPUIPlugin
2024-11-08 00:30:12,396 [INFO] IPUIPlugin:80 - create IPUIPlugin
2024-11-08 00:30:12,396 [INFO] IPUIPlugin:80 - create IPUIPlugin
2024-11-08 00:30:12,396 [INFO] IPUIPlugin:80 - create IPUIPlugin
2024-11-08 00:30:12,397 [INFO] IPUIPlugin:80 - create IPUIPlugin
2024-11-08 00:30:12,397 [INFO] IPUIPlugin:80 - create IPUIPlugin
2024-11-08 00:30:12,397 [INFO] IPUIPlugin:80 - create IPUIPlugin
2024-11-08 00:30:12,398 [INFO] IPUIPlugin:80 - create IPUIPlugin
2024-11-08 00:30:12,398 [INFO] IPUIPlugin:80 - create IPUIPlugin
2024-11-08 00:30:12,398 [INFO] IPUIPlugin:80 - create IPUIPlugin
2024-11-08 00:30:12,398 [INFO] IPUIPlugin:80 - create IPUIPlugin
2024-11-08 00:30:12,398 [INFO] IPUIPlugin:80 - create IPUIPlugin
2024-11-08 00:30:12,399 [INFO] IPUIPlugin:80 - create IPUIPlugin
2024-11-08 00:30:12,399 [INFO] IPUIPlugin:80 - create IPUIPlugin
2024-11-08 00:30:12,399 [INFO] IPUIPlugin:80 - create IPUIPlugin
2024-11-08 00:30:12,399 [INFO] IPUIPlugin:80 - create IPUIPlugin
2024-11-08 00:30:12,399 [INFO] IPUIPlugin:80 - create IPUIPlugin
2024-11-08 00:30:12,400 [INFO] IPUIPlugin:80 - create IPUIPlugin
2024-11-08 00:30:12,400 [INFO] IPUIPlugin:80 - create IPUIPlugin
2024-11-08 00:30:12,400 [INFO] IPUIPlugin:80 - create IPUIPlugin
2024-11-08 00:30:12,401 [INFO] IPUIPlugin:80 - create IPUIPlugin
2024-11-08 00:30:12,401 [INFO] IPUIPlugin:80 - create IPUIPlugin
2024-11-08 00:30:12,401 [INFO] IPUIPlugin:80 - create IPUIPlugin
2024-11-08 00:30:12,401 [INFO] IPUIPlugin:80 - create IPUIPlugin
2024-11-08 00:30:12,401 [INFO] IPUIPlugin:80 - create IPUIPlugin
2024-11-08 00:30:12,402 [INFO] IPUIPlugin:80 - create IPUIPlugin
2024-11-08 00:30:12,402 [INFO] IPUIPlugin:80 - create IPUIPlugin
2024-11-08 00:30:12,402 [INFO] IPUIPlugin:80 - create IPUIPlugin
2024-11-08 00:30:12,402 [INFO] IPUIPlugin:80 - create IPUIPlugin
2024-11-08 00:30:12,402 [INFO] IPUIPlugin:80 - create IPUIPlugin
2024-11-08 00:30:12,403 [INFO] IPUIPlugin:80 - create IPUIPlugin
2024-11-08 00:30:12,403 [INFO] IPUIPlugin:80 - create IPUIPlugin
2024-11-08 00:30:12,403 [INFO] IPUIPlugin:80 - create IPUIPlugin
2024-11-08 00:30:12,403 [INFO] IPUIPlugin:80 - create IPUIPlugin
2024-11-08 00:30:12,403 [INFO] IPUIPlugin:80 - create IPUIPlugin
2024-11-08 00:30:12,404 [INFO] IPUIPlugin:80 - create IPUIPlugin
2024-11-08 00:30:12,404 [INFO] IPUIPlugin:80 - create IPUIPlugin
2024-11-08 00:30:12,404 [INFO] IPUIPlugin:80 - create IPUIPlugin
2024-11-08 00:30:12,405 [INFO] IPUIPlugin:80 - create IPUIPlugin
2024-11-08 00:30:12,405 [INFO] IPUIPlugin:80 - create IPUIPlugin
2024-11-08 00:30:12,406 [INFO] IPUIPlugin:80 - create IPUIPlugin
2024-11-08 00:30:12,406 [INFO] IPUIPlugin:80 - create IPUIPlugin
2024-11-08 00:30:12,407 [INFO] IPUIPlugin:80 - create IPUIPlugin
2024-11-08 00:30:12,407 [INFO] IPUIPlugin:80 - create IPUIPlugin
2024-11-08 00:30:12,407 [INFO] IPUIPlugin:80 - create IPUIPlugin
2024-11-08 00:30:12,407 [INFO] IPUIPlugin:80 - create IPUIPlugin
2024-11-08 00:30:12,408 [INFO] IPUIPlugin:80 - create IPUIPlugin
2024-11-08 00:30:12,408 [INFO] IPUIPlugin:80 - create IPUIPlugin
2024-11-08 00:30:12,408 [INFO] IPUIPlugin:80 - create IPUIPlugin
2024-11-08 00:30:12,409 [INFO] IPUIPlugin:80 - create IPUIPlugin
2024-11-08 00:30:12,410 [INFO] IPUIPlugin:80 - create IPUIPlugin
2024-11-08 00:30:12,410 [INFO] IPUIPlugin:80 - create IPUIPlugin
2024-11-08 00:30:12,411 [INFO] IPUIPlugin:80 - create IPUIPlugin
2024-11-08 00:30:12,412 [INFO] IPUIPlugin:80 - create IPUIPlugin
2024-11-08 00:30:12,416 [INFO] ApiDbMcu:508 - Load IP Config File for PDM2PCM
2024-11-08 00:30:12,484 [INFO] CADModel:165 - CPN selected for project levelSTM32F746ZGT6
2024-11-08 00:30:12,484 [INFO] CADModel:114 - Register for checkConnection events
2024-11-08 00:30:12,544 [INFO] OpenFileManager:363 - Restore cursor
2024-11-08 00:30:12,642 [WARN] IP:2191 - RxBufferAddress not found: check if there is a RefParameter without a condition.
2024-11-08 00:30:12,643 [WARN] IP:2191 - RxBufferAddress not found: check if there is a RefParameter without a condition.
2024-11-08 10:28:39,725 [INFO] WebApp:189 - Connection lost
2024-11-08 10:28:40,586 [INFO] WebApp:186 - Connection restablished
2024-11-08 10:28:43,091 [INFO] WebApp:189 - Connection lost
2024-11-08 10:28:43,266 [INFO] WebApp:186 - Connection restablished
2024-11-08 10:39:47,554 [INFO] MainUpdater:2873 - connection check result : 10
2024-11-08 10:39:47,554 [INFO] MainUpdater:2873 - connection check result : 10
2024-11-08 10:39:47,594 [INFO] MicroXplorer:468 - Change Database Path : 
2024-11-08 10:39:47,594 [INFO] MicroXplorer:498 - Change Database Version : DB.6.0.121
2024-11-08 10:39:47,624 [ERROR] ProjectManagerView:394 - 
java.lang.NullPointerException: Cannot invoke "javax.swing.JTextField.getText()" because the return value of "java.util.List.get(int)" is null
	at com.st.microxplorer.plugins.projectmanager.gui.ProjectChoiceTab$10.caretUpdate(ProjectChoiceTab.java:2622) ~[filemanager.jar:?]
	at javax.swing.text.JTextComponent.fireCaretUpdate(JTextComponent.java:412) ~[?:?]
	at javax.swing.text.JTextComponent$MutableCaretEvent.fire(JTextComponent.java:4491) ~[?:?]
	at javax.swing.text.JTextComponent$MutableCaretEvent.stateChanged(JTextComponent.java:4513) ~[?:?]
	at javax.swing.text.DefaultCaret.fireStateChanged(DefaultCaret.java:842) ~[?:?]
	at javax.swing.text.DefaultCaret.changeCaretPosition(DefaultCaret.java:1313) ~[?:?]
	at javax.swing.text.DefaultCaret.handleSetDot(DefaultCaret.java:1212) ~[?:?]
	at javax.swing.text.DefaultCaret.setDot(DefaultCaret.java:1193) ~[?:?]
	at javax.swing.text.DefaultCaret$Handler.insertUpdate(DefaultCaret.java:1789) ~[?:?]
	at javax.swing.text.AbstractDocument.fireInsertUpdate(AbstractDocument.java:226) ~[?:?]
	at javax.swing.text.AbstractDocument.handleInsertString(AbstractDocument.java:780) ~[?:?]
	at javax.swing.text.AbstractDocument.insertString(AbstractDocument.java:739) ~[?:?]
	at javax.swing.text.PlainDocument.insertString(PlainDocument.java:131) ~[?:?]
	at javax.swing.text.AbstractDocument.replace(AbstractDocument.java:698) ~[?:?]
	at javax.swing.text.JTextComponent.setText(JTextComponent.java:1729) ~[?:?]
	at com.st.microxplorer.plugins.projectmanager.gui.ProjectChoiceTab.createHeapStackFields(ProjectChoiceTab.java:972) ~[filemanager.jar:?]
	at com.st.microxplorer.plugins.projectmanager.gui.ProjectChoiceTab.buildLinkSettingsPanel(ProjectChoiceTab.java:3597) ~[filemanager.jar:?]
	at com.st.microxplorer.plugins.projectmanager.gui.ProjectChoiceTab.defineWindowsFields(ProjectChoiceTab.java:1940) ~[filemanager.jar:?]
	at com.st.microxplorer.plugins.projectmanager.gui.ProjectChoiceTab.updateSettings(ProjectChoiceTab.java:550) ~[filemanager.jar:?]
	at com.st.microxplorer.plugins.projectmanager.gui.ProjectSettingsPanel.UpdateDialog(ProjectSettingsPanel.java:245) ~[filemanager.jar:?]
	at com.st.microxplorer.plugins.projectmanager.ProjectManagerView.propertyChange(ProjectManagerView.java:391) ~[filemanager.jar:?]
	at java.beans.PropertyChangeSupport.fire(PropertyChangeSupport.java:343) ~[?:?]
	at java.beans.PropertyChangeSupport.firePropertyChange(PropertyChangeSupport.java:335) ~[?:?]
	at java.beans.PropertyChangeSupport.firePropertyChange(PropertyChangeSupport.java:268) ~[?:?]
	at com.st.microxplorer.util.MXPropertyChangeSupport.firePropertyChange(MXPropertyChangeSupport.java:54) ~[STM32CubeMX.jar:?]
	at com.st.microxplorer.mxsystem.MxSystem.closeConfig(MxSystem.java:900) ~[STM32CubeMX.jar:?]
	at com.st.microxplorer.maingui.MainPanel.closeConfig(MainPanel.java:781) ~[STM32CubeMX.jar:?]
	at com.st.microxplorer.plugins.filemanager.engine.OpenFileManager.loadConfigurationFile(OpenFileManager.java:265) ~[filemanager.jar:?]
	at com.st.microxplorer.plugins.filemanager.engine.MainFileManager.userLoadConfig(MainFileManager.java:352) ~[filemanager.jar:?]
	at com.st.microxplorer.plugins.filemanager.engine.MainFileManager.userLoadConfig(MainFileManager.java:330) ~[filemanager.jar:?]
	at com.st.microxplorer.plugins.filemanager.FileManagerView.getSpecificTask(FileManagerView.java:246) ~[filemanager.jar:?]
	at com.st.stm32cube.common.mx.editor.CubeMxEditor.getMxTabbedPaneInstance(CubeMxEditor.java:1198) ~[com.st.stm32cube.common.mx_6.12.1.202409122256/:?]
	at com.st.stm32cube.common.mx.editor.CubeMxEditor$12$1.createSwingComponent(CubeMxEditor.java:1068) ~[com.st.stm32cube.common.mx_6.12.1.202409122256/:?]
	at com.st.stm32cube.common.mx.oss.core.awtswtbridge.EmbeddedSwingComposite.doComponentCreation(EmbeddedSwingComposite.java:492) ~[com.st.stm32cube.common.mx.oss_6.12.1.202409122256/:?]
	at com.st.stm32cube.common.mx.oss.core.awtswtbridge.EmbeddedSwingComposite$4.run(EmbeddedSwingComposite.java:291) ~[com.st.stm32cube.common.mx.oss_6.12.1.202409122256/:?]
	at com.st.stm32cube.common.mx.oss.core.awtswtbridge.AwtEnvironment$2.run(AwtEnvironment.java:166) ~[com.st.stm32cube.common.mx.oss_6.12.1.202409122256/:?]
	at java.awt.event.InvocationEvent.dispatch(InvocationEvent.java:318) ~[?:?]
	at java.awt.EventQueue.dispatchEventImpl(EventQueue.java:773) ~[?:?]
	at java.awt.EventQueue$4.run(EventQueue.java:720) ~[?:?]
	at java.awt.EventQueue$4.run(EventQueue.java:714) ~[?:?]
	at java.security.AccessController.doPrivileged(AccessController.java:399) ~[?:?]
	at java.security.ProtectionDomain$JavaSecurityAccessImpl.doIntersectionPrivilege(ProtectionDomain.java:86) ~[?:?]
	at java.awt.EventQueue.dispatchEvent(EventQueue.java:742) ~[?:?]
	at java.awt.EventDispatchThread.pumpOneEventForFilters(EventDispatchThread.java:203) ~[?:?]
	at java.awt.EventDispatchThread.pumpEventsForFilter(EventDispatchThread.java:124) ~[?:?]
	at java.awt.EventDispatchThread.pumpEventsForHierarchy(EventDispatchThread.java:113) ~[?:?]
	at java.awt.EventDispatchThread.pumpEvents(EventDispatchThread.java:109) ~[?:?]
	at java.awt.EventDispatchThread.pumpEvents(EventDispatchThread.java:101) ~[?:?]
	at java.awt.EventDispatchThread.run(EventDispatchThread.java:90) ~[?:?]
2024-11-08 10:39:47,626 [WARN] ThirdParty:871 - waiting for thirdparty lock release [close project]
2024-11-08 10:39:47,626 [INFO] ThirdParty:873 - entering critical section [close project]
2024-11-08 10:39:47,626 [INFO] ThirdParty:883 - exiting critical section [close project]
2024-11-08 10:39:47,628 [INFO] PinOutPanel:1561 - setPackage(No Configuration,No Configuration)
2024-11-08 10:39:47,637 [WARN] IpParametersView:151 - Warning: This peripheral hasn't parameters
2024-11-08 10:39:47,646 [WARN] MainPanel:284 - <html><b><center>Warning: This peripheral has no parameters to be configured<br></b></html>
2024-11-08 10:39:47,652 [INFO] UtilMem:75 - Begin LoadConfig() Used Memory: 637026648 Bytes (1073741824)
2024-11-08 10:39:47,653 [INFO] MicroXplorer:468 - Change Database Path : 
2024-11-08 10:39:47,654 [INFO] MicroXplorer:498 - Change Database Version : DB.6.0.121
2024-11-08 10:39:47,654 [INFO] OpenFileManager:332 - Change cursor
2024-11-08 10:39:47,696 [INFO] Mcu:2032 - Initializing MCU STM32F746ZGTx STM32F746ZGTx STM32F746ZGT6
2024-11-08 10:39:51,681 [INFO] Context:742 - Trying to add GPIOservice into a context  which must be forbidden
2024-11-08 10:39:52,294 [INFO] RtosManager:555 - Registered RTOS mode: class=CMSIS, group=RTOS, mode=CMSIS_V1, owner=FREERTOS
2024-11-08 10:39:52,295 [INFO] RtosManager:555 - Registered RTOS mode: class=CMSIS, group=RTOS2, mode=CMSIS_V2, owner=FREERTOS
2024-11-08 10:39:52,295 [INFO] RtosManager:555 - Registered RTOS mode: class=RTOS, group=Core, mode=CMSIS_V1, owner=FREERTOS
2024-11-08 10:39:52,295 [INFO] RtosManager:555 - Registered RTOS mode: class=RTOS, group=Core, mode=CMSIS_V2, owner=FREERTOS
2024-11-08 10:39:52,295 [WARN] ModelIntegratedComponent:184 - Missing modes for component STMicroelectronics:FreeRTOS:0.0.1:STMicroelectronics:RTOS:FreeRTOS:Core:::10.2.0:
2024-11-08 10:39:52,305 [WARN] ModelIntegratedComponent:63 - No mode defined for component null
2024-11-08 10:39:52,305 [WARN] ModelIntegratedComponent:63 - No mode defined for component null
2024-11-08 10:39:52,305 [WARN] ModelIntegratedComponent:63 - No mode defined for component null
2024-11-08 10:39:52,306 [WARN] ModelIntegratedComponent:63 - No mode defined for component null
2024-11-08 10:39:52,306 [WARN] ModelIntegratedComponent:63 - No mode defined for component null
2024-11-08 10:39:52,306 [WARN] ModelIntegratedComponent:63 - No mode defined for component null
2024-11-08 10:39:52,306 [WARN] ModelIntegratedComponent:63 - No mode defined for component null
2024-11-08 10:39:52,306 [WARN] ModelIntegratedComponent:63 - No mode defined for component null
2024-11-08 10:39:52,306 [WARN] ModelIntegratedComponent:63 - No mode defined for component null
2024-11-08 10:39:52,306 [WARN] ModelIntegratedComponent:63 - No mode defined for component null
2024-11-08 10:39:52,306 [WARN] ModelIntegratedComponent:63 - No mode defined for component null
2024-11-08 10:39:52,306 [WARN] ModelIntegratedComponent:63 - No mode defined for component null
2024-11-08 10:39:52,306 [WARN] ModelIntegratedComponent:63 - No mode defined for component null
2024-11-08 10:39:52,306 [WARN] ModelIntegratedComponent:63 - No mode defined for component null
2024-11-08 10:39:52,306 [WARN] ModelIntegratedComponent:63 - No mode defined for component null
2024-11-08 10:39:52,306 [WARN] ModelIntegratedComponent:63 - No mode defined for component null
2024-11-08 10:39:52,306 [WARN] ModelIntegratedComponent:63 - No mode defined for component null
2024-11-08 10:39:52,306 [WARN] ModelIntegratedComponent:63 - No mode defined for component null
2024-11-08 10:39:52,306 [WARN] ModelIntegratedComponent:63 - No mode defined for component null
2024-11-08 10:39:52,306 [WARN] ModelIntegratedComponent:63 - No mode defined for component null
2024-11-08 10:39:52,306 [WARN] ModelIntegratedComponent:63 - No mode defined for component null
2024-11-08 10:39:52,306 [WARN] ModelIntegratedComponent:63 - No mode defined for component null
2024-11-08 10:39:52,306 [WARN] ModelIntegratedComponent:63 - No mode defined for component null
2024-11-08 10:39:52,306 [WARN] ModelIntegratedComponent:63 - No mode defined for component null
2024-11-08 10:39:52,306 [WARN] ModelIntegratedComponent:63 - No mode defined for component null
2024-11-08 10:39:52,306 [WARN] ModelIntegratedComponent:63 - No mode defined for component null
2024-11-08 10:39:52,306 [WARN] ModelIntegratedComponent:63 - No mode defined for component null
2024-11-08 10:39:52,306 [WARN] ModelIntegratedComponent:63 - No mode defined for component null
2024-11-08 10:39:52,306 [WARN] ModelIntegratedComponent:63 - No mode defined for component null
2024-11-08 10:39:52,307 [WARN] ModelIntegratedComponent:63 - No mode defined for component null
2024-11-08 10:39:52,307 [WARN] ModelIntegratedComponent:63 - No mode defined for component null
2024-11-08 10:39:52,307 [WARN] ModelIntegratedComponent:63 - No mode defined for component null
2024-11-08 10:39:52,307 [WARN] ModelIntegratedComponent:63 - No mode defined for component null
2024-11-08 10:39:52,307 [WARN] ModelIntegratedComponent:63 - No mode defined for component null
2024-11-08 10:39:52,307 [WARN] ModelIntegratedComponent:63 - No mode defined for component null
2024-11-08 10:39:52,308 [WARN] ModelPack:524 - Component already loaded: STMicroelectronics:HAL Drivers:0.0.0:STMicroelectronics:Device:STMicro_Driver:XSPI:HAL::0.0.1:HAL_XSPI
2024-11-08 10:39:52,445 [INFO] ThirdPartyModel:298 - Start build external matchings
2024-11-08 10:39:52,988 [INFO] ThirdPartyModel:316 - End build external matchings
2024-11-08 10:39:52,997 [INFO] ImportTextPane:205 - (OptionalMessage_ERROR) IP (RCC) : Invalid parameter (48MHZClocksFreq_Value)
2024-11-08 10:39:52,998 [INFO] ImportTextPane:205 - (OptionalMessage_ERROR) IP (RCC) : Invalid parameter (ADC12outputFreq_Value)
2024-11-08 10:39:52,998 [INFO] ImportTextPane:205 - (OptionalMessage_ERROR) IP (RCC) : Invalid parameter (ADC34outputFreq_Value)
2024-11-08 10:39:52,998 [INFO] ImportTextPane:205 - (OptionalMessage_ERROR) IP (RCC) : Invalid parameter (FamilyName)
2024-11-08 10:39:52,998 [INFO] ImportTextPane:205 - (OptionalMessage_ERROR) IP (RCC) : Invalid parameter (I2SClocksFreq_Value)
2024-11-08 10:39:52,998 [INFO] ImportTextPane:205 - (OptionalMessage_ERROR) IP (RCC) : Parameter (LCDTFToutputFreq_Value) has invalid value (96000000)
2024-11-08 10:39:52,998 [INFO] ImportTextPane:205 - (OptionalMessage_ERROR) IP (RCC) : Invalid parameter (MCOFreq_Value)
2024-11-08 10:39:52,998 [INFO] ImportTextPane:205 - (OptionalMessage_ERROR) IP (RCC) : Invalid parameter (PLLMCOFreq_Value)
2024-11-08 10:39:52,998 [INFO] ImportTextPane:205 - (OptionalMessage_ERROR) IP (RCC) : Invalid parameter (PLLMUL)
2024-11-08 10:39:52,999 [INFO] ImportTextPane:205 - (OptionalMessage_ERROR) IP (RCC) : Invalid parameter (PRESCALERUSB)
2024-11-08 10:39:52,999 [INFO] ImportTextPane:205 - (OptionalMessage_ERROR) IP (RCC) : Parameter (RNGFreq_Value) has invalid value (144000000)
2024-11-08 10:39:52,999 [INFO] ImportTextPane:205 - (OptionalMessage_ERROR) IP (RCC) : Invalid parameter (RTCHSEDivFreq_Value)
2024-11-08 10:39:52,999 [INFO] ImportTextPane:205 - (OptionalMessage_ERROR) IP (RCC) : Parameter (SDMMCFreq_Value) has invalid value (216000000)
2024-11-08 10:39:52,999 [INFO] ImportTextPane:205 - (OptionalMessage_ERROR) IP (RCC) : Invalid parameter (SYSCLKSourceVirtual)
2024-11-08 10:39:52,999 [INFO] ImportTextPane:205 - (OptionalMessage_ERROR) IP (RCC) : Invalid parameter (TIM15Freq_Value)
2024-11-08 10:39:52,999 [INFO] ImportTextPane:205 - (OptionalMessage_ERROR) IP (RCC) : Invalid parameter (TIM16Freq_Value)
2024-11-08 10:39:52,999 [INFO] ImportTextPane:205 - (OptionalMessage_ERROR) IP (RCC) : Invalid parameter (TIM17Freq_Value)
2024-11-08 10:39:52,999 [INFO] ImportTextPane:205 - (OptionalMessage_ERROR) IP (RCC) : Invalid parameter (TIM1Freq_Value)
2024-11-08 10:39:52,999 [INFO] ImportTextPane:205 - (OptionalMessage_ERROR) IP (RCC) : Invalid parameter (TIM20Freq_Value)
2024-11-08 10:39:52,999 [INFO] ImportTextPane:205 - (OptionalMessage_ERROR) IP (RCC) : Invalid parameter (TIM2Freq_Value)
2024-11-08 10:39:52,999 [INFO] ImportTextPane:205 - (OptionalMessage_ERROR) IP (RCC) : Invalid parameter (TIM3Freq_Value)
2024-11-08 10:39:52,999 [INFO] ImportTextPane:205 - (OptionalMessage_ERROR) IP (RCC) : Invalid parameter (TIM8Freq_Value)
2024-11-08 10:39:52,999 [INFO] ImportTextPane:205 - (OptionalMessage_ERROR) IP (RCC) : Parameter (USBFreq_Value) has invalid value (144000000)
2024-11-08 10:39:53,000 [INFO] ImportTextPane:205 - (OptionalMessage_ERROR) IP (RCC) : Invalid parameter (VCOOutput2Freq_Value)
2024-11-08 10:39:53,000 [INFO] ImportTextPane:205 - (OptionalMessage_ERROR) IP (RCC) : Invalid parameter (VcooutputI2S)
2024-11-08 10:39:53,489 [INFO] UtilMem:75 - End LoadConfig() Used Memory: 696802184 Bytes (1073741824)
2024-11-08 10:39:53,565 [WARN] ThirdParty:833 - waiting for thirdparty lock release [change project]
2024-11-08 10:39:53,565 [INFO] ThirdParty:835 - entering critical section [change project]
2024-11-08 10:39:53,565 [INFO] ThirdParty:1030 - CMSIS Pack Vendor :STMicroelectronics USBPD 4.1
2024-11-08 10:39:53,565 [INFO] ThirdParty:1030 - CMSIS Pack Vendor :STMicroelectronics X-CUBE-GNSS1 6.0.0
2024-11-08 10:39:53,565 [INFO] ThirdParty:1030 - CMSIS Pack Vendor :STMicroelectronics USB_HOST 2.0.0
2024-11-08 10:39:53,565 [INFO] ThirdParty:1030 - CMSIS Pack Vendor :STMicroelectronics FP-SNS-MOTENVWB1 1.4.0
2024-11-08 10:39:53,565 [INFO] ThirdParty:1030 - CMSIS Pack Vendor :STMicroelectronics X-CUBE-AZRTOS-F4 1.1.0
2024-11-08 10:39:53,565 [INFO] ThirdParty:1030 - CMSIS Pack Vendor :STMicroelectronics LIBJPEG 8.0.0
2024-11-08 10:39:53,565 [INFO] ThirdParty:1030 - CMSIS Pack Vendor :STMicroelectronics X-CUBE-SMBUS 2.1.0
2024-11-08 10:39:53,565 [INFO] ThirdParty:1030 - CMSIS Pack Vendor :STMicroelectronics USB_DEVICE 3.0.0
2024-11-08 10:39:53,566 [INFO] ThirdParty:1030 - CMSIS Pack Vendor :STMicroelectronics X-CUBE-TCPP 4.1.0
2024-11-08 10:39:53,566 [INFO] ThirdParty:1030 - CMSIS Pack Vendor :STMicroelectronics X-CUBE-FREERTOS 1.2.0
2024-11-08 10:39:53,566 [INFO] ThirdParty:1030 - CMSIS Pack Vendor :STMicroelectronics X-CUBE-AZRTOS-WB 2.0.0
2024-11-08 10:39:53,566 [INFO] ThirdParty:1030 - CMSIS Pack Vendor :STMicroelectronics X-CUBE-TOUCHGFX 4.23.2
2024-11-08 10:39:53,566 [INFO] ThirdParty:1030 - CMSIS Pack Vendor :STMicroelectronics X-CUBE-AZRTOS-F7 1.1.0
2024-11-08 10:39:53,566 [INFO] ThirdParty:1030 - CMSIS Pack Vendor :STMicroelectronics X-CUBE-AZRTOS-L5 2.0.0
2024-11-08 10:39:53,566 [INFO] ThirdParty:1030 - CMSIS Pack Vendor :STMicroelectronics USB_DEVICE 2.0.0
2024-11-08 10:39:53,566 [INFO] ThirdParty:1030 - CMSIS Pack Vendor :STMicroelectronics X-CUBE-NFC6 3.1.0
2024-11-08 10:39:53,566 [INFO] ThirdParty:1030 - CMSIS Pack Vendor :STMicroelectronics X-CUBE-ALGOBUILD 1.3.0
2024-11-08 10:39:53,566 [INFO] ThirdParty:1030 - CMSIS Pack Vendor :STMicroelectronics FreeRTOS 0.0.1
2024-11-08 10:39:53,566 [INFO] ThirdParty:1030 - CMSIS Pack Vendor :STMicroelectronics X-CUBE-AZRTOS-G0 1.1.0
2024-11-08 10:39:53,566 [INFO] ThirdParty:1030 - CMSIS Pack Vendor :STMicroelectronics X-CUBE-SAFEA1 1.2.2
2024-11-08 10:39:53,566 [INFO] ThirdParty:1030 - CMSIS Pack Vendor :STMicroelectronics X-CUBE-NFC4 3.0.0
2024-11-08 10:39:53,566 [INFO] ThirdParty:1030 - CMSIS Pack Vendor :STMicroelectronics X-CUBE-SUBG2 5.0.0
2024-11-08 10:39:53,566 [INFO] ThirdParty:1030 - CMSIS Pack Vendor :STMicroelectronics STM32_WPAN 1.0.0
2024-11-08 10:39:53,566 [INFO] ThirdParty:1030 - CMSIS Pack Vendor :STMicroelectronics lwIP 2.0.3
2024-11-08 10:39:53,567 [INFO] ThirdParty:1030 - CMSIS Pack Vendor :STMicroelectronics FP-SNS-FLIGHT1 5.0.2
2024-11-08 10:39:53,567 [INFO] ThirdParty:1030 - CMSIS Pack Vendor :STMicroelectronics USB_HOST 1.0.0
2024-11-08 10:39:53,567 [INFO] ThirdParty:1030 - CMSIS Pack Vendor :STMicroelectronics X-CUBE-AI 9.0.0
2024-11-08 10:39:53,567 [INFO] ThirdParty:1030 - CMSIS Pack Vendor :STMicroelectronics X-CUBE-AZRTOS-G4 2.0.0
2024-11-08 10:39:53,567 [INFO] ThirdParty:1030 - CMSIS Pack Vendor :STMicroelectronics PDM2PCM 3.1.0
2024-11-08 10:39:53,567 [INFO] ThirdParty:1030 - CMSIS Pack Vendor :STMicroelectronics PDM2PCM 3.3.0
2024-11-08 10:39:53,567 [INFO] ThirdParty:1030 - CMSIS Pack Vendor :STMicroelectronics X-CUBE-DISPLAY 3.0.0
2024-11-08 10:39:53,567 [INFO] ThirdParty:1030 - CMSIS Pack Vendor :wolfSSL I-CUBE-wolfSSL 5.7.0
2024-11-08 10:39:53,567 [INFO] ThirdParty:1030 - CMSIS Pack Vendor :STMicroelectronics X-CUBE-BLE1 7.0.0
2024-11-08 10:39:53,567 [INFO] ThirdParty:1030 - CMSIS Pack Vendor :STMicroelectronics FP-ATR-SIGFOX1 3.2.0
2024-11-08 10:39:53,567 [INFO] ThirdParty:1030 - CMSIS Pack Vendor :STMicroelectronics X-CUBE-ISPU 2.0.0
2024-11-08 10:39:53,567 [INFO] ThirdParty:1030 - CMSIS Pack Vendor :STMicroelectronics X-CUBE-EEPRMA1 5.1.0
2024-11-08 10:39:53,567 [INFO] ThirdParty:1030 - CMSIS Pack Vendor :STMicroelectronics HAL Drivers 0.0.0
2024-11-08 10:39:53,567 [INFO] ThirdParty:1030 - CMSIS Pack Vendor :STMicroelectronics MBEDTLS 2.16.2
2024-11-08 10:39:53,567 [INFO] ThirdParty:1030 - CMSIS Pack Vendor :STMicroelectronics X-CUBE-ALS 1.0.2
2024-11-08 10:39:53,567 [INFO] ThirdParty:1030 - CMSIS Pack Vendor :emotas I-CUBE-CANOPEN 1.3.0
2024-11-08 10:39:53,567 [INFO] ThirdParty:1030 - CMSIS Pack Vendor :STMicroelectronics X-CUBE-MEMS1 10.0.0
2024-11-08 10:39:53,567 [INFO] ThirdParty:1030 - CMSIS Pack Vendor :STMicroelectronics X-CUBE-NFC7 1.0.1
2024-11-08 10:39:53,567 [INFO] ThirdParty:1030 - CMSIS Pack Vendor :STMicroelectronics MBEDTLS 2.14.1
2024-11-08 10:39:53,567 [INFO] ThirdParty:1030 - CMSIS Pack Vendor :ITTIA_DB I-CUBE-ITTIADB 8.9.0
2024-11-08 10:39:53,567 [INFO] ThirdParty:1030 - CMSIS Pack Vendor :portGmbH I-Cube-SoM-uGOAL 1.1.0
2024-11-08 10:39:53,567 [INFO] ThirdParty:1030 - CMSIS Pack Vendor :STMicroelectronics X-CUBE-ALS 1.0.1
2024-11-08 10:39:53,567 [INFO] ThirdParty:1030 - CMSIS Pack Vendor :STMicroelectronics X-CUBE-BLEMGR 3.1.0
2024-11-08 10:39:53,567 [INFO] ThirdParty:1030 - CMSIS Pack Vendor :STMicroelectronics ThreadX 1.0.0
2024-11-08 10:39:53,567 [INFO] ThirdParty:1030 - CMSIS Pack Vendor :STMicroelectronics FP-SNS-SMARTAG2 1.2.0
2024-11-08 10:39:53,567 [INFO] ThirdParty:1030 - CMSIS Pack Vendor :STMicroelectronics X-CUBE-AZRTOS-WL 2.0.0
2024-11-08 10:39:53,567 [INFO] ThirdParty:1030 - CMSIS Pack Vendor :SEGGER I-CUBE-embOS 1.3.1
2024-11-08 10:39:53,567 [INFO] ThirdParty:1030 - CMSIS Pack Vendor :STMicroelectronics X-CUBE-ALGOBUILD 1.4.0
2024-11-08 10:39:53,567 [INFO] ThirdParty:1030 - CMSIS Pack Vendor :STMicroelectronics FP-SNS-MOTENV1 5.0.0
2024-11-08 10:39:53,567 [INFO] ThirdParty:1030 - CMSIS Pack Vendor :STMicroelectronics USB_DEVICE 1.0.0
2024-11-08 10:39:53,567 [INFO] ThirdParty:1030 - CMSIS Pack Vendor :STMicroelectronics X-CUBE-AZRTOS-H7RS 1.0.0
2024-11-08 10:39:53,567 [INFO] ThirdParty:1030 - CMSIS Pack Vendor :wolfSSL I-CUBE-wolfMQTT 1.19.0
2024-11-08 10:39:53,567 [INFO] ThirdParty:1030 - CMSIS Pack Vendor :STMicroelectronics X-CUBE-AZRTOS-L4 2.0.0
2024-11-08 10:39:53,568 [INFO] ThirdParty:1030 - CMSIS Pack Vendor :STMicroelectronics ThreadX 0.0.2
2024-11-08 10:39:53,568 [INFO] ThirdParty:1030 - CMSIS Pack Vendor :WES I-CUBE-Cesium 1.3.0
2024-11-08 10:39:53,568 [INFO] ThirdParty:1030 - CMSIS Pack Vendor :STMicroelectronics FP-ATR-ASTRA1 2.0.0
2024-11-08 10:39:53,568 [INFO] ThirdParty:1030 - CMSIS Pack Vendor :STMicroelectronics lwIP 2.1.2
2024-11-08 10:39:53,568 [INFO] ThirdParty:1030 - CMSIS Pack Vendor :STMicroelectronics X-CUBE-SFXS2LP1 4.0.0
2024-11-08 10:39:53,568 [INFO] ThirdParty:1030 - CMSIS Pack Vendor :STMicroelectronics X-CUBE-BLE2 3.3.0
2024-11-08 10:39:53,568 [INFO] ThirdParty:1030 - CMSIS Pack Vendor :STMicroelectronics X-CUBE-TOF1 3.4.1
2024-11-08 10:39:53,568 [INFO] ThirdParty:1030 - CMSIS Pack Vendor :STMicroelectronics X-CUBE-AZRTOS-H7 3.2.0
2024-11-08 10:39:53,568 [INFO] ThirdParty:1030 - CMSIS Pack Vendor :Infineon AIROC-Wi-Fi-Bluetooth-STM32 1.6.0
2024-11-08 10:39:53,568 [INFO] ThirdParty:1030 - CMSIS Pack Vendor :STMicroelectronics PDM2PCM 3.2.0
2024-11-08 10:39:53,568 [INFO] ThirdParty:841 - exiting critical section [change project]
2024-11-08 10:39:53,808 [INFO] PinOutPanel:1561 - setPackage(No Configuration,No Configuration)
2024-11-08 10:39:53,810 [INFO] PinOutPanel:1561 - setPackage(STM32F746ZGTx,LQFP144)
2024-11-08 10:39:54,546 [INFO] UtilMem:75 - Before build in PCC Used Memory: 658943576 Bytes (1073741824)
2024-11-08 10:39:54,912 [INFO] UtilMem:75 - After build in PCC Used Memory: 707704408 Bytes (1073741824)
2024-11-08 10:39:54,944 [INFO] IPUIPlugin:80 - create IPUIPlugin
2024-11-08 10:39:54,944 [INFO] IPUIPlugin:80 - create IPUIPlugin
2024-11-08 10:39:54,944 [INFO] IPUIPlugin:80 - create IPUIPlugin
2024-11-08 10:39:54,944 [INFO] IPUIPlugin:80 - create IPUIPlugin
2024-11-08 10:39:54,944 [INFO] IPUIPlugin:80 - create IPUIPlugin
2024-11-08 10:39:54,944 [INFO] IPUIPlugin:80 - create IPUIPlugin
2024-11-08 10:39:54,944 [INFO] IPUIPlugin:80 - create IPUIPlugin
2024-11-08 10:39:54,944 [INFO] IPUIPlugin:80 - create IPUIPlugin
2024-11-08 10:39:54,944 [INFO] IPUIPlugin:80 - create IPUIPlugin
2024-11-08 10:39:54,945 [INFO] IPUIPlugin:80 - create IPUIPlugin
2024-11-08 10:39:54,945 [INFO] IPUIPlugin:80 - create IPUIPlugin
2024-11-08 10:39:54,945 [INFO] IPUIPlugin:80 - create IPUIPlugin
2024-11-08 10:39:54,945 [INFO] IPUIPlugin:80 - create IPUIPlugin
2024-11-08 10:39:54,945 [INFO] IPUIPlugin:80 - create IPUIPlugin
2024-11-08 10:39:54,945 [INFO] IPUIPlugin:80 - create IPUIPlugin
2024-11-08 10:39:54,945 [INFO] IPUIPlugin:80 - create IPUIPlugin
2024-11-08 10:39:54,946 [INFO] IPUIPlugin:80 - create IPUIPlugin
2024-11-08 10:39:54,946 [INFO] IPUIPlugin:80 - create IPUIPlugin
2024-11-08 10:39:54,946 [INFO] IPUIPlugin:80 - create IPUIPlugin
2024-11-08 10:39:54,946 [INFO] IPUIPlugin:80 - create IPUIPlugin
2024-11-08 10:39:54,946 [INFO] IPUIPlugin:80 - create IPUIPlugin
2024-11-08 10:39:54,946 [INFO] IPUIPlugin:80 - create IPUIPlugin
2024-11-08 10:39:54,946 [INFO] IPUIPlugin:80 - create IPUIPlugin
2024-11-08 10:39:54,946 [INFO] IPUIPlugin:80 - create IPUIPlugin
2024-11-08 10:39:54,947 [INFO] IPUIPlugin:80 - create IPUIPlugin
2024-11-08 10:39:54,947 [INFO] IPUIPlugin:80 - create IPUIPlugin
2024-11-08 10:39:54,947 [INFO] IPUIPlugin:80 - create IPUIPlugin
2024-11-08 10:39:54,947 [INFO] IPUIPlugin:80 - create IPUIPlugin
2024-11-08 10:39:54,948 [INFO] IPUIPlugin:80 - create IPUIPlugin
2024-11-08 10:39:54,948 [INFO] IPUIPlugin:80 - create IPUIPlugin
2024-11-08 10:39:54,948 [INFO] IPUIPlugin:80 - create IPUIPlugin
2024-11-08 10:39:54,949 [INFO] IPUIPlugin:80 - create IPUIPlugin
2024-11-08 10:39:54,949 [INFO] IPUIPlugin:80 - create IPUIPlugin
2024-11-08 10:39:54,950 [INFO] IPUIPlugin:80 - create IPUIPlugin
2024-11-08 10:39:54,950 [INFO] IPUIPlugin:80 - create IPUIPlugin
2024-11-08 10:39:54,950 [INFO] IPUIPlugin:80 - create IPUIPlugin
2024-11-08 10:39:54,951 [INFO] IPUIPlugin:80 - create IPUIPlugin
2024-11-08 10:39:54,951 [INFO] IPUIPlugin:80 - create IPUIPlugin
2024-11-08 10:39:54,952 [INFO] IPUIPlugin:80 - create IPUIPlugin
2024-11-08 10:39:54,952 [INFO] IPUIPlugin:80 - create IPUIPlugin
2024-11-08 10:39:54,952 [INFO] IPUIPlugin:80 - create IPUIPlugin
2024-11-08 10:39:54,953 [INFO] IPUIPlugin:80 - create IPUIPlugin
2024-11-08 10:39:54,953 [INFO] IPUIPlugin:80 - create IPUIPlugin
2024-11-08 10:39:54,953 [INFO] IPUIPlugin:80 - create IPUIPlugin
2024-11-08 10:39:54,954 [INFO] IPUIPlugin:80 - create IPUIPlugin
2024-11-08 10:39:54,954 [INFO] IPUIPlugin:80 - create IPUIPlugin
2024-11-08 10:39:54,954 [INFO] IPUIPlugin:80 - create IPUIPlugin
2024-11-08 10:39:54,955 [INFO] IPUIPlugin:80 - create IPUIPlugin
2024-11-08 10:39:54,955 [INFO] IPUIPlugin:80 - create IPUIPlugin
2024-11-08 10:39:54,955 [INFO] IPUIPlugin:80 - create IPUIPlugin
2024-11-08 10:39:54,956 [INFO] IPUIPlugin:80 - create IPUIPlugin
2024-11-08 10:39:54,956 [INFO] IPUIPlugin:80 - create IPUIPlugin
2024-11-08 10:39:54,956 [INFO] IPUIPlugin:80 - create IPUIPlugin
2024-11-08 10:39:54,957 [INFO] IPUIPlugin:80 - create IPUIPlugin
2024-11-08 10:39:54,957 [INFO] IPUIPlugin:80 - create IPUIPlugin
2024-11-08 10:39:54,957 [INFO] IPUIPlugin:80 - create IPUIPlugin
2024-11-08 10:39:54,958 [INFO] IPUIPlugin:80 - create IPUIPlugin
2024-11-08 10:39:54,958 [INFO] IPUIPlugin:80 - create IPUIPlugin
2024-11-08 10:39:54,959 [INFO] IPUIPlugin:80 - create IPUIPlugin
2024-11-08 10:39:54,959 [INFO] IPUIPlugin:80 - create IPUIPlugin
2024-11-08 10:39:54,960 [INFO] IPUIPlugin:80 - create IPUIPlugin
2024-11-08 10:39:54,960 [INFO] IPUIPlugin:80 - create IPUIPlugin
2024-11-08 10:39:54,960 [INFO] IPUIPlugin:80 - create IPUIPlugin
2024-11-08 10:39:54,960 [INFO] IPUIPlugin:80 - create IPUIPlugin
2024-11-08 10:39:54,962 [INFO] IPUIPlugin:80 - create IPUIPlugin
2024-11-08 10:39:54,962 [INFO] IPUIPlugin:80 - create IPUIPlugin
2024-11-08 10:39:54,963 [INFO] IPUIPlugin:80 - create IPUIPlugin
2024-11-08 10:39:54,963 [INFO] IPUIPlugin:80 - create IPUIPlugin
2024-11-08 10:39:54,963 [INFO] IPUIPlugin:80 - create IPUIPlugin
2024-11-08 10:39:54,964 [INFO] IPUIPlugin:80 - create IPUIPlugin
2024-11-08 10:39:54,965 [INFO] IPUIPlugin:80 - create IPUIPlugin
2024-11-08 10:39:54,965 [INFO] IPUIPlugin:80 - create IPUIPlugin
2024-11-08 10:39:54,966 [INFO] IPUIPlugin:80 - create IPUIPlugin
2024-11-08 10:39:54,967 [INFO] IPUIPlugin:80 - create IPUIPlugin
2024-11-08 10:39:54,992 [INFO] ApiDbMcu:508 - Load IP Config File for PDM2PCM
2024-11-08 10:39:55,090 [INFO] CADModel:165 - CPN selected for project levelSTM32F746ZGT6
2024-11-08 10:39:55,090 [INFO] CADModel:114 - Register for checkConnection events
2024-11-08 10:39:55,160 [INFO] OpenFileManager:363 - Restore cursor
2024-11-08 13:32:00,620 [INFO] Gpio:277 - dependency for GPIO [RCC, SYS, USART3]
2024-11-08 13:32:38,339 [INFO] NvicIntPanel:101 - NVIC parent = com.st.microxplorer.plugins.ip.nvic.MultiNvicIntPanel[,2,46,388x346,layout=javax.swing.BoxLayout,alignmentX=0.0,alignmentY=0.0,border=,flags=9,maximumSize=,minimumSize=,preferredSize=]
2024-11-08 16:41:32,832 [INFO] MainUpdater:2873 - connection check result : 10
2024-11-08 16:41:32,835 [INFO] MainUpdater:2873 - connection check result : 10
2024-11-08 16:41:32,874 [INFO] MicroXplorer:468 - Change Database Path : 
2024-11-08 16:41:32,874 [INFO] MicroXplorer:498 - Change Database Version : DB.6.0.121
2024-11-08 16:41:32,920 [ERROR] ProjectManagerView:394 - 
java.lang.NullPointerException: Cannot invoke "javax.swing.JTextField.getText()" because the return value of "java.util.List.get(int)" is null
	at com.st.microxplorer.plugins.projectmanager.gui.ProjectChoiceTab$10.caretUpdate(ProjectChoiceTab.java:2622) ~[filemanager.jar:?]
	at javax.swing.text.JTextComponent.fireCaretUpdate(JTextComponent.java:412) ~[?:?]
	at javax.swing.text.JTextComponent$MutableCaretEvent.fire(JTextComponent.java:4491) ~[?:?]
	at javax.swing.text.JTextComponent$MutableCaretEvent.stateChanged(JTextComponent.java:4513) ~[?:?]
	at javax.swing.text.DefaultCaret.fireStateChanged(DefaultCaret.java:842) ~[?:?]
	at javax.swing.text.DefaultCaret.changeCaretPosition(DefaultCaret.java:1313) ~[?:?]
	at javax.swing.text.DefaultCaret.handleSetDot(DefaultCaret.java:1212) ~[?:?]
	at javax.swing.text.DefaultCaret.setDot(DefaultCaret.java:1193) ~[?:?]
	at javax.swing.text.DefaultCaret$Handler.insertUpdate(DefaultCaret.java:1789) ~[?:?]
	at javax.swing.text.AbstractDocument.fireInsertUpdate(AbstractDocument.java:226) ~[?:?]
	at javax.swing.text.AbstractDocument.handleInsertString(AbstractDocument.java:780) ~[?:?]
	at javax.swing.text.AbstractDocument.insertString(AbstractDocument.java:739) ~[?:?]
	at javax.swing.text.PlainDocument.insertString(PlainDocument.java:131) ~[?:?]
	at javax.swing.text.AbstractDocument.replace(AbstractDocument.java:698) ~[?:?]
	at javax.swing.text.JTextComponent.setText(JTextComponent.java:1729) ~[?:?]
	at com.st.microxplorer.plugins.projectmanager.gui.ProjectChoiceTab.createHeapStackFields(ProjectChoiceTab.java:972) ~[filemanager.jar:?]
	at com.st.microxplorer.plugins.projectmanager.gui.ProjectChoiceTab.buildLinkSettingsPanel(ProjectChoiceTab.java:3597) ~[filemanager.jar:?]
	at com.st.microxplorer.plugins.projectmanager.gui.ProjectChoiceTab.defineWindowsFields(ProjectChoiceTab.java:1940) ~[filemanager.jar:?]
	at com.st.microxplorer.plugins.projectmanager.gui.ProjectChoiceTab.updateSettings(ProjectChoiceTab.java:550) ~[filemanager.jar:?]
	at com.st.microxplorer.plugins.projectmanager.gui.ProjectSettingsPanel.UpdateDialog(ProjectSettingsPanel.java:245) ~[filemanager.jar:?]
	at com.st.microxplorer.plugins.projectmanager.ProjectManagerView.propertyChange(ProjectManagerView.java:391) ~[filemanager.jar:?]
	at java.beans.PropertyChangeSupport.fire(PropertyChangeSupport.java:343) ~[?:?]
	at java.beans.PropertyChangeSupport.firePropertyChange(PropertyChangeSupport.java:335) ~[?:?]
	at java.beans.PropertyChangeSupport.firePropertyChange(PropertyChangeSupport.java:268) ~[?:?]
	at com.st.microxplorer.util.MXPropertyChangeSupport.firePropertyChange(MXPropertyChangeSupport.java:54) ~[STM32CubeMX.jar:?]
	at com.st.microxplorer.mxsystem.MxSystem.closeConfig(MxSystem.java:900) ~[STM32CubeMX.jar:?]
	at com.st.microxplorer.maingui.MainPanel.closeConfig(MainPanel.java:781) ~[STM32CubeMX.jar:?]
	at com.st.microxplorer.plugins.filemanager.engine.OpenFileManager.loadConfigurationFile(OpenFileManager.java:265) ~[filemanager.jar:?]
	at com.st.microxplorer.plugins.filemanager.engine.MainFileManager.userLoadConfig(MainFileManager.java:352) ~[filemanager.jar:?]
	at com.st.microxplorer.plugins.filemanager.engine.MainFileManager.userLoadConfig(MainFileManager.java:330) ~[filemanager.jar:?]
	at com.st.microxplorer.plugins.filemanager.FileManagerView.getSpecificTask(FileManagerView.java:246) ~[filemanager.jar:?]
	at com.st.stm32cube.common.mx.editor.CubeMxEditor.getMxTabbedPaneInstance(CubeMxEditor.java:1198) ~[com.st.stm32cube.common.mx_6.12.1.202409122256/:?]
	at com.st.stm32cube.common.mx.editor.CubeMxEditor$12$1.createSwingComponent(CubeMxEditor.java:1068) ~[com.st.stm32cube.common.mx_6.12.1.202409122256/:?]
	at com.st.stm32cube.common.mx.oss.core.awtswtbridge.EmbeddedSwingComposite.doComponentCreation(EmbeddedSwingComposite.java:492) ~[com.st.stm32cube.common.mx.oss_6.12.1.202409122256/:?]
	at com.st.stm32cube.common.mx.oss.core.awtswtbridge.EmbeddedSwingComposite$4.run(EmbeddedSwingComposite.java:291) ~[com.st.stm32cube.common.mx.oss_6.12.1.202409122256/:?]
	at com.st.stm32cube.common.mx.oss.core.awtswtbridge.AwtEnvironment$2.run(AwtEnvironment.java:166) ~[com.st.stm32cube.common.mx.oss_6.12.1.202409122256/:?]
	at java.awt.event.InvocationEvent.dispatch(InvocationEvent.java:318) ~[?:?]
	at java.awt.EventQueue.dispatchEventImpl(EventQueue.java:773) ~[?:?]
	at java.awt.EventQueue$4.run(EventQueue.java:720) ~[?:?]
	at java.awt.EventQueue$4.run(EventQueue.java:714) ~[?:?]
	at java.security.AccessController.doPrivileged(AccessController.java:399) ~[?:?]
	at java.security.ProtectionDomain$JavaSecurityAccessImpl.doIntersectionPrivilege(ProtectionDomain.java:86) ~[?:?]
	at java.awt.EventQueue.dispatchEvent(EventQueue.java:742) ~[?:?]
	at java.awt.EventDispatchThread.pumpOneEventForFilters(EventDispatchThread.java:203) ~[?:?]
	at java.awt.EventDispatchThread.pumpEventsForFilter(EventDispatchThread.java:124) ~[?:?]
	at java.awt.EventDispatchThread.pumpEventsForHierarchy(EventDispatchThread.java:113) ~[?:?]
	at java.awt.EventDispatchThread.pumpEvents(EventDispatchThread.java:109) ~[?:?]
	at java.awt.EventDispatchThread.pumpEvents(EventDispatchThread.java:101) ~[?:?]
	at java.awt.EventDispatchThread.run(EventDispatchThread.java:90) ~[?:?]
2024-11-08 16:41:32,927 [WARN] ThirdParty:871 - waiting for thirdparty lock release [close project]
2024-11-08 16:41:32,927 [INFO] ThirdParty:873 - entering critical section [close project]
2024-11-08 16:41:32,928 [INFO] ThirdParty:883 - exiting critical section [close project]
2024-11-08 16:41:32,931 [INFO] PinOutPanel:1561 - setPackage(No Configuration,No Configuration)
2024-11-08 16:41:32,949 [WARN] IpParametersView:151 - Warning: This peripheral hasn't parameters
2024-11-08 16:41:32,957 [WARN] MainPanel:284 - <html><b><center>Warning: This peripheral has no parameters to be configured<br></b></html>
2024-11-08 16:41:32,961 [INFO] UtilMem:75 - Begin LoadConfig() Used Memory: 622923776 Bytes (1073741824)
2024-11-08 16:41:32,963 [INFO] MicroXplorer:468 - Change Database Path : 
2024-11-08 16:41:32,963 [INFO] MicroXplorer:498 - Change Database Version : DB.6.0.121
2024-11-08 16:41:32,963 [INFO] OpenFileManager:332 - Change cursor
2024-11-08 16:41:32,998 [INFO] Mcu:2032 - Initializing MCU STM32F746ZGTx STM32F746ZGTx STM32F746ZGT6
2024-11-08 16:41:34,707 [INFO] Context:742 - Trying to add GPIOservice into a context  which must be forbidden
2024-11-08 16:41:35,012 [INFO] RtosManager:555 - Registered RTOS mode: class=CMSIS, group=RTOS, mode=CMSIS_V1, owner=FREERTOS
2024-11-08 16:41:35,012 [INFO] RtosManager:555 - Registered RTOS mode: class=CMSIS, group=RTOS2, mode=CMSIS_V2, owner=FREERTOS
2024-11-08 16:41:35,012 [INFO] RtosManager:555 - Registered RTOS mode: class=RTOS, group=Core, mode=CMSIS_V1, owner=FREERTOS
2024-11-08 16:41:35,012 [INFO] RtosManager:555 - Registered RTOS mode: class=RTOS, group=Core, mode=CMSIS_V2, owner=FREERTOS
2024-11-08 16:41:35,012 [WARN] ModelIntegratedComponent:184 - Missing modes for component STMicroelectronics:FreeRTOS:0.0.1:STMicroelectronics:RTOS:FreeRTOS:Core:::10.2.0:
2024-11-08 16:41:35,016 [WARN] ModelIntegratedComponent:63 - No mode defined for component null
2024-11-08 16:41:35,016 [WARN] ModelIntegratedComponent:63 - No mode defined for component null
2024-11-08 16:41:35,016 [WARN] ModelIntegratedComponent:63 - No mode defined for component null
2024-11-08 16:41:35,016 [WARN] ModelIntegratedComponent:63 - No mode defined for component null
2024-11-08 16:41:35,016 [WARN] ModelIntegratedComponent:63 - No mode defined for component null
2024-11-08 16:41:35,016 [WARN] ModelIntegratedComponent:63 - No mode defined for component null
2024-11-08 16:41:35,016 [WARN] ModelIntegratedComponent:63 - No mode defined for component null
2024-11-08 16:41:35,016 [WARN] ModelIntegratedComponent:63 - No mode defined for component null
2024-11-08 16:41:35,016 [WARN] ModelIntegratedComponent:63 - No mode defined for component null
2024-11-08 16:41:35,016 [WARN] ModelIntegratedComponent:63 - No mode defined for component null
2024-11-08 16:41:35,016 [WARN] ModelIntegratedComponent:63 - No mode defined for component null
2024-11-08 16:41:35,016 [WARN] ModelIntegratedComponent:63 - No mode defined for component null
2024-11-08 16:41:35,016 [WARN] ModelIntegratedComponent:63 - No mode defined for component null
2024-11-08 16:41:35,016 [WARN] ModelIntegratedComponent:63 - No mode defined for component null
2024-11-08 16:41:35,016 [WARN] ModelIntegratedComponent:63 - No mode defined for component null
2024-11-08 16:41:35,016 [WARN] ModelIntegratedComponent:63 - No mode defined for component null
2024-11-08 16:41:35,016 [WARN] ModelIntegratedComponent:63 - No mode defined for component null
2024-11-08 16:41:35,016 [WARN] ModelIntegratedComponent:63 - No mode defined for component null
2024-11-08 16:41:35,016 [WARN] ModelIntegratedComponent:63 - No mode defined for component null
2024-11-08 16:41:35,016 [WARN] ModelIntegratedComponent:63 - No mode defined for component null
2024-11-08 16:41:35,016 [WARN] ModelIntegratedComponent:63 - No mode defined for component null
2024-11-08 16:41:35,016 [WARN] ModelIntegratedComponent:63 - No mode defined for component null
2024-11-08 16:41:35,016 [WARN] ModelIntegratedComponent:63 - No mode defined for component null
2024-11-08 16:41:35,016 [WARN] ModelIntegratedComponent:63 - No mode defined for component null
2024-11-08 16:41:35,016 [WARN] ModelIntegratedComponent:63 - No mode defined for component null
2024-11-08 16:41:35,016 [WARN] ModelIntegratedComponent:63 - No mode defined for component null
2024-11-08 16:41:35,016 [WARN] ModelIntegratedComponent:63 - No mode defined for component null
2024-11-08 16:41:35,016 [WARN] ModelIntegratedComponent:63 - No mode defined for component null
2024-11-08 16:41:35,016 [WARN] ModelIntegratedComponent:63 - No mode defined for component null
2024-11-08 16:41:35,016 [WARN] ModelIntegratedComponent:63 - No mode defined for component null
2024-11-08 16:41:35,016 [WARN] ModelIntegratedComponent:63 - No mode defined for component null
2024-11-08 16:41:35,017 [WARN] ModelIntegratedComponent:63 - No mode defined for component null
2024-11-08 16:41:35,017 [WARN] ModelIntegratedComponent:63 - No mode defined for component null
2024-11-08 16:41:35,017 [WARN] ModelIntegratedComponent:63 - No mode defined for component null
2024-11-08 16:41:35,017 [WARN] ModelIntegratedComponent:63 - No mode defined for component null
2024-11-08 16:41:35,017 [WARN] ModelPack:524 - Component already loaded: STMicroelectronics:HAL Drivers:0.0.0:STMicroelectronics:Device:STMicro_Driver:XSPI:HAL::0.0.1:HAL_XSPI
2024-11-08 16:41:35,102 [INFO] ThirdPartyModel:298 - Start build external matchings
2024-11-08 16:41:35,450 [INFO] ThirdPartyModel:316 - End build external matchings
2024-11-08 16:41:35,458 [WARN] IP:2191 - RxBufferAddress not found: check if there is a RefParameter without a condition.
2024-11-08 16:41:35,458 [INFO] ImportTextPane:205 - (OptionalMessage_ERROR) IP (ETH) : Invalid parameter (PHY_Name)
2024-11-08 16:41:35,459 [INFO] ImportTextPane:205 - (OptionalMessage_ERROR) IP (ETH) : Invalid parameter (PHY_Value)
2024-11-08 16:41:35,459 [INFO] ImportTextPane:205 - (OptionalMessage_ERROR) IP (ETH) : Invalid parameter (PhyAddress)
2024-11-08 16:41:35,460 [INFO] ImportTextPane:205 - (OptionalMessage_ERROR) IP (RCC) : Invalid parameter (48MHZClocksFreq_Value)
2024-11-08 16:41:35,460 [INFO] ImportTextPane:205 - (OptionalMessage_ERROR) IP (RCC) : Invalid parameter (ADC12outputFreq_Value)
2024-11-08 16:41:35,460 [INFO] ImportTextPane:205 - (OptionalMessage_ERROR) IP (RCC) : Invalid parameter (ADC34outputFreq_Value)
2024-11-08 16:41:35,460 [INFO] ImportTextPane:205 - (OptionalMessage_ERROR) IP (RCC) : Invalid parameter (FamilyName)
2024-11-08 16:41:35,460 [INFO] ImportTextPane:205 - (OptionalMessage_ERROR) IP (RCC) : Invalid parameter (I2SClocksFreq_Value)
2024-11-08 16:41:35,460 [INFO] ImportTextPane:205 - (OptionalMessage_ERROR) IP (RCC) : Parameter (LCDTFToutputFreq_Value) has invalid value (96000000)
2024-11-08 16:41:35,460 [INFO] ImportTextPane:205 - (OptionalMessage_ERROR) IP (RCC) : Invalid parameter (MCOFreq_Value)
2024-11-08 16:41:35,461 [INFO] ImportTextPane:205 - (OptionalMessage_ERROR) IP (RCC) : Invalid parameter (PLLMCOFreq_Value)
2024-11-08 16:41:35,461 [INFO] ImportTextPane:205 - (OptionalMessage_ERROR) IP (RCC) : Invalid parameter (PLLMUL)
2024-11-08 16:41:35,461 [INFO] ImportTextPane:205 - (OptionalMessage_ERROR) IP (RCC) : Invalid parameter (PRESCALERUSB)
2024-11-08 16:41:35,461 [INFO] ImportTextPane:205 - (OptionalMessage_ERROR) IP (RCC) : Invalid parameter (RTCHSEDivFreq_Value)
2024-11-08 16:41:35,461 [INFO] ImportTextPane:205 - (OptionalMessage_ERROR) IP (RCC) : Parameter (SDMMCFreq_Value) has invalid value (72000000)
2024-11-08 16:41:35,461 [INFO] ImportTextPane:205 - (OptionalMessage_ERROR) IP (RCC) : Invalid parameter (SYSCLKSourceVirtual)
2024-11-08 16:41:35,461 [INFO] ImportTextPane:205 - (OptionalMessage_ERROR) IP (RCC) : Invalid parameter (TIM15Freq_Value)
2024-11-08 16:41:35,461 [INFO] ImportTextPane:205 - (OptionalMessage_ERROR) IP (RCC) : Invalid parameter (TIM16Freq_Value)
2024-11-08 16:41:35,461 [INFO] ImportTextPane:205 - (OptionalMessage_ERROR) IP (RCC) : Invalid parameter (TIM17Freq_Value)
2024-11-08 16:41:35,461 [INFO] ImportTextPane:205 - (OptionalMessage_ERROR) IP (RCC) : Invalid parameter (TIM1Freq_Value)
2024-11-08 16:41:35,461 [INFO] ImportTextPane:205 - (OptionalMessage_ERROR) IP (RCC) : Invalid parameter (TIM20Freq_Value)
2024-11-08 16:41:35,461 [INFO] ImportTextPane:205 - (OptionalMessage_ERROR) IP (RCC) : Invalid parameter (TIM2Freq_Value)
2024-11-08 16:41:35,461 [INFO] ImportTextPane:205 - (OptionalMessage_ERROR) IP (RCC) : Invalid parameter (TIM3Freq_Value)
2024-11-08 16:41:35,461 [INFO] ImportTextPane:205 - (OptionalMessage_ERROR) IP (RCC) : Invalid parameter (TIM8Freq_Value)
2024-11-08 16:41:35,462 [INFO] ImportTextPane:205 - (OptionalMessage_ERROR) IP (RCC) : Invalid parameter (VCOOutput2Freq_Value)
2024-11-08 16:41:35,462 [INFO] ImportTextPane:205 - (OptionalMessage_ERROR) IP (RCC) : Invalid parameter (VcooutputI2S)
2024-11-08 16:41:35,779 [INFO] UtilMem:75 - End LoadConfig() Used Memory: 524189384 Bytes (1073741824)
2024-11-08 16:41:35,819 [WARN] ThirdParty:833 - waiting for thirdparty lock release [change project]
2024-11-08 16:41:35,819 [INFO] ThirdParty:835 - entering critical section [change project]
2024-11-08 16:41:35,819 [INFO] ThirdParty:1030 - CMSIS Pack Vendor :STMicroelectronics USBPD 4.1
2024-11-08 16:41:35,819 [INFO] ThirdParty:1030 - CMSIS Pack Vendor :STMicroelectronics X-CUBE-GNSS1 6.0.0
2024-11-08 16:41:35,819 [INFO] ThirdParty:1030 - CMSIS Pack Vendor :STMicroelectronics USB_HOST 2.0.0
2024-11-08 16:41:35,819 [INFO] ThirdParty:1030 - CMSIS Pack Vendor :STMicroelectronics FP-SNS-MOTENVWB1 1.4.0
2024-11-08 16:41:35,819 [INFO] ThirdParty:1030 - CMSIS Pack Vendor :STMicroelectronics X-CUBE-AZRTOS-F4 1.1.0
2024-11-08 16:41:35,819 [INFO] ThirdParty:1030 - CMSIS Pack Vendor :STMicroelectronics LIBJPEG 8.0.0
2024-11-08 16:41:35,819 [INFO] ThirdParty:1030 - CMSIS Pack Vendor :STMicroelectronics X-CUBE-SMBUS 2.1.0
2024-11-08 16:41:35,819 [INFO] ThirdParty:1030 - CMSIS Pack Vendor :STMicroelectronics USB_DEVICE 3.0.0
2024-11-08 16:41:35,819 [INFO] ThirdParty:1030 - CMSIS Pack Vendor :STMicroelectronics X-CUBE-TCPP 4.1.0
2024-11-08 16:41:35,819 [INFO] ThirdParty:1030 - CMSIS Pack Vendor :STMicroelectronics X-CUBE-FREERTOS 1.2.0
2024-11-08 16:41:35,819 [INFO] ThirdParty:1030 - CMSIS Pack Vendor :STMicroelectronics X-CUBE-AZRTOS-WB 2.0.0
2024-11-08 16:41:35,819 [INFO] ThirdParty:1030 - CMSIS Pack Vendor :STMicroelectronics X-CUBE-TOUCHGFX 4.23.2
2024-11-08 16:41:35,819 [INFO] ThirdParty:1030 - CMSIS Pack Vendor :STMicroelectronics X-CUBE-AZRTOS-F7 1.1.0
2024-11-08 16:41:35,819 [INFO] ThirdParty:1030 - CMSIS Pack Vendor :STMicroelectronics X-CUBE-AZRTOS-L5 2.0.0
2024-11-08 16:41:35,819 [INFO] ThirdParty:1030 - CMSIS Pack Vendor :STMicroelectronics USB_DEVICE 2.0.0
2024-11-08 16:41:35,819 [INFO] ThirdParty:1030 - CMSIS Pack Vendor :STMicroelectronics X-CUBE-NFC6 3.1.0
2024-11-08 16:41:35,819 [INFO] ThirdParty:1030 - CMSIS Pack Vendor :STMicroelectronics X-CUBE-ALGOBUILD 1.3.0
2024-11-08 16:41:35,819 [INFO] ThirdParty:1030 - CMSIS Pack Vendor :STMicroelectronics FreeRTOS 0.0.1
2024-11-08 16:41:35,819 [INFO] ThirdParty:1030 - CMSIS Pack Vendor :STMicroelectronics X-CUBE-AZRTOS-G0 1.1.0
2024-11-08 16:41:35,819 [INFO] ThirdParty:1030 - CMSIS Pack Vendor :STMicroelectronics X-CUBE-SAFEA1 1.2.2
2024-11-08 16:41:35,819 [INFO] ThirdParty:1030 - CMSIS Pack Vendor :STMicroelectronics X-CUBE-NFC4 3.0.0
2024-11-08 16:41:35,819 [INFO] ThirdParty:1030 - CMSIS Pack Vendor :STMicroelectronics X-CUBE-SUBG2 5.0.0
2024-11-08 16:41:35,819 [INFO] ThirdParty:1030 - CMSIS Pack Vendor :STMicroelectronics STM32_WPAN 1.0.0
2024-11-08 16:41:35,819 [INFO] ThirdParty:1030 - CMSIS Pack Vendor :STMicroelectronics lwIP 2.0.3
2024-11-08 16:41:35,819 [INFO] ThirdParty:1030 - CMSIS Pack Vendor :STMicroelectronics FP-SNS-FLIGHT1 5.0.2
2024-11-08 16:41:35,819 [INFO] ThirdParty:1030 - CMSIS Pack Vendor :STMicroelectronics USB_HOST 1.0.0
2024-11-08 16:41:35,819 [INFO] ThirdParty:1030 - CMSIS Pack Vendor :STMicroelectronics X-CUBE-AI 9.0.0
2024-11-08 16:41:35,819 [INFO] ThirdParty:1030 - CMSIS Pack Vendor :STMicroelectronics X-CUBE-AZRTOS-G4 2.0.0
2024-11-08 16:41:35,819 [INFO] ThirdParty:1030 - CMSIS Pack Vendor :STMicroelectronics PDM2PCM 3.1.0
2024-11-08 16:41:35,819 [INFO] ThirdParty:1030 - CMSIS Pack Vendor :STMicroelectronics PDM2PCM 3.3.0
2024-11-08 16:41:35,819 [INFO] ThirdParty:1030 - CMSIS Pack Vendor :STMicroelectronics X-CUBE-DISPLAY 3.0.0
2024-11-08 16:41:35,819 [INFO] ThirdParty:1030 - CMSIS Pack Vendor :wolfSSL I-CUBE-wolfSSL 5.7.0
2024-11-08 16:41:35,819 [INFO] ThirdParty:1030 - CMSIS Pack Vendor :STMicroelectronics X-CUBE-BLE1 7.0.0
2024-11-08 16:41:35,819 [INFO] ThirdParty:1030 - CMSIS Pack Vendor :STMicroelectronics FP-ATR-SIGFOX1 3.2.0
2024-11-08 16:41:35,819 [INFO] ThirdParty:1030 - CMSIS Pack Vendor :STMicroelectronics X-CUBE-ISPU 2.0.0
2024-11-08 16:41:35,819 [INFO] ThirdParty:1030 - CMSIS Pack Vendor :STMicroelectronics X-CUBE-EEPRMA1 5.1.0
2024-11-08 16:41:35,819 [INFO] ThirdParty:1030 - CMSIS Pack Vendor :STMicroelectronics HAL Drivers 0.0.0
2024-11-08 16:41:35,819 [INFO] ThirdParty:1030 - CMSIS Pack Vendor :STMicroelectronics MBEDTLS 2.16.2
2024-11-08 16:41:35,819 [INFO] ThirdParty:1030 - CMSIS Pack Vendor :STMicroelectronics X-CUBE-ALS 1.0.2
2024-11-08 16:41:35,819 [INFO] ThirdParty:1030 - CMSIS Pack Vendor :emotas I-CUBE-CANOPEN 1.3.0
2024-11-08 16:41:35,819 [INFO] ThirdParty:1030 - CMSIS Pack Vendor :STMicroelectronics X-CUBE-MEMS1 10.0.0
2024-11-08 16:41:35,819 [INFO] ThirdParty:1030 - CMSIS Pack Vendor :STMicroelectronics X-CUBE-NFC7 1.0.1
2024-11-08 16:41:35,819 [INFO] ThirdParty:1030 - CMSIS Pack Vendor :STMicroelectronics MBEDTLS 2.14.1
2024-11-08 16:41:35,819 [INFO] ThirdParty:1030 - CMSIS Pack Vendor :ITTIA_DB I-CUBE-ITTIADB 8.9.0
2024-11-08 16:41:35,820 [INFO] ThirdParty:1030 - CMSIS Pack Vendor :portGmbH I-Cube-SoM-uGOAL 1.1.0
2024-11-08 16:41:35,820 [INFO] ThirdParty:1030 - CMSIS Pack Vendor :STMicroelectronics X-CUBE-ALS 1.0.1
2024-11-08 16:41:35,820 [INFO] ThirdParty:1030 - CMSIS Pack Vendor :STMicroelectronics X-CUBE-BLEMGR 3.1.0
2024-11-08 16:41:35,820 [INFO] ThirdParty:1030 - CMSIS Pack Vendor :STMicroelectronics ThreadX 1.0.0
2024-11-08 16:41:35,820 [INFO] ThirdParty:1030 - CMSIS Pack Vendor :STMicroelectronics FP-SNS-SMARTAG2 1.2.0
2024-11-08 16:41:35,820 [INFO] ThirdParty:1030 - CMSIS Pack Vendor :STMicroelectronics X-CUBE-AZRTOS-WL 2.0.0
2024-11-08 16:41:35,820 [INFO] ThirdParty:1030 - CMSIS Pack Vendor :SEGGER I-CUBE-embOS 1.3.1
2024-11-08 16:41:35,820 [INFO] ThirdParty:1030 - CMSIS Pack Vendor :STMicroelectronics X-CUBE-ALGOBUILD 1.4.0
2024-11-08 16:41:35,820 [INFO] ThirdParty:1030 - CMSIS Pack Vendor :STMicroelectronics FP-SNS-MOTENV1 5.0.0
2024-11-08 16:41:35,820 [INFO] ThirdParty:1030 - CMSIS Pack Vendor :STMicroelectronics USB_DEVICE 1.0.0
2024-11-08 16:41:35,820 [INFO] ThirdParty:1030 - CMSIS Pack Vendor :STMicroelectronics X-CUBE-AZRTOS-H7RS 1.0.0
2024-11-08 16:41:35,820 [INFO] ThirdParty:1030 - CMSIS Pack Vendor :wolfSSL I-CUBE-wolfMQTT 1.19.0
2024-11-08 16:41:35,820 [INFO] ThirdParty:1030 - CMSIS Pack Vendor :STMicroelectronics X-CUBE-AZRTOS-L4 2.0.0
2024-11-08 16:41:35,820 [INFO] ThirdParty:1030 - CMSIS Pack Vendor :STMicroelectronics ThreadX 0.0.2
2024-11-08 16:41:35,820 [INFO] ThirdParty:1030 - CMSIS Pack Vendor :WES I-CUBE-Cesium 1.3.0
2024-11-08 16:41:35,820 [INFO] ThirdParty:1030 - CMSIS Pack Vendor :STMicroelectronics FP-ATR-ASTRA1 2.0.0
2024-11-08 16:41:35,820 [INFO] ThirdParty:1030 - CMSIS Pack Vendor :STMicroelectronics lwIP 2.1.2
2024-11-08 16:41:35,820 [INFO] ThirdParty:1030 - CMSIS Pack Vendor :STMicroelectronics X-CUBE-SFXS2LP1 4.0.0
2024-11-08 16:41:35,820 [INFO] ThirdParty:1030 - CMSIS Pack Vendor :STMicroelectronics X-CUBE-BLE2 3.3.0
2024-11-08 16:41:35,820 [INFO] ThirdParty:1030 - CMSIS Pack Vendor :STMicroelectronics X-CUBE-TOF1 3.4.1
2024-11-08 16:41:35,820 [INFO] ThirdParty:1030 - CMSIS Pack Vendor :STMicroelectronics X-CUBE-AZRTOS-H7 3.2.0
2024-11-08 16:41:35,820 [INFO] ThirdParty:1030 - CMSIS Pack Vendor :Infineon AIROC-Wi-Fi-Bluetooth-STM32 1.6.0
2024-11-08 16:41:35,820 [INFO] ThirdParty:1030 - CMSIS Pack Vendor :STMicroelectronics PDM2PCM 3.2.0
2024-11-08 16:41:35,820 [INFO] ThirdParty:841 - exiting critical section [change project]
2024-11-08 16:41:35,968 [INFO] PinOutPanel:1561 - setPackage(No Configuration,No Configuration)
2024-11-08 16:41:35,970 [INFO] PinOutPanel:1561 - setPackage(STM32F746ZGTx,LQFP144)
2024-11-08 16:41:36,287 [INFO] UtilMem:75 - Before build in PCC Used Memory: 851345096 Bytes (1073741824)
2024-11-08 16:41:36,497 [INFO] UtilMem:75 - After build in PCC Used Memory: 899585752 Bytes (1073741824)
2024-11-08 16:41:36,524 [INFO] IPUIPlugin:80 - create IPUIPlugin
2024-11-08 16:41:36,525 [INFO] IPUIPlugin:80 - create IPUIPlugin
2024-11-08 16:41:36,525 [INFO] IPUIPlugin:80 - create IPUIPlugin
2024-11-08 16:41:36,525 [INFO] IPUIPlugin:80 - create IPUIPlugin
2024-11-08 16:41:36,525 [INFO] IPUIPlugin:80 - create IPUIPlugin
2024-11-08 16:41:36,525 [INFO] IPUIPlugin:80 - create IPUIPlugin
2024-11-08 16:41:36,525 [INFO] IPUIPlugin:80 - create IPUIPlugin
2024-11-08 16:41:36,525 [INFO] IPUIPlugin:80 - create IPUIPlugin
2024-11-08 16:41:36,525 [INFO] IPUIPlugin:80 - create IPUIPlugin
2024-11-08 16:41:36,525 [INFO] IPUIPlugin:80 - create IPUIPlugin
2024-11-08 16:41:36,526 [INFO] IPUIPlugin:80 - create IPUIPlugin
2024-11-08 16:41:36,526 [INFO] IPUIPlugin:80 - create IPUIPlugin
2024-11-08 16:41:36,526 [INFO] IPUIPlugin:80 - create IPUIPlugin
2024-11-08 16:41:36,526 [INFO] IPUIPlugin:80 - create IPUIPlugin
2024-11-08 16:41:36,526 [INFO] IPUIPlugin:80 - create IPUIPlugin
2024-11-08 16:41:36,527 [INFO] IPUIPlugin:80 - create IPUIPlugin
2024-11-08 16:41:36,527 [INFO] IPUIPlugin:80 - create IPUIPlugin
2024-11-08 16:41:36,528 [INFO] IPUIPlugin:80 - create IPUIPlugin
2024-11-08 16:41:36,528 [INFO] IPUIPlugin:80 - create IPUIPlugin
2024-11-08 16:41:36,528 [INFO] IPUIPlugin:80 - create IPUIPlugin
2024-11-08 16:41:36,528 [INFO] IPUIPlugin:80 - create IPUIPlugin
2024-11-08 16:41:36,528 [INFO] IPUIPlugin:80 - create IPUIPlugin
2024-11-08 16:41:36,528 [INFO] IPUIPlugin:80 - create IPUIPlugin
2024-11-08 16:41:36,528 [INFO] IPUIPlugin:80 - create IPUIPlugin
2024-11-08 16:41:36,528 [INFO] IPUIPlugin:80 - create IPUIPlugin
2024-11-08 16:41:36,529 [INFO] IPUIPlugin:80 - create IPUIPlugin
2024-11-08 16:41:36,529 [INFO] IPUIPlugin:80 - create IPUIPlugin
2024-11-08 16:41:36,529 [INFO] IPUIPlugin:80 - create IPUIPlugin
2024-11-08 16:41:36,529 [INFO] IPUIPlugin:80 - create IPUIPlugin
2024-11-08 16:41:36,530 [INFO] IPUIPlugin:80 - create IPUIPlugin
2024-11-08 16:41:36,530 [INFO] IPUIPlugin:80 - create IPUIPlugin
2024-11-08 16:41:36,531 [INFO] IPUIPlugin:80 - create IPUIPlugin
2024-11-08 16:41:36,531 [INFO] IPUIPlugin:80 - create IPUIPlugin
2024-11-08 16:41:36,532 [INFO] IPUIPlugin:80 - create IPUIPlugin
2024-11-08 16:41:36,532 [INFO] IPUIPlugin:80 - create IPUIPlugin
2024-11-08 16:41:36,532 [INFO] IPUIPlugin:80 - create IPUIPlugin
2024-11-08 16:41:36,532 [INFO] IPUIPlugin:80 - create IPUIPlugin
2024-11-08 16:41:36,533 [INFO] IPUIPlugin:80 - create IPUIPlugin
2024-11-08 16:41:36,534 [INFO] IPUIPlugin:80 - create IPUIPlugin
2024-11-08 16:41:36,535 [INFO] IPUIPlugin:80 - create IPUIPlugin
2024-11-08 16:41:36,535 [INFO] IPUIPlugin:80 - create IPUIPlugin
2024-11-08 16:41:36,535 [INFO] IPUIPlugin:80 - create IPUIPlugin
2024-11-08 16:41:36,535 [INFO] IPUIPlugin:80 - create IPUIPlugin
2024-11-08 16:41:36,535 [INFO] IPUIPlugin:80 - create IPUIPlugin
2024-11-08 16:41:36,535 [INFO] IPUIPlugin:80 - create IPUIPlugin
2024-11-08 16:41:36,535 [INFO] IPUIPlugin:80 - create IPUIPlugin
2024-11-08 16:41:36,536 [INFO] IPUIPlugin:80 - create IPUIPlugin
2024-11-08 16:41:36,536 [INFO] IPUIPlugin:80 - create IPUIPlugin
2024-11-08 16:41:36,536 [INFO] IPUIPlugin:80 - create IPUIPlugin
2024-11-08 16:41:36,536 [INFO] IPUIPlugin:80 - create IPUIPlugin
2024-11-08 16:41:36,537 [INFO] IPUIPlugin:80 - create IPUIPlugin
2024-11-08 16:41:36,537 [INFO] IPUIPlugin:80 - create IPUIPlugin
2024-11-08 16:41:36,537 [INFO] IPUIPlugin:80 - create IPUIPlugin
2024-11-08 16:41:36,537 [INFO] IPUIPlugin:80 - create IPUIPlugin
2024-11-08 16:41:36,537 [INFO] IPUIPlugin:80 - create IPUIPlugin
2024-11-08 16:41:36,537 [INFO] IPUIPlugin:80 - create IPUIPlugin
2024-11-08 16:41:36,538 [INFO] IPUIPlugin:80 - create IPUIPlugin
2024-11-08 16:41:36,538 [INFO] IPUIPlugin:80 - create IPUIPlugin
2024-11-08 16:41:36,538 [INFO] IPUIPlugin:80 - create IPUIPlugin
2024-11-08 16:41:36,539 [INFO] IPUIPlugin:80 - create IPUIPlugin
2024-11-08 16:41:36,539 [INFO] IPUIPlugin:80 - create IPUIPlugin
2024-11-08 16:41:36,539 [INFO] IPUIPlugin:80 - create IPUIPlugin
2024-11-08 16:41:36,539 [INFO] IPUIPlugin:80 - create IPUIPlugin
2024-11-08 16:41:36,540 [INFO] IPUIPlugin:80 - create IPUIPlugin
2024-11-08 16:41:36,540 [INFO] IPUIPlugin:80 - create IPUIPlugin
2024-11-08 16:41:36,540 [INFO] IPUIPlugin:80 - create IPUIPlugin
2024-11-08 16:41:36,541 [INFO] IPUIPlugin:80 - create IPUIPlugin
2024-11-08 16:41:36,541 [INFO] IPUIPlugin:80 - create IPUIPlugin
2024-11-08 16:41:36,541 [INFO] IPUIPlugin:80 - create IPUIPlugin
2024-11-08 16:41:36,542 [INFO] IPUIPlugin:80 - create IPUIPlugin
2024-11-08 16:41:36,542 [INFO] IPUIPlugin:80 - create IPUIPlugin
2024-11-08 16:41:36,543 [INFO] IPUIPlugin:80 - create IPUIPlugin
2024-11-08 16:41:36,543 [INFO] IPUIPlugin:80 - create IPUIPlugin
2024-11-08 16:41:36,544 [INFO] IPUIPlugin:80 - create IPUIPlugin
2024-11-08 16:41:36,566 [INFO] ApiDbMcu:508 - Load IP Config File for PDM2PCM
2024-11-08 16:41:36,641 [INFO] CADModel:165 - CPN selected for project levelSTM32F746ZGT6
2024-11-08 16:41:36,642 [INFO] CADModel:114 - Register for checkConnection events
2024-11-08 16:41:36,705 [INFO] OpenFileManager:363 - Restore cursor
2024-11-08 16:41:36,957 [WARN] IP:2191 - RxBufferAddress not found: check if there is a RefParameter without a condition.
2024-11-08 16:41:36,958 [WARN] IP:2191 - RxBufferAddress not found: check if there is a RefParameter without a condition.
