2024-11-19 00:24:22,840 [INFO] MainUpdater:2873 - connection check result : 10
2024-11-19 00:24:22,898 [INFO] MainUpdater:2873 - connection check result : 10
2024-11-19 00:24:22,962 [INFO] I2cTimingTraitement:330 - 0x20404768
2024-11-19 00:24:22,992 [INFO] MicroXplorer:468 - Change Database Path : 
2024-11-19 00:24:22,993 [INFO] MicroXplorer:498 - Change Database Version : DB.6.0.121
2024-11-19 00:24:23,051 [ERROR] ProjectManagerView:394 - 
java.lang.NullPointerException: Cannot invoke "javax.swing.JTextField.getText()" because the return value of "java.util.List.get(int)" is null
	at com.st.microxplorer.plugins.projectmanager.gui.ProjectChoiceTab$10.caretUpdate(ProjectChoiceTab.java:2622) ~[filemanager.jar:?]
	at javax.swing.text.JTextComponent.fireCaretUpdate(JTextComponent.java:412) ~[?:?]
	at javax.swing.text.JTextComponent$MutableCaretEvent.fire(JTextComponent.java:4491) ~[?:?]
	at javax.swing.text.JTextComponent$MutableCaretEvent.stateChanged(JTextComponent.java:4513) ~[?:?]
	at javax.swing.text.DefaultCaret.fireStateChanged(DefaultCaret.java:842) ~[?:?]
	at javax.swing.text.DefaultCaret.changeCaretPosition(DefaultCaret.java:1313) ~[?:?]
	at javax.swing.text.DefaultCaret.handleSetDot(DefaultCaret.java:1212) ~[?:?]
	at javax.swing.text.DefaultCaret.setDot(DefaultCaret.java:1193) ~[?:?]
	at javax.swing.text.DefaultCaret$Handler.insertUpdate(DefaultCaret.java:1789) ~[?:?]
	at javax.swing.text.AbstractDocument.fireInsertUpdate(AbstractDocument.java:226) ~[?:?]
	at javax.swing.text.AbstractDocument.handleInsertString(AbstractDocument.java:780) ~[?:?]
	at javax.swing.text.AbstractDocument.insertString(AbstractDocument.java:739) ~[?:?]
	at javax.swing.text.PlainDocument.insertString(PlainDocument.java:131) ~[?:?]
	at javax.swing.text.AbstractDocument.replace(AbstractDocument.java:698) ~[?:?]
	at javax.swing.text.JTextComponent.setText(JTextComponent.java:1729) ~[?:?]
	at com.st.microxplorer.plugins.projectmanager.gui.ProjectChoiceTab.createHeapStackFields(ProjectChoiceTab.java:972) ~[filemanager.jar:?]
	at com.st.microxplorer.plugins.projectmanager.gui.ProjectChoiceTab.buildLinkSettingsPanel(ProjectChoiceTab.java:3597) ~[filemanager.jar:?]
	at com.st.microxplorer.plugins.projectmanager.gui.ProjectChoiceTab.defineWindowsFields(ProjectChoiceTab.java:1940) ~[filemanager.jar:?]
	at com.st.microxplorer.plugins.projectmanager.gui.ProjectChoiceTab.updateSettings(ProjectChoiceTab.java:550) ~[filemanager.jar:?]
	at com.st.microxplorer.plugins.projectmanager.gui.ProjectSettingsPanel.UpdateDialog(ProjectSettingsPanel.java:245) ~[filemanager.jar:?]
	at com.st.microxplorer.plugins.projectmanager.ProjectManagerView.propertyChange(ProjectManagerView.java:391) ~[filemanager.jar:?]
	at java.beans.PropertyChangeSupport.fire(PropertyChangeSupport.java:343) ~[?:?]
	at java.beans.PropertyChangeSupport.firePropertyChange(PropertyChangeSupport.java:335) ~[?:?]
	at java.beans.PropertyChangeSupport.firePropertyChange(PropertyChangeSupport.java:268) ~[?:?]
	at com.st.microxplorer.util.MXPropertyChangeSupport.firePropertyChange(MXPropertyChangeSupport.java:54) ~[STM32CubeMX.jar:?]
	at com.st.microxplorer.mxsystem.MxSystem.closeConfig(MxSystem.java:900) ~[STM32CubeMX.jar:?]
	at com.st.microxplorer.maingui.MainPanel.closeConfig(MainPanel.java:781) ~[STM32CubeMX.jar:?]
	at com.st.microxplorer.plugins.filemanager.engine.OpenFileManager.loadConfigurationFile(OpenFileManager.java:265) ~[filemanager.jar:?]
	at com.st.microxplorer.plugins.filemanager.engine.MainFileManager.userLoadConfig(MainFileManager.java:352) ~[filemanager.jar:?]
	at com.st.microxplorer.plugins.filemanager.engine.MainFileManager.userLoadConfig(MainFileManager.java:330) ~[filemanager.jar:?]
	at com.st.microxplorer.plugins.filemanager.FileManagerView.getSpecificTask(FileManagerView.java:246) ~[filemanager.jar:?]
	at com.st.stm32cube.common.mx.editor.CubeMxEditor.getMxTabbedPaneInstance(CubeMxEditor.java:1198) ~[com.st.stm32cube.common.mx_6.12.1.202409122256/:?]
	at com.st.stm32cube.common.mx.editor.CubeMxEditor$12$1.createSwingComponent(CubeMxEditor.java:1068) ~[com.st.stm32cube.common.mx_6.12.1.202409122256/:?]
	at com.st.stm32cube.common.mx.oss.core.awtswtbridge.EmbeddedSwingComposite.doComponentCreation(EmbeddedSwingComposite.java:492) ~[com.st.stm32cube.common.mx.oss_6.12.1.202409122256/:?]
	at com.st.stm32cube.common.mx.oss.core.awtswtbridge.EmbeddedSwingComposite$4.run(EmbeddedSwingComposite.java:291) ~[com.st.stm32cube.common.mx.oss_6.12.1.202409122256/:?]
	at com.st.stm32cube.common.mx.oss.core.awtswtbridge.AwtEnvironment$2.run(AwtEnvironment.java:166) ~[com.st.stm32cube.common.mx.oss_6.12.1.202409122256/:?]
	at java.awt.event.InvocationEvent.dispatch(InvocationEvent.java:318) ~[?:?]
	at java.awt.EventQueue.dispatchEventImpl(EventQueue.java:773) ~[?:?]
	at java.awt.EventQueue$4.run(EventQueue.java:720) ~[?:?]
	at java.awt.EventQueue$4.run(EventQueue.java:714) ~[?:?]
	at java.security.AccessController.doPrivileged(AccessController.java:399) ~[?:?]
	at java.security.ProtectionDomain$JavaSecurityAccessImpl.doIntersectionPrivilege(ProtectionDomain.java:86) ~[?:?]
	at java.awt.EventQueue.dispatchEvent(EventQueue.java:742) ~[?:?]
	at java.awt.EventDispatchThread.pumpOneEventForFilters(EventDispatchThread.java:203) ~[?:?]
	at java.awt.EventDispatchThread.pumpEventsForFilter(EventDispatchThread.java:124) ~[?:?]
	at java.awt.EventDispatchThread.pumpEventsForHierarchy(EventDispatchThread.java:113) ~[?:?]
	at java.awt.EventDispatchThread.pumpEvents(EventDispatchThread.java:109) ~[?:?]
	at java.awt.EventDispatchThread.pumpEvents(EventDispatchThread.java:101) ~[?:?]
	at java.awt.EventDispatchThread.run(EventDispatchThread.java:90) ~[?:?]
2024-11-19 00:24:23,066 [WARN] ThirdParty:871 - waiting for thirdparty lock release [close project]
2024-11-19 00:24:23,066 [INFO] ThirdParty:873 - entering critical section [close project]
2024-11-19 00:24:23,066 [INFO] ThirdParty:883 - exiting critical section [close project]
2024-11-19 00:24:23,073 [INFO] PinOutPanel:1561 - setPackage(No Configuration,No Configuration)
2024-11-19 00:24:23,103 [WARN] IpParametersView:151 - Warning: This peripheral hasn't parameters
2024-11-19 00:24:23,113 [WARN] MainPanel:284 - <html><b><center>Warning: This peripheral has no parameters to be configured<br></b></html>
2024-11-19 00:24:23,125 [INFO] UtilMem:75 - Begin LoadConfig() Used Memory: 659966784 Bytes (1073741824)
2024-11-19 00:24:23,127 [INFO] MicroXplorer:468 - Change Database Path : 
2024-11-19 00:24:23,127 [INFO] MicroXplorer:498 - Change Database Version : DB.6.0.121
2024-11-19 00:24:23,127 [INFO] OpenFileManager:332 - Change cursor
2024-11-19 00:24:23,241 [INFO] RulesReader:64 - Compatibility file has been processed (297 Rules)
2024-11-19 00:24:23,268 [INFO] Mcu:2032 - Initializing MCU STM32F746ZGTx STM32F746ZGTx STM32F746ZGT6
2024-11-19 00:24:25,784 [INFO] Context:742 - Trying to add GPIOservice into a context  which must be forbidden
2024-11-19 00:24:26,287 [INFO] RtosManager:555 - Registered RTOS mode: class=CMSIS, group=RTOS, mode=CMSIS_V1, owner=FREERTOS
2024-11-19 00:24:26,287 [INFO] RtosManager:555 - Registered RTOS mode: class=CMSIS, group=RTOS2, mode=CMSIS_V2, owner=FREERTOS
2024-11-19 00:24:26,287 [INFO] RtosManager:555 - Registered RTOS mode: class=RTOS, group=Core, mode=CMSIS_V1, owner=FREERTOS
2024-11-19 00:24:26,287 [INFO] RtosManager:555 - Registered RTOS mode: class=RTOS, group=Core, mode=CMSIS_V2, owner=FREERTOS
2024-11-19 00:24:26,287 [WARN] ModelIntegratedComponent:184 - Missing modes for component STMicroelectronics:FreeRTOS:0.0.1:STMicroelectronics:RTOS:FreeRTOS:Core:::10.2.0:
2024-11-19 00:24:26,292 [WARN] ModelIntegratedComponent:63 - No mode defined for component null
2024-11-19 00:24:26,292 [WARN] ModelIntegratedComponent:63 - No mode defined for component null
2024-11-19 00:24:26,292 [WARN] ModelIntegratedComponent:63 - No mode defined for component null
2024-11-19 00:24:26,292 [WARN] ModelIntegratedComponent:63 - No mode defined for component null
2024-11-19 00:24:26,292 [WARN] ModelIntegratedComponent:63 - No mode defined for component null
2024-11-19 00:24:26,292 [WARN] ModelIntegratedComponent:63 - No mode defined for component null
2024-11-19 00:24:26,292 [WARN] ModelIntegratedComponent:63 - No mode defined for component null
2024-11-19 00:24:26,292 [WARN] ModelIntegratedComponent:63 - No mode defined for component null
2024-11-19 00:24:26,292 [WARN] ModelIntegratedComponent:63 - No mode defined for component null
2024-11-19 00:24:26,292 [WARN] ModelIntegratedComponent:63 - No mode defined for component null
2024-11-19 00:24:26,292 [WARN] ModelIntegratedComponent:63 - No mode defined for component null
2024-11-19 00:24:26,292 [WARN] ModelIntegratedComponent:63 - No mode defined for component null
2024-11-19 00:24:26,292 [WARN] ModelIntegratedComponent:63 - No mode defined for component null
2024-11-19 00:24:26,292 [WARN] ModelIntegratedComponent:63 - No mode defined for component null
2024-11-19 00:24:26,292 [WARN] ModelIntegratedComponent:63 - No mode defined for component null
2024-11-19 00:24:26,292 [WARN] ModelIntegratedComponent:63 - No mode defined for component null
2024-11-19 00:24:26,292 [WARN] ModelIntegratedComponent:63 - No mode defined for component null
2024-11-19 00:24:26,292 [WARN] ModelIntegratedComponent:63 - No mode defined for component null
2024-11-19 00:24:26,292 [WARN] ModelIntegratedComponent:63 - No mode defined for component null
2024-11-19 00:24:26,292 [WARN] ModelIntegratedComponent:63 - No mode defined for component null
2024-11-19 00:24:26,292 [WARN] ModelIntegratedComponent:63 - No mode defined for component null
2024-11-19 00:24:26,292 [WARN] ModelIntegratedComponent:63 - No mode defined for component null
2024-11-19 00:24:26,292 [WARN] ModelIntegratedComponent:63 - No mode defined for component null
2024-11-19 00:24:26,292 [WARN] ModelIntegratedComponent:63 - No mode defined for component null
2024-11-19 00:24:26,292 [WARN] ModelIntegratedComponent:63 - No mode defined for component null
2024-11-19 00:24:26,292 [WARN] ModelIntegratedComponent:63 - No mode defined for component null
2024-11-19 00:24:26,292 [WARN] ModelIntegratedComponent:63 - No mode defined for component null
2024-11-19 00:24:26,292 [WARN] ModelIntegratedComponent:63 - No mode defined for component null
2024-11-19 00:24:26,292 [WARN] ModelIntegratedComponent:63 - No mode defined for component null
2024-11-19 00:24:26,292 [WARN] ModelIntegratedComponent:63 - No mode defined for component null
2024-11-19 00:24:26,292 [WARN] ModelIntegratedComponent:63 - No mode defined for component null
2024-11-19 00:24:26,292 [WARN] ModelIntegratedComponent:63 - No mode defined for component null
2024-11-19 00:24:26,292 [WARN] ModelIntegratedComponent:63 - No mode defined for component null
2024-11-19 00:24:26,292 [WARN] ModelIntegratedComponent:63 - No mode defined for component null
2024-11-19 00:24:26,292 [WARN] ModelIntegratedComponent:63 - No mode defined for component null
2024-11-19 00:24:26,292 [WARN] ModelPack:524 - Component already loaded: STMicroelectronics:HAL Drivers:0.0.0:STMicroelectronics:Device:STMicro_Driver:XSPI:HAL::0.0.1:HAL_XSPI
2024-11-19 00:24:26,359 [INFO] ThirdPartyModel:298 - Start build external matchings
2024-11-19 00:24:26,766 [INFO] ThirdPartyModel:316 - End build external matchings
2024-11-19 00:24:26,775 [INFO] ImportTextPane:205 - (OptionalMessage_ERROR) IP (RCC) : Invalid parameter (48MHZClocksFreq_Value)
2024-11-19 00:24:26,775 [INFO] ImportTextPane:205 - (OptionalMessage_ERROR) IP (RCC) : Invalid parameter (ADC12outputFreq_Value)
2024-11-19 00:24:26,775 [INFO] ImportTextPane:205 - (OptionalMessage_ERROR) IP (RCC) : Invalid parameter (ADC34outputFreq_Value)
2024-11-19 00:24:26,775 [INFO] ImportTextPane:205 - (OptionalMessage_ERROR) IP (RCC) : Invalid parameter (FamilyName)
2024-11-19 00:24:26,775 [INFO] ImportTextPane:205 - (OptionalMessage_ERROR) IP (RCC) : Invalid parameter (I2SClocksFreq_Value)
2024-11-19 00:24:26,775 [INFO] ImportTextPane:205 - (OptionalMessage_ERROR) IP (RCC) : Parameter (LCDTFToutputFreq_Value) has invalid value (96000000)
2024-11-19 00:24:26,775 [INFO] ImportTextPane:205 - (OptionalMessage_ERROR) IP (RCC) : Invalid parameter (MCOFreq_Value)
2024-11-19 00:24:26,776 [INFO] ImportTextPane:205 - (OptionalMessage_ERROR) IP (RCC) : Invalid parameter (PLLMCOFreq_Value)
2024-11-19 00:24:26,776 [INFO] ImportTextPane:205 - (OptionalMessage_ERROR) IP (RCC) : Invalid parameter (PLLMUL)
2024-11-19 00:24:26,776 [INFO] ImportTextPane:205 - (OptionalMessage_ERROR) IP (RCC) : Invalid parameter (PRESCALERUSB)
2024-11-19 00:24:26,776 [INFO] ImportTextPane:205 - (OptionalMessage_ERROR) IP (RCC) : Parameter (RNGFreq_Value) has invalid value (144000000)
2024-11-19 00:24:26,776 [INFO] ImportTextPane:205 - (OptionalMessage_ERROR) IP (RCC) : Invalid parameter (RTCHSEDivFreq_Value)
2024-11-19 00:24:26,776 [INFO] ImportTextPane:205 - (OptionalMessage_ERROR) IP (RCC) : Parameter (SDMMCFreq_Value) has invalid value (216000000)
2024-11-19 00:24:26,776 [INFO] ImportTextPane:205 - (OptionalMessage_ERROR) IP (RCC) : Invalid parameter (SYSCLKSourceVirtual)
2024-11-19 00:24:26,777 [INFO] ImportTextPane:205 - (OptionalMessage_ERROR) IP (RCC) : Invalid parameter (TIM15Freq_Value)
2024-11-19 00:24:26,777 [INFO] ImportTextPane:205 - (OptionalMessage_ERROR) IP (RCC) : Invalid parameter (TIM16Freq_Value)
2024-11-19 00:24:26,777 [INFO] ImportTextPane:205 - (OptionalMessage_ERROR) IP (RCC) : Invalid parameter (TIM17Freq_Value)
2024-11-19 00:24:26,777 [INFO] ImportTextPane:205 - (OptionalMessage_ERROR) IP (RCC) : Invalid parameter (TIM1Freq_Value)
2024-11-19 00:24:26,777 [INFO] ImportTextPane:205 - (OptionalMessage_ERROR) IP (RCC) : Invalid parameter (TIM20Freq_Value)
2024-11-19 00:24:26,777 [INFO] ImportTextPane:205 - (OptionalMessage_ERROR) IP (RCC) : Invalid parameter (TIM2Freq_Value)
2024-11-19 00:24:26,777 [INFO] ImportTextPane:205 - (OptionalMessage_ERROR) IP (RCC) : Invalid parameter (TIM3Freq_Value)
2024-11-19 00:24:26,777 [INFO] ImportTextPane:205 - (OptionalMessage_ERROR) IP (RCC) : Invalid parameter (TIM8Freq_Value)
2024-11-19 00:24:26,777 [INFO] ImportTextPane:205 - (OptionalMessage_ERROR) IP (RCC) : Parameter (USBFreq_Value) has invalid value (144000000)
2024-11-19 00:24:26,777 [INFO] ImportTextPane:205 - (OptionalMessage_ERROR) IP (RCC) : Invalid parameter (VCOOutput2Freq_Value)
2024-11-19 00:24:26,777 [INFO] ImportTextPane:205 - (OptionalMessage_ERROR) IP (RCC) : Invalid parameter (VcooutputI2S)
2024-11-19 00:24:27,201 [INFO] UtilMem:75 - End LoadConfig() Used Memory: 715076888 Bytes (1073741824)
2024-11-19 00:24:27,688 [WARN] ThirdParty:833 - waiting for thirdparty lock release [change project]
2024-11-19 00:24:27,688 [INFO] ThirdParty:835 - entering critical section [change project]
2024-11-19 00:24:27,688 [INFO] ThirdParty:1030 - CMSIS Pack Vendor :STMicroelectronics USBPD 4.1
2024-11-19 00:24:27,688 [INFO] ThirdParty:1030 - CMSIS Pack Vendor :STMicroelectronics X-CUBE-AZRTOS-H7 3.3.0
2024-11-19 00:24:27,688 [INFO] ThirdParty:1030 - CMSIS Pack Vendor :STMicroelectronics X-CUBE-GNSS1 6.0.0
2024-11-19 00:24:27,688 [INFO] ThirdParty:1030 - CMSIS Pack Vendor :STMicroelectronics USB_HOST 2.0.0
2024-11-19 00:24:27,688 [INFO] ThirdParty:1030 - CMSIS Pack Vendor :STMicroelectronics FP-SNS-MOTENVWB1 1.4.0
2024-11-19 00:24:27,688 [INFO] ThirdParty:1030 - CMSIS Pack Vendor :STMicroelectronics X-CUBE-AZRTOS-F4 1.1.0
2024-11-19 00:24:27,688 [INFO] ThirdParty:1030 - CMSIS Pack Vendor :STMicroelectronics LIBJPEG 8.0.0
2024-11-19 00:24:27,688 [INFO] ThirdParty:1030 - CMSIS Pack Vendor :STMicroelectronics FP-ATR-ASTRA1 2.0.1
2024-11-19 00:24:27,688 [INFO] ThirdParty:1030 - CMSIS Pack Vendor :STMicroelectronics X-CUBE-SMBUS 2.1.0
2024-11-19 00:24:27,688 [INFO] ThirdParty:1030 - CMSIS Pack Vendor :STMicroelectronics X-CUBE-WB05N 1.1.0
2024-11-19 00:24:27,688 [INFO] ThirdParty:1030 - CMSIS Pack Vendor :STMicroelectronics USB_DEVICE 3.0.0
2024-11-19 00:24:27,688 [INFO] ThirdParty:1030 - CMSIS Pack Vendor :STMicroelectronics X-CUBE-TCPP 4.1.0
2024-11-19 00:24:27,689 [INFO] ThirdParty:1030 - CMSIS Pack Vendor :STMicroelectronics X-CUBE-FREERTOS 1.2.0
2024-11-19 00:24:27,689 [INFO] ThirdParty:1030 - CMSIS Pack Vendor :STMicroelectronics X-CUBE-AZRTOS-WB 2.0.0
2024-11-19 00:24:27,689 [INFO] ThirdParty:1030 - CMSIS Pack Vendor :STMicroelectronics X-CUBE-TOUCHGFX 4.23.2
2024-11-19 00:24:27,689 [INFO] ThirdParty:1030 - CMSIS Pack Vendor :STMicroelectronics X-CUBE-AZRTOS-F7 1.1.0
2024-11-19 00:24:27,689 [INFO] ThirdParty:1030 - CMSIS Pack Vendor :STMicroelectronics X-CUBE-AZRTOS-L5 2.0.0
2024-11-19 00:24:27,689 [INFO] ThirdParty:1030 - CMSIS Pack Vendor :STMicroelectronics USB_DEVICE 2.0.0
2024-11-19 00:24:27,689 [INFO] ThirdParty:1030 - CMSIS Pack Vendor :STMicroelectronics X-CUBE-NFC6 3.1.0
2024-11-19 00:24:27,689 [INFO] ThirdParty:1030 - CMSIS Pack Vendor :STMicroelectronics X-CUBE-ALGOBUILD 1.3.0
2024-11-19 00:24:27,689 [INFO] ThirdParty:1030 - CMSIS Pack Vendor :STMicroelectronics FreeRTOS 0.0.1
2024-11-19 00:24:27,689 [INFO] ThirdParty:1030 - CMSIS Pack Vendor :STMicroelectronics X-CUBE-AZRTOS-G0 1.1.0
2024-11-19 00:24:27,689 [INFO] ThirdParty:1030 - CMSIS Pack Vendor :STMicroelectronics X-CUBE-SAFEA1 1.2.2
2024-11-19 00:24:27,689 [INFO] ThirdParty:1030 - CMSIS Pack Vendor :STMicroelectronics X-CUBE-NFC4 3.0.0
2024-11-19 00:24:27,689 [INFO] ThirdParty:1030 - CMSIS Pack Vendor :STMicroelectronics X-CUBE-SUBG2 5.0.0
2024-11-19 00:24:27,689 [INFO] ThirdParty:1030 - CMSIS Pack Vendor :STMicroelectronics STM32_WPAN 1.0.0
2024-11-19 00:24:27,689 [INFO] ThirdParty:1030 - CMSIS Pack Vendor :EmbeddedOffice I-CUBE-FS-RTOS 1.0.1
2024-11-19 00:24:27,689 [INFO] ThirdParty:1030 - CMSIS Pack Vendor :STMicroelectronics lwIP 2.0.3
2024-11-19 00:24:27,689 [INFO] ThirdParty:1030 - CMSIS Pack Vendor :STMicroelectronics FP-SNS-FLIGHT1 5.0.2
2024-11-19 00:24:27,689 [INFO] ThirdParty:1030 - CMSIS Pack Vendor :STMicroelectronics USB_HOST 1.0.0
2024-11-19 00:24:27,689 [INFO] ThirdParty:1030 - CMSIS Pack Vendor :STMicroelectronics X-CUBE-AI 9.0.0
2024-11-19 00:24:27,689 [INFO] ThirdParty:1030 - CMSIS Pack Vendor :STMicroelectronics X-CUBE-AZRTOS-G4 2.0.0
2024-11-19 00:24:27,689 [INFO] ThirdParty:1030 - CMSIS Pack Vendor :STMicroelectronics PDM2PCM 3.1.0
2024-11-19 00:24:27,689 [INFO] ThirdParty:1030 - CMSIS Pack Vendor :STMicroelectronics PDM2PCM 3.3.0
2024-11-19 00:24:27,689 [INFO] ThirdParty:1030 - CMSIS Pack Vendor :STMicroelectronics X-CUBE-DISPLAY 3.0.0
2024-11-19 00:24:27,689 [INFO] ThirdParty:1030 - CMSIS Pack Vendor :RealThread X-CUBE-RT-Thread_Nano 4.1.1
2024-11-19 00:24:27,689 [INFO] ThirdParty:1030 - CMSIS Pack Vendor :wolfSSL I-CUBE-wolfSSL 5.7.0
2024-11-19 00:24:27,689 [INFO] ThirdParty:1030 - CMSIS Pack Vendor :STMicroelectronics X-CUBE-BLE1 7.0.0
2024-11-19 00:24:27,689 [INFO] ThirdParty:1030 - CMSIS Pack Vendor :STMicroelectronics FP-ATR-SIGFOX1 3.2.0
2024-11-19 00:24:27,689 [INFO] ThirdParty:1030 - CMSIS Pack Vendor :quantropi X-CUBE-qispace-sdk-base 1.9.3
2024-11-19 00:24:27,689 [INFO] ThirdParty:1030 - CMSIS Pack Vendor :STMicroelectronics X-CUBE-ISPU 2.0.0
2024-11-19 00:24:27,689 [INFO] ThirdParty:1030 - CMSIS Pack Vendor :STMicroelectronics X-CUBE-EEPRMA1 5.1.0
2024-11-19 00:24:27,689 [INFO] ThirdParty:1030 - CMSIS Pack Vendor :STMicroelectronics HAL Drivers 0.0.0
2024-11-19 00:24:27,689 [INFO] ThirdParty:1030 - CMSIS Pack Vendor :STMicroelectronics MBEDTLS 2.16.2
2024-11-19 00:24:27,689 [INFO] ThirdParty:1030 - CMSIS Pack Vendor :STMicroelectronics X-CUBE-ALS 1.0.2
2024-11-19 00:24:27,689 [INFO] ThirdParty:1030 - CMSIS Pack Vendor :emotas I-CUBE-CANOPEN 1.3.0
2024-11-19 00:24:27,689 [INFO] ThirdParty:1030 - CMSIS Pack Vendor :STMicroelectronics X-CUBE-MEMS1 10.0.0
2024-11-19 00:24:27,689 [INFO] ThirdParty:1030 - CMSIS Pack Vendor :STMicroelectronics X-CUBE-NFC7 1.0.1
2024-11-19 00:24:27,689 [INFO] ThirdParty:1030 - CMSIS Pack Vendor :STMicroelectronics MBEDTLS 2.14.1
2024-11-19 00:24:27,689 [INFO] ThirdParty:1030 - CMSIS Pack Vendor :ITTIA_DB I-CUBE-ITTIADB 8.9.0
2024-11-19 00:24:27,689 [INFO] ThirdParty:1030 - CMSIS Pack Vendor :STMicroelectronics X-CUBE-TOUCHGFX 4.24.1
2024-11-19 00:24:27,689 [INFO] ThirdParty:1030 - CMSIS Pack Vendor :wolfSSL I-CUBE-wolfTPM 3.4.0
2024-11-19 00:24:27,689 [INFO] ThirdParty:1030 - CMSIS Pack Vendor :portGmbH I-Cube-SoM-uGOAL 1.1.0
2024-11-19 00:24:27,689 [INFO] ThirdParty:1030 - CMSIS Pack Vendor :STMicroelectronics X-CUBE-ALS 1.0.1
2024-11-19 00:24:27,689 [INFO] ThirdParty:1030 - CMSIS Pack Vendor :STMicroelectronics X-CUBE-BLEMGR 3.1.0
2024-11-19 00:24:27,689 [INFO] ThirdParty:1030 - CMSIS Pack Vendor :STMicroelectronics ThreadX 1.0.0
2024-11-19 00:24:27,689 [INFO] ThirdParty:1030 - CMSIS Pack Vendor :STMicroelectronics FP-SNS-SMARTAG2 1.2.0
2024-11-19 00:24:27,689 [INFO] ThirdParty:1030 - CMSIS Pack Vendor :STMicroelectronics X-CUBE-AZRTOS-WL 2.0.0
2024-11-19 00:24:27,689 [INFO] ThirdParty:1030 - CMSIS Pack Vendor :SEGGER I-CUBE-embOS 1.3.1
2024-11-19 00:24:27,689 [INFO] ThirdParty:1030 - CMSIS Pack Vendor :STMicroelectronics X-CUBE-ALGOBUILD 1.4.0
2024-11-19 00:24:27,689 [INFO] ThirdParty:1030 - CMSIS Pack Vendor :STMicroelectronics FP-SNS-MOTENV1 5.0.0
2024-11-19 00:24:27,689 [INFO] ThirdParty:1030 - CMSIS Pack Vendor :STMicroelectronics USB_DEVICE 1.0.0
2024-11-19 00:24:27,689 [INFO] ThirdParty:1030 - CMSIS Pack Vendor :STMicroelectronics X-CUBE-AZRTOS-H7RS 1.0.0
2024-11-19 00:24:27,689 [INFO] ThirdParty:1030 - CMSIS Pack Vendor :wolfSSL I-CUBE-wolfMQTT 1.19.0
2024-11-19 00:24:27,689 [INFO] ThirdParty:1030 - CMSIS Pack Vendor :STMicroelectronics X-CUBE-AZRTOS-L4 2.0.0
2024-11-19 00:24:27,690 [INFO] ThirdParty:1030 - CMSIS Pack Vendor :STMicroelectronics ThreadX 0.0.2
2024-11-19 00:24:27,690 [INFO] ThirdParty:1030 - CMSIS Pack Vendor :WES I-CUBE-Cesium 1.3.0
2024-11-19 00:24:27,690 [INFO] ThirdParty:1030 - CMSIS Pack Vendor :STMicroelectronics FP-ATR-ASTRA1 2.0.0
2024-11-19 00:24:27,690 [INFO] ThirdParty:1030 - CMSIS Pack Vendor :STMicroelectronics lwIP 2.1.2
2024-11-19 00:24:27,690 [INFO] ThirdParty:1030 - CMSIS Pack Vendor :STMicroelectronics X-CUBE-SFXS2LP1 4.0.0
2024-11-19 00:24:27,690 [INFO] ThirdParty:1030 - CMSIS Pack Vendor :STMicroelectronics X-CUBE-BLE2 3.3.0
2024-11-19 00:24:27,690 [INFO] ThirdParty:1030 - CMSIS Pack Vendor :STMicroelectronics X-CUBE-TOF1 3.4.1
2024-11-19 00:24:27,690 [INFO] ThirdParty:1030 - CMSIS Pack Vendor :STMicroelectronics X-CUBE-AZRTOS-H7 3.2.0
2024-11-19 00:24:27,690 [INFO] ThirdParty:1030 - CMSIS Pack Vendor :Infineon AIROC-Wi-Fi-Bluetooth-STM32 1.6.0
2024-11-19 00:24:27,690 [INFO] ThirdParty:1030 - CMSIS Pack Vendor :STMicroelectronics PDM2PCM 3.2.0
2024-11-19 00:24:27,690 [INFO] ThirdParty:1030 - CMSIS Pack Vendor :wolfSSL I-CUBE-wolfSSH 1.4.17
2024-11-19 00:24:27,690 [INFO] ThirdParty:841 - exiting critical section [change project]
2024-11-19 00:24:27,896 [INFO] PinOutPanel:1561 - setPackage(No Configuration,No Configuration)
2024-11-19 00:24:27,900 [INFO] PinOutPanel:1561 - setPackage(STM32F746ZGTx,LQFP144)
2024-11-19 00:24:28,587 [INFO] UtilMem:75 - Before build in PCC Used Memory: 766334096 Bytes (1073741824)
2024-11-19 00:24:28,906 [INFO] UtilMem:75 - After build in PCC Used Memory: 809325712 Bytes (1073741824)
2024-11-19 00:24:28,943 [INFO] IPUIPlugin:80 - create IPUIPlugin
2024-11-19 00:24:28,943 [INFO] IPUIPlugin:80 - create IPUIPlugin
2024-11-19 00:24:28,943 [INFO] IPUIPlugin:80 - create IPUIPlugin
2024-11-19 00:24:28,943 [INFO] IPUIPlugin:80 - create IPUIPlugin
2024-11-19 00:24:28,943 [INFO] IPUIPlugin:80 - create IPUIPlugin
2024-11-19 00:24:28,943 [INFO] IPUIPlugin:80 - create IPUIPlugin
2024-11-19 00:24:28,943 [INFO] IPUIPlugin:80 - create IPUIPlugin
2024-11-19 00:24:28,944 [INFO] IPUIPlugin:80 - create IPUIPlugin
2024-11-19 00:24:28,944 [INFO] IPUIPlugin:80 - create IPUIPlugin
2024-11-19 00:24:28,944 [INFO] IPUIPlugin:80 - create IPUIPlugin
2024-11-19 00:24:28,944 [INFO] IPUIPlugin:80 - create IPUIPlugin
2024-11-19 00:24:28,945 [INFO] IPUIPlugin:80 - create IPUIPlugin
2024-11-19 00:24:28,945 [INFO] IPUIPlugin:80 - create IPUIPlugin
2024-11-19 00:24:28,945 [INFO] IPUIPlugin:80 - create IPUIPlugin
2024-11-19 00:24:28,945 [INFO] IPUIPlugin:80 - create IPUIPlugin
2024-11-19 00:24:28,945 [INFO] IPUIPlugin:80 - create IPUIPlugin
2024-11-19 00:24:28,946 [INFO] IPUIPlugin:80 - create IPUIPlugin
2024-11-19 00:24:28,946 [INFO] IPUIPlugin:80 - create IPUIPlugin
2024-11-19 00:24:28,946 [INFO] IPUIPlugin:80 - create IPUIPlugin
2024-11-19 00:24:28,946 [INFO] IPUIPlugin:80 - create IPUIPlugin
2024-11-19 00:24:28,946 [INFO] IPUIPlugin:80 - create IPUIPlugin
2024-11-19 00:24:28,946 [INFO] IPUIPlugin:80 - create IPUIPlugin
2024-11-19 00:24:28,947 [INFO] IPUIPlugin:80 - create IPUIPlugin
2024-11-19 00:24:28,947 [INFO] IPUIPlugin:80 - create IPUIPlugin
2024-11-19 00:24:28,947 [INFO] IPUIPlugin:80 - create IPUIPlugin
2024-11-19 00:24:28,947 [INFO] IPUIPlugin:80 - create IPUIPlugin
2024-11-19 00:24:28,947 [INFO] IPUIPlugin:80 - create IPUIPlugin
2024-11-19 00:24:28,948 [INFO] IPUIPlugin:80 - create IPUIPlugin
2024-11-19 00:24:28,948 [INFO] IPUIPlugin:80 - create IPUIPlugin
2024-11-19 00:24:28,948 [INFO] IPUIPlugin:80 - create IPUIPlugin
2024-11-19 00:24:28,948 [INFO] IPUIPlugin:80 - create IPUIPlugin
2024-11-19 00:24:28,949 [INFO] IPUIPlugin:80 - create IPUIPlugin
2024-11-19 00:24:28,950 [INFO] IPUIPlugin:80 - create IPUIPlugin
2024-11-19 00:24:28,950 [INFO] IPUIPlugin:80 - create IPUIPlugin
2024-11-19 00:24:28,951 [INFO] IPUIPlugin:80 - create IPUIPlugin
2024-11-19 00:24:28,951 [INFO] IPUIPlugin:80 - create IPUIPlugin
2024-11-19 00:24:28,951 [INFO] IPUIPlugin:80 - create IPUIPlugin
2024-11-19 00:24:28,952 [INFO] IPUIPlugin:80 - create IPUIPlugin
2024-11-19 00:24:28,952 [INFO] IPUIPlugin:80 - create IPUIPlugin
2024-11-19 00:24:28,953 [INFO] IPUIPlugin:80 - create IPUIPlugin
2024-11-19 00:24:28,953 [INFO] IPUIPlugin:80 - create IPUIPlugin
2024-11-19 00:24:28,954 [INFO] IPUIPlugin:80 - create IPUIPlugin
2024-11-19 00:24:28,954 [INFO] IPUIPlugin:80 - create IPUIPlugin
2024-11-19 00:24:28,954 [INFO] IPUIPlugin:80 - create IPUIPlugin
2024-11-19 00:24:28,954 [INFO] IPUIPlugin:80 - create IPUIPlugin
2024-11-19 00:24:28,954 [INFO] IPUIPlugin:80 - create IPUIPlugin
2024-11-19 00:24:28,955 [INFO] IPUIPlugin:80 - create IPUIPlugin
2024-11-19 00:24:28,955 [INFO] IPUIPlugin:80 - create IPUIPlugin
2024-11-19 00:24:28,955 [INFO] IPUIPlugin:80 - create IPUIPlugin
2024-11-19 00:24:28,956 [INFO] IPUIPlugin:80 - create IPUIPlugin
2024-11-19 00:24:28,956 [INFO] IPUIPlugin:80 - create IPUIPlugin
2024-11-19 00:24:28,956 [INFO] IPUIPlugin:80 - create IPUIPlugin
2024-11-19 00:24:28,956 [INFO] IPUIPlugin:80 - create IPUIPlugin
2024-11-19 00:24:28,957 [INFO] IPUIPlugin:80 - create IPUIPlugin
2024-11-19 00:24:28,957 [INFO] IPUIPlugin:80 - create IPUIPlugin
2024-11-19 00:24:28,957 [INFO] IPUIPlugin:80 - create IPUIPlugin
2024-11-19 00:24:28,958 [INFO] IPUIPlugin:80 - create IPUIPlugin
2024-11-19 00:24:28,958 [INFO] IPUIPlugin:80 - create IPUIPlugin
2024-11-19 00:24:28,958 [INFO] IPUIPlugin:80 - create IPUIPlugin
2024-11-19 00:24:28,959 [INFO] IPUIPlugin:80 - create IPUIPlugin
2024-11-19 00:24:28,959 [INFO] IPUIPlugin:80 - create IPUIPlugin
2024-11-19 00:24:28,960 [INFO] IPUIPlugin:80 - create IPUIPlugin
2024-11-19 00:24:28,960 [INFO] IPUIPlugin:80 - create IPUIPlugin
2024-11-19 00:24:28,961 [INFO] IPUIPlugin:80 - create IPUIPlugin
2024-11-19 00:24:28,962 [INFO] IPUIPlugin:80 - create IPUIPlugin
2024-11-19 00:24:28,962 [INFO] IPUIPlugin:80 - create IPUIPlugin
2024-11-19 00:24:28,963 [INFO] IPUIPlugin:80 - create IPUIPlugin
2024-11-19 00:24:28,963 [INFO] IPUIPlugin:80 - create IPUIPlugin
2024-11-19 00:24:28,964 [INFO] IPUIPlugin:80 - create IPUIPlugin
2024-11-19 00:24:28,964 [INFO] IPUIPlugin:80 - create IPUIPlugin
2024-11-19 00:24:28,964 [INFO] IPUIPlugin:80 - create IPUIPlugin
2024-11-19 00:24:28,965 [INFO] IPUIPlugin:80 - create IPUIPlugin
2024-11-19 00:24:28,966 [INFO] IPUIPlugin:80 - create IPUIPlugin
2024-11-19 00:24:28,967 [INFO] IPUIPlugin:80 - create IPUIPlugin
2024-11-19 00:24:28,992 [INFO] ApiDbMcu:508 - Load IP Config File for PDM2PCM
2024-11-19 00:24:29,108 [INFO] CADModel:165 - CPN selected for project levelSTM32F746ZGT6
2024-11-19 00:24:29,108 [INFO] CADModel:114 - Register for checkConnection events
2024-11-19 00:24:29,159 [INFO] OpenFileManager:363 - Restore cursor
2024-11-19 11:47:05,445 [INFO] WebApp:189 - Connection lost
2024-11-19 11:47:15,093 [INFO] WebApp:186 - Connection restablished
2024-11-19 11:47:17,944 [INFO] WebApp:189 - Connection lost
2024-11-19 11:47:18,167 [INFO] WebApp:186 - Connection restablished
2024-11-19 11:47:19,525 [INFO] WebApp:189 - Connection lost
2024-11-19 11:47:19,696 [INFO] WebApp:186 - Connection restablished
2024-11-19 11:48:53,816 [INFO] WebApp:189 - Connection lost
2024-11-19 11:48:54,084 [INFO] WebApp:186 - Connection restablished
2024-11-19 12:29:17,343 [INFO] WebApp:189 - Connection lost
2024-11-19 12:29:18,598 [INFO] WebApp:186 - Connection restablished
2024-11-19 12:35:36,840 [INFO] WebApp:189 - Connection lost
2024-11-19 12:35:37,100 [INFO] WebApp:186 - Connection restablished
2024-11-19 13:49:49,594 [INFO] WebApp:189 - Connection lost
2024-11-19 13:49:49,842 [INFO] WebApp:186 - Connection restablished
2024-11-19 13:49:53,323 [INFO] WebApp:189 - Connection lost
2024-11-19 13:49:54,114 [INFO] WebApp:186 - Connection restablished
2024-11-19 17:24:23,797 [INFO] WebApp:189 - Connection lost
2024-11-19 17:24:23,961 [INFO] WebApp:186 - Connection restablished
